Device: cuda
Found 6 datasets for strain yEK23:
  yEK23a_23_FDDP220013504-2a_HTWL7DSX2_L4_trimmed_forward_notrimmed.sorted.bam
  yEK23a_27_FDDP220013505-1a_HY_trimmed_forward_notrimmed.sorted.bam
  yEK23a_32_FDDP220013506-2a_HW_trimmed_forward_notrimmed.sorted.bam
  yEK23b_1_FDDP220013508-1a_HY_trimmed_forward_notrimmed.sorted.bam
  yEK23b_2_FDDP220013509-1a_HY_trimmed_forward_notrimmed.sorted.bam
  yEK23c_10_FDDP220013511-2a_HWTTJDSX2_L3_trimmed_forward_notrimmed.sorted.bam
Number of encoder layers: 1
Number of decoder layers (excluding heads): 1
Total number of layers including latent layer: 3
Model loaded from: AE/results/models/ZINBAE_layers752_ep92_noise0.150_muoff0.0002.pt

============================================================
k=1: testing 6 combination(s) out of 6 possible
============================================================

  [1/6] ['yEK23c_10_FDDP220013511-2a_HWTTJDSX2_L3_trimmed_forward_notrimmed.sorted.bam']
  Saturation: 0.0803

Clipping outliers using 95th percentile * 1.5...
k1_combo0: Clipping values above 105.00 (P95=70.00). Clipped 25112/969910 values (2.59%)

Splitting data using pre-determined chromosomes...
Standardizing features: ['Nucl']
Column order in final array (Dataset/Chrom split): ['Value', 'Nucleosome_Distance', 'Value_Raw', 'Size_Factor']
Removing 0 empty data points out of 511
Column order in final array (Dataset/Chrom split): ['Value', 'Nucleosome_Distance', 'Value_Raw', 'Size_Factor']
Removing 0 empty data points out of 180
Column order in final array (Dataset/Chrom split): ['Value', 'Nucleosome_Distance', 'Value_Raw', 'Size_Factor']
Removing 0 empty data points out of 198
Applied denoising with 15.0% masking
