Job ID: 12329279
Loading gene data...
Loading genes from Utils/SGD_API/architecture_info/yeast_genes_with_info.json
Filtering mu values to original zeros from Data/combined_strains (keep only all-zero windows; window_size=19, step_size=1).
Using filtered output directory: AE/results/mu_analysis_original_zero_filter
Using split directories: train, validation, test
Found strains: ['strain_FD', 'strain_dnrp', 'strain_yEK19', 'strain_yEK23', 'strain_yTW001', 'strain_yWT03a', 'strain_yWT04a', 'strain_ylic137']

============================================================
Processing TRAIN split
============================================================
Split train: position_mode=index (source=metadata), window_size=19
  Creating combined analysis figure...
    Saved: AE/results/mu_analysis_original_zero_filter/train_combined.png
  Creating per-strain analysis figures...
    Saved: AE/results/mu_analysis_original_zero_filter/train_strain_FD.png
    Saved: AE/results/mu_analysis_original_zero_filter/train_strain_dnrp.png
    Saved: AE/results/mu_analysis_original_zero_filter/train_strain_yEK19.png
    Saved: AE/results/mu_analysis_original_zero_filter/train_strain_yEK23.png
    Saved: AE/results/mu_analysis_original_zero_filter/train_strain_yTW001.png
    Saved: AE/results/mu_analysis_original_zero_filter/train_strain_yWT03a.png
    Saved: AE/results/mu_analysis_original_zero_filter/train_strain_yWT04a.png
    Saved: AE/results/mu_analysis_original_zero_filter/train_strain_ylic137.png

============================================================
Processing VAL split
============================================================
Split validation: position_mode=index (source=metadata), window_size=19
  Creating combined analysis figure...
    Saved: AE/results/mu_analysis_original_zero_filter/val_combined.png
  Creating per-strain analysis figures...
    Saved: AE/results/mu_analysis_original_zero_filter/val_strain_FD.png
    Saved: AE/results/mu_analysis_original_zero_filter/val_strain_dnrp.png
    Saved: AE/results/mu_analysis_original_zero_filter/val_strain_yEK19.png
    Saved: AE/results/mu_analysis_original_zero_filter/val_strain_yEK23.png
    Saved: AE/results/mu_analysis_original_zero_filter/val_strain_yTW001.png
    Saved: AE/results/mu_analysis_original_zero_filter/val_strain_yWT03a.png
    Saved: AE/results/mu_analysis_original_zero_filter/val_strain_yWT04a.png
    Saved: AE/results/mu_analysis_original_zero_filter/val_strain_ylic137.png

============================================================
Processing TEST split
============================================================
Split test: position_mode=index (source=metadata), window_size=19
  Creating combined analysis figure...
    Saved: AE/results/mu_analysis_original_zero_filter/test_combined.png
  Creating per-strain analysis figures...
    Saved: AE/results/mu_analysis_original_zero_filter/test_strain_FD.png
    Saved: AE/results/mu_analysis_original_zero_filter/test_strain_dnrp.png
    Saved: AE/results/mu_analysis_original_zero_filter/test_strain_yEK19.png
    Saved: AE/results/mu_analysis_original_zero_filter/test_strain_yEK23.png
    Saved: AE/results/mu_analysis_original_zero_filter/test_strain_yTW001.png
    Saved: AE/results/mu_analysis_original_zero_filter/test_strain_yWT03a.png
    Saved: AE/results/mu_analysis_original_zero_filter/test_strain_yWT04a.png
    Saved: AE/results/mu_analysis_original_zero_filter/test_strain_ylic137.png

============================================================
Creating overall analysis figure (all splits combined)...
============================================================
    Saved: AE/results/mu_analysis_original_zero_filter/all_splits_combined.png

============================================================
Creating per-strain overall analysis figures (all splits)...
============================================================
    Saved: AE/results/mu_analysis_original_zero_filter/all_splits_strain_FD.png
    Saved: AE/results/mu_analysis_original_zero_filter/all_splits_strain_dnrp.png
    Saved: AE/results/mu_analysis_original_zero_filter/all_splits_strain_yEK19.png
    Saved: AE/results/mu_analysis_original_zero_filter/all_splits_strain_yEK23.png
    Saved: AE/results/mu_analysis_original_zero_filter/all_splits_strain_yTW001.png
    Saved: AE/results/mu_analysis_original_zero_filter/all_splits_strain_yWT03a.png
    Saved: AE/results/mu_analysis_original_zero_filter/all_splits_strain_yWT04a.png
    Saved: AE/results/mu_analysis_original_zero_filter/all_splits_strain_ylic137.png

============================================================
Analysis complete! Figures saved to: AE/results/mu_analysis_original_zero_filter
============================================================
