Running with noise_level=0.15
Running with mu_offset=0
Device: cuda

Preprocessing with chromosome split:
  Train chromosomes: ['ChrIII', 'ChrIV', 'ChrIX', 'ChrVI', 'ChrVII', 'ChrX', 'ChrXI', 'ChrXIII', 'ChrXVI']
  Val chromosomes: None
  Test chromosomes: ['ChrI', 'ChrII', 'ChrV', 'ChrXII']

Clipping outliers using 95th percentile * 1.5...
strain_yTW001: Clipping values above 134.25 (P95=89.50). Clipped 27529/1193409 values (2.31%)
strain_FD: Clipping values above 71.92 (P95=47.94). Clipped 95791/4127807 values (2.32%)
strain_dnrp: Clipping values above 243.00 (P95=162.00). Clipped 25649/1119454 values (2.29%)
strain_yEK19: Clipping values above 77.10 (P95=51.40). Clipped 83713/3893623 values (2.15%)
strain_yEK23: Clipping values above 72.00 (P95=48.00). Clipped 86381/3558407 values (2.43%)
strain_yWT03a: Clipping values above 15.00 (P95=10.00). Clipped 10602/347679 values (3.05%)
strain_yWT04a: Clipping values above 58.50 (P95=39.00). Clipped 21095/725406 values (2.91%)
strain_ylic137: Clipping values above 142.50 (P95=95.00). Clipped 28746/1112684 values (2.58%)

Splitting data using pre-determined chromosomes...
Standardizing features: ['Centr']
Column order in final array (Dataset/Chrom split): ['Value', 'Centromere_Distance', 'Value_Raw', 'Size_Factor']
Removing 0 empty data points out of 4224
Column order in final array (Dataset/Chrom split): ['Value', 'Centromere_Distance', 'Value_Raw', 'Size_Factor']
Column order in final array (Dataset/Chrom split): ['Value', 'Centromere_Distance', 'Value_Raw', 'Size_Factor']
Removing 0 empty data points out of 1648

Dataset sizes after preprocessing:
  Train: 4224
  Val: 0
  Test: 1648
  Eval strategy: TEST

Applied denoising with 15.0% masking

Creating test dataloader:
  Test set size: 1648
  Batch size: 128
Applied denoising with 15.0% masking
  Dataloader created: 1648 samples, 13 batches
Number of encoder layers: 1
Number of decoder layers (excluding heads): 1
Total number of layers including latent layer: 3
Epoch [1/92], Total Loss: 2.6352, NLL: 2.0408, Masked: 4.6800
Epoch [2/92], Total Loss: 2.1518, NLL: 1.7654, Masked: 3.0429
Epoch [3/92], Total Loss: 2.0699, NLL: 1.6936, Masked: 2.9633
Epoch [4/92], Total Loss: 2.0407, NLL: 1.6720, Masked: 2.9031
Epoch [5/92], Total Loss: 2.0227, NLL: 1.6562, Masked: 2.8862
Epoch [6/92], Total Loss: 1.9745, NLL: 1.6195, Masked: 2.7958
Epoch [7/92], Total Loss: 1.9552, NLL: 1.6024, Masked: 2.7779
Epoch [8/92], Total Loss: 1.9246, NLL: 1.5793, Masked: 2.7187
Epoch [9/92], Total Loss: 1.8954, NLL: 1.5573, Masked: 2.6625
Epoch [10/92], Total Loss: 1.8790, NLL: 1.5453, Masked: 2.6272
Epoch [11/92], Total Loss: 1.8687, NLL: 1.5376, Masked: 2.6070
Epoch [12/92], Total Loss: 1.8637, NLL: 1.5349, Masked: 2.5888
Epoch [13/92], Total Loss: 1.8533, NLL: 1.5270, Masked: 2.5694
Epoch [14/92], Total Loss: 1.8401, NLL: 1.5165, Masked: 2.5481
Epoch [15/92], Total Loss: 1.8335, NLL: 1.5129, Masked: 2.5250
Epoch [16/92], Total Loss: 1.8271, NLL: 1.5066, Masked: 2.5231
Epoch [17/92], Total Loss: 1.8238, NLL: 1.5049, Masked: 2.5109
Epoch [18/92], Total Loss: 1.8167, NLL: 1.5002, Masked: 2.4921
Epoch [19/92], Total Loss: 1.8127, NLL: 1.4985, Masked: 2.4740
Epoch [20/92], Total Loss: 1.8078, NLL: 1.4953, Masked: 2.4609
Epoch [21/92], Total Loss: 1.8028, NLL: 1.4918, Masked: 2.4486
Epoch [22/92], Total Loss: 1.8013, NLL: 1.4918, Masked: 2.4369
Epoch [23/92], Total Loss: 1.7953, NLL: 1.4870, Masked: 2.4278
Epoch [24/92], Total Loss: 1.7875, NLL: 1.4828, Masked: 2.3990
Epoch [25/92], Total Loss: 1.7873, NLL: 1.4822, Masked: 2.4025
Epoch [26/92], Total Loss: 1.7790, NLL: 1.4776, Masked: 2.3732
Epoch [27/92], Total Loss: 1.7768, NLL: 1.4764, Masked: 2.3654
Epoch [28/92], Total Loss: 1.7771, NLL: 1.4771, Masked: 2.3620
Epoch [29/92], Total Loss: 1.7709, NLL: 1.4728, Masked: 2.3476
Epoch [30/92], Total Loss: 1.7664, NLL: 1.4702, Masked: 2.3317
Epoch [31/92], Total Loss: 1.7612, NLL: 1.4681, Masked: 2.3082
Epoch [32/92], Total Loss: 1.7618, NLL: 1.4680, Masked: 2.3135
Epoch [33/92], Total Loss: 1.7630, NLL: 1.4685, Masked: 2.3187
Epoch [34/92], Total Loss: 1.7595, NLL: 1.4669, Masked: 2.3041
Epoch [35/92], Total Loss: 1.7529, NLL: 1.4634, Masked: 2.2794
Epoch [36/92], Total Loss: 1.7511, NLL: 1.4628, Masked: 2.2697
Epoch [37/92], Total Loss: 1.7482, NLL: 1.4598, Masked: 2.2713
Epoch [38/92], Total Loss: 1.7425, NLL: 1.4582, Masked: 2.2385
Epoch [39/92], Total Loss: 1.7389, NLL: 1.4551, Masked: 2.2342
Epoch [40/92], Total Loss: 1.7372, NLL: 1.4559, Masked: 2.2150
Epoch [41/92], Total Loss: 1.7352, NLL: 1.4546, Masked: 2.2093
Epoch [42/92], Total Loss: 1.7314, NLL: 1.4535, Masked: 2.1885
Epoch [43/92], Total Loss: 1.7300, NLL: 1.4520, Masked: 2.1892
Epoch [44/92], Total Loss: 1.7259, NLL: 1.4504, Masked: 2.1688
Epoch [45/92], Total Loss: 1.7272, NLL: 1.4514, Masked: 2.1714
Epoch [46/92], Total Loss: 1.7292, NLL: 1.4517, Masked: 2.1856
Epoch [47/92], Total Loss: 1.7212, NLL: 1.4480, Masked: 2.1511
Epoch [48/92], Total Loss: 1.7219, NLL: 1.4480, Masked: 2.1560
Epoch [49/92], Total Loss: 1.7209, NLL: 1.4483, Masked: 2.1468
Epoch [50/92], Total Loss: 1.7169, NLL: 1.4457, Masked: 2.1356
Epoch [51/92], Total Loss: 1.7138, NLL: 1.4456, Masked: 2.1123
Epoch [52/92], Total Loss: 1.7164, NLL: 1.4457, Masked: 2.1317
Epoch [53/92], Total Loss: 1.7126, NLL: 1.4438, Masked: 2.1164
Epoch [54/92], Total Loss: 1.7110, NLL: 1.4430, Masked: 2.1103
Epoch [55/92], Total Loss: 1.7081, NLL: 1.4422, Masked: 2.0936
Epoch [56/92], Total Loss: 1.7087, NLL: 1.4421, Masked: 2.0992
Epoch [57/92], Total Loss: 1.7059, NLL: 1.4401, Masked: 2.0928
Epoch [58/92], Total Loss: 1.7049, NLL: 1.4403, Masked: 2.0837
Epoch [59/92], Total Loss: 1.7046, NLL: 1.4408, Masked: 2.0770
Epoch [60/92], Total Loss: 1.7002, NLL: 1.4380, Masked: 2.0650
Epoch [61/92], Total Loss: 1.6975, NLL: 1.4361, Masked: 2.0587
Epoch [62/92], Total Loss: 1.6983, NLL: 1.4370, Masked: 2.0570
Epoch [63/92], Total Loss: 1.6954, NLL: 1.4359, Masked: 2.0430
Epoch [64/92], Total Loss: 1.6927, NLL: 1.4349, Masked: 2.0296
Epoch [65/92], Total Loss: 1.6910, NLL: 1.4329, Masked: 2.0327
Epoch [66/92], Total Loss: 1.6888, NLL: 1.4325, Masked: 2.0183
Epoch [67/92], Total Loss: 1.6892, NLL: 1.4333, Masked: 2.0149
Epoch [68/92], Total Loss: 1.6835, NLL: 1.4299, Masked: 1.9968
Epoch [69/92], Total Loss: 1.6837, NLL: 1.4308, Masked: 1.9910
Epoch [70/92], Total Loss: 1.6864, NLL: 1.4311, Masked: 2.0109
Epoch [71/92], Total Loss: 1.6831, NLL: 1.4304, Masked: 1.9896
Epoch [72/92], Total Loss: 1.6816, NLL: 1.4284, Masked: 1.9936
Epoch [73/92], Total Loss: 1.6853, NLL: 1.4302, Masked: 2.0091
Epoch [74/92], Total Loss: 1.6839, NLL: 1.4314, Masked: 1.9877
Epoch [75/92], Total Loss: 1.6792, NLL: 1.4281, Masked: 1.9768
Epoch [76/92], Total Loss: 1.6747, NLL: 1.4254, Masked: 1.9629
Epoch [77/92], Total Loss: 1.6730, NLL: 1.4247, Masked: 1.9558
Epoch [78/92], Total Loss: 1.6729, NLL: 1.4252, Masked: 1.9502
Epoch [79/92], Total Loss: 1.6709, NLL: 1.4234, Masked: 1.9484
Epoch [80/92], Total Loss: 1.6721, NLL: 1.4248, Masked: 1.9478
Epoch [81/92], Total Loss: 1.6698, NLL: 1.4231, Masked: 1.9424
Epoch [82/92], Total Loss: 1.6694, NLL: 1.4221, Masked: 1.9475
Epoch [83/92], Total Loss: 1.6701, NLL: 1.4236, Masked: 1.9416
Epoch [84/92], Total Loss: 1.6667, NLL: 1.4221, Masked: 1.9258
Epoch [85/92], Total Loss: 1.6674, NLL: 1.4216, Masked: 1.9352
Epoch [86/92], Total Loss: 1.6661, NLL: 1.4221, Masked: 1.9209
Epoch [87/92], Total Loss: 1.6671, NLL: 1.4226, Masked: 1.9251
Epoch [88/92], Total Loss: 1.6644, NLL: 1.4204, Masked: 1.9218
Epoch [89/92], Total Loss: 1.6665, NLL: 1.4212, Masked: 1.9319
Epoch [90/92], Total Loss: 1.6657, NLL: 1.4220, Masked: 1.9188
Epoch [91/92], Total Loss: 1.6592, NLL: 1.4182, Masked: 1.8974
Epoch [92/92], Total Loss: 1.6564, NLL: 1.4168, Masked: 1.8864
Training loss plot saved to /workspace/AE/results/training/mu_offset0.0_noise0.150/mu_offset0.0_noise0.150_ZINBAE_20260309_210015_conv_training_losses.png
Training losses saved to /workspace/AE/results/training/mu_offset0.0_noise0.150/mu_offset0.0_noise0.150_ZINBAE_20260309_210015_conv_training_losses.json

==================================================
EVALUATING ON TRAINING DATA
==================================================

==================================================
TEST RESULTS
==================================================
Total Loss: 1.598557
  - ZINB NLL: 1.385680
Total number of masked values: 47168
  - Number of values with pi >= 0.38: 0
  - Number of values with pi < 0.38: 47168
  - Masked Reconstruction: 1.676199
Mean Absolute Error (MAE): 1.481395
R² Score: 0.612119
==================================================

Using raw counts for evaluation metrics.
MAE: 1.4815, SD MEAN: 2.6652 
  R²: 0.6121,
Mean π (zeros): 0.0001, Mean π (non-zeros): 0.0002,  
 SD π (zeros): 0.0054, SD π (non-zeros): 0.0009 

Mean μ (zeros): 0.5460, Mean μ (non-zeros): 2.8231,  
 SD μ (zeros): 0.9762, SD μ (non-zeros): 4.0592 

Theta mean: 1.0000, Theta SD: 0.0000
Number of masked values: 47168

============================================================
MASKED VALUES PERFORMANCE METRICS
============================================================
MAE: 1.6766, SD MAE: 2.6313
R²: 0.6967
Mean π (zeros): 0.0000, Mean π (non-zeros): 0.0002
SD π (zeros): 0.0000, SD π (non-zeros): 0.0009
Mean μ (zeros): 0.0000, Mean μ (non-zeros): 2.7923
SD μ (zeros): 0.0000, SD μ (non-zeros): 4.3003
Theta mean: 1.0000, Theta SD: 0.0000
============================================================

Computing baseline predictions using neighborhood mean/median of reconstructed values...
Baseline comparison completed and saved.
Note: Baseline uses mean/median of model's reconstructed values from neighbors
      Comparing baseline predictions to actual raw values at masked positions
      Model reference line shows model performance vs actual values
Masked values analysis: 47168 masked positions, MAE=1.6766, R²=0.6967
ZINB metrics saved to /workspace/AE/results/training/mu_offset0.0_noise0.150/mu_offset0.0_noise0.150_ZINBAE_20260309_210016_conv_test_metrics.json
ZINB-specific plots saved to /workspace/AE/results/training/mu_offset0.0_noise0.150/

==================================================
EVALUATING ON TEST DATA
Dataset size: 1648
==================================================


==================================================
TEST RESULTS
==================================================
Total Loss: 1.788185
  - ZINB NLL: 1.461373
Total number of masked values: 18030
  - Number of values with pi >= 0.38: 0
  - Number of values with pi < 0.38: 18030
  - Masked Reconstruction: 2.573320
Mean Absolute Error (MAE): 1.930647
R² Score: 0.342098
==================================================

Using raw counts for evaluation metrics.
MAE: 1.9306, SD MEAN: 4.7429 
  R²: 0.3421,
Mean π (zeros): 0.0000, Mean π (non-zeros): 0.0002,  
 SD π (zeros): 0.0001, SD π (non-zeros): 0.0008 

Mean μ (zeros): 0.5699, Mean μ (non-zeros): 2.6780,  
 SD μ (zeros): 1.0447, SD μ (non-zeros): 3.3200 

Theta mean: 1.0000, Theta SD: 0.0000
Number of masked values: 18030

============================================================
MASKED VALUES PERFORMANCE METRICS
============================================================
MAE: 2.7524, SD MAE: 5.5622
R²: 0.2885
Mean π (zeros): 0.0000, Mean π (non-zeros): 0.0002
SD π (zeros): 0.0000, SD π (non-zeros): 0.0008
Mean μ (zeros): 0.0000, Mean μ (non-zeros): 2.6226
SD μ (zeros): 0.0000, SD μ (non-zeros): 3.3349
Theta mean: 1.0000, Theta SD: 0.0000
============================================================

Computing baseline predictions using neighborhood mean/median of reconstructed values...
Baseline comparison completed and saved.
Note: Baseline uses mean/median of model's reconstructed values from neighbors
      Comparing baseline predictions to actual raw values at masked positions
      Model reference line shows model performance vs actual values
Masked values analysis: 18030 masked positions, MAE=2.7524, R²=0.2885
ZINB metrics saved to /workspace/AE/results/testing/mu_offset0.0_noise0.150/mu_offset0.0_noise0.150_ZINBAE_20260309_210024_conv_test_metrics.json
ZINB-specific plots saved to /workspace/AE/results/testing/mu_offset0.0_noise0.150/

==================================================
MODEL SAVED: ZINBAE_layers752_ep92_noise0.150_muoff0.000.pt
Location: AE/results/models/ZINBAE_layers752_ep92_noise0.150_muoff0.000.pt
==================================================

