Starting window performance analysis on 10 synthetic datasets
Job ID: 12265471
Configuration:
  Base folder: Signal_processing/final/SATAY_synthetic
  Output folder: Signal_processing/final/results/compare_versions_theta0_ws100
  Datasets: [1, 2, 3, 4, 5, 6, 7, 8, 9, 10]
  Methods: ['ref', 'v0', 'v1', 'v2']
  Window size: 100
  Overlap: 0.5
  Theta: 0.0
  Threshold count: 41

Processing dataset 1
  Points: 500718 | True CPs: 968
  Method ref ...
  Method v0 ...
  Method v1 ...
  Method v2 ...

Processing dataset 2
  Points: 500769 | True CPs: 992
  Method ref ...
  Method v0 ...
  Method v1 ...
  Method v2 ...

Processing dataset 3
  Points: 500194 | True CPs: 938
  Method ref ...
  Method v0 ...
  Method v1 ...
  Method v2 ...

Processing dataset 4
  Points: 500253 | True CPs: 957
  Method ref ...
  Method v0 ...
  Method v1 ...
  Method v2 ...

Processing dataset 5
  Points: 500160 | True CPs: 963
  Method ref ...
  Method v0 ...
  Method v1 ...
  Method v2 ...

Processing dataset 6
  Points: 500100 | True CPs: 955
  Method ref ...
  Method v0 ...
  Method v1 ...
  Method v2 ...

Processing dataset 7
  Points: 500172 | True CPs: 948
  Method ref ...
  Method v0 ...
  Method v1 ...
  Method v2 ...

Processing dataset 8
  Points: 500605 | True CPs: 958
  Method ref ...
  Method v0 ...
  Method v1 ...
  Method v2 ...

Processing dataset 9
  Points: 500269 | True CPs: 946
  Method ref ...
  Method v0 ...
  Method v1 ...
  Method v2 ...

Processing dataset 10
  Points: 500435 | True CPs: 933
  Method ref ...
  Method v0 ...
  Method v1 ...
  Method v2 ...

Saved detailed results to Signal_processing/final/results/compare_versions_theta0_ws100/all_results.csv
Saved per-dataset AUC to Signal_processing/final/results/compare_versions_theta0_ws100/auc_per_dataset.csv
Saved aggregated PR stats to Signal_processing/final/results/compare_versions_theta0_ws100/precision_recall_aggregated.csv
Saved aggregated AUC stats to Signal_processing/final/results/compare_versions_theta0_ws100/auc_aggregated.csv
Saved PR comparison plot to Signal_processing/final/results/compare_versions_theta0_ws100/precision_recall_compare_versions.png

AUC summary (mean ± std):
  ref: 0.6213 ± 0.0096 (n=10)
  v0: 0.6351 ± 0.0190 (n=10)
  v1: 0.5724 ± 0.0125 (n=10)
  v2: 0.5184 ± 0.0090 (n=10)
