Task 0: Running with bin_size=1
Device: cuda

Preprocessing with chromosome split:
  Train chromosomes: ['ChrIII', 'ChrIV', 'ChrIX', 'ChrVI', 'ChrVII', 'ChrX', 'ChrXI', 'ChrXIII', 'ChrXVI']
  Val chromosomes: ['ChrVIII', 'ChrXIV', 'ChrXV']
  Test chromosomes: ['ChrI', 'ChrII', 'ChrV', 'ChrXII']

Clipping outliers using 95th percentile * 1.5...
strain_yTW001: Clipping values above 134.25 (P95=89.50). Clipped 27529/1193409 values (2.31%)
strain_FD: Clipping values above 71.92 (P95=47.94). Clipped 95791/4127807 values (2.32%)
strain_dnrp: Clipping values above 243.00 (P95=162.00). Clipped 25649/1119454 values (2.29%)
strain_yEK19: Clipping values above 77.10 (P95=51.40). Clipped 83713/3893623 values (2.15%)
strain_yEK23: Clipping values above 72.00 (P95=48.00). Clipped 86381/3558407 values (2.43%)
strain_yWT03a: Clipping values above 15.00 (P95=10.00). Clipped 10602/347679 values (3.05%)
strain_yWT04a: Clipping values above 58.50 (P95=39.00). Clipped 21095/725406 values (2.91%)
strain_ylic137: Clipping values above 142.50 (P95=95.00). Clipped 28746/1112684 values (2.58%)

Splitting data using pre-determined chromosomes...
Standardizing features: ['Centr']
Column order in final array (Dataset/Chrom split): ['Value', 'Centromere_Distance', 'Value_Raw', 'Size_Factor']
Removing 0 empty data points out of 110768
Column order in final array (Dataset/Chrom split): ['Value', 'Centromere_Distance', 'Value_Raw', 'Size_Factor']
Removing 0 empty data points out of 38952
Column order in final array (Dataset/Chrom split): ['Value', 'Centromere_Distance', 'Value_Raw', 'Size_Factor']
Removing 0 empty data points out of 43096

Dataset sizes after preprocessing:
  Train: 110768
  Val: 38952
  Test: 43096
  Eval strategy: VALIDATION + TEST

Applied denoising with 15.0% masking

Creating validation dataloader:
  Validation set size: 38952
  Batch size: 32
Applied denoising with 15.0% masking
  Dataloader created: 38952 samples, 1218 batches

Creating test dataloader:
  Test set size: 43096
  Batch size: 32
Applied denoising with 15.0% masking
  Dataloader created: 43096 samples, 1347 batches
Number of encoder layers: 1
Number of decoder layers (excluding heads): 1
Total number of layers including latent layer: 3
Epoch [1/30], Total Loss: 1.1897, NLL: 1.1736, Masked: 16.1095, Reg: 0.091886
Epoch [2/30], Total Loss: 0.9901, NLL: 0.9755, Masked: 14.5499, Reg: 0.090650
Epoch [3/30], Total Loss: 0.9838, NLL: 0.9695, Masked: 14.2468, Reg: 0.089165
Epoch [4/30], Total Loss: 0.9616, NLL: 0.9482, Masked: 13.4338, Reg: 0.088068
Epoch [5/30], Total Loss: 0.9351, NLL: 0.9223, Masked: 12.7868, Reg: 0.087282
Epoch [6/30], Total Loss: 0.9272, NLL: 0.9145, Masked: 12.7028, Reg: 0.086071
Epoch [7/30], Total Loss: 0.9246, NLL: 0.9119, Masked: 12.6799, Reg: 0.084671
Epoch [8/30], Total Loss: 0.9228, NLL: 0.9102, Masked: 12.6567, Reg: 0.083195
Epoch [9/30], Total Loss: 0.9184, NLL: 0.9058, Masked: 12.6001, Reg: 0.081784
Epoch [10/30], Total Loss: 0.9158, NLL: 0.9033, Masked: 12.5644, Reg: 0.080373
Epoch [11/30], Total Loss: 0.9136, NLL: 0.9010, Masked: 12.5304, Reg: 0.078982
Epoch [12/30], Total Loss: 0.9122, NLL: 0.8997, Masked: 12.5053, Reg: 0.077576
Epoch [13/30], Total Loss: 0.9115, NLL: 0.8990, Masked: 12.5118, Reg: 0.076185
Epoch [14/30], Total Loss: 0.9107, NLL: 0.8982, Masked: 12.4938, Reg: 0.074814
Epoch [15/30], Total Loss: 0.9100, NLL: 0.8975, Masked: 12.4902, Reg: 0.073469
Epoch [16/30], Total Loss: 0.9092, NLL: 0.8967, Masked: 12.4647, Reg: 0.072178
Epoch [17/30], Total Loss: 0.9077, NLL: 0.8952, Masked: 12.4417, Reg: 0.070946
Epoch [18/30], Total Loss: 0.9066, NLL: 0.8942, Masked: 12.4256, Reg: 0.069740
Epoch [19/30], Total Loss: 0.9057, NLL: 0.8932, Masked: 12.4103, Reg: 0.068546
Epoch [20/30], Total Loss: 0.9049, NLL: 0.8925, Masked: 12.3929, Reg: 0.067379
Epoch [21/30], Total Loss: 0.9041, NLL: 0.8917, Masked: 12.3718, Reg: 0.066254
Epoch [22/30], Total Loss: 0.9033, NLL: 0.8909, Masked: 12.3633, Reg: 0.065147
Epoch [23/30], Total Loss: 0.9027, NLL: 0.8904, Masked: 12.3636, Reg: 0.064054
Epoch [24/30], Total Loss: 0.9023, NLL: 0.8899, Masked: 12.3477, Reg: 0.062988
Epoch [25/30], Total Loss: 0.9017, NLL: 0.8893, Masked: 12.3409, Reg: 0.061967
Epoch [26/30], Total Loss: 0.9006, NLL: 0.8883, Masked: 12.3187, Reg: 0.060986
Epoch [27/30], Total Loss: 0.8999, NLL: 0.8876, Masked: 12.2887, Reg: 0.060044
Epoch [28/30], Total Loss: 0.8989, NLL: 0.8866, Masked: 12.2770, Reg: 0.059129
Epoch [29/30], Total Loss: 0.8978, NLL: 0.8856, Masked: 12.2636, Reg: 0.058241
Epoch [30/30], Total Loss: 0.8969, NLL: 0.8847, Masked: 12.2373, Reg: 0.057383
Training loss plot saved to /workspace/AE/results/training/mu_offset1.0_noise0.150/mu_offset1.0_noise0.150_ZINBAE_20260311_201817_no_conv_training_losses.png
Training losses saved to /workspace/AE/results/training/mu_offset1.0_noise0.150/mu_offset1.0_noise0.150_ZINBAE_20260311_201817_no_conv_training_losses.json

==================================================
EVALUATING ON TRAINING DATA
==================================================

==================================================
TEST RESULTS
==================================================
Total Loss: 0.895754
  - ZINB NLL: 0.883563
Total number of masked values: 5414025
  - Number of values with pi >= 0.7: 2119321
  - Number of values with pi < 0.7: 3294704
  - Masked Reconstruction: 12.190576
  - Regularization: 0.056963
Mean Absolute Error (MAE): 3.278981
R² Score: -0.022112
==================================================

Using raw counts for evaluation metrics.
MAE: 9.5863, SD MEAN: 11.3690 
  R²: -0.9110,
Mean π (zeros): 0.8532, Mean π (non-zeros): 0.6081,  
 SD π (zeros): 0.1522, SD π (non-zeros): 0.2320 

Mean μ (zeros): 9.1251, Mean μ (non-zeros): 12.1946,  
 SD μ (zeros): 9.6539, SD μ (non-zeros): 11.0988 

Theta mean: 1.0000, Theta SD: 0.0000
Number of masked values: 5414025

============================================================
MASKED VALUES PERFORMANCE METRICS
============================================================
MAE: 11.9860, SD MAE: 17.6522
R²: 0.1736
Mean π (zeros): 0.0000, Mean π (non-zeros): 0.6089
SD π (zeros): 0.0000, SD π (non-zeros): 0.2320
Mean μ (zeros): 0.0000, Mean μ (non-zeros): 12.0291
SD μ (zeros): 0.0000, SD μ (non-zeros): 10.8561
Theta mean: 1.0000, Theta SD: 0.0000
============================================================

Computing baseline predictions using neighborhood mean/median of reconstructed values...
Baseline comparison completed and saved.
Note: Baseline uses mean/median of model's reconstructed values from neighbors
      Comparing baseline predictions to actual raw values at masked positions
      Model reference line shows model performance vs actual values
Masked values analysis: 5414025 masked positions, MAE=11.9860, R²=0.1736
ZINB metrics saved to /workspace/AE/results/training/mu_offset1.0_noise0.150/mu_offset1.0_noise0.150_ZINBAE_20260311_201834_no_conv_test_metrics.json
ZINB-specific plots saved to /workspace/AE/results/training/mu_offset1.0_noise0.150/

==================================================
EVALUATING ON VALIDATION DATA
Dataset size: 38952
==================================================


==================================================
TEST RESULTS
==================================================
Total Loss: 0.910863
  - ZINB NLL: 0.897106
Total number of masked values: 1917787
  - Number of values with pi >= 0.7: 736589
  - Number of values with pi < 0.7: 1181198
  - Masked Reconstruction: 13.757537
  - Regularization: 0.056963
Mean Absolute Error (MAE): 3.374891
R² Score: 0.016378
==================================================

Using raw counts for evaluation metrics.
MAE: 9.2374, SD MEAN: 10.9420 
  R²: -0.6512,
Mean π (zeros): 0.8504, Mean π (non-zeros): 0.6040,  
 SD π (zeros): 0.1548, SD π (non-zeros): 0.2327 

Mean μ (zeros): 8.6513, Mean μ (non-zeros): 12.0421,  
 SD μ (zeros): 8.7003, SD μ (non-zeros): 10.3917 

Theta mean: 1.0000, Theta SD: 0.0000
Number of masked values: 1917787

============================================================
MASKED VALUES PERFORMANCE METRICS
============================================================
MAE: 12.2834, SD MAE: 18.4409
R²: 0.1667
Mean π (zeros): 0.0000, Mean π (non-zeros): 0.6051
SD π (zeros): 0.0000, SD π (non-zeros): 0.2325
Mean μ (zeros): 0.0000, Mean μ (non-zeros): 11.8772
SD μ (zeros): 0.0000, SD μ (non-zeros): 10.1685
Theta mean: 1.0000, Theta SD: 0.0001
============================================================

Computing baseline predictions using neighborhood mean/median of reconstructed values...
Baseline comparison completed and saved.
Note: Baseline uses mean/median of model's reconstructed values from neighbors
      Comparing baseline predictions to actual raw values at masked positions
      Model reference line shows model performance vs actual values
Masked values analysis: 1917787 masked positions, MAE=12.2834, R²=0.1667
ZINB metrics saved to /workspace/AE/results/testing/mu_offset1.0_noise0.150/mu_offset1.0_noise0.150_ZINBAE_20260311_202159_no_conv_test_metrics.json
ZINB-specific plots saved to /workspace/AE/results/testing/mu_offset1.0_noise0.150/

==================================================
EVALUATING ON TEST DATA
Dataset size: 43096
==================================================


==================================================
TEST RESULTS
==================================================
Total Loss: 0.932156
  - ZINB NLL: 0.918628
Total number of masked values: 2192181
  - Number of values with pi >= 0.7: 812646
  - Number of values with pi < 0.7: 1379535
  - Masked Reconstruction: 13.527578
  - Regularization: 0.056963
Mean Absolute Error (MAE): 3.480939
R² Score: 0.069128
==================================================

Using raw counts for evaluation metrics.
MAE: 9.4280, SD MEAN: 11.1913 
  R²: -0.5415,
Mean π (zeros): 0.8505, Mean π (non-zeros): 0.5878,  
 SD π (zeros): 0.1573, SD π (non-zeros): 0.2427 

Mean μ (zeros): 8.7961, Mean μ (non-zeros): 12.5664,  
 SD μ (zeros): 8.7327, SD μ (non-zeros): 10.8275 

Theta mean: 1.0000, Theta SD: 0.0000
Number of masked values: 2192181

============================================================
MASKED VALUES PERFORMANCE METRICS
============================================================
MAE: 12.5788, SD MAE: 18.9870
R²: 0.1910
Mean π (zeros): 0.0000, Mean π (non-zeros): 0.5886
SD π (zeros): 0.0000, SD π (non-zeros): 0.2426
Mean μ (zeros): 0.0000, Mean μ (non-zeros): 12.4143
SD μ (zeros): 0.0000, SD μ (non-zeros): 10.6438
Theta mean: 1.0000, Theta SD: 0.0000
============================================================

Computing baseline predictions using neighborhood mean/median of reconstructed values...
Baseline comparison completed and saved.
Note: Baseline uses mean/median of model's reconstructed values from neighbors
      Comparing baseline predictions to actual raw values at masked positions
      Model reference line shows model performance vs actual values
Masked values analysis: 2192181 masked positions, MAE=12.5788, R²=0.1910
ZINB metrics saved to /workspace/AE/results/testing/mu_offset1.0_noise0.150/mu_offset1.0_noise0.150_ZINBAE_20260311_202322_no_conv_test_metrics.json
ZINB-specific plots saved to /workspace/AE/results/testing/mu_offset1.0_noise0.150/

==================================================
MODEL SAVED: ZINBAE_layers1600_ep30_noise0.150_muoff1.000.pt
Location: AE/results/models/ZINBAE_layers1600_ep30_noise0.150_muoff1.000.pt
==================================================


Saved reconstruction metadata to: Data/reconstruction/ZINBAE_layers1600_ep30_noise0.150_muoff1.000/validation
  metadata: Data/reconstruction/ZINBAE_layers1600_ep30_noise0.150_muoff1.000/validation/metadata.json

Reconstructing genomic coordinates...
Loaded metadata for 38952 windows
Reconstructed 19506140 unique genomic positions from 38952 windows
Average overlap per position: 3.99
Saved 562643 positions to Data/reconstruction/ZINBAE_layers1600_ep30_noise0.150_muoff1.000/validation/strain_FD/ChrVIII.csv
Saved 784333 positions to Data/reconstruction/ZINBAE_layers1600_ep30_noise0.150_muoff1.000/validation/strain_FD/ChrXIV.csv
Saved 1091291 positions to Data/reconstruction/ZINBAE_layers1600_ep30_noise0.150_muoff1.000/validation/strain_FD/ChrXV.csv
Saved 562643 positions to Data/reconstruction/ZINBAE_layers1600_ep30_noise0.150_muoff1.000/validation/strain_dnrp/ChrVIII.csv
Saved 784333 positions to Data/reconstruction/ZINBAE_layers1600_ep30_noise0.150_muoff1.000/validation/strain_dnrp/ChrXIV.csv
Saved 1091291 positions to Data/reconstruction/ZINBAE_layers1600_ep30_noise0.150_muoff1.000/validation/strain_dnrp/ChrXV.csv
Saved 562643 positions to Data/reconstruction/ZINBAE_layers1600_ep30_noise0.150_muoff1.000/validation/strain_yEK19/ChrVIII.csv
Saved 784333 positions to Data/reconstruction/ZINBAE_layers1600_ep30_noise0.150_muoff1.000/validation/strain_yEK19/ChrXIV.csv
Saved 1091292 positions to Data/reconstruction/ZINBAE_layers1600_ep30_noise0.150_muoff1.000/validation/strain_yEK19/ChrXV.csv
Saved 562643 positions to Data/reconstruction/ZINBAE_layers1600_ep30_noise0.150_muoff1.000/validation/strain_yEK23/ChrVIII.csv
Saved 784333 positions to Data/reconstruction/ZINBAE_layers1600_ep30_noise0.150_muoff1.000/validation/strain_yEK23/ChrXIV.csv
Saved 1091292 positions to Data/reconstruction/ZINBAE_layers1600_ep30_noise0.150_muoff1.000/validation/strain_yEK23/ChrXV.csv
Saved 562643 positions to Data/reconstruction/ZINBAE_layers1600_ep30_noise0.150_muoff1.000/validation/strain_yTW001/ChrVIII.csv
Saved 784333 positions to Data/reconstruction/ZINBAE_layers1600_ep30_noise0.150_muoff1.000/validation/strain_yTW001/ChrXIV.csv
Saved 1091292 positions to Data/reconstruction/ZINBAE_layers1600_ep30_noise0.150_muoff1.000/validation/strain_yTW001/ChrXV.csv
Saved 562643 positions to Data/reconstruction/ZINBAE_layers1600_ep30_noise0.150_muoff1.000/validation/strain_yWT03a/ChrVIII.csv
Saved 784333 positions to Data/reconstruction/ZINBAE_layers1600_ep30_noise0.150_muoff1.000/validation/strain_yWT03a/ChrXIV.csv
Saved 1091291 positions to Data/reconstruction/ZINBAE_layers1600_ep30_noise0.150_muoff1.000/validation/strain_yWT03a/ChrXV.csv
Saved 562643 positions to Data/reconstruction/ZINBAE_layers1600_ep30_noise0.150_muoff1.000/validation/strain_yWT04a/ChrVIII.csv
Saved 784333 positions to Data/reconstruction/ZINBAE_layers1600_ep30_noise0.150_muoff1.000/validation/strain_yWT04a/ChrXIV.csv
Saved 1091291 positions to Data/reconstruction/ZINBAE_layers1600_ep30_noise0.150_muoff1.000/validation/strain_yWT04a/ChrXV.csv
Saved 562643 positions to Data/reconstruction/ZINBAE_layers1600_ep30_noise0.150_muoff1.000/validation/strain_ylic137/ChrVIII.csv
Saved 784333 positions to Data/reconstruction/ZINBAE_layers1600_ep30_noise0.150_muoff1.000/validation/strain_ylic137/ChrXIV.csv
Saved 1091292 positions to Data/reconstruction/ZINBAE_layers1600_ep30_noise0.150_muoff1.000/validation/strain_ylic137/ChrXV.csv
Reconstructed genomic data saved to: Data/reconstruction/ZINBAE_layers1600_ep30_noise0.150_muoff1.000/validation
  One CSV per dataset/chromosome with columns:
  position, reconstruction, mu, pi, theta

Saved reconstruction metadata to: Data/reconstruction/ZINBAE_layers1600_ep30_noise0.150_muoff1.000/test
  metadata: Data/reconstruction/ZINBAE_layers1600_ep30_noise0.150_muoff1.000/test/metadata.json

Reconstructing genomic coordinates...
Loaded metadata for 43096 windows
Reconstructed 21587581 unique genomic positions from 43096 windows
Average overlap per position: 3.99
Saved 230218 positions to Data/reconstruction/ZINBAE_layers1600_ep30_noise0.150_muoff1.000/test/strain_FD/ChrI.csv
Saved 813185 positions to Data/reconstruction/ZINBAE_layers1600_ep30_noise0.150_muoff1.000/test/strain_FD/ChrII.csv
Saved 576874 positions to Data/reconstruction/ZINBAE_layers1600_ep30_noise0.150_muoff1.000/test/strain_FD/ChrV.csv
Saved 1078172 positions to Data/reconstruction/ZINBAE_layers1600_ep30_noise0.150_muoff1.000/test/strain_FD/ChrXII.csv
Saved 230218 positions to Data/reconstruction/ZINBAE_layers1600_ep30_noise0.150_muoff1.000/test/strain_dnrp/ChrI.csv
Saved 813184 positions to Data/reconstruction/ZINBAE_layers1600_ep30_noise0.150_muoff1.000/test/strain_dnrp/ChrII.csv
Saved 576874 positions to Data/reconstruction/ZINBAE_layers1600_ep30_noise0.150_muoff1.000/test/strain_dnrp/ChrV.csv
Saved 1078171 positions to Data/reconstruction/ZINBAE_layers1600_ep30_noise0.150_muoff1.000/test/strain_dnrp/ChrXII.csv
Saved 230218 positions to Data/reconstruction/ZINBAE_layers1600_ep30_noise0.150_muoff1.000/test/strain_yEK19/ChrI.csv
Saved 813185 positions to Data/reconstruction/ZINBAE_layers1600_ep30_noise0.150_muoff1.000/test/strain_yEK19/ChrII.csv
Saved 576874 positions to Data/reconstruction/ZINBAE_layers1600_ep30_noise0.150_muoff1.000/test/strain_yEK19/ChrV.csv
Saved 1078171 positions to Data/reconstruction/ZINBAE_layers1600_ep30_noise0.150_muoff1.000/test/strain_yEK19/ChrXII.csv
Saved 230218 positions to Data/reconstruction/ZINBAE_layers1600_ep30_noise0.150_muoff1.000/test/strain_yEK23/ChrI.csv
Saved 813185 positions to Data/reconstruction/ZINBAE_layers1600_ep30_noise0.150_muoff1.000/test/strain_yEK23/ChrII.csv
Saved 576874 positions to Data/reconstruction/ZINBAE_layers1600_ep30_noise0.150_muoff1.000/test/strain_yEK23/ChrV.csv
Saved 1078171 positions to Data/reconstruction/ZINBAE_layers1600_ep30_noise0.150_muoff1.000/test/strain_yEK23/ChrXII.csv
Saved 230218 positions to Data/reconstruction/ZINBAE_layers1600_ep30_noise0.150_muoff1.000/test/strain_yTW001/ChrI.csv
Saved 813185 positions to Data/reconstruction/ZINBAE_layers1600_ep30_noise0.150_muoff1.000/test/strain_yTW001/ChrII.csv
Saved 576874 positions to Data/reconstruction/ZINBAE_layers1600_ep30_noise0.150_muoff1.000/test/strain_yTW001/ChrV.csv
Saved 1078171 positions to Data/reconstruction/ZINBAE_layers1600_ep30_noise0.150_muoff1.000/test/strain_yTW001/ChrXII.csv
Saved 230218 positions to Data/reconstruction/ZINBAE_layers1600_ep30_noise0.150_muoff1.000/test/strain_yWT03a/ChrI.csv
Saved 813184 positions to Data/reconstruction/ZINBAE_layers1600_ep30_noise0.150_muoff1.000/test/strain_yWT03a/ChrII.csv
Saved 576874 positions to Data/reconstruction/ZINBAE_layers1600_ep30_noise0.150_muoff1.000/test/strain_yWT03a/ChrV.csv
Saved 1078171 positions to Data/reconstruction/ZINBAE_layers1600_ep30_noise0.150_muoff1.000/test/strain_yWT03a/ChrXII.csv
Saved 230218 positions to Data/reconstruction/ZINBAE_layers1600_ep30_noise0.150_muoff1.000/test/strain_yWT04a/ChrI.csv
Saved 813184 positions to Data/reconstruction/ZINBAE_layers1600_ep30_noise0.150_muoff1.000/test/strain_yWT04a/ChrII.csv
Saved 576874 positions to Data/reconstruction/ZINBAE_layers1600_ep30_noise0.150_muoff1.000/test/strain_yWT04a/ChrV.csv
Saved 1078171 positions to Data/reconstruction/ZINBAE_layers1600_ep30_noise0.150_muoff1.000/test/strain_yWT04a/ChrXII.csv
Saved 230218 positions to Data/reconstruction/ZINBAE_layers1600_ep30_noise0.150_muoff1.000/test/strain_ylic137/ChrI.csv
Saved 813184 positions to Data/reconstruction/ZINBAE_layers1600_ep30_noise0.150_muoff1.000/test/strain_ylic137/ChrII.csv
Saved 576874 positions to Data/reconstruction/ZINBAE_layers1600_ep30_noise0.150_muoff1.000/test/strain_ylic137/ChrV.csv
Saved 1078171 positions to Data/reconstruction/ZINBAE_layers1600_ep30_noise0.150_muoff1.000/test/strain_ylic137/ChrXII.csv
Reconstructed genomic data saved to: Data/reconstruction/ZINBAE_layers1600_ep30_noise0.150_muoff1.000/test
  One CSV per dataset/chromosome with columns:
  position, reconstruction, mu, pi, theta
