Device: cuda
Found 6 datasets for strain yEK23:
  yEK23a_23_FDDP220013504-2a_HTWL7DSX2_L4_trimmed_forward_notrimmed.sorted.bam
  yEK23a_27_FDDP220013505-1a_HY_trimmed_forward_notrimmed.sorted.bam
  yEK23a_32_FDDP220013506-2a_HW_trimmed_forward_notrimmed.sorted.bam
  yEK23b_1_FDDP220013508-1a_HY_trimmed_forward_notrimmed.sorted.bam
  yEK23b_2_FDDP220013509-1a_HY_trimmed_forward_notrimmed.sorted.bam
  yEK23c_10_FDDP220013511-2a_HWTTJDSX2_L3_trimmed_forward_notrimmed.sorted.bam
Number of encoder layers: 1
Number of decoder layers (excluding heads): 1
Total number of layers including latent layer: 3
Model loaded from: AE/results/models/ZINBAE_layers752_ep92_noise0.150_muoff0.000.pt
Model expects seq_length=117, feature_dim=2

============================================================
k=1: testing 6 combination(s) out of 6 possible
============================================================

  [1/6] ['yEK23c_10_FDDP220013511-2a_HWTTJDSX2_L3_trimmed_forward_notrimmed.sorted.bam']
  Saturation: 0.0803
Adjusting data_point_length from 2000 to 117 to match checkpoint model_config.

Clipping outliers using 95th percentile * 1.5...
k1_combo0: Clipping values above 105.00 (P95=70.00). Clipped 25112/969910 values (2.59%)

Splitting data using pre-determined chromosomes...
Standardizing features: ['Nucl']
Column order in final array (Dataset/Chrom split): ['Value', 'Nucleosome_Distance', 'Value_Raw', 'Size_Factor']
Removing 0 empty data points out of 8858
Column order in final array (Dataset/Chrom split): ['Value', 'Nucleosome_Distance', 'Value_Raw', 'Size_Factor']
Removing 0 empty data points out of 3114
Column order in final array (Dataset/Chrom split): ['Value', 'Nucleosome_Distance', 'Value_Raw', 'Size_Factor']
Removing 0 empty data points out of 3447
Applied denoising with 15.0% masking

==================================================
TEST RESULTS
==================================================
Total Loss: 1.313666
  - ZINB NLL: 1.115854
Total number of masked values: 85439
  - Number of values with pi >= 0.378: 1
  - Number of values with pi < 0.378: 85438
  - Masked Reconstruction: 1.557569
Mean Absolute Error (MAE): 1.021101
R² Score: 0.318165
==================================================

Applied denoising with 15.0% masking

==================================================
TEST RESULTS
==================================================
Total Loss: 1.361574
  - ZINB NLL: 1.154260
Total number of masked values: 30359
  - Number of values with pi >= 0.378: 0
  - Number of values with pi < 0.378: 30359
  - Masked Reconstruction: 1.632388
Mean Absolute Error (MAE): 1.101138
R² Score: 0.222213
==================================================

Applied denoising with 15.0% masking

==================================================
TEST RESULTS
==================================================
Total Loss: 1.448542
  - ZINB NLL: 1.216621
Total number of masked values: 33006
  - Number of values with pi >= 0.378: 1
  - Number of values with pi < 0.378: 33005
  - Masked Reconstruction: 1.826149
Mean Absolute Error (MAE): 1.228863
R² Score: 0.189560
==================================================

  Metrics: {'train_total_loss': 1.313666, 'train_zinb_nll': 1.115854, 'train_mae': 1.021101, 'train_r2': 0.318165, 'train_masked_loss': 1.557569, 'val_total_loss': 1.361574, 'val_zinb_nll': 1.15426, 'val_mae': 1.101138, 'val_r2': 0.222213, 'val_masked_loss': 1.632388, 'test_total_loss': 1.448542, 'test_zinb_nll': 1.216621, 'test_mae': 1.228863, 'test_r2': 0.18956, 'test_masked_loss': 1.826149}

  [2/6] ['yEK23a_23_FDDP220013504-2a_HTWL7DSX2_L4_trimmed_forward_notrimmed.sorted.bam']
  Saturation: 0.0546
Adjusting data_point_length from 2000 to 117 to match checkpoint model_config.

Clipping outliers using 95th percentile * 1.5...
k1_combo1: Clipping values above 126.00 (P95=84.00). Clipped 17727/659388 values (2.69%)

Splitting data using pre-determined chromosomes...
Standardizing features: ['Nucl']
Column order in final array (Dataset/Chrom split): ['Value', 'Nucleosome_Distance', 'Value_Raw', 'Size_Factor']
Removing 0 empty data points out of 8858
Column order in final array (Dataset/Chrom split): ['Value', 'Nucleosome_Distance', 'Value_Raw', 'Size_Factor']
Removing 0 empty data points out of 3114
Column order in final array (Dataset/Chrom split): ['Value', 'Nucleosome_Distance', 'Value_Raw', 'Size_Factor']
Removing 0 empty data points out of 3447
Applied denoising with 15.0% masking

==================================================
TEST RESULTS
==================================================
Total Loss: 1.146943
  - ZINB NLL: 0.942487
Total number of masked values: 64997
  - Number of values with pi >= 0.378: 0
  - Number of values with pi < 0.378: 64997
  - Masked Reconstruction: 1.609893
Mean Absolute Error (MAE): 0.846435
R² Score: 0.260021
==================================================

Applied denoising with 15.0% masking

==================================================
TEST RESULTS
==================================================
Total Loss: 1.208499
  - ZINB NLL: 0.990048
Total number of masked values: 23260
  - Number of values with pi >= 0.378: 0
  - Number of values with pi < 0.378: 23260
  - Masked Reconstruction: 1.720085
Mean Absolute Error (MAE): 0.928472
R² Score: 0.156195
==================================================

Applied denoising with 15.0% masking

==================================================
TEST RESULTS
==================================================
Total Loss: 1.319923
  - ZINB NLL: 1.072352
Total number of masked values: 25565
  - Number of values with pi >= 0.378: 0
  - Number of values with pi < 0.378: 25565
  - Masked Reconstruction: 1.949377
Mean Absolute Error (MAE): 1.057210
R² Score: 0.130463
==================================================

  Metrics: {'train_total_loss': 1.146943, 'train_zinb_nll': 0.942487, 'train_mae': 0.846435, 'train_r2': 0.260021, 'train_masked_loss': 1.609893, 'val_total_loss': 1.208499, 'val_zinb_nll': 0.990048, 'val_mae': 0.928472, 'val_r2': 0.156195, 'val_masked_loss': 1.720085, 'test_total_loss': 1.319923, 'test_zinb_nll': 1.072352, 'test_mae': 1.05721, 'test_r2': 0.130463, 'test_masked_loss': 1.949377}

  [3/6] ['yEK23b_2_FDDP220013509-1a_HY_trimmed_forward_notrimmed.sorted.bam']
  Saturation: 0.0875
Adjusting data_point_length from 2000 to 117 to match checkpoint model_config.

Clipping outliers using 95th percentile * 1.5...
k1_combo2: Clipping values above 99.00 (P95=66.00). Clipped 27121/1056636 values (2.57%)

Splitting data using pre-determined chromosomes...
Standardizing features: ['Nucl']
Column order in final array (Dataset/Chrom split): ['Value', 'Nucleosome_Distance', 'Value_Raw', 'Size_Factor']
Removing 0 empty data points out of 8858
Column order in final array (Dataset/Chrom split): ['Value', 'Nucleosome_Distance', 'Value_Raw', 'Size_Factor']
Removing 0 empty data points out of 3114
Column order in final array (Dataset/Chrom split): ['Value', 'Nucleosome_Distance', 'Value_Raw', 'Size_Factor']
Removing 0 empty data points out of 3447
Applied denoising with 15.0% masking

==================================================
TEST RESULTS
==================================================
Total Loss: 1.305054
  - ZINB NLL: 1.118853
Total number of masked values: 89960
  - Number of values with pi >= 0.378: 2
  - Number of values with pi < 0.378: 89958
  - Masked Reconstruction: 1.466145
Mean Absolute Error (MAE): 1.013668
R² Score: 0.325884
==================================================

Applied denoising with 15.0% masking

==================================================
TEST RESULTS
==================================================
Total Loss: 1.354545
  - ZINB NLL: 1.153805
Total number of masked values: 31824
  - Number of values with pi >= 0.378: 0
  - Number of values with pi < 0.378: 31824
  - Masked Reconstruction: 1.580628
Mean Absolute Error (MAE): 1.098780
R² Score: 0.229794
==================================================

Applied denoising with 15.0% masking

==================================================
TEST RESULTS
==================================================
Total Loss: 1.469438
  - ZINB NLL: 1.241430
Total number of masked values: 35103
  - Number of values with pi >= 0.378: 0
  - Number of values with pi < 0.378: 35103
  - Masked Reconstruction: 1.795334
Mean Absolute Error (MAE): 1.250983
R² Score: 0.193146
==================================================

  Metrics: {'train_total_loss': 1.305054, 'train_zinb_nll': 1.118853, 'train_mae': 1.013668, 'train_r2': 0.325884, 'train_masked_loss': 1.466145, 'val_total_loss': 1.354545, 'val_zinb_nll': 1.153805, 'val_mae': 1.09878, 'val_r2': 0.229794, 'val_masked_loss': 1.580628, 'test_total_loss': 1.469438, 'test_zinb_nll': 1.24143, 'test_mae': 1.250983, 'test_r2': 0.193146, 'test_masked_loss': 1.795334}

  [4/6] ['yEK23a_32_FDDP220013506-2a_HW_trimmed_forward_notrimmed.sorted.bam']
  Saturation: 0.0743
Adjusting data_point_length from 2000 to 117 to match checkpoint model_config.

Clipping outliers using 95th percentile * 1.5...
k1_combo3: Clipping values above 87.00 (P95=58.00). Clipped 23472/897295 values (2.62%)

Splitting data using pre-determined chromosomes...
Standardizing features: ['Nucl']
Column order in final array (Dataset/Chrom split): ['Value', 'Nucleosome_Distance', 'Value_Raw', 'Size_Factor']
Removing 0 empty data points out of 8858
Column order in final array (Dataset/Chrom split): ['Value', 'Nucleosome_Distance', 'Value_Raw', 'Size_Factor']
Removing 0 empty data points out of 3114
Column order in final array (Dataset/Chrom split): ['Value', 'Nucleosome_Distance', 'Value_Raw', 'Size_Factor']
Removing 0 empty data points out of 3447
Applied denoising with 15.0% masking

==================================================
TEST RESULTS
==================================================
Total Loss: 1.134987
  - ZINB NLL: 0.978715
Total number of masked values: 80816
  - Number of values with pi >= 0.378: 1
  - Number of values with pi < 0.378: 80815
  - Masked Reconstruction: 1.230487
Mean Absolute Error (MAE): 0.792185
R² Score: 0.310945
==================================================

Applied denoising with 15.0% masking

==================================================
TEST RESULTS
==================================================
Total Loss: 1.200938
  - ZINB NLL: 1.026630
Total number of masked values: 28713
  - Number of values with pi >= 0.378: 0
  - Number of values with pi < 0.378: 28713
  - Masked Reconstruction: 1.372501
Mean Absolute Error (MAE): 0.868068
R² Score: 0.204913
==================================================

Applied denoising with 15.0% masking

==================================================
TEST RESULTS
==================================================
Total Loss: 1.278578
  - ZINB NLL: 1.082120
Total number of masked values: 31250
  - Number of values with pi >= 0.378: 0
  - Number of values with pi < 0.378: 31250
  - Masked Reconstruction: 1.546918
Mean Absolute Error (MAE): 0.974262
R² Score: 0.173759
==================================================

  Metrics: {'train_total_loss': 1.134987, 'train_zinb_nll': 0.978715, 'train_mae': 0.792185, 'train_r2': 0.310945, 'train_masked_loss': 1.230487, 'val_total_loss': 1.200938, 'val_zinb_nll': 1.02663, 'val_mae': 0.868068, 'val_r2': 0.204913, 'val_masked_loss': 1.372501, 'test_total_loss': 1.278578, 'test_zinb_nll': 1.08212, 'test_mae': 0.974262, 'test_r2': 0.173759, 'test_masked_loss': 1.546918}

  [5/6] ['yEK23a_27_FDDP220013505-1a_HY_trimmed_forward_notrimmed.sorted.bam']
  Saturation: 0.0921
Adjusting data_point_length from 2000 to 117 to match checkpoint model_config.

Clipping outliers using 95th percentile * 1.5...
k1_combo4: Clipping values above 84.00 (P95=56.00). Clipped 28634/1112255 values (2.57%)

Splitting data using pre-determined chromosomes...
Standardizing features: ['Nucl']
Column order in final array (Dataset/Chrom split): ['Value', 'Nucleosome_Distance', 'Value_Raw', 'Size_Factor']
Removing 0 empty data points out of 8858
Column order in final array (Dataset/Chrom split): ['Value', 'Nucleosome_Distance', 'Value_Raw', 'Size_Factor']
Removing 0 empty data points out of 3114
Column order in final array (Dataset/Chrom split): ['Value', 'Nucleosome_Distance', 'Value_Raw', 'Size_Factor']
Removing 0 empty data points out of 3447
Applied denoising with 15.0% masking

==================================================
TEST RESULTS
==================================================
Total Loss: 1.261013
  - ZINB NLL: 1.096369
Total number of masked values: 92882
  - Number of values with pi >= 0.378: 1
  - Number of values with pi < 0.378: 92881
  - Masked Reconstruction: 1.296412
Mean Absolute Error (MAE): 0.919450
R² Score: 0.336813
==================================================

Applied denoising with 15.0% masking

==================================================
TEST RESULTS
==================================================
Total Loss: 1.302771
  - ZINB NLL: 1.125808
Total number of masked values: 32847
  - Number of values with pi >= 0.378: 0
  - Number of values with pi < 0.378: 32847
  - Masked Reconstruction: 1.393408
Mean Absolute Error (MAE): 0.994119
R² Score: 0.239651
==================================================

Applied denoising with 15.0% masking

==================================================
TEST RESULTS
==================================================
Total Loss: 1.406690
  - ZINB NLL: 1.205130
Total number of masked values: 35965
  - Number of values with pi >= 0.378: 0
  - Number of values with pi < 0.378: 35965
  - Masked Reconstruction: 1.587080
Mean Absolute Error (MAE): 1.132797
R² Score: 0.187605
==================================================

  Metrics: {'train_total_loss': 1.261013, 'train_zinb_nll': 1.096369, 'train_mae': 0.91945, 'train_r2': 0.336813, 'train_masked_loss': 1.296412, 'val_total_loss': 1.302771, 'val_zinb_nll': 1.125808, 'val_mae': 0.994119, 'val_r2': 0.239651, 'val_masked_loss': 1.393408, 'test_total_loss': 1.40669, 'test_zinb_nll': 1.20513, 'test_mae': 1.132797, 'test_r2': 0.187605, 'test_masked_loss': 1.58708}

  [6/6] ['yEK23b_1_FDDP220013508-1a_HY_trimmed_forward_notrimmed.sorted.bam']
  Saturation: 0.0825
Adjusting data_point_length from 2000 to 117 to match checkpoint model_config.

Clipping outliers using 95th percentile * 1.5...
k1_combo5: Clipping values above 84.00 (P95=56.00). Clipped 26174/995703 values (2.63%)

Splitting data using pre-determined chromosomes...
Standardizing features: ['Nucl']
Column order in final array (Dataset/Chrom split): ['Value', 'Nucleosome_Distance', 'Value_Raw', 'Size_Factor']
Removing 0 empty data points out of 8858
Column order in final array (Dataset/Chrom split): ['Value', 'Nucleosome_Distance', 'Value_Raw', 'Size_Factor']
Removing 0 empty data points out of 3114
Column order in final array (Dataset/Chrom split): ['Value', 'Nucleosome_Distance', 'Value_Raw', 'Size_Factor']
Removing 0 empty data points out of 3447
Applied denoising with 15.0% masking

==================================================
TEST RESULTS
==================================================
Total Loss: 1.159782
  - ZINB NLL: 1.004374
Total number of masked values: 85389
  - Number of values with pi >= 0.378: 2
  - Number of values with pi < 0.378: 85387
  - Masked Reconstruction: 1.223690
Mean Absolute Error (MAE): 0.813022
R² Score: 0.317625
==================================================

Applied denoising with 15.0% masking

==================================================
TEST RESULTS
==================================================
Total Loss: 1.220778
  - ZINB NLL: 1.048880
Total number of masked values: 30288
  - Number of values with pi >= 0.378: 1
  - Number of values with pi < 0.378: 30287
  - Masked Reconstruction: 1.353530
Mean Absolute Error (MAE): 0.889927
R² Score: 0.215481
==================================================

Applied denoising with 15.0% masking

==================================================
TEST RESULTS
==================================================
Total Loss: 1.291138
  - ZINB NLL: 1.103781
Total number of masked values: 33116
  - Number of values with pi >= 0.378: 0
  - Number of values with pi < 0.378: 33116
  - Masked Reconstruction: 1.475251
Mean Absolute Error (MAE): 0.982080
R² Score: 0.191717
==================================================

  Metrics: {'train_total_loss': 1.159782, 'train_zinb_nll': 1.004374, 'train_mae': 0.813022, 'train_r2': 0.317625, 'train_masked_loss': 1.22369, 'val_total_loss': 1.220778, 'val_zinb_nll': 1.04888, 'val_mae': 0.889927, 'val_r2': 0.215481, 'val_masked_loss': 1.35353, 'test_total_loss': 1.291138, 'test_zinb_nll': 1.103781, 'test_mae': 0.98208, 'test_r2': 0.191717, 'test_masked_loss': 1.475251}

============================================================
k=2: testing 8 combination(s) out of 15 possible
============================================================

  [1/8] ['yEK23a_23_FDDP220013504-2a_HTWL7DSX2_L4_trimmed_forward_notrimmed.sorted.bam', 'yEK23b_2_FDDP220013509-1a_HY_trimmed_forward_notrimmed.sorted.bam']
  Saturation: 0.1266
Adjusting data_point_length from 2000 to 117 to match checkpoint model_config.

Clipping outliers using 95th percentile * 1.5...
k2_combo0: Clipping values above 99.00 (P95=66.00). Clipped 39235/1528024 values (2.57%)

Splitting data using pre-determined chromosomes...
Standardizing features: ['Nucl']
Column order in final array (Dataset/Chrom split): ['Value', 'Nucleosome_Distance', 'Value_Raw', 'Size_Factor']
Removing 0 empty data points out of 8858
Column order in final array (Dataset/Chrom split): ['Value', 'Nucleosome_Distance', 'Value_Raw', 'Size_Factor']
Removing 0 empty data points out of 3114
Column order in final array (Dataset/Chrom split): ['Value', 'Nucleosome_Distance', 'Value_Raw', 'Size_Factor']
Removing 0 empty data points out of 3447
Applied denoising with 15.0% masking

==================================================
TEST RESULTS
==================================================
Total Loss: 1.610153
  - ZINB NLL: 1.369732
Total number of masked values: 102458
  - Number of values with pi >= 0.378: 0
  - Number of values with pi < 0.378: 102458
  - Masked Reconstruction: 1.893084
Mean Absolute Error (MAE): 1.423772
R² Score: 0.359334
==================================================

Applied denoising with 15.0% masking

==================================================
TEST RESULTS
==================================================
Total Loss: 1.659081
  - ZINB NLL: 1.404316
Total number of masked values: 36143
  - Number of values with pi >= 0.378: 0
  - Number of values with pi < 0.378: 36143
  - Masked Reconstruction: 2.006020
Mean Absolute Error (MAE): 1.518504
R² Score: 0.288189
==================================================

Applied denoising with 15.0% masking

==================================================
TEST RESULTS
==================================================
Total Loss: 1.750789
  - ZINB NLL: 1.469402
Total number of masked values: 39741
  - Number of values with pi >= 0.378: 0
  - Number of values with pi < 0.378: 39741
  - Masked Reconstruction: 2.215646
Mean Absolute Error (MAE): 1.678163
R² Score: 0.237513
==================================================

  Metrics: {'train_total_loss': 1.610153, 'train_zinb_nll': 1.369732, 'train_mae': 1.423772, 'train_r2': 0.359334, 'train_masked_loss': 1.893084, 'val_total_loss': 1.659081, 'val_zinb_nll': 1.404316, 'val_mae': 1.518504, 'val_r2': 0.288189, 'val_masked_loss': 2.00602, 'test_total_loss': 1.750789, 'test_zinb_nll': 1.469402, 'test_mae': 1.678163, 'test_r2': 0.237513, 'test_masked_loss': 2.215646}

  [2/8] ['yEK23a_23_FDDP220013504-2a_HTWL7DSX2_L4_trimmed_forward_notrimmed.sorted.bam', 'yEK23b_1_FDDP220013508-1a_HY_trimmed_forward_notrimmed.sorted.bam']
  Saturation: 0.1220
Adjusting data_point_length from 2000 to 117 to match checkpoint model_config.

Clipping outliers using 95th percentile * 1.5...
k2_combo1: Clipping values above 91.50 (P95=61.00). Clipped 38715/1473192 values (2.63%)

Splitting data using pre-determined chromosomes...
Standardizing features: ['Nucl']
Column order in final array (Dataset/Chrom split): ['Value', 'Nucleosome_Distance', 'Value_Raw', 'Size_Factor']
Removing 0 empty data points out of 8858
Column order in final array (Dataset/Chrom split): ['Value', 'Nucleosome_Distance', 'Value_Raw', 'Size_Factor']
Removing 0 empty data points out of 3114
Column order in final array (Dataset/Chrom split): ['Value', 'Nucleosome_Distance', 'Value_Raw', 'Size_Factor']
Removing 0 empty data points out of 3447
Applied denoising with 15.0% masking

==================================================
TEST RESULTS
==================================================
Total Loss: 1.510408
  - ZINB NLL: 1.292853
Total number of masked values: 99578
  - Number of values with pi >= 0.378: 0
  - Number of values with pi < 0.378: 99578
  - Masked Reconstruction: 1.713028
Mean Absolute Error (MAE): 1.262475
R² Score: 0.353713
==================================================

Applied denoising with 15.0% masking

==================================================
TEST RESULTS
==================================================
Total Loss: 1.568960
  - ZINB NLL: 1.332139
Total number of masked values: 35160
  - Number of values with pi >= 0.378: 0
  - Number of values with pi < 0.378: 35160
  - Masked Reconstruction: 1.864729
Mean Absolute Error (MAE): 1.353834
R² Score: 0.277635
==================================================

Applied denoising with 15.0% masking

==================================================
TEST RESULTS
==================================================
Total Loss: 1.639258
  - ZINB NLL: 1.383828
Total number of masked values: 38472
  - Number of values with pi >= 0.378: 0
  - Number of values with pi < 0.378: 38472
  - Masked Reconstruction: 2.011261
Mean Absolute Error (MAE): 1.482120
R² Score: 0.229142
==================================================

  Metrics: {'train_total_loss': 1.510408, 'train_zinb_nll': 1.292853, 'train_mae': 1.262475, 'train_r2': 0.353713, 'train_masked_loss': 1.713028, 'val_total_loss': 1.56896, 'val_zinb_nll': 1.332139, 'val_mae': 1.353834, 'val_r2': 0.277635, 'val_masked_loss': 1.864729, 'test_total_loss': 1.639258, 'test_zinb_nll': 1.383828, 'test_mae': 1.48212, 'test_r2': 0.229142, 'test_masked_loss': 2.011261}

  [3/8] ['yEK23a_32_FDDP220013506-2a_HW_trimmed_forward_notrimmed.sorted.bam', 'yEK23c_10_FDDP220013511-2a_HWTTJDSX2_L3_trimmed_forward_notrimmed.sorted.bam']
  Saturation: 0.1352
Adjusting data_point_length from 2000 to 117 to match checkpoint model_config.

Clipping outliers using 95th percentile * 1.5...
k2_combo2: Clipping values above 87.00 (P95=58.00). Clipped 41221/1632225 values (2.53%)

Splitting data using pre-determined chromosomes...
Standardizing features: ['Nucl']
Column order in final array (Dataset/Chrom split): ['Value', 'Nucleosome_Distance', 'Value_Raw', 'Size_Factor']
Removing 0 empty data points out of 8858
Column order in final array (Dataset/Chrom split): ['Value', 'Nucleosome_Distance', 'Value_Raw', 'Size_Factor']
Removing 0 empty data points out of 3114
Column order in final array (Dataset/Chrom split): ['Value', 'Nucleosome_Distance', 'Value_Raw', 'Size_Factor']
Removing 0 empty data points out of 3447
Applied denoising with 15.0% masking

==================================================
TEST RESULTS
==================================================
Total Loss: 1.597617
  - ZINB NLL: 1.373057
Total number of masked values: 105259
  - Number of values with pi >= 0.378: 1
  - Number of values with pi < 0.378: 105258
  - Masked Reconstruction: 1.768191
Mean Absolute Error (MAE): 1.360522
R² Score: 0.372443
==================================================

Applied denoising with 15.0% masking

==================================================
TEST RESULTS
==================================================
Total Loss: 1.645508
  - ZINB NLL: 1.407423
Total number of masked values: 37165
  - Number of values with pi >= 0.378: 0
  - Number of values with pi < 0.378: 37165
  - Masked Reconstruction: 1.874687
Mean Absolute Error (MAE): 1.448820
R² Score: 0.308350
==================================================

Applied denoising with 15.0% masking

==================================================
TEST RESULTS
==================================================
Total Loss: 1.713237
  - ZINB NLL: 1.451686
Total number of masked values: 40449
