Traceback (most recent call last):
  File "/opt/conda/lib/python3.11/site-packages/pandas/core/indexes/base.py", line 3641, in get_loc
    return self._engine.get_loc(casted_key)
           ^^^^^^^^^^^^^^^^^^^^^^^^^^^^^^^^
  File "pandas/_libs/index.pyx", line 168, in pandas._libs.index.IndexEngine.get_loc
  File "pandas/_libs/index.pyx", line 197, in pandas._libs.index.IndexEngine.get_loc
  File "pandas/_libs/hashtable_class_helper.pxi", line 7668, in pandas._libs.hashtable.PyObjectHashTable.get_item
  File "pandas/_libs/hashtable_class_helper.pxi", line 7676, in pandas._libs.hashtable.PyObjectHashTable.get_item
KeyError: 'Value'

The above exception was the direct cause of the following exception:

Traceback (most recent call last):
  File "/workspace/AE/reconstruct_cpd_test.py", line 215, in <module>
    reconstruct_test_cpd(
  File "/workspace/AE/reconstruct_cpd_test.py", line 110, in reconstruct_test_cpd
    test_set, _, _, test_metadata, _, _, _, _, _ = preprocess_with_split(
                                                   ^^^^^^^^^^^^^^^^^^^^^^
  File "/workspace/AE/preprocessing/preprocessing.py", line 815, in preprocess_with_split
    transposon_data, count_stats = preprocess_counts(transposon_data, zinb_mode=zinb_mode)
                                   ^^^^^^^^^^^^^^^^^^^^^^^^^^^^^^^^^^^^^^^^^^^^^^^^^^^^^^^
  File "/workspace/AE/preprocessing/preprocessing.py", line 195, in preprocess_counts
    total_insertions += df['Value'].sum()
                        ~~^^^^^^^^^
  File "/opt/conda/lib/python3.11/site-packages/pandas/core/frame.py", line 4378, in __getitem__
    indexer = self.columns.get_loc(key)
              ^^^^^^^^^^^^^^^^^^^^^^^^^
  File "/opt/conda/lib/python3.11/site-packages/pandas/core/indexes/base.py", line 3648, in get_loc
    raise KeyError(key) from err
KeyError: 'Value'
srun: error: insy16: task 0: Exited with exit code 1
srun: launch/slurm: _step_signal: Terminating StepId=12338204.0
