Running with noise_level=0.15
Running with mu_offset=0
Device: cuda

Preprocessing with chromosome split:
  Train chromosomes: ['ChrIII', 'ChrIV', 'ChrIX', 'ChrVI', 'ChrVII', 'ChrX', 'ChrXI', 'ChrXIII', 'ChrXVI']
  Val chromosomes: ['ChrVIII', 'ChrXIV', 'ChrXV']
  Test chromosomes: ['ChrI', 'ChrII', 'ChrV', 'ChrXII']

Clipping outliers using 95th percentile * 1.5...
strain_yTW001: Clipping values above 134.25 (P95=89.50). Clipped 27529/1193409 values (2.31%)
strain_FD: Clipping values above 71.92 (P95=47.94). Clipped 95791/4127807 values (2.32%)
strain_dnrp: Clipping values above 243.00 (P95=162.00). Clipped 25649/1119454 values (2.29%)
strain_yEK19: Clipping values above 77.10 (P95=51.40). Clipped 83713/3893623 values (2.15%)
strain_yEK23: Clipping values above 72.00 (P95=48.00). Clipped 86381/3558407 values (2.43%)
strain_yWT03a: Clipping values above 15.00 (P95=10.00). Clipped 10602/347679 values (3.05%)
strain_yWT04a: Clipping values above 58.50 (P95=39.00). Clipped 21095/725406 values (2.91%)
strain_ylic137: Clipping values above 142.50 (P95=95.00). Clipped 28746/1112684 values (2.58%)

Splitting data using pre-determined chromosomes...
Standardizing features: ['Centr']
Column order in final array (Dataset/Chrom split): ['Value', 'Centromere_Distance', 'Value_Raw', 'Size_Factor']
Removing 0 empty data points out of 48656
Column order in final array (Dataset/Chrom split): ['Value', 'Centromere_Distance', 'Value_Raw', 'Size_Factor']
Removing 0 empty data points out of 17104
Column order in final array (Dataset/Chrom split): ['Value', 'Centromere_Distance', 'Value_Raw', 'Size_Factor']
Removing 0 empty data points out of 18928

Dataset sizes after preprocessing:
  Train: 48656
  Val: 17104
  Test: 18928
  Eval strategy: VALIDATION + TEST

Applied denoising with 15.0% masking

Creating validation dataloader:
  Validation set size: 17104
  Batch size: 64
Applied denoising with 15.0% masking
  Dataloader created: 17104 samples, 268 batches

Creating test dataloader:
  Test set size: 18928
  Batch size: 64
Applied denoising with 15.0% masking
  Dataloader created: 18928 samples, 296 batches
Number of encoder layers: 1
Number of decoder layers (excluding heads): 1
Total number of layers including latent layer: 3
Epoch [1/54], Total Loss: 1.6707, NLL: 1.5780, Masked: 2.7259
Epoch [2/54], Total Loss: 1.4903, NLL: 1.4187, Masked: 2.1057
Epoch [3/54], Total Loss: 1.4405, NLL: 1.3743, Masked: 1.9451
Epoch [4/54], Total Loss: 1.4203, NLL: 1.3562, Masked: 1.8854
Epoch [5/54], Total Loss: 1.4087, NLL: 1.3458, Masked: 1.8489
Epoch [6/54], Total Loss: 1.4013, NLL: 1.3393, Masked: 1.8236
Epoch [7/54], Total Loss: 1.3934, NLL: 1.3324, Masked: 1.7931
Epoch [8/54], Total Loss: 1.3864, NLL: 1.3264, Masked: 1.7656
Epoch [9/54], Total Loss: 1.3800, NLL: 1.3208, Masked: 1.7397
Epoch [10/54], Total Loss: 1.3745, NLL: 1.3161, Masked: 1.7194
Epoch [11/54], Total Loss: 1.3693, NLL: 1.3117, Masked: 1.6968
Epoch [12/54], Total Loss: 1.3654, NLL: 1.3082, Masked: 1.6825
Epoch [13/54], Total Loss: 1.3616, NLL: 1.3048, Masked: 1.6718
Epoch [14/54], Total Loss: 1.3590, NLL: 1.3025, Masked: 1.6618
Epoch [15/54], Total Loss: 1.3558, NLL: 1.2997, Masked: 1.6498
Epoch [16/54], Total Loss: 1.3531, NLL: 1.2973, Masked: 1.6400
Epoch [17/54], Total Loss: 1.3504, NLL: 1.2950, Masked: 1.6290
Epoch [18/54], Total Loss: 1.3484, NLL: 1.2932, Masked: 1.6231
Epoch [19/54], Total Loss: 1.3462, NLL: 1.2913, Masked: 1.6157
Epoch [20/54], Total Loss: 1.3445, NLL: 1.2899, Masked: 1.6075
Epoch [21/54], Total Loss: 1.3424, NLL: 1.2878, Masked: 1.6036
Epoch [22/54], Total Loss: 1.3398, NLL: 1.2855, Masked: 1.5976
Epoch [23/54], Total Loss: 1.3379, NLL: 1.2838, Masked: 1.5894
Epoch [24/54], Total Loss: 1.3368, NLL: 1.2828, Masked: 1.5880
Epoch [25/54], Total Loss: 1.3348, NLL: 1.2810, Masked: 1.5814
Epoch [26/54], Total Loss: 1.3340, NLL: 1.2804, Masked: 1.5756
Epoch [27/54], Total Loss: 1.3329, NLL: 1.2794, Masked: 1.5718
Epoch [28/54], Total Loss: 1.3323, NLL: 1.2789, Masked: 1.5700
Epoch [29/54], Total Loss: 1.3307, NLL: 1.2775, Masked: 1.5630
Epoch [30/54], Total Loss: 1.3290, NLL: 1.2760, Masked: 1.5599
Epoch [31/54], Total Loss: 1.3278, NLL: 1.2749, Masked: 1.5558
Epoch [32/54], Total Loss: 1.3266, NLL: 1.2739, Masked: 1.5520
Epoch [33/54], Total Loss: 1.3255, NLL: 1.2729, Masked: 1.5491
Epoch [34/54], Total Loss: 1.3246, NLL: 1.2720, Masked: 1.5458
Epoch [35/54], Total Loss: 1.3233, NLL: 1.2709, Masked: 1.5424
Epoch [36/54], Total Loss: 1.3220, NLL: 1.2697, Masked: 1.5375
Epoch [37/54], Total Loss: 1.3217, NLL: 1.2695, Masked: 1.5363
Epoch [38/54], Total Loss: 1.3198, NLL: 1.2677, Masked: 1.5324
Epoch [39/54], Total Loss: 1.3176, NLL: 1.2654, Masked: 1.5336
Epoch [40/54], Total Loss: 1.3161, NLL: 1.2642, Masked: 1.5279
Epoch [41/54], Total Loss: 1.3143, NLL: 1.2625, Masked: 1.5242
Epoch [42/54], Total Loss: 1.3132, NLL: 1.2615, Masked: 1.5216
Epoch [43/54], Total Loss: 1.3125, NLL: 1.2608, Masked: 1.5206
Epoch [44/54], Total Loss: 1.3117, NLL: 1.2601, Masked: 1.5179
Epoch [45/54], Total Loss: 1.3110, NLL: 1.2596, Masked: 1.5139
Epoch [46/54], Total Loss: 1.3102, NLL: 1.2587, Masked: 1.5130
Epoch [47/54], Total Loss: 1.3098, NLL: 1.2584, Masked: 1.5113
Epoch [48/54], Total Loss: 1.3092, NLL: 1.2579, Masked: 1.5084
Epoch [49/54], Total Loss: 1.3082, NLL: 1.2570, Masked: 1.5067
Epoch [50/54], Total Loss: 1.3071, NLL: 1.2559, Masked: 1.5046
Epoch [51/54], Total Loss: 1.3066, NLL: 1.2554, Masked: 1.5052
Epoch [52/54], Total Loss: 1.3060, NLL: 1.2549, Masked: 1.5019
Epoch [53/54], Total Loss: 1.3052, NLL: 1.2543, Masked: 1.4983
Epoch [54/54], Total Loss: 1.3049, NLL: 1.2540, Masked: 1.4986
Training loss plot saved to /workspace/AE/results/training/mu_offset0.0_noise0.150/mu_offset0.0_noise0.150_ZINBAE_20260311_222241_conv_training_losses.png
Training losses saved to /workspace/AE/results/training/mu_offset0.0_noise0.150/mu_offset0.0_noise0.150_ZINBAE_20260311_222241_conv_training_losses.json

==================================================
EVALUATING ON TRAINING DATA
==================================================

==================================================
TEST RESULTS
==================================================
Total Loss: 1.257712
  - ZINB NLL: 1.213887
Total number of masked values: 9937248
  - Number of values with pi >= 0.7: 0
  - Number of values with pi < 0.7: 9937248
  - Masked Reconstruction: 1.288988
Mean Absolute Error (MAE): 0.986655
R² Score: 0.807019
==================================================

Using raw counts for evaluation metrics.
MAE: 0.9867, SD MEAN: 1.9333 
  R²: 0.8070,
Mean π (zeros): 0.0000, Mean π (non-zeros): 0.0000,  
 SD π (zeros): 0.0003, SD π (non-zeros): 0.0000 

Mean μ (zeros): 0.2540, Mean μ (non-zeros): 3.0081,  
 SD μ (zeros): 0.7140, SD μ (non-zeros): 4.7235 

Theta mean: 3.1881, Theta SD: 12.5510
Number of masked values: 9937248

============================================================
MASKED VALUES PERFORMANCE METRICS
============================================================
MAE: 1.2901, SD MAE: 2.1084
R²: 0.8121
Mean π (zeros): 0.0000, Mean π (non-zeros): 0.0000
SD π (zeros): 0.0000, SD π (non-zeros): 0.0000
Mean μ (zeros): 0.0000, Mean μ (non-zeros): 3.0240
SD μ (zeros): 0.0000, SD μ (non-zeros): 4.7955
Theta mean: 3.3808, Theta SD: 10.2520
============================================================

Computing baseline predictions using neighborhood mean/median of reconstructed values...
Baseline comparison completed and saved.
Note: Baseline uses mean/median of model's reconstructed values from neighbors
      Comparing baseline predictions to actual raw values at masked positions
      Model reference line shows model performance vs actual values
Masked values analysis: 9937248 masked positions, MAE=1.2901, R²=0.8121
ZINB metrics saved to /workspace/AE/results/training/mu_offset0.0_noise0.150/mu_offset0.0_noise0.150_ZINBAE_20260311_222246_conv_test_metrics.json
ZINB-specific plots saved to /workspace/AE/results/training/mu_offset0.0_noise0.150/

==================================================
EVALUATING ON VALIDATION DATA
Dataset size: 17104
==================================================


==================================================
TEST RESULTS
==================================================
Total Loss: 1.286448
  - ZINB NLL: 1.238657
Total number of masked values: 3491098
  - Number of values with pi >= 0.7: 0
  - Number of values with pi < 0.7: 3491098
  - Masked Reconstruction: 1.405628
Mean Absolute Error (MAE): 1.096741
R² Score: 0.708741
==================================================

Using raw counts for evaluation metrics.
MAE: 1.0967, SD MEAN: 2.7526 
  R²: 0.7087,
Mean π (zeros): 0.0000, Mean π (non-zeros): 0.0000,  
 SD π (zeros): 0.0000, SD π (non-zeros): 0.0001 

Mean μ (zeros): 0.2540, Mean μ (non-zeros): 3.0217,  
 SD μ (zeros): 0.7298, SD μ (non-zeros): 5.1545 

Theta mean: 3.3414, Theta SD: 55.7231
Number of masked values: 3491098

============================================================
MASKED VALUES PERFORMANCE METRICS
============================================================
MAE: 1.4865, SD MAE: 3.2334
R²: 0.6888
Mean π (zeros): 0.0000, Mean π (non-zeros): 0.0000
SD π (zeros): 0.0000, SD π (non-zeros): 0.0001
Mean μ (zeros): 0.0000, Mean μ (non-zeros): 3.0488
SD μ (zeros): 0.0000, SD μ (non-zeros): 5.2290
Theta mean: 3.5254, Theta SD: 50.0850
============================================================

Computing baseline predictions using neighborhood mean/median of reconstructed values...
Baseline comparison completed and saved.
Note: Baseline uses mean/median of model's reconstructed values from neighbors
      Comparing baseline predictions to actual raw values at masked positions
      Model reference line shows model performance vs actual values
Masked values analysis: 3491098 masked positions, MAE=1.4865, R²=0.6888
ZINB metrics saved to /workspace/AE/results/testing/mu_offset0.0_noise0.150/mu_offset0.0_noise0.150_ZINBAE_20260311_222439_conv_test_metrics.json
ZINB-specific plots saved to /workspace/AE/results/testing/mu_offset0.0_noise0.150/

==================================================
EVALUATING ON TEST DATA
Dataset size: 18928
==================================================


==================================================
TEST RESULTS
==================================================
Total Loss: 1.301952
  - ZINB NLL: 1.251522
Total number of masked values: 3866723
  - Number of values with pi >= 0.7: 0
  - Number of values with pi < 0.7: 3866723
  - Masked Reconstruction: 1.483241
Mean Absolute Error (MAE): 1.173068
R² Score: 0.709013
==================================================

Using raw counts for evaluation metrics.
MAE: 1.1731, SD MEAN: 3.2112 
  R²: 0.7090,
Mean π (zeros): 0.0000, Mean π (non-zeros): 0.0000,  
 SD π (zeros): 0.0000, SD π (non-zeros): 0.0004 

Mean μ (zeros): 0.2555, Mean μ (non-zeros): 3.2386,  
 SD μ (zeros): 0.7387, SD μ (non-zeros): 5.5438 

Theta mean: 3.1047, Theta SD: 10.9359
Number of masked values: 3866723

============================================================
MASKED VALUES PERFORMANCE METRICS
============================================================
MAE: 1.5956, SD MAE: 3.7777
R²: 0.6938
Mean π (zeros): 0.0000, Mean π (non-zeros): 0.0000
SD π (zeros): 0.0000, SD π (non-zeros): 0.0005
Mean μ (zeros): 0.0000, Mean μ (non-zeros): 3.2719
SD μ (zeros): 0.0000, SD μ (non-zeros): 5.6194
Theta mean: 3.2857, Theta SD: 12.5156
============================================================

Computing baseline predictions using neighborhood mean/median of reconstructed values...
Baseline comparison completed and saved.
Note: Baseline uses mean/median of model's reconstructed values from neighbors
      Comparing baseline predictions to actual raw values at masked positions
      Model reference line shows model performance vs actual values
Masked values analysis: 3866723 masked positions, MAE=1.5956, R²=0.6938
ZINB metrics saved to /workspace/AE/results/testing/mu_offset0.0_noise0.150/mu_offset0.0_noise0.150_ZINBAE_20260311_222521_conv_test_metrics.json
ZINB-specific plots saved to /workspace/AE/results/testing/mu_offset0.0_noise0.150/

==================================================
MODEL SAVED: ZINBAE_layers432_ep54_noise0.150_muoff0.000.pt
Location: AE/results/models/ZINBAE_layers432_ep54_noise0.150_muoff0.000.pt
==================================================


Saved reconstruction metadata to: Data/reconstruction/ZINBAE_layers432_ep54_noise0.150_muoff0.000/validation
  metadata: Data/reconstruction/ZINBAE_layers432_ep54_noise0.150_muoff0.000/validation/metadata.json

Reconstructing genomic coordinates...
Loaded metadata for 17104 windows
Reconstructed 19505732 unique genomic positions from 17104 windows
Average overlap per position: 1.75
Saved 562626 positions to Data/reconstruction/ZINBAE_layers432_ep54_noise0.150_muoff0.000/validation/strain_FD/ChrVIII.csv
Saved 784316 positions to Data/reconstruction/ZINBAE_layers432_ep54_noise0.150_muoff0.000/validation/strain_FD/ChrXIV.csv
Saved 1091274 positions to Data/reconstruction/ZINBAE_layers432_ep54_noise0.150_muoff0.000/validation/strain_FD/ChrXV.csv
Saved 562626 positions to Data/reconstruction/ZINBAE_layers432_ep54_noise0.150_muoff0.000/validation/strain_dnrp/ChrVIII.csv
Saved 784316 positions to Data/reconstruction/ZINBAE_layers432_ep54_noise0.150_muoff0.000/validation/strain_dnrp/ChrXIV.csv
Saved 1091274 positions to Data/reconstruction/ZINBAE_layers432_ep54_noise0.150_muoff0.000/validation/strain_dnrp/ChrXV.csv
Saved 562626 positions to Data/reconstruction/ZINBAE_layers432_ep54_noise0.150_muoff0.000/validation/strain_yEK19/ChrVIII.csv
Saved 784316 positions to Data/reconstruction/ZINBAE_layers432_ep54_noise0.150_muoff0.000/validation/strain_yEK19/ChrXIV.csv
Saved 1091275 positions to Data/reconstruction/ZINBAE_layers432_ep54_noise0.150_muoff0.000/validation/strain_yEK19/ChrXV.csv
Saved 562626 positions to Data/reconstruction/ZINBAE_layers432_ep54_noise0.150_muoff0.000/validation/strain_yEK23/ChrVIII.csv
Saved 784316 positions to Data/reconstruction/ZINBAE_layers432_ep54_noise0.150_muoff0.000/validation/strain_yEK23/ChrXIV.csv
Saved 1091275 positions to Data/reconstruction/ZINBAE_layers432_ep54_noise0.150_muoff0.000/validation/strain_yEK23/ChrXV.csv
Saved 562626 positions to Data/reconstruction/ZINBAE_layers432_ep54_noise0.150_muoff0.000/validation/strain_yTW001/ChrVIII.csv
Saved 784316 positions to Data/reconstruction/ZINBAE_layers432_ep54_noise0.150_muoff0.000/validation/strain_yTW001/ChrXIV.csv
Saved 1091275 positions to Data/reconstruction/ZINBAE_layers432_ep54_noise0.150_muoff0.000/validation/strain_yTW001/ChrXV.csv
Saved 562626 positions to Data/reconstruction/ZINBAE_layers432_ep54_noise0.150_muoff0.000/validation/strain_yWT03a/ChrVIII.csv
Saved 784316 positions to Data/reconstruction/ZINBAE_layers432_ep54_noise0.150_muoff0.000/validation/strain_yWT03a/ChrXIV.csv
Saved 1091274 positions to Data/reconstruction/ZINBAE_layers432_ep54_noise0.150_muoff0.000/validation/strain_yWT03a/ChrXV.csv
Saved 562626 positions to Data/reconstruction/ZINBAE_layers432_ep54_noise0.150_muoff0.000/validation/strain_yWT04a/ChrVIII.csv
Saved 784316 positions to Data/reconstruction/ZINBAE_layers432_ep54_noise0.150_muoff0.000/validation/strain_yWT04a/ChrXIV.csv
Saved 1091274 positions to Data/reconstruction/ZINBAE_layers432_ep54_noise0.150_muoff0.000/validation/strain_yWT04a/ChrXV.csv
Saved 562626 positions to Data/reconstruction/ZINBAE_layers432_ep54_noise0.150_muoff0.000/validation/strain_ylic137/ChrVIII.csv
Saved 784316 positions to Data/reconstruction/ZINBAE_layers432_ep54_noise0.150_muoff0.000/validation/strain_ylic137/ChrXIV.csv
Saved 1091275 positions to Data/reconstruction/ZINBAE_layers432_ep54_noise0.150_muoff0.000/validation/strain_ylic137/ChrXV.csv
Reconstructed genomic data saved to: Data/reconstruction/ZINBAE_layers432_ep54_noise0.150_muoff0.000/validation
  One CSV per dataset/chromosome with columns:
  position, reconstruction, mu, pi, theta

Saved reconstruction metadata to: Data/reconstruction/ZINBAE_layers432_ep54_noise0.150_muoff0.000/test
  metadata: Data/reconstruction/ZINBAE_layers432_ep54_noise0.150_muoff0.000/test/metadata.json

Reconstructing genomic coordinates...
Loaded metadata for 18928 windows
Reconstructed 21587037 unique genomic positions from 18928 windows
Average overlap per position: 1.75
Saved 230201 positions to Data/reconstruction/ZINBAE_layers432_ep54_noise0.150_muoff0.000/test/strain_FD/ChrI.csv
Saved 813168 positions to Data/reconstruction/ZINBAE_layers432_ep54_noise0.150_muoff0.000/test/strain_FD/ChrII.csv
Saved 576857 positions to Data/reconstruction/ZINBAE_layers432_ep54_noise0.150_muoff0.000/test/strain_FD/ChrV.csv
Saved 1078155 positions to Data/reconstruction/ZINBAE_layers432_ep54_noise0.150_muoff0.000/test/strain_FD/ChrXII.csv
Saved 230201 positions to Data/reconstruction/ZINBAE_layers432_ep54_noise0.150_muoff0.000/test/strain_dnrp/ChrI.csv
Saved 813167 positions to Data/reconstruction/ZINBAE_layers432_ep54_noise0.150_muoff0.000/test/strain_dnrp/ChrII.csv
Saved 576857 positions to Data/reconstruction/ZINBAE_layers432_ep54_noise0.150_muoff0.000/test/strain_dnrp/ChrV.csv
Saved 1078154 positions to Data/reconstruction/ZINBAE_layers432_ep54_noise0.150_muoff0.000/test/strain_dnrp/ChrXII.csv
Saved 230201 positions to Data/reconstruction/ZINBAE_layers432_ep54_noise0.150_muoff0.000/test/strain_yEK19/ChrI.csv
Saved 813168 positions to Data/reconstruction/ZINBAE_layers432_ep54_noise0.150_muoff0.000/test/strain_yEK19/ChrII.csv
Saved 576857 positions to Data/reconstruction/ZINBAE_layers432_ep54_noise0.150_muoff0.000/test/strain_yEK19/ChrV.csv
Saved 1078154 positions to Data/reconstruction/ZINBAE_layers432_ep54_noise0.150_muoff0.000/test/strain_yEK19/ChrXII.csv
Saved 230201 positions to Data/reconstruction/ZINBAE_layers432_ep54_noise0.150_muoff0.000/test/strain_yEK23/ChrI.csv
Saved 813168 positions to Data/reconstruction/ZINBAE_layers432_ep54_noise0.150_muoff0.000/test/strain_yEK23/ChrII.csv
Saved 576857 positions to Data/reconstruction/ZINBAE_layers432_ep54_noise0.150_muoff0.000/test/strain_yEK23/ChrV.csv
Saved 1078154 positions to Data/reconstruction/ZINBAE_layers432_ep54_noise0.150_muoff0.000/test/strain_yEK23/ChrXII.csv
Saved 230201 positions to Data/reconstruction/ZINBAE_layers432_ep54_noise0.150_muoff0.000/test/strain_yTW001/ChrI.csv
Saved 813168 positions to Data/reconstruction/ZINBAE_layers432_ep54_noise0.150_muoff0.000/test/strain_yTW001/ChrII.csv
Saved 576857 positions to Data/reconstruction/ZINBAE_layers432_ep54_noise0.150_muoff0.000/test/strain_yTW001/ChrV.csv
Saved 1078154 positions to Data/reconstruction/ZINBAE_layers432_ep54_noise0.150_muoff0.000/test/strain_yTW001/ChrXII.csv
Saved 230201 positions to Data/reconstruction/ZINBAE_layers432_ep54_noise0.150_muoff0.000/test/strain_yWT03a/ChrI.csv
Saved 813167 positions to Data/reconstruction/ZINBAE_layers432_ep54_noise0.150_muoff0.000/test/strain_yWT03a/ChrII.csv
Saved 576857 positions to Data/reconstruction/ZINBAE_layers432_ep54_noise0.150_muoff0.000/test/strain_yWT03a/ChrV.csv
Saved 1078154 positions to Data/reconstruction/ZINBAE_layers432_ep54_noise0.150_muoff0.000/test/strain_yWT03a/ChrXII.csv
Saved 230201 positions to Data/reconstruction/ZINBAE_layers432_ep54_noise0.150_muoff0.000/test/strain_yWT04a/ChrI.csv
Saved 813167 positions to Data/reconstruction/ZINBAE_layers432_ep54_noise0.150_muoff0.000/test/strain_yWT04a/ChrII.csv
Saved 576857 positions to Data/reconstruction/ZINBAE_layers432_ep54_noise0.150_muoff0.000/test/strain_yWT04a/ChrV.csv
Saved 1078154 positions to Data/reconstruction/ZINBAE_layers432_ep54_noise0.150_muoff0.000/test/strain_yWT04a/ChrXII.csv
Saved 230201 positions to Data/reconstruction/ZINBAE_layers432_ep54_noise0.150_muoff0.000/test/strain_ylic137/ChrI.csv
Saved 813167 positions to Data/reconstruction/ZINBAE_layers432_ep54_noise0.150_muoff0.000/test/strain_ylic137/ChrII.csv
Saved 576857 positions to Data/reconstruction/ZINBAE_layers432_ep54_noise0.150_muoff0.000/test/strain_ylic137/ChrV.csv
Saved 1078154 positions to Data/reconstruction/ZINBAE_layers432_ep54_noise0.150_muoff0.000/test/strain_ylic137/ChrXII.csv
Reconstructed genomic data saved to: Data/reconstruction/ZINBAE_layers432_ep54_noise0.150_muoff0.000/test
  One CSV per dataset/chromosome with columns:
  position, reconstruction, mu, pi, theta
