concurrent.futures.process._RemoteTraceback: 
"""
Traceback (most recent call last):
  File "/opt/conda/lib/python3.11/concurrent/futures/process.py", line 261, in _process_worker
    r = call_item.fn(*call_item.args, **call_item.kwargs)
        ^^^^^^^^^^^^^^^^^^^^^^^^^^^^^^^^^^^^^^^^^^^^^^^^^
  File "/workspace/Signal_processing/final/theta_performance.py", line 187, in process_theta_for_dataset
    change_points, scores = sliding_ZINB_CPD_v3(
                            ^^^^^^^^^^^^^^^^^^^^
  File "/workspace/Signal_processing/sliding_mean/sliding_ZINB_CPD_v3.py", line 57, in sliding_ZINB_CPD_v3
    distance_to_density = nucleosome_df.set_index('distance')['NonZero_Density']
                          ^^^^^^^^^^^^^^^^^^^^^^^^^^^^^^^^^^^
  File "/opt/conda/lib/python3.11/site-packages/pandas/core/frame.py", line 6977, in set_index
    raise KeyError(f"None of {missing} are in the columns")
KeyError: "None of ['distance'] are in the columns"
"""

The above exception was the direct cause of the following exception:

Traceback (most recent call last):
  File "/workspace/Signal_processing/final/theta_performance.py", line 650, in main
    results_df, auc_df = process_single_dataset(
                         ^^^^^^^^^^^^^^^^^^^^^^^
  File "/workspace/Signal_processing/final/theta_performance.py", line 291, in process_single_dataset
    theta_results = future.result()
                    ^^^^^^^^^^^^^^^
  File "/opt/conda/lib/python3.11/concurrent/futures/_base.py", line 456, in result
    return self.__get_result()
           ^^^^^^^^^^^^^^^^^^^
  File "/opt/conda/lib/python3.11/concurrent/futures/_base.py", line 401, in __get_result
    raise self._exception
KeyError: "None of ['distance'] are in the columns"
concurrent.futures.process._RemoteTraceback: 
"""
Traceback (most recent call last):
  File "/opt/conda/lib/python3.11/concurrent/futures/process.py", line 261, in _process_worker
    r = call_item.fn(*call_item.args, **call_item.kwargs)
        ^^^^^^^^^^^^^^^^^^^^^^^^^^^^^^^^^^^^^^^^^^^^^^^^^
  File "/workspace/Signal_processing/final/theta_performance.py", line 187, in process_theta_for_dataset
    change_points, scores = sliding_ZINB_CPD_v3(
                            ^^^^^^^^^^^^^^^^^^^^
  File "/workspace/Signal_processing/sliding_mean/sliding_ZINB_CPD_v3.py", line 57, in sliding_ZINB_CPD_v3
    distance_to_density = nucleosome_df.set_index('distance')['NonZero_Density']
                          ^^^^^^^^^^^^^^^^^^^^^^^^^^^^^^^^^^^
  File "/opt/conda/lib/python3.11/site-packages/pandas/core/frame.py", line 6977, in set_index
    raise KeyError(f"None of {missing} are in the columns")
KeyError: "None of ['distance'] are in the columns"
"""

The above exception was the direct cause of the following exception:

Traceback (most recent call last):
  File "/workspace/Signal_processing/final/theta_performance.py", line 650, in main
    results_df, auc_df = process_single_dataset(
                         ^^^^^^^^^^^^^^^^^^^^^^^
  File "/workspace/Signal_processing/final/theta_performance.py", line 291, in process_single_dataset
    theta_results = future.result()
                    ^^^^^^^^^^^^^^^
  File "/opt/conda/lib/python3.11/concurrent/futures/_base.py", line 456, in result
    return self.__get_result()
           ^^^^^^^^^^^^^^^^^^^
  File "/opt/conda/lib/python3.11/concurrent/futures/_base.py", line 401, in __get_result
    raise self._exception
KeyError: "None of ['distance'] are in the columns"
concurrent.futures.process._RemoteTraceback: 
"""
Traceback (most recent call last):
  File "/opt/conda/lib/python3.11/concurrent/futures/process.py", line 261, in _process_worker
    r = call_item.fn(*call_item.args, **call_item.kwargs)
        ^^^^^^^^^^^^^^^^^^^^^^^^^^^^^^^^^^^^^^^^^^^^^^^^^
  File "/workspace/Signal_processing/final/theta_performance.py", line 187, in process_theta_for_dataset
    change_points, scores = sliding_ZINB_CPD_v3(
                            ^^^^^^^^^^^^^^^^^^^^
  File "/workspace/Signal_processing/sliding_mean/sliding_ZINB_CPD_v3.py", line 57, in sliding_ZINB_CPD_v3
    distance_to_density = nucleosome_df.set_index('distance')['NonZero_Density']
                          ^^^^^^^^^^^^^^^^^^^^^^^^^^^^^^^^^^^
  File "/opt/conda/lib/python3.11/site-packages/pandas/core/frame.py", line 6977, in set_index
    raise KeyError(f"None of {missing} are in the columns")
KeyError: "None of ['distance'] are in the columns"
"""

The above exception was the direct cause of the following exception:

Traceback (most recent call last):
  File "/workspace/Signal_processing/final/theta_performance.py", line 650, in main
    results_df, auc_df = process_single_dataset(
                         ^^^^^^^^^^^^^^^^^^^^^^^
  File "/workspace/Signal_processing/final/theta_performance.py", line 291, in process_single_dataset
    theta_results = future.result()
                    ^^^^^^^^^^^^^^^
  File "/opt/conda/lib/python3.11/concurrent/futures/_base.py", line 456, in result
    return self.__get_result()
           ^^^^^^^^^^^^^^^^^^^
  File "/opt/conda/lib/python3.11/concurrent/futures/_base.py", line 401, in __get_result
    raise self._exception
KeyError: "None of ['distance'] are in the columns"
concurrent.futures.process._RemoteTraceback: 
"""
Traceback (most recent call last):
  File "/opt/conda/lib/python3.11/concurrent/futures/process.py", line 261, in _process_worker
    r = call_item.fn(*call_item.args, **call_item.kwargs)
        ^^^^^^^^^^^^^^^^^^^^^^^^^^^^^^^^^^^^^^^^^^^^^^^^^
  File "/workspace/Signal_processing/final/theta_performance.py", line 187, in process_theta_for_dataset
    change_points, scores = sliding_ZINB_CPD_v3(
                            ^^^^^^^^^^^^^^^^^^^^
  File "/workspace/Signal_processing/sliding_mean/sliding_ZINB_CPD_v3.py", line 57, in sliding_ZINB_CPD_v3
    distance_to_density = nucleosome_df.set_index('distance')['NonZero_Density']
                          ^^^^^^^^^^^^^^^^^^^^^^^^^^^^^^^^^^^
  File "/opt/conda/lib/python3.11/site-packages/pandas/core/frame.py", line 6977, in set_index
    raise KeyError(f"None of {missing} are in the columns")
KeyError: "None of ['distance'] are in the columns"
"""

The above exception was the direct cause of the following exception:

Traceback (most recent call last):
  File "/workspace/Signal_processing/final/theta_performance.py", line 650, in main
    results_df, auc_df = process_single_dataset(
                         ^^^^^^^^^^^^^^^^^^^^^^^
  File "/workspace/Signal_processing/final/theta_performance.py", line 291, in process_single_dataset
    theta_results = future.result()
                    ^^^^^^^^^^^^^^^
  File "/opt/conda/lib/python3.11/concurrent/futures/_base.py", line 456, in result
    return self.__get_result()
           ^^^^^^^^^^^^^^^^^^^
  File "/opt/conda/lib/python3.11/concurrent/futures/_base.py", line 401, in __get_result
    raise self._exception
KeyError: "None of ['distance'] are in the columns"
concurrent.futures.process._RemoteTraceback: 
"""
Traceback (most recent call last):
  File "/opt/conda/lib/python3.11/concurrent/futures/process.py", line 261, in _process_worker
    r = call_item.fn(*call_item.args, **call_item.kwargs)
        ^^^^^^^^^^^^^^^^^^^^^^^^^^^^^^^^^^^^^^^^^^^^^^^^^
  File "/workspace/Signal_processing/final/theta_performance.py", line 187, in process_theta_for_dataset
    change_points, scores = sliding_ZINB_CPD_v3(
                            ^^^^^^^^^^^^^^^^^^^^
  File "/workspace/Signal_processing/sliding_mean/sliding_ZINB_CPD_v3.py", line 57, in sliding_ZINB_CPD_v3
    distance_to_density = nucleosome_df.set_index('distance')['NonZero_Density']
                          ^^^^^^^^^^^^^^^^^^^^^^^^^^^^^^^^^^^
  File "/opt/conda/lib/python3.11/site-packages/pandas/core/frame.py", line 6977, in set_index
    raise KeyError(f"None of {missing} are in the columns")
KeyError: "None of ['distance'] are in the columns"
"""

The above exception was the direct cause of the following exception:

Traceback (most recent call last):
  File "/workspace/Signal_processing/final/theta_performance.py", line 650, in main
    results_df, auc_df = process_single_dataset(
                         ^^^^^^^^^^^^^^^^^^^^^^^
  File "/workspace/Signal_processing/final/theta_performance.py", line 291, in process_single_dataset
    theta_results = future.result()
                    ^^^^^^^^^^^^^^^
  File "/opt/conda/lib/python3.11/concurrent/futures/_base.py", line 456, in result
    return self.__get_result()
           ^^^^^^^^^^^^^^^^^^^
  File "/opt/conda/lib/python3.11/concurrent/futures/_base.py", line 401, in __get_result
    raise self._exception
KeyError: "None of ['distance'] are in the columns"
concurrent.futures.process._RemoteTraceback: 
"""
Traceback (most recent call last):
  File "/opt/conda/lib/python3.11/concurrent/futures/process.py", line 261, in _process_worker
    r = call_item.fn(*call_item.args, **call_item.kwargs)
        ^^^^^^^^^^^^^^^^^^^^^^^^^^^^^^^^^^^^^^^^^^^^^^^^^
  File "/workspace/Signal_processing/final/theta_performance.py", line 187, in process_theta_for_dataset
    change_points, scores = sliding_ZINB_CPD_v3(
                            ^^^^^^^^^^^^^^^^^^^^
  File "/workspace/Signal_processing/sliding_mean/sliding_ZINB_CPD_v3.py", line 57, in sliding_ZINB_CPD_v3
    distance_to_density = nucleosome_df.set_index('distance')['NonZero_Density']
                          ^^^^^^^^^^^^^^^^^^^^^^^^^^^^^^^^^^^
  File "/opt/conda/lib/python3.11/site-packages/pandas/core/frame.py", line 6977, in set_index
    raise KeyError(f"None of {missing} are in the columns")
KeyError: "None of ['distance'] are in the columns"
"""

The above exception was the direct cause of the following exception:

Traceback (most recent call last):
  File "/workspace/Signal_processing/final/theta_performance.py", line 650, in main
    results_df, auc_df = process_single_dataset(
                         ^^^^^^^^^^^^^^^^^^^^^^^
  File "/workspace/Signal_processing/final/theta_performance.py", line 291, in process_single_dataset
    theta_results = future.result()
                    ^^^^^^^^^^^^^^^
  File "/opt/conda/lib/python3.11/concurrent/futures/_base.py", line 456, in result
    return self.__get_result()
           ^^^^^^^^^^^^^^^^^^^
  File "/opt/conda/lib/python3.11/concurrent/futures/_base.py", line 401, in __get_result
    raise self._exception
KeyError: "None of ['distance'] are in the columns"
concurrent.futures.process._RemoteTraceback: 
"""
Traceback (most recent call last):
  File "/opt/conda/lib/python3.11/concurrent/futures/process.py", line 261, in _process_worker
    r = call_item.fn(*call_item.args, **call_item.kwargs)
        ^^^^^^^^^^^^^^^^^^^^^^^^^^^^^^^^^^^^^^^^^^^^^^^^^
  File "/workspace/Signal_processing/final/theta_performance.py", line 187, in process_theta_for_dataset
    change_points, scores = sliding_ZINB_CPD_v3(
                            ^^^^^^^^^^^^^^^^^^^^
  File "/workspace/Signal_processing/sliding_mean/sliding_ZINB_CPD_v3.py", line 57, in sliding_ZINB_CPD_v3
    distance_to_density = nucleosome_df.set_index('distance')['NonZero_Density']
                          ^^^^^^^^^^^^^^^^^^^^^^^^^^^^^^^^^^^
  File "/opt/conda/lib/python3.11/site-packages/pandas/core/frame.py", line 6977, in set_index
    raise KeyError(f"None of {missing} are in the columns")
KeyError: "None of ['distance'] are in the columns"
"""

The above exception was the direct cause of the following exception:

Traceback (most recent call last):
  File "/workspace/Signal_processing/final/theta_performance.py", line 650, in main
    results_df, auc_df = process_single_dataset(
                         ^^^^^^^^^^^^^^^^^^^^^^^
  File "/workspace/Signal_processing/final/theta_performance.py", line 291, in process_single_dataset
    theta_results = future.result()
                    ^^^^^^^^^^^^^^^
  File "/opt/conda/lib/python3.11/concurrent/futures/_base.py", line 456, in result
    return self.__get_result()
           ^^^^^^^^^^^^^^^^^^^
  File "/opt/conda/lib/python3.11/concurrent/futures/_base.py", line 401, in __get_result
    raise self._exception
KeyError: "None of ['distance'] are in the columns"
concurrent.futures.process._RemoteTraceback: 
"""
Traceback (most recent call last):
  File "/opt/conda/lib/python3.11/concurrent/futures/process.py", line 261, in _process_worker
    r = call_item.fn(*call_item.args, **call_item.kwargs)
        ^^^^^^^^^^^^^^^^^^^^^^^^^^^^^^^^^^^^^^^^^^^^^^^^^
  File "/workspace/Signal_processing/final/theta_performance.py", line 187, in process_theta_for_dataset
    change_points, scores = sliding_ZINB_CPD_v3(
                            ^^^^^^^^^^^^^^^^^^^^
  File "/workspace/Signal_processing/sliding_mean/sliding_ZINB_CPD_v3.py", line 57, in sliding_ZINB_CPD_v3
    distance_to_density = nucleosome_df.set_index('distance')['NonZero_Density']
                          ^^^^^^^^^^^^^^^^^^^^^^^^^^^^^^^^^^^
  File "/opt/conda/lib/python3.11/site-packages/pandas/core/frame.py", line 6977, in set_index
    raise KeyError(f"None of {missing} are in the columns")
KeyError: "None of ['distance'] are in the columns"
"""

The above exception was the direct cause of the following exception:

Traceback (most recent call last):
  File "/workspace/Signal_processing/final/theta_performance.py", line 650, in main
    results_df, auc_df = process_single_dataset(
                         ^^^^^^^^^^^^^^^^^^^^^^^
  File "/workspace/Signal_processing/final/theta_performance.py", line 291, in process_single_dataset
    theta_results = future.result()
                    ^^^^^^^^^^^^^^^
  File "/opt/conda/lib/python3.11/concurrent/futures/_base.py", line 456, in result
    return self.__get_result()
           ^^^^^^^^^^^^^^^^^^^
  File "/opt/conda/lib/python3.11/concurrent/futures/_base.py", line 401, in __get_result
    raise self._exception
KeyError: "None of ['distance'] are in the columns"
concurrent.futures.process._RemoteTraceback: 
"""
Traceback (most recent call last):
  File "/opt/conda/lib/python3.11/concurrent/futures/process.py", line 261, in _process_worker
    r = call_item.fn(*call_item.args, **call_item.kwargs)
        ^^^^^^^^^^^^^^^^^^^^^^^^^^^^^^^^^^^^^^^^^^^^^^^^^
  File "/workspace/Signal_processing/final/theta_performance.py", line 187, in process_theta_for_dataset
    change_points, scores = sliding_ZINB_CPD_v3(
                            ^^^^^^^^^^^^^^^^^^^^
  File "/workspace/Signal_processing/sliding_mean/sliding_ZINB_CPD_v3.py", line 57, in sliding_ZINB_CPD_v3
    distance_to_density = nucleosome_df.set_index('distance')['NonZero_Density']
                          ^^^^^^^^^^^^^^^^^^^^^^^^^^^^^^^^^^^
  File "/opt/conda/lib/python3.11/site-packages/pandas/core/frame.py", line 6977, in set_index
    raise KeyError(f"None of {missing} are in the columns")
KeyError: "None of ['distance'] are in the columns"
"""

The above exception was the direct cause of the following exception:

Traceback (most recent call last):
  File "/workspace/Signal_processing/final/theta_performance.py", line 650, in main
    results_df, auc_df = process_single_dataset(
                         ^^^^^^^^^^^^^^^^^^^^^^^
  File "/workspace/Signal_processing/final/theta_performance.py", line 291, in process_single_dataset
    theta_results = future.result()
                    ^^^^^^^^^^^^^^^
  File "/opt/conda/lib/python3.11/concurrent/futures/_base.py", line 456, in result
    return self.__get_result()
           ^^^^^^^^^^^^^^^^^^^
  File "/opt/conda/lib/python3.11/concurrent/futures/_base.py", line 401, in __get_result
    raise self._exception
KeyError: "None of ['distance'] are in the columns"
concurrent.futures.process._RemoteTraceback: 
"""
Traceback (most recent call last):
  File "/opt/conda/lib/python3.11/concurrent/futures/process.py", line 261, in _process_worker
    r = call_item.fn(*call_item.args, **call_item.kwargs)
        ^^^^^^^^^^^^^^^^^^^^^^^^^^^^^^^^^^^^^^^^^^^^^^^^^
  File "/workspace/Signal_processing/final/theta_performance.py", line 187, in process_theta_for_dataset
    change_points, scores = sliding_ZINB_CPD_v3(
                            ^^^^^^^^^^^^^^^^^^^^
  File "/workspace/Signal_processing/sliding_mean/sliding_ZINB_CPD_v3.py", line 57, in sliding_ZINB_CPD_v3
    distance_to_density = nucleosome_df.set_index('distance')['NonZero_Density']
                          ^^^^^^^^^^^^^^^^^^^^^^^^^^^^^^^^^^^
  File "/opt/conda/lib/python3.11/site-packages/pandas/core/frame.py", line 6977, in set_index
    raise KeyError(f"None of {missing} are in the columns")
KeyError: "None of ['distance'] are in the columns"
"""

The above exception was the direct cause of the following exception:

Traceback (most recent call last):
  File "/workspace/Signal_processing/final/theta_performance.py", line 650, in main
    results_df, auc_df = process_single_dataset(
                         ^^^^^^^^^^^^^^^^^^^^^^^
  File "/workspace/Signal_processing/final/theta_performance.py", line 291, in process_single_dataset
    theta_results = future.result()
                    ^^^^^^^^^^^^^^^
  File "/opt/conda/lib/python3.11/concurrent/futures/_base.py", line 456, in result
    return self.__get_result()
           ^^^^^^^^^^^^^^^^^^^
  File "/opt/conda/lib/python3.11/concurrent/futures/_base.py", line 401, in __get_result
    raise self._exception
KeyError: "None of ['distance'] are in the columns"
