concurrent.futures.process._RemoteTraceback: 
"""
Traceback (most recent call last):
  File "/opt/conda/lib/python3.11/site-packages/pandas/core/indexes/base.py", line 3641, in get_loc
    return self._engine.get_loc(casted_key)
           ^^^^^^^^^^^^^^^^^^^^^^^^^^^^^^^^
  File "pandas/_libs/index.pyx", line 168, in pandas._libs.index.IndexEngine.get_loc
  File "pandas/_libs/index.pyx", line 197, in pandas._libs.index.IndexEngine.get_loc
  File "pandas/_libs/hashtable_class_helper.pxi", line 7668, in pandas._libs.hashtable.PyObjectHashTable.get_item
  File "pandas/_libs/hashtable_class_helper.pxi", line 7676, in pandas._libs.hashtable.PyObjectHashTable.get_item
KeyError: 'mean_Density'

The above exception was the direct cause of the following exception:

Traceback (most recent call last):
  File "/opt/conda/lib/python3.11/concurrent/futures/process.py", line 261, in _process_worker
    r = call_item.fn(*call_item.args, **call_item.kwargs)
        ^^^^^^^^^^^^^^^^^^^^^^^^^^^^^^^^^^^^^^^^^^^^^^^^^
  File "/workspace/Signal_processing/final/theta_performance.py", line 187, in process_theta_for_dataset
    change_points, scores = sliding_ZINB_CPD_v3(
                            ^^^^^^^^^^^^^^^^^^^^
  File "/workspace/Signal_processing/sliding_mean/sliding_ZINB_CPD_v3.py", line 81, in sliding_ZINB_CPD_v3
    pi0 = interpolate_density(centr_dist_middle, centromere_distance_to_density.reset_index(), 'Centromere_Distance_Bin', 'NonZero_Density')
          ^^^^^^^^^^^^^^^^^^^^^^^^^^^^^^^^^^^^^^^^^^^^^^^^^^^^^^^^^^^^^^^^^^^^^^^^^^^^^^^^^^^^^^^^^^^^^^^^^^^^^^^^^^^^^^^^^^^^^^^^^^^^^^^
  File "/workspace/Signal_processing/sliding_mean/sliding_ZINB_CPD_v3.py", line 41, in interpolate_density
    densities = lookup_df[density_col].values
                ~~~~~~~~~^^^^^^^^^^^^^
  File "/opt/conda/lib/python3.11/site-packages/pandas/core/frame.py", line 4378, in __getitem__
    indexer = self.columns.get_loc(key)
              ^^^^^^^^^^^^^^^^^^^^^^^^^
  File "/opt/conda/lib/python3.11/site-packages/pandas/core/indexes/base.py", line 3648, in get_loc
    raise KeyError(key) from err
KeyError: 'mean_Density'
"""

The above exception was the direct cause of the following exception:

Traceback (most recent call last):
  File "/workspace/Signal_processing/final/theta_performance.py", line 650, in main
    results_df, auc_df = process_single_dataset(
                         ^^^^^^^^^^^^^^^^^^^^^^^
  File "/workspace/Signal_processing/final/theta_performance.py", line 291, in process_single_dataset
    theta_results = future.result()
                    ^^^^^^^^^^^^^^^
  File "/opt/conda/lib/python3.11/concurrent/futures/_base.py", line 456, in result
    return self.__get_result()
           ^^^^^^^^^^^^^^^^^^^
  File "/opt/conda/lib/python3.11/concurrent/futures/_base.py", line 401, in __get_result
    raise self._exception
KeyError: 'mean_Density'
concurrent.futures.process._RemoteTraceback: 
"""
Traceback (most recent call last):
  File "/opt/conda/lib/python3.11/site-packages/pandas/core/indexes/base.py", line 3641, in get_loc
    return self._engine.get_loc(casted_key)
           ^^^^^^^^^^^^^^^^^^^^^^^^^^^^^^^^
  File "pandas/_libs/index.pyx", line 168, in pandas._libs.index.IndexEngine.get_loc
  File "pandas/_libs/index.pyx", line 197, in pandas._libs.index.IndexEngine.get_loc
  File "pandas/_libs/hashtable_class_helper.pxi", line 7668, in pandas._libs.hashtable.PyObjectHashTable.get_item
  File "pandas/_libs/hashtable_class_helper.pxi", line 7676, in pandas._libs.hashtable.PyObjectHashTable.get_item
KeyError: 'mean_Density'

The above exception was the direct cause of the following exception:

Traceback (most recent call last):
  File "/opt/conda/lib/python3.11/concurrent/futures/process.py", line 261, in _process_worker
    r = call_item.fn(*call_item.args, **call_item.kwargs)
        ^^^^^^^^^^^^^^^^^^^^^^^^^^^^^^^^^^^^^^^^^^^^^^^^^
  File "/workspace/Signal_processing/final/theta_performance.py", line 187, in process_theta_for_dataset
    change_points, scores = sliding_ZINB_CPD_v3(
                            ^^^^^^^^^^^^^^^^^^^^
  File "/workspace/Signal_processing/sliding_mean/sliding_ZINB_CPD_v3.py", line 81, in sliding_ZINB_CPD_v3
    pi0 = interpolate_density(centr_dist_middle, centromere_distance_to_density.reset_index(), 'Centromere_Distance_Bin', 'NonZero_Density')
          ^^^^^^^^^^^^^^^^^^^^^^^^^^^^^^^^^^^^^^^^^^^^^^^^^^^^^^^^^^^^^^^^^^^^^^^^^^^^^^^^^^^^^^^^^^^^^^^^^^^^^^^^^^^^^^^^^^^^^^^^^^^^^^^
  File "/workspace/Signal_processing/sliding_mean/sliding_ZINB_CPD_v3.py", line 41, in interpolate_density
    densities = lookup_df[density_col].values
                ~~~~~~~~~^^^^^^^^^^^^^
  File "/opt/conda/lib/python3.11/site-packages/pandas/core/frame.py", line 4378, in __getitem__
    indexer = self.columns.get_loc(key)
              ^^^^^^^^^^^^^^^^^^^^^^^^^
  File "/opt/conda/lib/python3.11/site-packages/pandas/core/indexes/base.py", line 3648, in get_loc
    raise KeyError(key) from err
KeyError: 'mean_Density'
"""

The above exception was the direct cause of the following exception:

Traceback (most recent call last):
  File "/workspace/Signal_processing/final/theta_performance.py", line 650, in main
    results_df, auc_df = process_single_dataset(
                         ^^^^^^^^^^^^^^^^^^^^^^^
  File "/workspace/Signal_processing/final/theta_performance.py", line 291, in process_single_dataset
    theta_results = future.result()
                    ^^^^^^^^^^^^^^^
  File "/opt/conda/lib/python3.11/concurrent/futures/_base.py", line 456, in result
    return self.__get_result()
           ^^^^^^^^^^^^^^^^^^^
  File "/opt/conda/lib/python3.11/concurrent/futures/_base.py", line 401, in __get_result
    raise self._exception
KeyError: 'mean_Density'
concurrent.futures.process._RemoteTraceback: 
"""
Traceback (most recent call last):
  File "/opt/conda/lib/python3.11/site-packages/pandas/core/indexes/base.py", line 3641, in get_loc
    return self._engine.get_loc(casted_key)
           ^^^^^^^^^^^^^^^^^^^^^^^^^^^^^^^^
  File "pandas/_libs/index.pyx", line 168, in pandas._libs.index.IndexEngine.get_loc
  File "pandas/_libs/index.pyx", line 197, in pandas._libs.index.IndexEngine.get_loc
  File "pandas/_libs/hashtable_class_helper.pxi", line 7668, in pandas._libs.hashtable.PyObjectHashTable.get_item
  File "pandas/_libs/hashtable_class_helper.pxi", line 7676, in pandas._libs.hashtable.PyObjectHashTable.get_item
KeyError: 'mean_Density'

The above exception was the direct cause of the following exception:

Traceback (most recent call last):
  File "/opt/conda/lib/python3.11/concurrent/futures/process.py", line 261, in _process_worker
    r = call_item.fn(*call_item.args, **call_item.kwargs)
        ^^^^^^^^^^^^^^^^^^^^^^^^^^^^^^^^^^^^^^^^^^^^^^^^^
  File "/workspace/Signal_processing/final/theta_performance.py", line 187, in process_theta_for_dataset
    change_points, scores = sliding_ZINB_CPD_v3(
                            ^^^^^^^^^^^^^^^^^^^^
  File "/workspace/Signal_processing/sliding_mean/sliding_ZINB_CPD_v3.py", line 81, in sliding_ZINB_CPD_v3
    pi0 = interpolate_density(centr_dist_middle, centromere_distance_to_density.reset_index(), 'Centromere_Distance_Bin', 'NonZero_Density')
          ^^^^^^^^^^^^^^^^^^^^^^^^^^^^^^^^^^^^^^^^^^^^^^^^^^^^^^^^^^^^^^^^^^^^^^^^^^^^^^^^^^^^^^^^^^^^^^^^^^^^^^^^^^^^^^^^^^^^^^^^^^^^^^^
  File "/workspace/Signal_processing/sliding_mean/sliding_ZINB_CPD_v3.py", line 41, in interpolate_density
    densities = lookup_df[density_col].values
                ~~~~~~~~~^^^^^^^^^^^^^
  File "/opt/conda/lib/python3.11/site-packages/pandas/core/frame.py", line 4378, in __getitem__
    indexer = self.columns.get_loc(key)
              ^^^^^^^^^^^^^^^^^^^^^^^^^
  File "/opt/conda/lib/python3.11/site-packages/pandas/core/indexes/base.py", line 3648, in get_loc
    raise KeyError(key) from err
KeyError: 'mean_Density'
"""

The above exception was the direct cause of the following exception:

Traceback (most recent call last):
  File "/workspace/Signal_processing/final/theta_performance.py", line 650, in main
    results_df, auc_df = process_single_dataset(
                         ^^^^^^^^^^^^^^^^^^^^^^^
  File "/workspace/Signal_processing/final/theta_performance.py", line 291, in process_single_dataset
    theta_results = future.result()
                    ^^^^^^^^^^^^^^^
  File "/opt/conda/lib/python3.11/concurrent/futures/_base.py", line 456, in result
    return self.__get_result()
           ^^^^^^^^^^^^^^^^^^^
  File "/opt/conda/lib/python3.11/concurrent/futures/_base.py", line 401, in __get_result
    raise self._exception
KeyError: 'mean_Density'
concurrent.futures.process._RemoteTraceback: 
"""
Traceback (most recent call last):
  File "/opt/conda/lib/python3.11/site-packages/pandas/core/indexes/base.py", line 3641, in get_loc
    return self._engine.get_loc(casted_key)
           ^^^^^^^^^^^^^^^^^^^^^^^^^^^^^^^^
  File "pandas/_libs/index.pyx", line 168, in pandas._libs.index.IndexEngine.get_loc
  File "pandas/_libs/index.pyx", line 197, in pandas._libs.index.IndexEngine.get_loc
  File "pandas/_libs/hashtable_class_helper.pxi", line 7668, in pandas._libs.hashtable.PyObjectHashTable.get_item
  File "pandas/_libs/hashtable_class_helper.pxi", line 7676, in pandas._libs.hashtable.PyObjectHashTable.get_item
KeyError: 'mean_Density'

The above exception was the direct cause of the following exception:

Traceback (most recent call last):
  File "/opt/conda/lib/python3.11/concurrent/futures/process.py", line 261, in _process_worker
    r = call_item.fn(*call_item.args, **call_item.kwargs)
        ^^^^^^^^^^^^^^^^^^^^^^^^^^^^^^^^^^^^^^^^^^^^^^^^^
  File "/workspace/Signal_processing/final/theta_performance.py", line 187, in process_theta_for_dataset
    change_points, scores = sliding_ZINB_CPD_v3(
                            ^^^^^^^^^^^^^^^^^^^^
  File "/workspace/Signal_processing/sliding_mean/sliding_ZINB_CPD_v3.py", line 81, in sliding_ZINB_CPD_v3
    pi0 = interpolate_density(centr_dist_middle, centromere_distance_to_density.reset_index(), 'Centromere_Distance_Bin', 'NonZero_Density')
          ^^^^^^^^^^^^^^^^^^^^^^^^^^^^^^^^^^^^^^^^^^^^^^^^^^^^^^^^^^^^^^^^^^^^^^^^^^^^^^^^^^^^^^^^^^^^^^^^^^^^^^^^^^^^^^^^^^^^^^^^^^^^^^^
  File "/workspace/Signal_processing/sliding_mean/sliding_ZINB_CPD_v3.py", line 41, in interpolate_density
    densities = lookup_df[density_col].values
                ~~~~~~~~~^^^^^^^^^^^^^
  File "/opt/conda/lib/python3.11/site-packages/pandas/core/frame.py", line 4378, in __getitem__
    indexer = self.columns.get_loc(key)
              ^^^^^^^^^^^^^^^^^^^^^^^^^
  File "/opt/conda/lib/python3.11/site-packages/pandas/core/indexes/base.py", line 3648, in get_loc
    raise KeyError(key) from err
KeyError: 'mean_Density'
"""

The above exception was the direct cause of the following exception:

Traceback (most recent call last):
  File "/workspace/Signal_processing/final/theta_performance.py", line 650, in main
    results_df, auc_df = process_single_dataset(
                         ^^^^^^^^^^^^^^^^^^^^^^^
  File "/workspace/Signal_processing/final/theta_performance.py", line 291, in process_single_dataset
    theta_results = future.result()
                    ^^^^^^^^^^^^^^^
  File "/opt/conda/lib/python3.11/concurrent/futures/_base.py", line 456, in result
    return self.__get_result()
           ^^^^^^^^^^^^^^^^^^^
  File "/opt/conda/lib/python3.11/concurrent/futures/_base.py", line 401, in __get_result
    raise self._exception
KeyError: 'mean_Density'
concurrent.futures.process._RemoteTraceback: 
"""
Traceback (most recent call last):
  File "/opt/conda/lib/python3.11/site-packages/pandas/core/indexes/base.py", line 3641, in get_loc
    return self._engine.get_loc(casted_key)
           ^^^^^^^^^^^^^^^^^^^^^^^^^^^^^^^^
  File "pandas/_libs/index.pyx", line 168, in pandas._libs.index.IndexEngine.get_loc
  File "pandas/_libs/index.pyx", line 197, in pandas._libs.index.IndexEngine.get_loc
  File "pandas/_libs/hashtable_class_helper.pxi", line 7668, in pandas._libs.hashtable.PyObjectHashTable.get_item
  File "pandas/_libs/hashtable_class_helper.pxi", line 7676, in pandas._libs.hashtable.PyObjectHashTable.get_item
KeyError: 'mean_Density'

The above exception was the direct cause of the following exception:

Traceback (most recent call last):
  File "/opt/conda/lib/python3.11/concurrent/futures/process.py", line 261, in _process_worker
    r = call_item.fn(*call_item.args, **call_item.kwargs)
        ^^^^^^^^^^^^^^^^^^^^^^^^^^^^^^^^^^^^^^^^^^^^^^^^^
  File "/workspace/Signal_processing/final/theta_performance.py", line 187, in process_theta_for_dataset
    change_points, scores = sliding_ZINB_CPD_v3(
                            ^^^^^^^^^^^^^^^^^^^^
  File "/workspace/Signal_processing/sliding_mean/sliding_ZINB_CPD_v3.py", line 81, in sliding_ZINB_CPD_v3
    pi0 = interpolate_density(centr_dist_middle, centromere_distance_to_density.reset_index(), 'Centromere_Distance_Bin', 'NonZero_Density')
          ^^^^^^^^^^^^^^^^^^^^^^^^^^^^^^^^^^^^^^^^^^^^^^^^^^^^^^^^^^^^^^^^^^^^^^^^^^^^^^^^^^^^^^^^^^^^^^^^^^^^^^^^^^^^^^^^^^^^^^^^^^^^^^^
  File "/workspace/Signal_processing/sliding_mean/sliding_ZINB_CPD_v3.py", line 41, in interpolate_density
    densities = lookup_df[density_col].values
                ~~~~~~~~~^^^^^^^^^^^^^
  File "/opt/conda/lib/python3.11/site-packages/pandas/core/frame.py", line 4378, in __getitem__
    indexer = self.columns.get_loc(key)
              ^^^^^^^^^^^^^^^^^^^^^^^^^
  File "/opt/conda/lib/python3.11/site-packages/pandas/core/indexes/base.py", line 3648, in get_loc
    raise KeyError(key) from err
KeyError: 'mean_Density'
"""

The above exception was the direct cause of the following exception:

Traceback (most recent call last):
  File "/workspace/Signal_processing/final/theta_performance.py", line 650, in main
    results_df, auc_df = process_single_dataset(
                         ^^^^^^^^^^^^^^^^^^^^^^^
  File "/workspace/Signal_processing/final/theta_performance.py", line 291, in process_single_dataset
    theta_results = future.result()
                    ^^^^^^^^^^^^^^^
  File "/opt/conda/lib/python3.11/concurrent/futures/_base.py", line 456, in result
    return self.__get_result()
           ^^^^^^^^^^^^^^^^^^^
  File "/opt/conda/lib/python3.11/concurrent/futures/_base.py", line 401, in __get_result
    raise self._exception
KeyError: 'mean_Density'
concurrent.futures.process._RemoteTraceback: 
"""
Traceback (most recent call last):
  File "/opt/conda/lib/python3.11/site-packages/pandas/core/indexes/base.py", line 3641, in get_loc
    return self._engine.get_loc(casted_key)
           ^^^^^^^^^^^^^^^^^^^^^^^^^^^^^^^^
  File "pandas/_libs/index.pyx", line 168, in pandas._libs.index.IndexEngine.get_loc
  File "pandas/_libs/index.pyx", line 197, in pandas._libs.index.IndexEngine.get_loc
  File "pandas/_libs/hashtable_class_helper.pxi", line 7668, in pandas._libs.hashtable.PyObjectHashTable.get_item
  File "pandas/_libs/hashtable_class_helper.pxi", line 7676, in pandas._libs.hashtable.PyObjectHashTable.get_item
KeyError: 'mean_Density'

The above exception was the direct cause of the following exception:

Traceback (most recent call last):
  File "/opt/conda/lib/python3.11/concurrent/futures/process.py", line 261, in _process_worker
    r = call_item.fn(*call_item.args, **call_item.kwargs)
        ^^^^^^^^^^^^^^^^^^^^^^^^^^^^^^^^^^^^^^^^^^^^^^^^^
  File "/workspace/Signal_processing/final/theta_performance.py", line 187, in process_theta_for_dataset
    change_points, scores = sliding_ZINB_CPD_v3(
                            ^^^^^^^^^^^^^^^^^^^^
  File "/workspace/Signal_processing/sliding_mean/sliding_ZINB_CPD_v3.py", line 81, in sliding_ZINB_CPD_v3
    pi0 = interpolate_density(centr_dist_middle, centromere_distance_to_density.reset_index(), 'Centromere_Distance_Bin', 'NonZero_Density')
          ^^^^^^^^^^^^^^^^^^^^^^^^^^^^^^^^^^^^^^^^^^^^^^^^^^^^^^^^^^^^^^^^^^^^^^^^^^^^^^^^^^^^^^^^^^^^^^^^^^^^^^^^^^^^^^^^^^^^^^^^^^^^^^^
  File "/workspace/Signal_processing/sliding_mean/sliding_ZINB_CPD_v3.py", line 41, in interpolate_density
    densities = lookup_df[density_col].values
                ~~~~~~~~~^^^^^^^^^^^^^
  File "/opt/conda/lib/python3.11/site-packages/pandas/core/frame.py", line 4378, in __getitem__
    indexer = self.columns.get_loc(key)
              ^^^^^^^^^^^^^^^^^^^^^^^^^
  File "/opt/conda/lib/python3.11/site-packages/pandas/core/indexes/base.py", line 3648, in get_loc
    raise KeyError(key) from err
KeyError: 'mean_Density'
"""

The above exception was the direct cause of the following exception:

Traceback (most recent call last):
  File "/workspace/Signal_processing/final/theta_performance.py", line 650, in main
    results_df, auc_df = process_single_dataset(
                         ^^^^^^^^^^^^^^^^^^^^^^^
  File "/workspace/Signal_processing/final/theta_performance.py", line 291, in process_single_dataset
    theta_results = future.result()
                    ^^^^^^^^^^^^^^^
  File "/opt/conda/lib/python3.11/concurrent/futures/_base.py", line 456, in result
    return self.__get_result()
           ^^^^^^^^^^^^^^^^^^^
  File "/opt/conda/lib/python3.11/concurrent/futures/_base.py", line 401, in __get_result
    raise self._exception
KeyError: 'mean_Density'
concurrent.futures.process._RemoteTraceback: 
"""
Traceback (most recent call last):
  File "/opt/conda/lib/python3.11/site-packages/pandas/core/indexes/base.py", line 3641, in get_loc
    return self._engine.get_loc(casted_key)
           ^^^^^^^^^^^^^^^^^^^^^^^^^^^^^^^^
  File "pandas/_libs/index.pyx", line 168, in pandas._libs.index.IndexEngine.get_loc
  File "pandas/_libs/index.pyx", line 197, in pandas._libs.index.IndexEngine.get_loc
  File "pandas/_libs/hashtable_class_helper.pxi", line 7668, in pandas._libs.hashtable.PyObjectHashTable.get_item
  File "pandas/_libs/hashtable_class_helper.pxi", line 7676, in pandas._libs.hashtable.PyObjectHashTable.get_item
KeyError: 'mean_Density'

The above exception was the direct cause of the following exception:

Traceback (most recent call last):
  File "/opt/conda/lib/python3.11/concurrent/futures/process.py", line 261, in _process_worker
    r = call_item.fn(*call_item.args, **call_item.kwargs)
        ^^^^^^^^^^^^^^^^^^^^^^^^^^^^^^^^^^^^^^^^^^^^^^^^^
  File "/workspace/Signal_processing/final/theta_performance.py", line 187, in process_theta_for_dataset
    change_points, scores = sliding_ZINB_CPD_v3(
                            ^^^^^^^^^^^^^^^^^^^^
  File "/workspace/Signal_processing/sliding_mean/sliding_ZINB_CPD_v3.py", line 81, in sliding_ZINB_CPD_v3
    pi0 = interpolate_density(centr_dist_middle, centromere_distance_to_density.reset_index(), 'Centromere_Distance_Bin', 'NonZero_Density')
          ^^^^^^^^^^^^^^^^^^^^^^^^^^^^^^^^^^^^^^^^^^^^^^^^^^^^^^^^^^^^^^^^^^^^^^^^^^^^^^^^^^^^^^^^^^^^^^^^^^^^^^^^^^^^^^^^^^^^^^^^^^^^^^^
  File "/workspace/Signal_processing/sliding_mean/sliding_ZINB_CPD_v3.py", line 41, in interpolate_density
    densities = lookup_df[density_col].values
                ~~~~~~~~~^^^^^^^^^^^^^
  File "/opt/conda/lib/python3.11/site-packages/pandas/core/frame.py", line 4378, in __getitem__
    indexer = self.columns.get_loc(key)
              ^^^^^^^^^^^^^^^^^^^^^^^^^
  File "/opt/conda/lib/python3.11/site-packages/pandas/core/indexes/base.py", line 3648, in get_loc
    raise KeyError(key) from err
KeyError: 'mean_Density'
"""

The above exception was the direct cause of the following exception:

Traceback (most recent call last):
  File "/workspace/Signal_processing/final/theta_performance.py", line 650, in main
    results_df, auc_df = process_single_dataset(
                         ^^^^^^^^^^^^^^^^^^^^^^^
  File "/workspace/Signal_processing/final/theta_performance.py", line 291, in process_single_dataset
    theta_results = future.result()
                    ^^^^^^^^^^^^^^^
  File "/opt/conda/lib/python3.11/concurrent/futures/_base.py", line 456, in result
    return self.__get_result()
           ^^^^^^^^^^^^^^^^^^^
  File "/opt/conda/lib/python3.11/concurrent/futures/_base.py", line 401, in __get_result
    raise self._exception
KeyError: 'mean_Density'
concurrent.futures.process._RemoteTraceback: 
"""
Traceback (most recent call last):
  File "/opt/conda/lib/python3.11/site-packages/pandas/core/indexes/base.py", line 3641, in get_loc
    return self._engine.get_loc(casted_key)
           ^^^^^^^^^^^^^^^^^^^^^^^^^^^^^^^^
  File "pandas/_libs/index.pyx", line 168, in pandas._libs.index.IndexEngine.get_loc
  File "pandas/_libs/index.pyx", line 197, in pandas._libs.index.IndexEngine.get_loc
  File "pandas/_libs/hashtable_class_helper.pxi", line 7668, in pandas._libs.hashtable.PyObjectHashTable.get_item
  File "pandas/_libs/hashtable_class_helper.pxi", line 7676, in pandas._libs.hashtable.PyObjectHashTable.get_item
KeyError: 'mean_Density'

The above exception was the direct cause of the following exception:

Traceback (most recent call last):
  File "/opt/conda/lib/python3.11/concurrent/futures/process.py", line 261, in _process_worker
    r = call_item.fn(*call_item.args, **call_item.kwargs)
        ^^^^^^^^^^^^^^^^^^^^^^^^^^^^^^^^^^^^^^^^^^^^^^^^^
  File "/workspace/Signal_processing/final/theta_performance.py", line 187, in process_theta_for_dataset
    change_points, scores = sliding_ZINB_CPD_v3(
                            ^^^^^^^^^^^^^^^^^^^^
  File "/workspace/Signal_processing/sliding_mean/sliding_ZINB_CPD_v3.py", line 81, in sliding_ZINB_CPD_v3
    pi0 = interpolate_density(centr_dist_middle, centromere_distance_to_density.reset_index(), 'Centromere_Distance_Bin', 'NonZero_Density')
          ^^^^^^^^^^^^^^^^^^^^^^^^^^^^^^^^^^^^^^^^^^^^^^^^^^^^^^^^^^^^^^^^^^^^^^^^^^^^^^^^^^^^^^^^^^^^^^^^^^^^^^^^^^^^^^^^^^^^^^^^^^^^^^^
  File "/workspace/Signal_processing/sliding_mean/sliding_ZINB_CPD_v3.py", line 41, in interpolate_density
    densities = lookup_df[density_col].values
                ~~~~~~~~~^^^^^^^^^^^^^
  File "/opt/conda/lib/python3.11/site-packages/pandas/core/frame.py", line 4378, in __getitem__
    indexer = self.columns.get_loc(key)
              ^^^^^^^^^^^^^^^^^^^^^^^^^
  File "/opt/conda/lib/python3.11/site-packages/pandas/core/indexes/base.py", line 3648, in get_loc
    raise KeyError(key) from err
KeyError: 'mean_Density'
"""

The above exception was the direct cause of the following exception:

Traceback (most recent call last):
  File "/workspace/Signal_processing/final/theta_performance.py", line 650, in main
    results_df, auc_df = process_single_dataset(
                         ^^^^^^^^^^^^^^^^^^^^^^^
  File "/workspace/Signal_processing/final/theta_performance.py", line 291, in process_single_dataset
    theta_results = future.result()
                    ^^^^^^^^^^^^^^^
  File "/opt/conda/lib/python3.11/concurrent/futures/_base.py", line 456, in result
    return self.__get_result()
           ^^^^^^^^^^^^^^^^^^^
  File "/opt/conda/lib/python3.11/concurrent/futures/_base.py", line 401, in __get_result
    raise self._exception
KeyError: 'mean_Density'
concurrent.futures.process._RemoteTraceback: 
"""
Traceback (most recent call last):
  File "/opt/conda/lib/python3.11/site-packages/pandas/core/indexes/base.py", line 3641, in get_loc
    return self._engine.get_loc(casted_key)
           ^^^^^^^^^^^^^^^^^^^^^^^^^^^^^^^^
  File "pandas/_libs/index.pyx", line 168, in pandas._libs.index.IndexEngine.get_loc
  File "pandas/_libs/index.pyx", line 197, in pandas._libs.index.IndexEngine.get_loc
  File "pandas/_libs/hashtable_class_helper.pxi", line 7668, in pandas._libs.hashtable.PyObjectHashTable.get_item
  File "pandas/_libs/hashtable_class_helper.pxi", line 7676, in pandas._libs.hashtable.PyObjectHashTable.get_item
KeyError: 'mean_Density'

The above exception was the direct cause of the following exception:

Traceback (most recent call last):
  File "/opt/conda/lib/python3.11/concurrent/futures/process.py", line 261, in _process_worker
    r = call_item.fn(*call_item.args, **call_item.kwargs)
        ^^^^^^^^^^^^^^^^^^^^^^^^^^^^^^^^^^^^^^^^^^^^^^^^^
  File "/workspace/Signal_processing/final/theta_performance.py", line 187, in process_theta_for_dataset
    change_points, scores = sliding_ZINB_CPD_v3(
                            ^^^^^^^^^^^^^^^^^^^^
  File "/workspace/Signal_processing/sliding_mean/sliding_ZINB_CPD_v3.py", line 81, in sliding_ZINB_CPD_v3
    pi0 = interpolate_density(centr_dist_middle, centromere_distance_to_density.reset_index(), 'Centromere_Distance_Bin', 'NonZero_Density')
          ^^^^^^^^^^^^^^^^^^^^^^^^^^^^^^^^^^^^^^^^^^^^^^^^^^^^^^^^^^^^^^^^^^^^^^^^^^^^^^^^^^^^^^^^^^^^^^^^^^^^^^^^^^^^^^^^^^^^^^^^^^^^^^^
  File "/workspace/Signal_processing/sliding_mean/sliding_ZINB_CPD_v3.py", line 41, in interpolate_density
    densities = lookup_df[density_col].values
                ~~~~~~~~~^^^^^^^^^^^^^
  File "/opt/conda/lib/python3.11/site-packages/pandas/core/frame.py", line 4378, in __getitem__
    indexer = self.columns.get_loc(key)
              ^^^^^^^^^^^^^^^^^^^^^^^^^
  File "/opt/conda/lib/python3.11/site-packages/pandas/core/indexes/base.py", line 3648, in get_loc
    raise KeyError(key) from err
KeyError: 'mean_Density'
"""

The above exception was the direct cause of the following exception:

Traceback (most recent call last):
  File "/workspace/Signal_processing/final/theta_performance.py", line 650, in main
    results_df, auc_df = process_single_dataset(
                         ^^^^^^^^^^^^^^^^^^^^^^^
  File "/workspace/Signal_processing/final/theta_performance.py", line 291, in process_single_dataset
    theta_results = future.result()
                    ^^^^^^^^^^^^^^^
  File "/opt/conda/lib/python3.11/concurrent/futures/_base.py", line 456, in result
    return self.__get_result()
           ^^^^^^^^^^^^^^^^^^^
  File "/opt/conda/lib/python3.11/concurrent/futures/_base.py", line 401, in __get_result
    raise self._exception
KeyError: 'mean_Density'
concurrent.futures.process._RemoteTraceback: 
"""
Traceback (most recent call last):
  File "/opt/conda/lib/python3.11/site-packages/pandas/core/indexes/base.py", line 3641, in get_loc
    return self._engine.get_loc(casted_key)
           ^^^^^^^^^^^^^^^^^^^^^^^^^^^^^^^^
  File "pandas/_libs/index.pyx", line 168, in pandas._libs.index.IndexEngine.get_loc
  File "pandas/_libs/index.pyx", line 197, in pandas._libs.index.IndexEngine.get_loc
  File "pandas/_libs/hashtable_class_helper.pxi", line 7668, in pandas._libs.hashtable.PyObjectHashTable.get_item
  File "pandas/_libs/hashtable_class_helper.pxi", line 7676, in pandas._libs.hashtable.PyObjectHashTable.get_item
KeyError: 'mean_Density'

The above exception was the direct cause of the following exception:

Traceback (most recent call last):
  File "/opt/conda/lib/python3.11/concurrent/futures/process.py", line 261, in _process_worker
    r = call_item.fn(*call_item.args, **call_item.kwargs)
        ^^^^^^^^^^^^^^^^^^^^^^^^^^^^^^^^^^^^^^^^^^^^^^^^^
  File "/workspace/Signal_processing/final/theta_performance.py", line 187, in process_theta_for_dataset
    change_points, scores = sliding_ZINB_CPD_v3(
                            ^^^^^^^^^^^^^^^^^^^^
  File "/workspace/Signal_processing/sliding_mean/sliding_ZINB_CPD_v3.py", line 81, in sliding_ZINB_CPD_v3
    pi0 = interpolate_density(centr_dist_middle, centromere_distance_to_density.reset_index(), 'Centromere_Distance_Bin', 'NonZero_Density')
          ^^^^^^^^^^^^^^^^^^^^^^^^^^^^^^^^^^^^^^^^^^^^^^^^^^^^^^^^^^^^^^^^^^^^^^^^^^^^^^^^^^^^^^^^^^^^^^^^^^^^^^^^^^^^^^^^^^^^^^^^^^^^^^^
  File "/workspace/Signal_processing/sliding_mean/sliding_ZINB_CPD_v3.py", line 41, in interpolate_density
    densities = lookup_df[density_col].values
                ~~~~~~~~~^^^^^^^^^^^^^
  File "/opt/conda/lib/python3.11/site-packages/pandas/core/frame.py", line 4378, in __getitem__
    indexer = self.columns.get_loc(key)
              ^^^^^^^^^^^^^^^^^^^^^^^^^
  File "/opt/conda/lib/python3.11/site-packages/pandas/core/indexes/base.py", line 3648, in get_loc
    raise KeyError(key) from err
KeyError: 'mean_Density'
"""

The above exception was the direct cause of the following exception:

Traceback (most recent call last):
  File "/workspace/Signal_processing/final/theta_performance.py", line 650, in main
    results_df, auc_df = process_single_dataset(
                         ^^^^^^^^^^^^^^^^^^^^^^^
  File "/workspace/Signal_processing/final/theta_performance.py", line 291, in process_single_dataset
    theta_results = future.result()
                    ^^^^^^^^^^^^^^^
  File "/opt/conda/lib/python3.11/concurrent/futures/_base.py", line 456, in result
    return self.__get_result()
           ^^^^^^^^^^^^^^^^^^^
  File "/opt/conda/lib/python3.11/concurrent/futures/_base.py", line 401, in __get_result
    raise self._exception
KeyError: 'mean_Density'
