Device: cuda
==================================================
LOADING TRAINED MODEL
==================================================

Model architecture from checkpoint:
  seq_length: 2000
  feature_dim: 2
  layers: [752]
  use_conv: False
  conv_channels: 85
  pool_size: 8
  kernel_size: 7
  padding: same
  stride: 1
  dropout: 0.008
  mu_offset: 0.0

Evaluation configuration:
  features: ['Centr']
  bin_size: 19
  moving_average: True
  data_point_length: 2000
  step_size: 894
  batch_size: 128
  trained_noise_level: 0.15
  eval_noise_levels: [0, 0.05, 0.1, 0.15, 0.2, 0.25, 0.33, 0.5]
  output_csv: AE/results/noise_sweep_metrics.csv

==================================================
LOADING CACHED SPLIT DATA
==================================================
Loading arrays from: Data/processed_data/Centr_bin19_maTrue_len2000_step894_c4707184.npz
Train shape: (61992, 2000, 4)
Val shape:   (21808, 2000, 4)
Test shape:  (24128, 2000, 4)

Loaded split sizes:
  train: 61992 windows
  val: 21808 windows
  test: 24128 windows

==================================================
INITIALIZING MODEL
==================================================
Number of encoder layers: 1
Number of decoder layers (excluding heads): 1
Total number of layers including latent layer: 3
Model weights loaded successfully!

==================================================
EVALUATING NOISE LEVEL: 0
==================================================

Evaluating split='train' at noise=0

==================================================
TEST RESULTS
==================================================
Total Loss: 1.104308
  - ZINB NLL: 1.104308
Mean Absolute Error (MAE): 0.904239
R² Score: 0.605308
==================================================

  Metrics summary:
    total_loss: 1.1043080103475826
    zinb_nll:   1.1043080103475826
    mse:        9.559980392456055
    mae:        0.9042390584945679
    r2:         0.6053082942962646

Evaluating split='val' at noise=0

==================================================
TEST RESULTS
==================================================
Total Loss: 1.120303
  - ZINB NLL: 1.120303
Mean Absolute Error (MAE): 0.950318
R² Score: -0.869909
==================================================

  Metrics summary:
    total_loss: 1.120303306348693
    zinb_nll:   1.120303306348693
    mse:        56.75934982299805
    mae:        0.9503180384635925
    r2:         -0.8699085712432861

Evaluating split='test' at noise=0

==================================================
TEST RESULTS
==================================================
Total Loss: 1.136142
  - ZINB NLL: 1.136142
Mean Absolute Error (MAE): 1.010818
R² Score: 0.616941
==================================================

  Metrics summary:
    total_loss: 1.1361424770374198
    zinb_nll:   1.1361424770374198
    mse:        15.012228012084961
    mae:        1.0108184814453125
    r2:         0.6169408559799194

==================================================
EVALUATING NOISE LEVEL: 0.05
==================================================

Evaluating split='train' at noise=0.05
Applied denoising with 5.0% masking

==================================================
TEST RESULTS
==================================================
Total Loss: 1.107659
  - ZINB NLL: 1.098624
Total number of masked values: 4199581
  - Number of values with pi >= 0.7: 0
  - Number of values with pi < 0.7: 4199581
  - Masked Reconstruction: 1.036072
Mean Absolute Error (MAE): 0.836484
R² Score: 0.678173
==================================================

  Metrics summary:
    total_loss: 1.1076585211312637
    zinb_nll:   1.0986239744749573
    mse:        7.795095443725586
    mae:        0.8364843130111694
    r2:         0.6781730651855469

Evaluating split='val' at noise=0.05
Applied denoising with 5.0% masking

==================================================
TEST RESULTS
==================================================
Total Loss: 1.124709
  - ZINB NLL: 1.115080
Total number of masked values: 1477542
  - Number of values with pi >= 0.7: 0
  - Number of values with pi < 0.7: 1477542
  - Masked Reconstruction: 1.104193
Mean Absolute Error (MAE): 0.882484
R² Score: -0.757288
==================================================

  Metrics summary:
    total_loss: 1.124708882168821
    zinb_nll:   1.1150803159285536
    mse:        53.340858459472656
    mae:        0.8824838995933533
    r2:         -0.7572880983352661

Evaluating split='test' at noise=0.05
Applied denoising with 5.0% masking

==================================================
TEST RESULTS
==================================================
Total Loss: 1.140828
  - ZINB NLL: 1.130556
Total number of masked values: 1634817
  - Number of values with pi >= 0.7: 0
  - Number of values with pi < 0.7: 1634817
  - Masked Reconstruction: 1.177927
Mean Absolute Error (MAE): 0.939984
R² Score: 0.681192
==================================================

  Metrics summary:
    total_loss: 1.1408276972546185
    zinb_nll:   1.130556173642371
    mse:        12.494206428527832
    mae:        0.9399843215942383
    r2:         0.6811918616294861

==================================================
EVALUATING NOISE LEVEL: 0.1
==================================================

Evaluating split='train' at noise=0.1
Applied denoising with 10.0% masking

==================================================
TEST RESULTS
==================================================
Total Loss: 1.105068
  - ZINB NLL: 1.096282
Total number of masked values: 8429755
  - Number of values with pi >= 0.7: 0
  - Number of values with pi < 0.7: 8429755
  - Masked Reconstruction: 1.007569
Mean Absolute Error (MAE): 0.787029
R² Score: 0.734421
==================================================

  Metrics summary:
    total_loss: 1.1050678248220236
    zinb_nll:   1.096281822642475
    mse:        6.432694435119629
    mae:        0.787028968334198
    r2:         0.734420895576477

Evaluating split='val' at noise=0.1
Applied denoising with 10.0% masking

==================================================
TEST RESULTS
==================================================
Total Loss: 1.122203
  - ZINB NLL: 1.112773
Total number of masked values: 2965752
  - Number of values with pi >= 0.7: 0
  - Number of values with pi < 0.7: 2965752
  - Masked Reconstruction: 1.081489
Mean Absolute Error (MAE): 0.830988
R² Score: 0.522823
==================================================

  Metrics summary:
    total_loss: 1.1222032261349573
    zinb_nll:   1.1127726401988847
    mse:        14.48425579071045
    mae:        0.830987811088562
    r2:         0.5228234529495239

Evaluating split='test' at noise=0.1
Applied denoising with 10.0% masking

==================================================
TEST RESULTS
==================================================
Total Loss: 1.138938
  - ZINB NLL: 1.128911
Total number of masked values: 3281322
  - Number of values with pi >= 0.7: 0
  - Number of values with pi < 0.7: 3281322
  - Masked Reconstruction: 1.149930
Mean Absolute Error (MAE): 0.890628
R² Score: 0.710649
==================================================

  Metrics summary:
    total_loss: 1.1389381293829937
    zinb_nll:   1.128910739004454
    mse:        11.33977222442627
    mae:        0.8906280994415283
    r2:         0.7106490135192871

==================================================
EVALUATING NOISE LEVEL: 0.15
==================================================

Evaluating split='train' at noise=0.15
Applied denoising with 15.0% masking

==================================================
TEST RESULTS
==================================================
Total Loss: 1.106349
  - ZINB NLL: 1.097620
Total number of masked values: 12656785
  - Number of values with pi >= 0.7: 0
  - Number of values with pi < 0.7: 12656785
  - Masked Reconstruction: 1.001079
Mean Absolute Error (MAE): 0.757222
R² Score: 0.772356
==================================================

  Metrics summary:
    total_loss: 1.106349007208619
    zinb_nll:   1.0976196004277061
    mse:        5.513853073120117
    mae:        0.7572224736213684
    r2:         0.7723560333251953

Evaluating split='val' at noise=0.15
Applied denoising with 15.0% masking

==================================================
TEST RESULTS
==================================================
Total Loss: 1.123641
  - ZINB NLL: 1.114325
Total number of masked values: 4452830
  - Number of values with pi >= 0.7: 0
  - Number of values with pi < 0.7: 4452830
  - Masked Reconstruction: 1.068434
Mean Absolute Error (MAE): 0.799513
R² Score: 0.493665
==================================================

  Metrics summary:
    total_loss: 1.123641284003646
    zinb_nll:   1.1143245421519459
    mse:        15.369339942932129
    mae:        0.7995135188102722
    r2:         0.4936647415161133

Evaluating split='test' at noise=0.15
Applied denoising with 15.0% masking

==================================================
TEST RESULTS
==================================================
Total Loss: 1.140763
  - ZINB NLL: 1.130796
Total number of masked values: 4926722
  - Number of values with pi >= 0.7: 0
  - Number of values with pi < 0.7: 4926722
  - Masked Reconstruction: 1.142962
Mean Absolute Error (MAE): 0.858655
R² Score: 0.735540
==================================================

  Metrics summary:
    total_loss: 1.1407627106029095
    zinb_nll:   1.130796087396872
    mse:        10.364287376403809
    mae:        0.8586549758911133
    r2:         0.7355399131774902

==================================================
EVALUATING NOISE LEVEL: 0.2
==================================================

Evaluating split='train' at noise=0.2
Applied denoising with 20.0% masking

==================================================
TEST RESULTS
==================================================
Total Loss: 1.112348
  - ZINB NLL: 1.103468
Total number of masked values: 16889592
  - Number of values with pi >= 0.7: 0
  - Number of values with pi < 0.7: 16889592
  - Masked Reconstruction: 1.018369
Mean Absolute Error (MAE): 0.748323
R² Score: 0.785690
==================================================

  Metrics summary:
    total_loss: 1.1123478434165535
    zinb_nll:   1.103467665159836
    mse:        5.190883159637451
    mae:        0.7483226656913757
    r2:         0.7856901288032532

Evaluating split='val' at noise=0.2
Applied denoising with 20.0% masking

==================================================
TEST RESULTS
==================================================
Total Loss: 1.130226
  - ZINB NLL: 1.120728
Total number of masked values: 5941999
  - Number of values with pi >= 0.7: 0
  - Number of values with pi < 0.7: 5941999
  - Masked Reconstruction: 1.089211
Mean Absolute Error (MAE): 0.791710
R² Score: 0.031590
==================================================

  Metrics summary:
    total_loss: 1.1302259814975373
    zinb_nll:   1.120728060854592
    mse:        29.395187377929688
    mae:        0.7917097210884094
    r2:         0.031590163707733154

Evaluating split='test' at noise=0.2
Applied denoising with 20.0% masking

==================================================
TEST RESULTS
==================================================
Total Loss: 1.148171
  - ZINB NLL: 1.138011
Total number of masked values: 6574275
  - Number of values with pi >= 0.7: 0
  - Number of values with pi < 0.7: 6574275
  - Masked Reconstruction: 1.165150
Mean Absolute Error (MAE): 0.851667
R² Score: 0.757710
==================================================

  Metrics summary:
    total_loss: 1.1481713143915966
    zinb_nll:   1.1380112085402485
    mse:        9.495436668395996
    mae:        0.8516669273376465
    r2:         0.7577099204063416

==================================================
EVALUATING NOISE LEVEL: 0.25
==================================================

Evaluating split='train' at noise=0.25
Applied denoising with 25.0% masking

==================================================
TEST RESULTS
==================================================
Total Loss: 1.123816
  - ZINB NLL: 1.114580
Total number of masked values: 21119634
  - Number of values with pi >= 0.7: 0
  - Number of values with pi < 0.7: 21119634
  - Masked Reconstruction: 1.059230
Mean Absolute Error (MAE): 0.760126
R² Score: 0.799956
==================================================

  Metrics summary:
    total_loss: 1.1238159968908685
    zinb_nll:   1.1145795160977359
    mse:        4.8453545570373535
    mae:        0.760125458240509
    r2:         0.7999555468559265

Evaluating split='val' at noise=0.25
Applied denoising with 25.0% masking

==================================================
TEST RESULTS
==================================================
Total Loss: 1.141846
  - ZINB NLL: 1.131990
Total number of masked values: 7430185
  - Number of values with pi >= 0.7: 0
  - Number of values with pi < 0.7: 7430185
  - Masked Reconstruction: 1.130265
Mean Absolute Error (MAE): 0.802409
R² Score: 0.659300
==================================================

  Metrics summary:
    total_loss: 1.141845615926422
    zinb_nll:   1.1319897060261346
    mse:        10.34162712097168
    mae:        0.802409291267395
    r2:         0.6593002080917358

Evaluating split='test' at noise=0.25
Applied denoising with 25.0% masking

==================================================
TEST RESULTS
==================================================
Total Loss: 1.161168
  - ZINB NLL: 1.150615
Total number of masked values: 8220793
  - Number of values with pi >= 0.7: 0
  - Number of values with pi < 0.7: 8220793
  - Masked Reconstruction: 1.210227
Mean Absolute Error (MAE): 0.866460
R² Score: 0.749125
==================================================

  Metrics summary:
    total_loss: 1.1611678474224532
    zinb_nll:   1.1506146681482659
    mse:        9.831893920898438
    mae:        0.8664599061012268
    r2:         0.7491247057914734

==================================================
EVALUATING NOISE LEVEL: 0.33
==================================================

Evaluating split='train' at noise=0.33
Applied denoising with 33.0% masking

==================================================
TEST RESULTS
==================================================
Total Loss: 1.155593
  - ZINB NLL: 1.145421
Total number of masked values: 27878634
  - Number of values with pi >= 0.7: 0
  - Number of values with pi < 0.7: 27878634
  - Masked Reconstruction: 1.166500
Mean Absolute Error (MAE): 0.818851
R² Score: 0.789500
==================================================

  Metrics summary:
    total_loss: 1.1555929482252403
    zinb_nll:   1.1454210717657456
    mse:        5.098598957061768
    mae:        0.8188513517379761
    r2:         0.7895001173019409

Evaluating split='val' at noise=0.33
Applied denoising with 33.0% masking

==================================================
TEST RESULTS
==================================================
Total Loss: 1.176530
  - ZINB NLL: 1.165718
Total number of masked values: 9808071
  - Number of values with pi >= 0.7: 0
  - Number of values with pi < 0.7: 9808071
  - Masked Reconstruction: 1.239914
Mean Absolute Error (MAE): 0.864329
R² Score: 0.678946
==================================================

  Metrics summary:
    total_loss: 1.176530015704742
    zinb_nll:   1.1657179628149692
    mse:        9.74531364440918
    mae:        0.8643290996551514
    r2:         0.6789455413818359

Evaluating split='test' at noise=0.33
Applied denoising with 33.0% masking

==================================================
TEST RESULTS
==================================================
Total Loss: 1.195018
  - ZINB NLL: 1.183466
Total number of masked values: 10851688
  - Number of values with pi >= 0.7: 0
  - Number of values with pi < 0.7: 10851688
  - Masked Reconstruction: 1.324856
Mean Absolute Error (MAE): 0.929589
R² Score: 0.741449
==================================================

  Metrics summary:
    total_loss: 1.1950184577181737
    zinb_nll:   1.1834657121084098
    mse:        10.132728576660156
    mae:        0.9295890927314758
    r2:         0.7414485216140747

==================================================
EVALUATING NOISE LEVEL: 0.5
==================================================

Evaluating split='train' at noise=0.5
Applied denoising with 50.0% masking

==================================================
TEST RESULTS
==================================================
Total Loss: 1.305832
  - ZINB NLL: 1.292476
Total number of masked values: 42269399
  - Number of values with pi >= 0.7: 0
  - Number of values with pi < 0.7: 42269399
  - Masked Reconstruction: 1.531637
Mean Absolute Error (MAE): 1.079959
R² Score: 0.670237
==================================================

  Metrics summary:
    total_loss: 1.3058319539620131
    zinb_nll:   1.2924760832511497
    mse:        7.9873127937316895
    mae:        1.0799589157104492
    r2:         0.6702371835708618

Evaluating split='val' at noise=0.5
Applied denoising with 50.0% masking

==================================================
TEST RESULTS
==================================================
Total Loss: 1.331558
  - ZINB NLL: 1.317464
Total number of masked values: 14870791
  - Number of values with pi >= 0.7: 0
  - Number of values with pi < 0.7: 14870791
  - Masked Reconstruction: 1.616227
Mean Absolute Error (MAE): 1.133155
R² Score: 0.456440
==================================================

  Metrics summary:
    total_loss: 1.3315578213703607
    zinb_nll:   1.3174643192060362
    mse:        16.499265670776367
    mae:        1.1331549882888794
    r2:         0.4564398527145386

Evaluating split='test' at noise=0.5
Applied denoising with 50.0% masking

==================================================
TEST RESULTS
==================================================
Total Loss: 1.355768
  - ZINB NLL: 1.340781
Total number of masked values: 16453117
  - Number of values with pi >= 0.7: 0
  - Number of values with pi < 0.7: 16453117
  - Masked Reconstruction: 1.718645
Mean Absolute Error (MAE): 1.213024
R² Score: 0.617411
==================================================

  Metrics summary:
    total_loss: 1.3557680544865858
    zinb_nll:   1.3407814675047796
    mse:        14.993791580200195
    mae:        1.2130237817764282
    r2:         0.6174112558364868

Noise sweep metrics saved to: AE/results/noise_sweep_metrics.csv
