==========================================
STEP 2: Reconstructing test_CPD data
==========================================
Device: cuda
Using most recent model: AE/results/models/ZINBAE_layers752_ep141_noise0.150_muoff0.000.pt
============================================================
RECONSTRUCTING TEST_CPD DATA
============================================================
Model: AE/results/models/ZINBAE_layers752_ep141_noise0.150_muoff0.000.pt
Test CPD folder: Data/test_CPD
Output directory: Data/reconstruction_cpd_test
============================================================

Loading model from AE/results/models/ZINBAE_layers752_ep141_noise0.150_muoff0.000.pt...
Model configuration:
  seq_length: 2000
  feature_dim: 2
  layers: [752]
  use_conv: False
  conv_channels: 85
  pool_size: 8
  kernel_size: 7
  padding: same
  stride: 1
  dropout: 0.008
  mu_offset: 0.0
Number of encoder layers: 1
Number of decoder layers (excluding heads): 1
Total number of layers including latent layer: 3
Model loaded successfully!

Found 37 replicate folders to process:
  1/yEK23_1
  1/yEK23_2
  1/yEK23_3
  1/yEK23_4
  1/yEK23_5
  1/yEK23_6
  2/yEK23_1
  2/yEK23_2
  2/yEK23_3
  2/yEK23_4
  2/yEK23_5
  2/yEK23_6
  3/yEK23_1
  3/yEK23_2
  3/yEK23_3
  3/yEK23_4
  3/yEK23_5
  3/yEK23_6
  4/yEK23_1
  4/yEK23_2
  4/yEK23_3
  4/yEK23_4
  4/yEK23_5
  4/yEK23_6
  5/yEK23_1
  5/yEK23_2
  5/yEK23_3
  5/yEK23_4
  5/yEK23_5
  5/yEK23_6
  6/yEK23_1
  centromere_windows/1
  centromere_windows/2
  centromere_windows/3
  centromere_windows/4
  centromere_windows/5
  centromere_windows/6

============================================================
Processing: 1/yEK23_1
============================================================

Clipping outliers using 95th percentile * 1.5...
yEK23_1: Clipping values above 126.00 (P95=84.00). Clipped 17727/659388 values (2.69%)
