Traceback (most recent call last):
  File "/workspace/Signal_processing/final/compare_versions.py", line 432, in <module>
    main()
  File "/workspace/Signal_processing/final/compare_versions.py", line 419, in main
    plot_precision_recall_with_std(agg_curve_df, agg_auc_df, plot_path)
  File "/workspace/Signal_processing/final/compare_versions.py", line 277, in plot_precision_recall_with_std
    ax.plot(
  File "/opt/conda/lib/python3.11/site-packages/matplotlib/axes/_axes.py", line 1777, in plot
    lines = [*self._get_lines(self, *args, data=data, **kwargs)]
            ^^^^^^^^^^^^^^^^^^^^^^^^^^^^^^^^^^^^^^^^^^^^^^^^^^^^
  File "/opt/conda/lib/python3.11/site-packages/matplotlib/axes/_base.py", line 297, in __call__
    yield from self._plot_args(
               ^^^^^^^^^^^^^^^^
  File "/opt/conda/lib/python3.11/site-packages/matplotlib/axes/_base.py", line 546, in _plot_args
    return [l[0] for l in result]
           ^^^^^^^^^^^^^^^^^^^^^^
  File "/opt/conda/lib/python3.11/site-packages/matplotlib/axes/_base.py", line 546, in <listcomp>
    return [l[0] for l in result]
           ^^^^^^^^^^^^^^^^^^^^^^
  File "/opt/conda/lib/python3.11/site-packages/matplotlib/axes/_base.py", line 539, in <genexpr>
    result = (make_artist(axes, x[:, j % ncx], y[:, j % ncy], kw,
              ^^^^^^^^^^^^^^^^^^^^^^^^^^^^^^^^^^^^^^^^^^^^^^^^^^^
  File "/opt/conda/lib/python3.11/site-packages/matplotlib/axes/_base.py", line 338, in _make_line
    seg = mlines.Line2D(x, y, **kw)
          ^^^^^^^^^^^^^^^^^^^^^^^^^
  File "/opt/conda/lib/python3.11/site-packages/matplotlib/lines.py", line 421, in __init__
    self._internal_update(kwargs)
  File "/opt/conda/lib/python3.11/site-packages/matplotlib/artist.py", line 1233, in _internal_update
    return self._update_props(
           ^^^^^^^^^^^^^^^^^^^
  File "/opt/conda/lib/python3.11/site-packages/matplotlib/artist.py", line 1206, in _update_props
    raise AttributeError(
AttributeError: Line2D.set() got an unexpected keyword argument 'fmt'
srun: error: gpu33: task 0: Exited with exit code 1
srun: launch/slurm: _step_signal: Terminating StepId=12272031.0
