Task 1: Running with bin_size=5
Device: cuda

Preprocessing with chromosome split:
  Train chromosomes: ['ChrIII', 'ChrIV', 'ChrIX', 'ChrVI', 'ChrVII', 'ChrX', 'ChrXI', 'ChrXIII', 'ChrXVI']
  Val chromosomes: ['ChrVIII', 'ChrXIV', 'ChrXV']
  Test chromosomes: ['ChrI', 'ChrII', 'ChrV', 'ChrXII']

Clipping outliers using 95th percentile * 1.5...
strain_yTW001: Clipping values above 134.25 (P95=89.50). Clipped 27529/1193409 values (2.31%)
strain_FD: Clipping values above 71.92 (P95=47.94). Clipped 95791/4127807 values (2.32%)
strain_dnrp: Clipping values above 243.00 (P95=162.00). Clipped 25649/1119454 values (2.29%)
strain_yEK19: Clipping values above 77.10 (P95=51.40). Clipped 83713/3893623 values (2.15%)
strain_yEK23: Clipping values above 72.00 (P95=48.00). Clipped 86381/3558407 values (2.43%)
strain_yWT03a: Clipping values above 15.00 (P95=10.00). Clipped 10602/347679 values (3.05%)
strain_yWT04a: Clipping values above 58.50 (P95=39.00). Clipped 21095/725406 values (2.91%)
strain_ylic137: Clipping values above 142.50 (P95=95.00). Clipped 28746/1112684 values (2.58%)

Splitting data using pre-determined chromosomes...
Standardizing features: ['Centr']
Column order in final array (Dataset/Chrom split): ['Value', 'Centromere_Distance', 'Value_Raw', 'Size_Factor']
Removing 0 empty data points out of 22224
Column order in final array (Dataset/Chrom split): ['Value', 'Centromere_Distance', 'Value_Raw', 'Size_Factor']
Removing 0 empty data points out of 7816
Column order in final array (Dataset/Chrom split): ['Value', 'Centromere_Distance', 'Value_Raw', 'Size_Factor']
Removing 0 empty data points out of 8656

Dataset sizes after preprocessing:
  Train: 22224
  Val: 7816
  Test: 8656
  Eval strategy: VALIDATION + TEST

Applied denoising with 15.0% masking

Creating validation dataloader:
  Validation set size: 7816
  Batch size: 32
Applied denoising with 15.0% masking
  Dataloader created: 7816 samples, 245 batches

Creating test dataloader:
  Test set size: 8656
  Batch size: 32
Applied denoising with 15.0% masking
  Dataloader created: 8656 samples, 271 batches
Number of encoder layers: 1
Number of decoder layers (excluding heads): 1
Total number of layers including latent layer: 3
Epoch [1/30], Total Loss: 1.9892, NLL: 1.9788, Masked: 10.4845, Reg: 0.029019
Epoch [2/30], Total Loss: 1.8598, NLL: 1.8533, Masked: 6.4516, Reg: 0.028347
Epoch [3/30], Total Loss: 1.7424, NLL: 1.7368, Masked: 5.6124, Reg: 0.028126
Epoch [4/30], Total Loss: 1.6357, NLL: 1.6305, Masked: 5.1731, Reg: 0.028237
Epoch [5/30], Total Loss: 1.6181, NLL: 1.6130, Masked: 5.0238, Reg: 0.028276
Epoch [6/30], Total Loss: 1.6106, NLL: 1.6057, Masked: 4.9333, Reg: 0.028289
Epoch [7/30], Total Loss: 1.6076, NLL: 1.6028, Masked: 4.8860, Reg: 0.028262
Epoch [8/30], Total Loss: 1.6065, NLL: 1.6016, Masked: 4.8641, Reg: 0.028216
Epoch [9/30], Total Loss: 1.6054, NLL: 1.6005, Masked: 4.8490, Reg: 0.028167
Epoch [10/30], Total Loss: 1.6047, NLL: 1.5999, Masked: 4.8468, Reg: 0.028119
Epoch [11/30], Total Loss: 1.6038, NLL: 1.5990, Masked: 4.8374, Reg: 0.028077
Epoch [12/30], Total Loss: 1.6028, NLL: 1.5979, Masked: 4.8279, Reg: 0.028052
Epoch [13/30], Total Loss: 1.6010, NLL: 1.5961, Masked: 4.8180, Reg: 0.028042
Epoch [14/30], Total Loss: 1.5946, NLL: 1.5898, Masked: 4.7777, Reg: 0.028080
Epoch [15/30], Total Loss: 1.5763, NLL: 1.5716, Masked: 4.7037, Reg: 0.028214
Epoch [16/30], Total Loss: 1.5661, NLL: 1.5614, Masked: 4.6982, Reg: 0.028320
Epoch [17/30], Total Loss: 1.5587, NLL: 1.5540, Masked: 4.6541, Reg: 0.028408
Epoch [18/30], Total Loss: 1.5470, NLL: 1.5424, Masked: 4.5894, Reg: 0.028541
Epoch [19/30], Total Loss: 1.5384, NLL: 1.5338, Masked: 4.5766, Reg: 0.028670
Epoch [20/30], Total Loss: 1.5348, NLL: 1.5302, Masked: 4.5694, Reg: 0.028763
Epoch [21/30], Total Loss: 1.5320, NLL: 1.5274, Masked: 4.5547, Reg: 0.028846
Epoch [22/30], Total Loss: 1.5294, NLL: 1.5249, Masked: 4.5467, Reg: 0.028928
Epoch [23/30], Total Loss: 1.5267, NLL: 1.5221, Masked: 4.5432, Reg: 0.029012
Epoch [24/30], Total Loss: 1.5244, NLL: 1.5199, Masked: 4.5300, Reg: 0.029105
Epoch [25/30], Total Loss: 1.5223, NLL: 1.5178, Masked: 4.5268, Reg: 0.029205
Epoch [26/30], Total Loss: 1.5200, NLL: 1.5154, Masked: 4.5300, Reg: 0.029310
Epoch [27/30], Total Loss: 1.5167, NLL: 1.5121, Masked: 4.5247, Reg: 0.029431
Epoch [28/30], Total Loss: 1.5137, NLL: 1.5091, Masked: 4.5302, Reg: 0.029557
Epoch [29/30], Total Loss: 1.5098, NLL: 1.5053, Masked: 4.5240, Reg: 0.029693
Epoch [30/30], Total Loss: 1.5056, NLL: 1.5011, Masked: 4.5145, Reg: 0.029843
Training loss plot saved to /workspace/AE/results/training/mu_offset1.0_noise0.150/mu_offset1.0_noise0.150_ZINBAE_20260311_213418_no_conv_training_losses.png
Training losses saved to /workspace/AE/results/training/mu_offset1.0_noise0.150/mu_offset1.0_noise0.150_ZINBAE_20260311_213418_no_conv_training_losses.json

==================================================
EVALUATING ON TRAINING DATA
==================================================

==================================================
TEST RESULTS
==================================================
Total Loss: 1.502527
  - ZINB NLL: 1.498038
Total number of masked values: 562067
  - Number of values with pi >= 0.7: 27699
  - Number of values with pi < 0.7: 534368
  - Masked Reconstruction: 4.488507
  - Regularization: 0.029919
Mean Absolute Error (MAE): 2.871776
R² Score: 0.207930
==================================================

Using raw counts for evaluation metrics.
MAE: 3.0543, SD MEAN: 4.7239 
  R²: 0.2039,
Mean π (zeros): 0.5315, Mean π (non-zeros): 0.2600,  
 SD π (zeros): 0.2143, SD π (non-zeros): 0.2239 

Mean μ (zeros): 1.9931, Mean μ (non-zeros): 4.2991,  
 SD μ (zeros): 1.6394, SD μ (non-zeros): 3.6883 

Theta mean: 1.0000, Theta SD: 0.0022
Number of masked values: 562067

============================================================
MASKED VALUES PERFORMANCE METRICS
============================================================
MAE: 4.4987, SD MAE: 6.7756
R²: 0.1497
Mean π (zeros): 0.0000, Mean π (non-zeros): 0.2590
SD π (zeros): 0.0000, SD π (non-zeros): 0.2238
Mean μ (zeros): 0.0000, Mean μ (non-zeros): 4.2753
SD μ (zeros): 0.0000, SD μ (non-zeros): 3.6414
Theta mean: 1.0000, Theta SD: 0.0037
============================================================

Computing baseline predictions using neighborhood mean/median of reconstructed values...
Baseline comparison completed and saved.
Note: Baseline uses mean/median of model's reconstructed values from neighbors
      Comparing baseline predictions to actual raw values at masked positions
      Model reference line shows model performance vs actual values
Masked values analysis: 562067 masked positions, MAE=4.4987, R²=0.1497
ZINB metrics saved to /workspace/AE/results/training/mu_offset1.0_noise0.150/mu_offset1.0_noise0.150_ZINBAE_20260311_213421_no_conv_test_metrics.json
ZINB-specific plots saved to /workspace/AE/results/training/mu_offset1.0_noise0.150/

==================================================
EVALUATING ON VALIDATION DATA
Dataset size: 7816
==================================================


==================================================
TEST RESULTS
==================================================
Total Loss: 1.534428
  - ZINB NLL: 1.530002
Total number of masked values: 198080
  - Number of values with pi >= 0.7: 10465
  - Number of values with pi < 0.7: 187615
  - Masked Reconstruction: 4.426549
  - Regularization: 0.029919
Mean Absolute Error (MAE): 2.931230
R² Score: 0.178501
==================================================

Using raw counts for evaluation metrics.
MAE: 3.1146, SD MEAN: 5.3713 
  R²: 0.1751,
Mean π (zeros): 0.5213, Mean π (non-zeros): 0.2547,  
 SD π (zeros): 0.2195, SD π (non-zeros): 0.2268 

Mean μ (zeros): 1.9613, Mean μ (non-zeros): 4.2189,  
 SD μ (zeros): 1.5559, SD μ (non-zeros): 3.4417 

Theta mean: 1.0001, Theta SD: 0.0314
Number of masked values: 198080

============================================================
MASKED VALUES PERFORMANCE METRICS
============================================================
MAE: 4.7077, SD MAE: 7.8870
R²: 0.1118
Mean π (zeros): 0.0000, Mean π (non-zeros): 0.2538
SD π (zeros): 0.0000, SD π (non-zeros): 0.2268
Mean μ (zeros): 0.0000, Mean μ (non-zeros): 4.2004
SD μ (zeros): 0.0000, SD μ (non-zeros): 3.4108
Theta mean: 1.0004, Theta SD: 0.0934
============================================================

Computing baseline predictions using neighborhood mean/median of reconstructed values...
Baseline comparison completed and saved.
Note: Baseline uses mean/median of model's reconstructed values from neighbors
      Comparing baseline predictions to actual raw values at masked positions
      Model reference line shows model performance vs actual values
Masked values analysis: 198080 masked positions, MAE=4.7077, R²=0.1118
ZINB metrics saved to /workspace/AE/results/testing/mu_offset1.0_noise0.150/mu_offset1.0_noise0.150_ZINBAE_20260311_213503_no_conv_test_metrics.json
ZINB-specific plots saved to /workspace/AE/results/testing/mu_offset1.0_noise0.150/

==================================================
EVALUATING ON TEST DATA
Dataset size: 8656
==================================================


==================================================
TEST RESULTS
==================================================
Total Loss: 1.555560
  - ZINB NLL: 1.551107
Total number of masked values: 222239
  - Number of values with pi >= 0.7: 12025
  - Number of values with pi < 0.7: 210214
  - Masked Reconstruction: 4.453520
  - Regularization: 0.029919
Mean Absolute Error (MAE): 2.962600
R² Score: 0.213263
==================================================

Using raw counts for evaluation metrics.
MAE: 3.1495, SD MEAN: 5.8836 
  R²: 0.2105,
Mean π (zeros): 0.5274, Mean π (non-zeros): 0.2516,  
 SD π (zeros): 0.2227, SD π (non-zeros): 0.2295 

Mean μ (zeros): 1.8732, Mean μ (non-zeros): 4.2200,  
 SD μ (zeros): 1.4724, SD μ (non-zeros): 3.7976 

Theta mean: 1.0001, Theta SD: 0.0173
Number of masked values: 222239

============================================================
MASKED VALUES PERFORMANCE METRICS
============================================================
MAE: 4.8349, SD MAE: 8.4564
R²: 0.1388
Mean π (zeros): 0.0000, Mean π (non-zeros): 0.2506
SD π (zeros): 0.0000, SD π (non-zeros): 0.2295
Mean μ (zeros): 0.0000, Mean μ (non-zeros): 4.2025
SD μ (zeros): 0.0000, SD μ (non-zeros): 3.7589
Theta mean: 1.0002, Theta SD: 0.0290
============================================================

Computing baseline predictions using neighborhood mean/median of reconstructed values...
Baseline comparison completed and saved.
Note: Baseline uses mean/median of model's reconstructed values from neighbors
      Comparing baseline predictions to actual raw values at masked positions
      Model reference line shows model performance vs actual values
Masked values analysis: 222239 masked positions, MAE=4.8349, R²=0.1388
ZINB metrics saved to /workspace/AE/results/testing/mu_offset1.0_noise0.150/mu_offset1.0_noise0.150_ZINBAE_20260311_213519_no_conv_test_metrics.json
ZINB-specific plots saved to /workspace/AE/results/testing/mu_offset1.0_noise0.150/

==================================================
MODEL SAVED: ZINBAE_layers1600_ep30_noise0.150_muoff1.000.pt
Location: AE/results/models/ZINBAE_layers1600_ep30_noise0.150_muoff1.000.pt
==================================================


Saved reconstruction metadata to: Data/reconstruction/ZINBAE_layers1600_ep30_noise0.150_muoff1.000/validation
  metadata: Data/reconstruction/ZINBAE_layers1600_ep30_noise0.150_muoff1.000/validation/metadata.json

Reconstructing genomic coordinates...
Loaded metadata for 7816 windows
Reconstructed 3123904 unique genomic positions from 7816 windows
Average overlap per position: 1.00
Saved 90129 positions to Data/reconstruction/ZINBAE_layers1600_ep30_noise0.150_muoff1.000/validation/strain_FD/ChrVIII.csv
Saved 125600 positions to Data/reconstruction/ZINBAE_layers1600_ep30_noise0.150_muoff1.000/validation/strain_FD/ChrXIV.csv
Saved 174759 positions to Data/reconstruction/ZINBAE_layers1600_ep30_noise0.150_muoff1.000/validation/strain_FD/ChrXV.csv
Saved 90129 positions to Data/reconstruction/ZINBAE_layers1600_ep30_noise0.150_muoff1.000/validation/strain_dnrp/ChrVIII.csv
Saved 125600 positions to Data/reconstruction/ZINBAE_layers1600_ep30_noise0.150_muoff1.000/validation/strain_dnrp/ChrXIV.csv
Saved 174759 positions to Data/reconstruction/ZINBAE_layers1600_ep30_noise0.150_muoff1.000/validation/strain_dnrp/ChrXV.csv
Saved 90129 positions to Data/reconstruction/ZINBAE_layers1600_ep30_noise0.150_muoff1.000/validation/strain_yEK19/ChrVIII.csv
Saved 125600 positions to Data/reconstruction/ZINBAE_layers1600_ep30_noise0.150_muoff1.000/validation/strain_yEK19/ChrXIV.csv
Saved 174759 positions to Data/reconstruction/ZINBAE_layers1600_ep30_noise0.150_muoff1.000/validation/strain_yEK19/ChrXV.csv
Saved 90129 positions to Data/reconstruction/ZINBAE_layers1600_ep30_noise0.150_muoff1.000/validation/strain_yEK23/ChrVIII.csv
Saved 125600 positions to Data/reconstruction/ZINBAE_layers1600_ep30_noise0.150_muoff1.000/validation/strain_yEK23/ChrXIV.csv
Saved 174759 positions to Data/reconstruction/ZINBAE_layers1600_ep30_noise0.150_muoff1.000/validation/strain_yEK23/ChrXV.csv
Saved 90129 positions to Data/reconstruction/ZINBAE_layers1600_ep30_noise0.150_muoff1.000/validation/strain_yTW001/ChrVIII.csv
Saved 125600 positions to Data/reconstruction/ZINBAE_layers1600_ep30_noise0.150_muoff1.000/validation/strain_yTW001/ChrXIV.csv
Saved 174759 positions to Data/reconstruction/ZINBAE_layers1600_ep30_noise0.150_muoff1.000/validation/strain_yTW001/ChrXV.csv
Saved 90129 positions to Data/reconstruction/ZINBAE_layers1600_ep30_noise0.150_muoff1.000/validation/strain_yWT03a/ChrVIII.csv
Saved 125600 positions to Data/reconstruction/ZINBAE_layers1600_ep30_noise0.150_muoff1.000/validation/strain_yWT03a/ChrXIV.csv
Saved 174759 positions to Data/reconstruction/ZINBAE_layers1600_ep30_noise0.150_muoff1.000/validation/strain_yWT03a/ChrXV.csv
Saved 90129 positions to Data/reconstruction/ZINBAE_layers1600_ep30_noise0.150_muoff1.000/validation/strain_yWT04a/ChrVIII.csv
Saved 125600 positions to Data/reconstruction/ZINBAE_layers1600_ep30_noise0.150_muoff1.000/validation/strain_yWT04a/ChrXIV.csv
Saved 174759 positions to Data/reconstruction/ZINBAE_layers1600_ep30_noise0.150_muoff1.000/validation/strain_yWT04a/ChrXV.csv
Saved 90129 positions to Data/reconstruction/ZINBAE_layers1600_ep30_noise0.150_muoff1.000/validation/strain_ylic137/ChrVIII.csv
Saved 125600 positions to Data/reconstruction/ZINBAE_layers1600_ep30_noise0.150_muoff1.000/validation/strain_ylic137/ChrXIV.csv
Saved 174759 positions to Data/reconstruction/ZINBAE_layers1600_ep30_noise0.150_muoff1.000/validation/strain_ylic137/ChrXV.csv
Reconstructed genomic data saved to: Data/reconstruction/ZINBAE_layers1600_ep30_noise0.150_muoff1.000/validation
  One CSV per dataset/chromosome with columns:
  position, reconstruction, mu, pi, theta

Saved reconstruction metadata to: Data/reconstruction/ZINBAE_layers1600_ep30_noise0.150_muoff1.000/test
  metadata: Data/reconstruction/ZINBAE_layers1600_ep30_noise0.150_muoff1.000/test/metadata.json

Reconstructing genomic coordinates...
Loaded metadata for 8656 windows
Reconstructed 3457728 unique genomic positions from 8656 windows
Average overlap per position: 1.00
Saved 36944 positions to Data/reconstruction/ZINBAE_layers1600_ep30_noise0.150_muoff1.000/test/strain_FD/ChrI.csv
Saved 130237 positions to Data/reconstruction/ZINBAE_layers1600_ep30_noise0.150_muoff1.000/test/strain_FD/ChrII.csv
Saved 92400 positions to Data/reconstruction/ZINBAE_layers1600_ep30_noise0.150_muoff1.000/test/strain_FD/ChrV.csv
Saved 172635 positions to Data/reconstruction/ZINBAE_layers1600_ep30_noise0.150_muoff1.000/test/strain_FD/ChrXII.csv
Saved 36944 positions to Data/reconstruction/ZINBAE_layers1600_ep30_noise0.150_muoff1.000/test/strain_dnrp/ChrI.csv
Saved 130237 positions to Data/reconstruction/ZINBAE_layers1600_ep30_noise0.150_muoff1.000/test/strain_dnrp/ChrII.csv
Saved 92400 positions to Data/reconstruction/ZINBAE_layers1600_ep30_noise0.150_muoff1.000/test/strain_dnrp/ChrV.csv
Saved 172635 positions to Data/reconstruction/ZINBAE_layers1600_ep30_noise0.150_muoff1.000/test/strain_dnrp/ChrXII.csv
Saved 36944 positions to Data/reconstruction/ZINBAE_layers1600_ep30_noise0.150_muoff1.000/test/strain_yEK19/ChrI.csv
Saved 130237 positions to Data/reconstruction/ZINBAE_layers1600_ep30_noise0.150_muoff1.000/test/strain_yEK19/ChrII.csv
Saved 92400 positions to Data/reconstruction/ZINBAE_layers1600_ep30_noise0.150_muoff1.000/test/strain_yEK19/ChrV.csv
Saved 172635 positions to Data/reconstruction/ZINBAE_layers1600_ep30_noise0.150_muoff1.000/test/strain_yEK19/ChrXII.csv
Saved 36944 positions to Data/reconstruction/ZINBAE_layers1600_ep30_noise0.150_muoff1.000/test/strain_yEK23/ChrI.csv
Saved 130237 positions to Data/reconstruction/ZINBAE_layers1600_ep30_noise0.150_muoff1.000/test/strain_yEK23/ChrII.csv
Saved 92400 positions to Data/reconstruction/ZINBAE_layers1600_ep30_noise0.150_muoff1.000/test/strain_yEK23/ChrV.csv
Saved 172635 positions to Data/reconstruction/ZINBAE_layers1600_ep30_noise0.150_muoff1.000/test/strain_yEK23/ChrXII.csv
Saved 36944 positions to Data/reconstruction/ZINBAE_layers1600_ep30_noise0.150_muoff1.000/test/strain_yTW001/ChrI.csv
Saved 130237 positions to Data/reconstruction/ZINBAE_layers1600_ep30_noise0.150_muoff1.000/test/strain_yTW001/ChrII.csv
Saved 92400 positions to Data/reconstruction/ZINBAE_layers1600_ep30_noise0.150_muoff1.000/test/strain_yTW001/ChrV.csv
Saved 172635 positions to Data/reconstruction/ZINBAE_layers1600_ep30_noise0.150_muoff1.000/test/strain_yTW001/ChrXII.csv
Saved 36944 positions to Data/reconstruction/ZINBAE_layers1600_ep30_noise0.150_muoff1.000/test/strain_yWT03a/ChrI.csv
Saved 130237 positions to Data/reconstruction/ZINBAE_layers1600_ep30_noise0.150_muoff1.000/test/strain_yWT03a/ChrII.csv
Saved 92400 positions to Data/reconstruction/ZINBAE_layers1600_ep30_noise0.150_muoff1.000/test/strain_yWT03a/ChrV.csv
Saved 172635 positions to Data/reconstruction/ZINBAE_layers1600_ep30_noise0.150_muoff1.000/test/strain_yWT03a/ChrXII.csv
Saved 36944 positions to Data/reconstruction/ZINBAE_layers1600_ep30_noise0.150_muoff1.000/test/strain_yWT04a/ChrI.csv
Saved 130237 positions to Data/reconstruction/ZINBAE_layers1600_ep30_noise0.150_muoff1.000/test/strain_yWT04a/ChrII.csv
Saved 92400 positions to Data/reconstruction/ZINBAE_layers1600_ep30_noise0.150_muoff1.000/test/strain_yWT04a/ChrV.csv
Saved 172635 positions to Data/reconstruction/ZINBAE_layers1600_ep30_noise0.150_muoff1.000/test/strain_yWT04a/ChrXII.csv
Saved 36944 positions to Data/reconstruction/ZINBAE_layers1600_ep30_noise0.150_muoff1.000/test/strain_ylic137/ChrI.csv
Saved 130237 positions to Data/reconstruction/ZINBAE_layers1600_ep30_noise0.150_muoff1.000/test/strain_ylic137/ChrII.csv
Saved 92400 positions to Data/reconstruction/ZINBAE_layers1600_ep30_noise0.150_muoff1.000/test/strain_ylic137/ChrV.csv
Saved 172635 positions to Data/reconstruction/ZINBAE_layers1600_ep30_noise0.150_muoff1.000/test/strain_ylic137/ChrXII.csv
Reconstructed genomic data saved to: Data/reconstruction/ZINBAE_layers1600_ep30_noise0.150_muoff1.000/test
  One CSV per dataset/chromosome with columns:
  position, reconstruction, mu, pi, theta
