Job ID: 12276795
Loading gene data...
Loading genes from Utils/SGD_API/architecture_info/yeast_genes_with_info.json
Found strains: ['strain_FD', 'strain_dnrp', 'strain_yEK19', 'strain_yEK23', 'strain_yTW001', 'strain_yWT03a', 'strain_yWT04a', 'strain_ylic137']

============================================================
Processing TRAIN split
============================================================
  Processing muoff0...
  Processing muoff1...
  Processing muoff2...
  Processing muoff4...
  Processing muoff5...
  Creating combined analysis figure...
    Saved: AE/results/pi_analysis/train_combined.png
  Creating per-strain analysis figures...
    Saved: AE/results/pi_analysis/train_strain_FD.png
    Saved: AE/results/pi_analysis/train_strain_dnrp.png
    Saved: AE/results/pi_analysis/train_strain_yEK19.png
    Saved: AE/results/pi_analysis/train_strain_yEK23.png
    Saved: AE/results/pi_analysis/train_strain_yTW001.png
    Saved: AE/results/pi_analysis/train_strain_yWT03a.png
    Saved: AE/results/pi_analysis/train_strain_yWT04a.png
    Saved: AE/results/pi_analysis/train_strain_ylic137.png

============================================================
Processing VAL split
============================================================
  Processing muoff0...
  Processing muoff1...
  Processing muoff2...
  Processing muoff4...
  Processing muoff5...
  Creating combined analysis figure...
    Saved: AE/results/pi_analysis/val_combined.png
  Creating per-strain analysis figures...
    Saved: AE/results/pi_analysis/val_strain_FD.png
    Saved: AE/results/pi_analysis/val_strain_dnrp.png
    Saved: AE/results/pi_analysis/val_strain_yEK19.png
    Saved: AE/results/pi_analysis/val_strain_yEK23.png
    Saved: AE/results/pi_analysis/val_strain_yTW001.png
    Saved: AE/results/pi_analysis/val_strain_yWT03a.png
    Saved: AE/results/pi_analysis/val_strain_yWT04a.png
    Saved: AE/results/pi_analysis/val_strain_ylic137.png

============================================================
Processing TEST split
============================================================
  Processing muoff0...
  Processing muoff1...
  Processing muoff2...
  Processing muoff4...
  Processing muoff5...
  Creating combined analysis figure...
    Saved: AE/results/pi_analysis/test_combined.png
  Creating per-strain analysis figures...
    Saved: AE/results/pi_analysis/test_strain_FD.png
    Saved: AE/results/pi_analysis/test_strain_dnrp.png
    Saved: AE/results/pi_analysis/test_strain_yEK19.png
    Saved: AE/results/pi_analysis/test_strain_yEK23.png
    Saved: AE/results/pi_analysis/test_strain_yTW001.png
    Saved: AE/results/pi_analysis/test_strain_yWT03a.png
    Saved: AE/results/pi_analysis/test_strain_yWT04a.png
    Saved: AE/results/pi_analysis/test_strain_ylic137.png

============================================================
Analysis complete! Figures saved to: AE/results/pi_analysis
============================================================
