Compare versions
Job ID: 12270326
Configuration:
  Base folder: Signal_processing/final/SATAY_synthetic
  Output folder: Signal_processing/final/results/compare_versions_theta0_ws100
  Datasets: [1, 2, 3, 4, 5, 6, 7, 8, 9, 10]
  Methods: ['ref', 'v0', 'v1', 'v2']
  Window size: 100
  Overlap: 0.5
  Theta: 0.0
  Threshold count: 41

Processing dataset 1
  Points: 500718 | True CPs: 968
  Method ref ...
  Method v0 ...
  Method v1 ...

Best theta: 2.58e-01 with ll=-385684.30
Final parameters: pi=0.7792, mu=5.9049, theta=0.2583
Estimated global theta: 0.2583
(Estimated global pi: 0.7792, mu: 5.9049)
0.2582618760682676

Best theta: 2.58e-01 with ll=-385684.30
Final parameters: pi=0.7792, mu=5.9049, theta=0.2583
Estimated global theta: 0.2583
(Estimated global pi: 0.7792, mu: 5.9049)
0.2582618760682676

Best theta: 2.58e-01 with ll=-385684.30
Final parameters: pi=0.7792, mu=5.9049, theta=0.2583
Estimated global theta: 0.2583
(Estimated global pi: 0.7792, mu: 5.9049)
0.2582618760682676

Best theta: 2.58e-01 with ll=-385684.30
Final parameters: pi=0.7792, mu=5.9049, theta=0.2583
Estimated global theta: 0.2583
(Estimated global pi: 0.7792, mu: 5.9049)
0.2582618760682676

Best theta: 2.58e-01 with ll=-385684.30
Final parameters: pi=0.7792, mu=5.9049, theta=0.2583
Estimated global theta: 0.2583
(Estimated global pi: 0.7792, mu: 5.9049)
0.2582618760682676

Best theta: 2.58e-01 with ll=-385684.30
Final parameters: pi=0.7792, mu=5.9049, theta=0.2583
Estimated global theta: 0.2583
(Estimated global pi: 0.7792, mu: 5.9049)
0.2582618760682676

Best theta: 2.58e-01 with ll=-385684.30
Final parameters: pi=0.7792, mu=5.9049, theta=0.2583
Estimated global theta: 0.2583
(Estimated global pi: 0.7792, mu: 5.9049)
0.2582618760682676

Best theta: 2.58e-01 with ll=-385684.30
Final parameters: pi=0.7792, mu=5.9049, theta=0.2583
Estimated global theta: 0.2583
(Estimated global pi: 0.7792, mu: 5.9049)
0.2582618760682676

Best theta: 2.58e-01 with ll=-385684.30
Final parameters: pi=0.7792, mu=5.9049, theta=0.2583
Estimated global theta: 0.2583
(Estimated global pi: 0.7792, mu: 5.9049)
0.2582618760682676

Best theta: 2.58e-01 with ll=-385684.30
Final parameters: pi=0.7792, mu=5.9049, theta=0.2583
Estimated global theta: 0.2583
(Estimated global pi: 0.7792, mu: 5.9049)
0.2582618760682676

Best theta: 2.58e-01 with ll=-385684.30
Final parameters: pi=0.7792, mu=5.9049, theta=0.2583
Estimated global theta: 0.2583
(Estimated global pi: 0.7792, mu: 5.9049)
0.2582618760682676

Best theta: 2.58e-01 with ll=-385684.30
Final parameters: pi=0.7792, mu=5.9049, theta=0.2583
Estimated global theta: 0.2583
(Estimated global pi: 0.7792, mu: 5.9049)
0.2582618760682676

Best theta: 2.58e-01 with ll=-385684.30
Final parameters: pi=0.7792, mu=5.9049, theta=0.2583
Estimated global theta: 0.2583
(Estimated global pi: 0.7792, mu: 5.9049)
0.2582618760682676

Best theta: 2.58e-01 with ll=-385684.30
Final parameters: pi=0.7792, mu=5.9049, theta=0.2583
Estimated global theta: 0.2583
(Estimated global pi: 0.7792, mu: 5.9049)
0.2582618760682676

Best theta: 2.58e-01 with ll=-385684.30
Final parameters: pi=0.7792, mu=5.9049, theta=0.2583
Estimated global theta: 0.2583
(Estimated global pi: 0.7792, mu: 5.9049)
0.2582618760682676

Best theta: 2.58e-01 with ll=-385684.30
Final parameters: pi=0.7792, mu=5.9049, theta=0.2583
Estimated global theta: 0.2583
(Estimated global pi: 0.7792, mu: 5.9049)
0.2582618760682676

Best theta: 2.58e-01 with ll=-385684.30
Final parameters: pi=0.7792, mu=5.9049, theta=0.2583
Estimated global theta: 0.2583
(Estimated global pi: 0.7792, mu: 5.9049)
0.2582618760682676

Best theta: 2.58e-01 with ll=-385684.30
Final parameters: pi=0.7792, mu=5.9049, theta=0.2583
Estimated global theta: 0.2583
(Estimated global pi: 0.7792, mu: 5.9049)
0.2582618760682676

Best theta: 2.58e-01 with ll=-385684.30
Final parameters: pi=0.7792, mu=5.9049, theta=0.2583
Estimated global theta: 0.2583
(Estimated global pi: 0.7792, mu: 5.9049)
0.2582618760682676

Best theta: 2.58e-01 with ll=-385684.30
Final parameters: pi=0.7792, mu=5.9049, theta=0.2583
Estimated global theta: 0.2583
(Estimated global pi: 0.7792, mu: 5.9049)
0.2582618760682676

Best theta: 2.58e-01 with ll=-385684.30
Final parameters: pi=0.7792, mu=5.9049, theta=0.2583
Estimated global theta: 0.2583
(Estimated global pi: 0.7792, mu: 5.9049)
0.2582618760682676

Best theta: 2.58e-01 with ll=-385684.30
Final parameters: pi=0.7792, mu=5.9049, theta=0.2583
Estimated global theta: 0.2583
(Estimated global pi: 0.7792, mu: 5.9049)
0.2582618760682676

Best theta: 2.58e-01 with ll=-385684.30
Final parameters: pi=0.7792, mu=5.9049, theta=0.2583
Estimated global theta: 0.2583
(Estimated global pi: 0.7792, mu: 5.9049)
0.2582618760682676

Best theta: 2.58e-01 with ll=-385684.30
Final parameters: pi=0.7792, mu=5.9049, theta=0.2583
Estimated global theta: 0.2583
(Estimated global pi: 0.7792, mu: 5.9049)
0.2582618760682676

Best theta: 2.58e-01 with ll=-385684.30
Final parameters: pi=0.7792, mu=5.9049, theta=0.2583
Estimated global theta: 0.2583
(Estimated global pi: 0.7792, mu: 5.9049)
0.2582618760682676

Best theta: 2.58e-01 with ll=-385684.30
Final parameters: pi=0.7792, mu=5.9049, theta=0.2583
Estimated global theta: 0.2583
(Estimated global pi: 0.7792, mu: 5.9049)
0.2582618760682676

Best theta: 2.58e-01 with ll=-385684.30
Final parameters: pi=0.7792, mu=5.9049, theta=0.2583
Estimated global theta: 0.2583
(Estimated global pi: 0.7792, mu: 5.9049)
0.2582618760682676

Best theta: 2.58e-01 with ll=-385684.30
Final parameters: pi=0.7792, mu=5.9049, theta=0.2583
Estimated global theta: 0.2583
(Estimated global pi: 0.7792, mu: 5.9049)
0.2582618760682676

Best theta: 2.58e-01 with ll=-385684.30
Final parameters: pi=0.7792, mu=5.9049, theta=0.2583
Estimated global theta: 0.2583
(Estimated global pi: 0.7792, mu: 5.9049)
0.2582618760682676

Best theta: 2.58e-01 with ll=-385684.30
Final parameters: pi=0.7792, mu=5.9049, theta=0.2583
Estimated global theta: 0.2583
(Estimated global pi: 0.7792, mu: 5.9049)
0.2582618760682676

Best theta: 2.58e-01 with ll=-385684.30
Final parameters: pi=0.7792, mu=5.9049, theta=0.2583
Estimated global theta: 0.2583
(Estimated global pi: 0.7792, mu: 5.9049)
0.2582618760682676

Best theta: 2.58e-01 with ll=-385684.30
Final parameters: pi=0.7792, mu=5.9049, theta=0.2583
Estimated global theta: 0.2583
(Estimated global pi: 0.7792, mu: 5.9049)
0.2582618760682676

Best theta: 2.58e-01 with ll=-385684.30
Final parameters: pi=0.7792, mu=5.9049, theta=0.2583
Estimated global theta: 0.2583
(Estimated global pi: 0.7792, mu: 5.9049)
0.2582618760682676

Best theta: 2.58e-01 with ll=-385684.30
Final parameters: pi=0.7792, mu=5.9049, theta=0.2583
Estimated global theta: 0.2583
(Estimated global pi: 0.7792, mu: 5.9049)
0.2582618760682676

Best theta: 2.58e-01 with ll=-385684.30
Final parameters: pi=0.7792, mu=5.9049, theta=0.2583
Estimated global theta: 0.2583
(Estimated global pi: 0.7792, mu: 5.9049)
0.2582618760682676

Best theta: 2.58e-01 with ll=-385684.30
Final parameters: pi=0.7792, mu=5.9049, theta=0.2583
Estimated global theta: 0.2583
(Estimated global pi: 0.7792, mu: 5.9049)
0.2582618760682676

Best theta: 2.58e-01 with ll=-385684.30
Final parameters: pi=0.7792, mu=5.9049, theta=0.2583
Estimated global theta: 0.2583
(Estimated global pi: 0.7792, mu: 5.9049)
0.2582618760682676

Best theta: 2.58e-01 with ll=-385684.30
Final parameters: pi=0.7792, mu=5.9049, theta=0.2583
Estimated global theta: 0.2583
(Estimated global pi: 0.7792, mu: 5.9049)
0.2582618760682676

Best theta: 2.58e-01 with ll=-385684.30
Final parameters: pi=0.7792, mu=5.9049, theta=0.2583
Estimated global theta: 0.2583
(Estimated global pi: 0.7792, mu: 5.9049)
0.2582618760682676

Best theta: 2.58e-01 with ll=-385684.30
Final parameters: pi=0.7792, mu=5.9049, theta=0.2583
Estimated global theta: 0.2583
(Estimated global pi: 0.7792, mu: 5.9049)
0.2582618760682676

Best theta: 2.58e-01 with ll=-385684.30
Final parameters: pi=0.7792, mu=5.9049, theta=0.2583
Estimated global theta: 0.2583
(Estimated global pi: 0.7792, mu: 5.9049)
0.2582618760682676
  Method v2 ...

Best theta: 2.58e-01 with ll=-385684.30
Final parameters: pi=0.7792, mu=5.9049, theta=0.2583
Estimated global theta: 0.2583
(Estimated global pi: 0.7792, mu: 5.9049)
0.2582618760682676

Best theta: 2.58e-01 with ll=-385684.30
Final parameters: pi=0.7792, mu=5.9049, theta=0.2583
Estimated global theta: 0.2583
(Estimated global pi: 0.7792, mu: 5.9049)
0.2582618760682676

Best theta: 2.58e-01 with ll=-385684.30
Final parameters: pi=0.7792, mu=5.9049, theta=0.2583
Estimated global theta: 0.2583
(Estimated global pi: 0.7792, mu: 5.9049)
0.2582618760682676

Best theta: 2.58e-01 with ll=-385684.30
Final parameters: pi=0.7792, mu=5.9049, theta=0.2583
Estimated global theta: 0.2583
(Estimated global pi: 0.7792, mu: 5.9049)
0.2582618760682676

Best theta: 2.58e-01 with ll=-385684.30
Final parameters: pi=0.7792, mu=5.9049, theta=0.2583
Estimated global theta: 0.2583
(Estimated global pi: 0.7792, mu: 5.9049)
0.2582618760682676

Best theta: 2.58e-01 with ll=-385684.30
Final parameters: pi=0.7792, mu=5.9049, theta=0.2583
Estimated global theta: 0.2583
(Estimated global pi: 0.7792, mu: 5.9049)
0.2582618760682676

Best theta: 2.58e-01 with ll=-385684.30
Final parameters: pi=0.7792, mu=5.9049, theta=0.2583
Estimated global theta: 0.2583
(Estimated global pi: 0.7792, mu: 5.9049)
0.2582618760682676

Best theta: 2.58e-01 with ll=-385684.30
Final parameters: pi=0.7792, mu=5.9049, theta=0.2583
Estimated global theta: 0.2583
(Estimated global pi: 0.7792, mu: 5.9049)
0.2582618760682676

Best theta: 2.58e-01 with ll=-385684.30
Final parameters: pi=0.7792, mu=5.9049, theta=0.2583
Estimated global theta: 0.2583
(Estimated global pi: 0.7792, mu: 5.9049)
0.2582618760682676

Best theta: 2.58e-01 with ll=-385684.30
Final parameters: pi=0.7792, mu=5.9049, theta=0.2583
Estimated global theta: 0.2583
(Estimated global pi: 0.7792, mu: 5.9049)
0.2582618760682676

Best theta: 2.58e-01 with ll=-385684.30
Final parameters: pi=0.7792, mu=5.9049, theta=0.2583
Estimated global theta: 0.2583
(Estimated global pi: 0.7792, mu: 5.9049)
0.2582618760682676

Best theta: 2.58e-01 with ll=-385684.30
Final parameters: pi=0.7792, mu=5.9049, theta=0.2583
Estimated global theta: 0.2583
(Estimated global pi: 0.7792, mu: 5.9049)
0.2582618760682676

Best theta: 2.58e-01 with ll=-385684.30
Final parameters: pi=0.7792, mu=5.9049, theta=0.2583
Estimated global theta: 0.2583
(Estimated global pi: 0.7792, mu: 5.9049)
0.2582618760682676

Best theta: 2.58e-01 with ll=-385684.30
Final parameters: pi=0.7792, mu=5.9049, theta=0.2583
Estimated global theta: 0.2583
(Estimated global pi: 0.7792, mu: 5.9049)
0.2582618760682676

Best theta: 2.58e-01 with ll=-385684.30
Final parameters: pi=0.7792, mu=5.9049, theta=0.2583
Estimated global theta: 0.2583
(Estimated global pi: 0.7792, mu: 5.9049)
0.2582618760682676

Best theta: 2.58e-01 with ll=-385684.30
Final parameters: pi=0.7792, mu=5.9049, theta=0.2583
Estimated global theta: 0.2583
(Estimated global pi: 0.7792, mu: 5.9049)
0.2582618760682676

Best theta: 2.58e-01 with ll=-385684.30
Final parameters: pi=0.7792, mu=5.9049, theta=0.2583
Estimated global theta: 0.2583
(Estimated global pi: 0.7792, mu: 5.9049)
0.2582618760682676

Best theta: 2.58e-01 with ll=-385684.30
Final parameters: pi=0.7792, mu=5.9049, theta=0.2583
Estimated global theta: 0.2583
(Estimated global pi: 0.7792, mu: 5.9049)
0.2582618760682676

Best theta: 2.58e-01 with ll=-385684.30
Final parameters: pi=0.7792, mu=5.9049, theta=0.2583
Estimated global theta: 0.2583
(Estimated global pi: 0.7792, mu: 5.9049)
0.2582618760682676

Best theta: 2.58e-01 with ll=-385684.30
Final parameters: pi=0.7792, mu=5.9049, theta=0.2583
Estimated global theta: 0.2583
(Estimated global pi: 0.7792, mu: 5.9049)
0.2582618760682676

Best theta: 2.58e-01 with ll=-385684.30
Final parameters: pi=0.7792, mu=5.9049, theta=0.2583
Estimated global theta: 0.2583
(Estimated global pi: 0.7792, mu: 5.9049)
0.2582618760682676

Best theta: 2.58e-01 with ll=-385684.30
Final parameters: pi=0.7792, mu=5.9049, theta=0.2583
Estimated global theta: 0.2583
(Estimated global pi: 0.7792, mu: 5.9049)
0.2582618760682676

Best theta: 2.58e-01 with ll=-385684.30
Final parameters: pi=0.7792, mu=5.9049, theta=0.2583
Estimated global theta: 0.2583
(Estimated global pi: 0.7792, mu: 5.9049)
0.2582618760682676

Best theta: 2.58e-01 with ll=-385684.30
Final parameters: pi=0.7792, mu=5.9049, theta=0.2583
Estimated global theta: 0.2583
(Estimated global pi: 0.7792, mu: 5.9049)
0.2582618760682676

Best theta: 2.58e-01 with ll=-385684.30
Final parameters: pi=0.7792, mu=5.9049, theta=0.2583
Estimated global theta: 0.2583
(Estimated global pi: 0.7792, mu: 5.9049)
0.2582618760682676

Best theta: 2.58e-01 with ll=-385684.30
Final parameters: pi=0.7792, mu=5.9049, theta=0.2583
Estimated global theta: 0.2583
(Estimated global pi: 0.7792, mu: 5.9049)
0.2582618760682676

Best theta: 2.58e-01 with ll=-385684.30
Final parameters: pi=0.7792, mu=5.9049, theta=0.2583
Estimated global theta: 0.2583
(Estimated global pi: 0.7792, mu: 5.9049)
0.2582618760682676

Best theta: 2.58e-01 with ll=-385684.30
Final parameters: pi=0.7792, mu=5.9049, theta=0.2583
Estimated global theta: 0.2583
(Estimated global pi: 0.7792, mu: 5.9049)
0.2582618760682676

Best theta: 2.58e-01 with ll=-385684.30
Final parameters: pi=0.7792, mu=5.9049, theta=0.2583
Estimated global theta: 0.2583
(Estimated global pi: 0.7792, mu: 5.9049)
0.2582618760682676

Best theta: 2.58e-01 with ll=-385684.30
Final parameters: pi=0.7792, mu=5.9049, theta=0.2583
Estimated global theta: 0.2583
(Estimated global pi: 0.7792, mu: 5.9049)
0.2582618760682676

Best theta: 2.58e-01 with ll=-385684.30
Final parameters: pi=0.7792, mu=5.9049, theta=0.2583
Estimated global theta: 0.2583
(Estimated global pi: 0.7792, mu: 5.9049)
0.2582618760682676

Best theta: 2.58e-01 with ll=-385684.30
Final parameters: pi=0.7792, mu=5.9049, theta=0.2583
Estimated global theta: 0.2583
(Estimated global pi: 0.7792, mu: 5.9049)
0.2582618760682676

Best theta: 2.58e-01 with ll=-385684.30
Final parameters: pi=0.7792, mu=5.9049, theta=0.2583
Estimated global theta: 0.2583
(Estimated global pi: 0.7792, mu: 5.9049)
0.2582618760682676

Best theta: 2.58e-01 with ll=-385684.30
Final parameters: pi=0.7792, mu=5.9049, theta=0.2583
Estimated global theta: 0.2583
(Estimated global pi: 0.7792, mu: 5.9049)
0.2582618760682676

Best theta: 2.58e-01 with ll=-385684.30
Final parameters: pi=0.7792, mu=5.9049, theta=0.2583
Estimated global theta: 0.2583
(Estimated global pi: 0.7792, mu: 5.9049)
0.2582618760682676

Best theta: 2.58e-01 with ll=-385684.30
Final parameters: pi=0.7792, mu=5.9049, theta=0.2583
Estimated global theta: 0.2583
(Estimated global pi: 0.7792, mu: 5.9049)
0.2582618760682676

Best theta: 2.58e-01 with ll=-385684.30
Final parameters: pi=0.7792, mu=5.9049, theta=0.2583
Estimated global theta: 0.2583
(Estimated global pi: 0.7792, mu: 5.9049)
0.2582618760682676

Best theta: 2.58e-01 with ll=-385684.30
Final parameters: pi=0.7792, mu=5.9049, theta=0.2583
Estimated global theta: 0.2583
(Estimated global pi: 0.7792, mu: 5.9049)
0.2582618760682676

Best theta: 2.58e-01 with ll=-385684.30
Final parameters: pi=0.7792, mu=5.9049, theta=0.2583
Estimated global theta: 0.2583
(Estimated global pi: 0.7792, mu: 5.9049)
0.2582618760682676

Best theta: 2.58e-01 with ll=-385684.30
Final parameters: pi=0.7792, mu=5.9049, theta=0.2583
Estimated global theta: 0.2583
(Estimated global pi: 0.7792, mu: 5.9049)
0.2582618760682676

Best theta: 2.58e-01 with ll=-385684.30
Final parameters: pi=0.7792, mu=5.9049, theta=0.2583
Estimated global theta: 0.2583
(Estimated global pi: 0.7792, mu: 5.9049)
0.2582618760682676

Processing dataset 2
  Points: 500769 | True CPs: 992
  Method ref ...
  Method v0 ...
  Method v1 ...

Best theta: 2.64e-01 with ll=-400388.63
Final parameters: pi=0.7715, mu=5.9438, theta=0.2643
Estimated global theta: 0.2643
(Estimated global pi: 0.7715, mu: 5.9438)
0.26430814869741054

Best theta: 2.64e-01 with ll=-400388.63
Final parameters: pi=0.7715, mu=5.9438, theta=0.2643
Estimated global theta: 0.2643
(Estimated global pi: 0.7715, mu: 5.9438)
0.26430814869741054

Best theta: 2.64e-01 with ll=-400388.63
Final parameters: pi=0.7715, mu=5.9438, theta=0.2643
Estimated global theta: 0.2643
(Estimated global pi: 0.7715, mu: 5.9438)
0.26430814869741054

Best theta: 2.64e-01 with ll=-400388.63
Final parameters: pi=0.7715, mu=5.9438, theta=0.2643
Estimated global theta: 0.2643
(Estimated global pi: 0.7715, mu: 5.9438)
0.26430814869741054

Best theta: 2.64e-01 with ll=-400388.63
Final parameters: pi=0.7715, mu=5.9438, theta=0.2643
Estimated global theta: 0.2643
(Estimated global pi: 0.7715, mu: 5.9438)
0.26430814869741054

Best theta: 2.64e-01 with ll=-400388.63
Final parameters: pi=0.7715, mu=5.9438, theta=0.2643
Estimated global theta: 0.2643
(Estimated global pi: 0.7715, mu: 5.9438)
0.26430814869741054

Best theta: 2.64e-01 with ll=-400388.63
Final parameters: pi=0.7715, mu=5.9438, theta=0.2643
Estimated global theta: 0.2643
(Estimated global pi: 0.7715, mu: 5.9438)
0.26430814869741054

Best theta: 2.64e-01 with ll=-400388.63
Final parameters: pi=0.7715, mu=5.9438, theta=0.2643
Estimated global theta: 0.2643
(Estimated global pi: 0.7715, mu: 5.9438)
0.26430814869741054

Best theta: 2.64e-01 with ll=-400388.63
Final parameters: pi=0.7715, mu=5.9438, theta=0.2643
Estimated global theta: 0.2643
(Estimated global pi: 0.7715, mu: 5.9438)
0.26430814869741054

Best theta: 2.64e-01 with ll=-400388.63
Final parameters: pi=0.7715, mu=5.9438, theta=0.2643
Estimated global theta: 0.2643
(Estimated global pi: 0.7715, mu: 5.9438)
0.26430814869741054

Best theta: 2.64e-01 with ll=-400388.63
Final parameters: pi=0.7715, mu=5.9438, theta=0.2643
Estimated global theta: 0.2643
(Estimated global pi: 0.7715, mu: 5.9438)
0.26430814869741054

Best theta: 2.64e-01 with ll=-400388.63
Final parameters: pi=0.7715, mu=5.9438, theta=0.2643
Estimated global theta: 0.2643
(Estimated global pi: 0.7715, mu: 5.9438)
0.26430814869741054

Best theta: 2.64e-01 with ll=-400388.63
Final parameters: pi=0.7715, mu=5.9438, theta=0.2643
Estimated global theta: 0.2643
(Estimated global pi: 0.7715, mu: 5.9438)
0.26430814869741054

Best theta: 2.64e-01 with ll=-400388.63
Final parameters: pi=0.7715, mu=5.9438, theta=0.2643
Estimated global theta: 0.2643
(Estimated global pi: 0.7715, mu: 5.9438)
0.26430814869741054

Best theta: 2.64e-01 with ll=-400388.63
Final parameters: pi=0.7715, mu=5.9438, theta=0.2643
Estimated global theta: 0.2643
(Estimated global pi: 0.7715, mu: 5.9438)
0.26430814869741054

Best theta: 2.64e-01 with ll=-400388.63
Final parameters: pi=0.7715, mu=5.9438, theta=0.2643
Estimated global theta: 0.2643
(Estimated global pi: 0.7715, mu: 5.9438)
0.26430814869741054

Best theta: 2.64e-01 with ll=-400388.63
Final parameters: pi=0.7715, mu=5.9438, theta=0.2643
Estimated global theta: 0.2643
(Estimated global pi: 0.7715, mu: 5.9438)
0.26430814869741054

Best theta: 2.64e-01 with ll=-400388.63
Final parameters: pi=0.7715, mu=5.9438, theta=0.2643
Estimated global theta: 0.2643
(Estimated global pi: 0.7715, mu: 5.9438)
0.26430814869741054

Best theta: 2.64e-01 with ll=-400388.63
Final parameters: pi=0.7715, mu=5.9438, theta=0.2643
Estimated global theta: 0.2643
(Estimated global pi: 0.7715, mu: 5.9438)
0.26430814869741054

Best theta: 2.64e-01 with ll=-400388.63
Final parameters: pi=0.7715, mu=5.9438, theta=0.2643
Estimated global theta: 0.2643
(Estimated global pi: 0.7715, mu: 5.9438)
0.26430814869741054

Best theta: 2.64e-01 with ll=-400388.63
Final parameters: pi=0.7715, mu=5.9438, theta=0.2643
Estimated global theta: 0.2643
(Estimated global pi: 0.7715, mu: 5.9438)
0.26430814869741054

Best theta: 2.64e-01 with ll=-400388.63
Final parameters: pi=0.7715, mu=5.9438, theta=0.2643
Estimated global theta: 0.2643
(Estimated global pi: 0.7715, mu: 5.9438)
0.26430814869741054

Best theta: 2.64e-01 with ll=-400388.63
Final parameters: pi=0.7715, mu=5.9438, theta=0.2643
Estimated global theta: 0.2643
(Estimated global pi: 0.7715, mu: 5.9438)
0.26430814869741054

Best theta: 2.64e-01 with ll=-400388.63
Final parameters: pi=0.7715, mu=5.9438, theta=0.2643
Estimated global theta: 0.2643
(Estimated global pi: 0.7715, mu: 5.9438)
0.26430814869741054

Best theta: 2.64e-01 with ll=-400388.63
Final parameters: pi=0.7715, mu=5.9438, theta=0.2643
Estimated global theta: 0.2643
(Estimated global pi: 0.7715, mu: 5.9438)
0.26430814869741054

Best theta: 2.64e-01 with ll=-400388.63
Final parameters: pi=0.7715, mu=5.9438, theta=0.2643
Estimated global theta: 0.2643
(Estimated global pi: 0.7715, mu: 5.9438)
0.26430814869741054

Best theta: 2.64e-01 with ll=-400388.63
Final parameters: pi=0.7715, mu=5.9438, theta=0.2643
Estimated global theta: 0.2643
(Estimated global pi: 0.7715, mu: 5.9438)
0.26430814869741054

Best theta: 2.64e-01 with ll=-400388.63
Final parameters: pi=0.7715, mu=5.9438, theta=0.2643
Estimated global theta: 0.2643
(Estimated global pi: 0.7715, mu: 5.9438)
0.26430814869741054

Best theta: 2.64e-01 with ll=-400388.63
Final parameters: pi=0.7715, mu=5.9438, theta=0.2643
Estimated global theta: 0.2643
(Estimated global pi: 0.7715, mu: 5.9438)
0.26430814869741054

Best theta: 2.64e-01 with ll=-400388.63
Final parameters: pi=0.7715, mu=5.9438, theta=0.2643
Estimated global theta: 0.2643
(Estimated global pi: 0.7715, mu: 5.9438)
0.26430814869741054

Best theta: 2.64e-01 with ll=-400388.63
Final parameters: pi=0.7715, mu=5.9438, theta=0.2643
Estimated global theta: 0.2643
(Estimated global pi: 0.7715, mu: 5.9438)
0.26430814869741054

Best theta: 2.64e-01 with ll=-400388.63
Final parameters: pi=0.7715, mu=5.9438, theta=0.2643
Estimated global theta: 0.2643
(Estimated global pi: 0.7715, mu: 5.9438)
0.26430814869741054

Best theta: 2.64e-01 with ll=-400388.63
Final parameters: pi=0.7715, mu=5.9438, theta=0.2643
Estimated global theta: 0.2643
(Estimated global pi: 0.7715, mu: 5.9438)
0.26430814869741054

Best theta: 2.64e-01 with ll=-400388.63
Final parameters: pi=0.7715, mu=5.9438, theta=0.2643
Estimated global theta: 0.2643
(Estimated global pi: 0.7715, mu: 5.9438)
0.26430814869741054

Best theta: 2.64e-01 with ll=-400388.63
Final parameters: pi=0.7715, mu=5.9438, theta=0.2643
Estimated global theta: 0.2643
(Estimated global pi: 0.7715, mu: 5.9438)
0.26430814869741054

Best theta: 2.64e-01 with ll=-400388.63
Final parameters: pi=0.7715, mu=5.9438, theta=0.2643
Estimated global theta: 0.2643
(Estimated global pi: 0.7715, mu: 5.9438)
0.26430814869741054

Best theta: 2.64e-01 with ll=-400388.63
Final parameters: pi=0.7715, mu=5.9438, theta=0.2643
Estimated global theta: 0.2643
(Estimated global pi: 0.7715, mu: 5.9438)
0.26430814869741054

Best theta: 2.64e-01 with ll=-400388.63
Final parameters: pi=0.7715, mu=5.9438, theta=0.2643
Estimated global theta: 0.2643
(Estimated global pi: 0.7715, mu: 5.9438)
0.26430814869741054

Best theta: 2.64e-01 with ll=-400388.63
Final parameters: pi=0.7715, mu=5.9438, theta=0.2643
Estimated global theta: 0.2643
(Estimated global pi: 0.7715, mu: 5.9438)
0.26430814869741054

Best theta: 2.64e-01 with ll=-400388.63
Final parameters: pi=0.7715, mu=5.9438, theta=0.2643
Estimated global theta: 0.2643
(Estimated global pi: 0.7715, mu: 5.9438)
0.26430814869741054

Best theta: 2.64e-01 with ll=-400388.63
Final parameters: pi=0.7715, mu=5.9438, theta=0.2643
Estimated global theta: 0.2643
(Estimated global pi: 0.7715, mu: 5.9438)
0.26430814869741054
  Method v2 ...

Best theta: 2.64e-01 with ll=-400388.63
Final parameters: pi=0.7715, mu=5.9438, theta=0.2643
Estimated global theta: 0.2643
(Estimated global pi: 0.7715, mu: 5.9438)
0.26430814869741054

Best theta: 2.64e-01 with ll=-400388.63
Final parameters: pi=0.7715, mu=5.9438, theta=0.2643
Estimated global theta: 0.2643
(Estimated global pi: 0.7715, mu: 5.9438)
0.26430814869741054

Best theta: 2.64e-01 with ll=-400388.63
Final parameters: pi=0.7715, mu=5.9438, theta=0.2643
Estimated global theta: 0.2643
(Estimated global pi: 0.7715, mu: 5.9438)
0.26430814869741054

Best theta: 2.64e-01 with ll=-400388.63
Final parameters: pi=0.7715, mu=5.9438, theta=0.2643
Estimated global theta: 0.2643
(Estimated global pi: 0.7715, mu: 5.9438)
0.26430814869741054

Best theta: 2.64e-01 with ll=-400388.63
Final parameters: pi=0.7715, mu=5.9438, theta=0.2643
Estimated global theta: 0.2643
(Estimated global pi: 0.7715, mu: 5.9438)
0.26430814869741054

Best theta: 2.64e-01 with ll=-400388.63
Final parameters: pi=0.7715, mu=5.9438, theta=0.2643
Estimated global theta: 0.2643
(Estimated global pi: 0.7715, mu: 5.9438)
0.26430814869741054

Best theta: 2.64e-01 with ll=-400388.63
Final parameters: pi=0.7715, mu=5.9438, theta=0.2643
Estimated global theta: 0.2643
(Estimated global pi: 0.7715, mu: 5.9438)
0.26430814869741054

Best theta: 2.64e-01 with ll=-400388.63
Final parameters: pi=0.7715, mu=5.9438, theta=0.2643
Estimated global theta: 0.2643
(Estimated global pi: 0.7715, mu: 5.9438)
0.26430814869741054

Best theta: 2.64e-01 with ll=-400388.63
Final parameters: pi=0.7715, mu=5.9438, theta=0.2643
Estimated global theta: 0.2643
(Estimated global pi: 0.7715, mu: 5.9438)
0.26430814869741054

Best theta: 2.64e-01 with ll=-400388.63
Final parameters: pi=0.7715, mu=5.9438, theta=0.2643
Estimated global theta: 0.2643
(Estimated global pi: 0.7715, mu: 5.9438)
0.26430814869741054

Best theta: 2.64e-01 with ll=-400388.63
Final parameters: pi=0.7715, mu=5.9438, theta=0.2643
Estimated global theta: 0.2643
(Estimated global pi: 0.7715, mu: 5.9438)
0.26430814869741054

Best theta: 2.64e-01 with ll=-400388.63
Final parameters: pi=0.7715, mu=5.9438, theta=0.2643
Estimated global theta: 0.2643
(Estimated global pi: 0.7715, mu: 5.9438)
0.26430814869741054

Best theta: 2.64e-01 with ll=-400388.63
Final parameters: pi=0.7715, mu=5.9438, theta=0.2643
Estimated global theta: 0.2643
(Estimated global pi: 0.7715, mu: 5.9438)
0.26430814869741054

Best theta: 2.64e-01 with ll=-400388.63
Final parameters: pi=0.7715, mu=5.9438, theta=0.2643
Estimated global theta: 0.2643
(Estimated global pi: 0.7715, mu: 5.9438)
0.26430814869741054

Best theta: 2.64e-01 with ll=-400388.63
Final parameters: pi=0.7715, mu=5.9438, theta=0.2643
Estimated global theta: 0.2643
(Estimated global pi: 0.7715, mu: 5.9438)
0.26430814869741054

Best theta: 2.64e-01 with ll=-400388.63
Final parameters: pi=0.7715, mu=5.9438, theta=0.2643
Estimated global theta: 0.2643
(Estimated global pi: 0.7715, mu: 5.9438)
0.26430814869741054

Best theta: 2.64e-01 with ll=-400388.63
Final parameters: pi=0.7715, mu=5.9438, theta=0.2643
Estimated global theta: 0.2643
(Estimated global pi: 0.7715, mu: 5.9438)
0.26430814869741054

Best theta: 2.64e-01 with ll=-400388.63
Final parameters: pi=0.7715, mu=5.9438, theta=0.2643
Estimated global theta: 0.2643
(Estimated global pi: 0.7715, mu: 5.9438)
0.26430814869741054

Best theta: 2.64e-01 with ll=-400388.63
Final parameters: pi=0.7715, mu=5.9438, theta=0.2643
Estimated global theta: 0.2643
(Estimated global pi: 0.7715, mu: 5.9438)
0.26430814869741054

Best theta: 2.64e-01 with ll=-400388.63
Final parameters: pi=0.7715, mu=5.9438, theta=0.2643
Estimated global theta: 0.2643
(Estimated global pi: 0.7715, mu: 5.9438)
0.26430814869741054

Best theta: 2.64e-01 with ll=-400388.63
Final parameters: pi=0.7715, mu=5.9438, theta=0.2643
Estimated global theta: 0.2643
(Estimated global pi: 0.7715, mu: 5.9438)
0.26430814869741054

Best theta: 2.64e-01 with ll=-400388.63
Final parameters: pi=0.7715, mu=5.9438, theta=0.2643
Estimated global theta: 0.2643
(Estimated global pi: 0.7715, mu: 5.9438)
0.26430814869741054

Best theta: 2.64e-01 with ll=-400388.63
Final parameters: pi=0.7715, mu=5.9438, theta=0.2643
Estimated global theta: 0.2643
(Estimated global pi: 0.7715, mu: 5.9438)
0.26430814869741054

Best theta: 2.64e-01 with ll=-400388.63
Final parameters: pi=0.7715, mu=5.9438, theta=0.2643
Estimated global theta: 0.2643
(Estimated global pi: 0.7715, mu: 5.9438)
0.26430814869741054

Best theta: 2.64e-01 with ll=-400388.63
Final parameters: pi=0.7715, mu=5.9438, theta=0.2643
Estimated global theta: 0.2643
(Estimated global pi: 0.7715, mu: 5.9438)
0.26430814869741054

Best theta: 2.64e-01 with ll=-400388.63
Final parameters: pi=0.7715, mu=5.9438, theta=0.2643
Estimated global theta: 0.2643
(Estimated global pi: 0.7715, mu: 5.9438)
0.26430814869741054

Best theta: 2.64e-01 with ll=-400388.63
Final parameters: pi=0.7715, mu=5.9438, theta=0.2643
Estimated global theta: 0.2643
(Estimated global pi: 0.7715, mu: 5.9438)
0.26430814869741054

Best theta: 2.64e-01 with ll=-400388.63
Final parameters: pi=0.7715, mu=5.9438, theta=0.2643
Estimated global theta: 0.2643
(Estimated global pi: 0.7715, mu: 5.9438)
0.26430814869741054

Best theta: 2.64e-01 with ll=-400388.63
Final parameters: pi=0.7715, mu=5.9438, theta=0.2643
Estimated global theta: 0.2643
(Estimated global pi: 0.7715, mu: 5.9438)
0.26430814869741054

Best theta: 2.64e-01 with ll=-400388.63
Final parameters: pi=0.7715, mu=5.9438, theta=0.2643
Estimated global theta: 0.2643
(Estimated global pi: 0.7715, mu: 5.9438)
0.26430814869741054

Best theta: 2.64e-01 with ll=-400388.63
Final parameters: pi=0.7715, mu=5.9438, theta=0.2643
Estimated global theta: 0.2643
(Estimated global pi: 0.7715, mu: 5.9438)
0.26430814869741054

Best theta: 2.64e-01 with ll=-400388.63
Final parameters: pi=0.7715, mu=5.9438, theta=0.2643
Estimated global theta: 0.2643
(Estimated global pi: 0.7715, mu: 5.9438)
0.26430814869741054

Best theta: 2.64e-01 with ll=-400388.63
Final parameters: pi=0.7715, mu=5.9438, theta=0.2643
Estimated global theta: 0.2643
(Estimated global pi: 0.7715, mu: 5.9438)
0.26430814869741054

Best theta: 2.64e-01 with ll=-400388.63
Final parameters: pi=0.7715, mu=5.9438, theta=0.2643
Estimated global theta: 0.2643
(Estimated global pi: 0.7715, mu: 5.9438)
0.26430814869741054

Best theta: 2.64e-01 with ll=-400388.63
Final parameters: pi=0.7715, mu=5.9438, theta=0.2643
Estimated global theta: 0.2643
(Estimated global pi: 0.7715, mu: 5.9438)
0.26430814869741054

Best theta: 2.64e-01 with ll=-400388.63
Final parameters: pi=0.7715, mu=5.9438, theta=0.2643
Estimated global theta: 0.2643
(Estimated global pi: 0.7715, mu: 5.9438)
0.26430814869741054

Best theta: 2.64e-01 with ll=-400388.63
Final parameters: pi=0.7715, mu=5.9438, theta=0.2643
Estimated global theta: 0.2643
(Estimated global pi: 0.7715, mu: 5.9438)
0.26430814869741054

Best theta: 2.64e-01 with ll=-400388.63
Final parameters: pi=0.7715, mu=5.9438, theta=0.2643
Estimated global theta: 0.2643
(Estimated global pi: 0.7715, mu: 5.9438)
0.26430814869741054

Best theta: 2.64e-01 with ll=-400388.63
Final parameters: pi=0.7715, mu=5.9438, theta=0.2643
Estimated global theta: 0.2643
(Estimated global pi: 0.7715, mu: 5.9438)
0.26430814869741054

Best theta: 2.64e-01 with ll=-400388.63
Final parameters: pi=0.7715, mu=5.9438, theta=0.2643
Estimated global theta: 0.2643
(Estimated global pi: 0.7715, mu: 5.9438)
0.26430814869741054

Best theta: 2.64e-01 with ll=-400388.63
Final parameters: pi=0.7715, mu=5.9438, theta=0.2643
Estimated global theta: 0.2643
(Estimated global pi: 0.7715, mu: 5.9438)
0.26430814869741054

Processing dataset 3
  Points: 500194 | True CPs: 938
  Method ref ...
  Method v0 ...
  Method v1 ...

Best theta: 2.70e-01 with ll=-387858.09
Final parameters: pi=0.7791, mu=5.7457, theta=0.2705
Estimated global theta: 0.2705
(Estimated global pi: 0.7791, mu: 5.7457)
0.2704959730463135

Best theta: 2.70e-01 with ll=-387858.09
Final parameters: pi=0.7791, mu=5.7457, theta=0.2705
Estimated global theta: 0.2705
(Estimated global pi: 0.7791, mu: 5.7457)
0.2704959730463135

Best theta: 2.70e-01 with ll=-387858.09
Final parameters: pi=0.7791, mu=5.7457, theta=0.2705
Estimated global theta: 0.2705
(Estimated global pi: 0.7791, mu: 5.7457)
0.2704959730463135

Best theta: 2.70e-01 with ll=-387858.09
Final parameters: pi=0.7791, mu=5.7457, theta=0.2705
Estimated global theta: 0.2705
(Estimated global pi: 0.7791, mu: 5.7457)
0.2704959730463135

Best theta: 2.70e-01 with ll=-387858.09
Final parameters: pi=0.7791, mu=5.7457, theta=0.2705
Estimated global theta: 0.2705
(Estimated global pi: 0.7791, mu: 5.7457)
0.2704959730463135

Best theta: 2.70e-01 with ll=-387858.09
Final parameters: pi=0.7791, mu=5.7457, theta=0.2705
Estimated global theta: 0.2705
(Estimated global pi: 0.7791, mu: 5.7457)
0.2704959730463135

Best theta: 2.70e-01 with ll=-387858.09
Final parameters: pi=0.7791, mu=5.7457, theta=0.2705
Estimated global theta: 0.2705
(Estimated global pi: 0.7791, mu: 5.7457)
0.2704959730463135

Best theta: 2.70e-01 with ll=-387858.09
Final parameters: pi=0.7791, mu=5.7457, theta=0.2705
Estimated global theta: 0.2705
(Estimated global pi: 0.7791, mu: 5.7457)
0.2704959730463135

Best theta: 2.70e-01 with ll=-387858.09
Final parameters: pi=0.7791, mu=5.7457, theta=0.2705
Estimated global theta: 0.2705
(Estimated global pi: 0.7791, mu: 5.7457)
0.2704959730463135

Best theta: 2.70e-01 with ll=-387858.09
Final parameters: pi=0.7791, mu=5.7457, theta=0.2705
Estimated global theta: 0.2705
(Estimated global pi: 0.7791, mu: 5.7457)
0.2704959730463135

Best theta: 2.70e-01 with ll=-387858.09
Final parameters: pi=0.7791, mu=5.7457, theta=0.2705
Estimated global theta: 0.2705
(Estimated global pi: 0.7791, mu: 5.7457)
0.2704959730463135

Best theta: 2.70e-01 with ll=-387858.09
Final parameters: pi=0.7791, mu=5.7457, theta=0.2705
Estimated global theta: 0.2705
(Estimated global pi: 0.7791, mu: 5.7457)
0.2704959730463135

Best theta: 2.70e-01 with ll=-387858.09
Final parameters: pi=0.7791, mu=5.7457, theta=0.2705
Estimated global theta: 0.2705
(Estimated global pi: 0.7791, mu: 5.7457)
0.2704959730463135

Best theta: 2.70e-01 with ll=-387858.09
Final parameters: pi=0.7791, mu=5.7457, theta=0.2705
Estimated global theta: 0.2705
(Estimated global pi: 0.7791, mu: 5.7457)
0.2704959730463135

Best theta: 2.70e-01 with ll=-387858.09
Final parameters: pi=0.7791, mu=5.7457, theta=0.2705
Estimated global theta: 0.2705
(Estimated global pi: 0.7791, mu: 5.7457)
0.2704959730463135

Best theta: 2.70e-01 with ll=-387858.09
Final parameters: pi=0.7791, mu=5.7457, theta=0.2705
Estimated global theta: 0.2705
(Estimated global pi: 0.7791, mu: 5.7457)
0.2704959730463135

Best theta: 2.70e-01 with ll=-387858.09
Final parameters: pi=0.7791, mu=5.7457, theta=0.2705
Estimated global theta: 0.2705
(Estimated global pi: 0.7791, mu: 5.7457)
0.2704959730463135

Best theta: 2.70e-01 with ll=-387858.09
Final parameters: pi=0.7791, mu=5.7457, theta=0.2705
Estimated global theta: 0.2705
(Estimated global pi: 0.7791, mu: 5.7457)
0.2704959730463135

Best theta: 2.70e-01 with ll=-387858.09
Final parameters: pi=0.7791, mu=5.7457, theta=0.2705
Estimated global theta: 0.2705
(Estimated global pi: 0.7791, mu: 5.7457)
0.2704959730463135

Best theta: 2.70e-01 with ll=-387858.09
Final parameters: pi=0.7791, mu=5.7457, theta=0.2705
Estimated global theta: 0.2705
(Estimated global pi: 0.7791, mu: 5.7457)
0.2704959730463135

Best theta: 2.70e-01 with ll=-387858.09
Final parameters: pi=0.7791, mu=5.7457, theta=0.2705
Estimated global theta: 0.2705
(Estimated global pi: 0.7791, mu: 5.7457)
0.2704959730463135

Best theta: 2.70e-01 with ll=-387858.09
Final parameters: pi=0.7791, mu=5.7457, theta=0.2705
Estimated global theta: 0.2705
(Estimated global pi: 0.7791, mu: 5.7457)
0.2704959730463135

Best theta: 2.70e-01 with ll=-387858.09
Final parameters: pi=0.7791, mu=5.7457, theta=0.2705
Estimated global theta: 0.2705
(Estimated global pi: 0.7791, mu: 5.7457)
0.2704959730463135

Best theta: 2.70e-01 with ll=-387858.09
Final parameters: pi=0.7791, mu=5.7457, theta=0.2705
Estimated global theta: 0.2705
(Estimated global pi: 0.7791, mu: 5.7457)
0.2704959730463135

Best theta: 2.70e-01 with ll=-387858.09
Final parameters: pi=0.7791, mu=5.7457, theta=0.2705
Estimated global theta: 0.2705
(Estimated global pi: 0.7791, mu: 5.7457)
0.2704959730463135

Best theta: 2.70e-01 with ll=-387858.09
Final parameters: pi=0.7791, mu=5.7457, theta=0.2705
Estimated global theta: 0.2705
(Estimated global pi: 0.7791, mu: 5.7457)
0.2704959730463135

Best theta: 2.70e-01 with ll=-387858.09
Final parameters: pi=0.7791, mu=5.7457, theta=0.2705
Estimated global theta: 0.2705
(Estimated global pi: 0.7791, mu: 5.7457)
0.2704959730463135

Best theta: 2.70e-01 with ll=-387858.09
Final parameters: pi=0.7791, mu=5.7457, theta=0.2705
Estimated global theta: 0.2705
(Estimated global pi: 0.7791, mu: 5.7457)
0.2704959730463135

Best theta: 2.70e-01 with ll=-387858.09
Final parameters: pi=0.7791, mu=5.7457, theta=0.2705
Estimated global theta: 0.2705
(Estimated global pi: 0.7791, mu: 5.7457)
0.2704959730463135

Best theta: 2.70e-01 with ll=-387858.09
Final parameters: pi=0.7791, mu=5.7457, theta=0.2705
Estimated global theta: 0.2705
(Estimated global pi: 0.7791, mu: 5.7457)
0.2704959730463135

Best theta: 2.70e-01 with ll=-387858.09
Final parameters: pi=0.7791, mu=5.7457, theta=0.2705
Estimated global theta: 0.2705
(Estimated global pi: 0.7791, mu: 5.7457)
0.2704959730463135

Best theta: 2.70e-01 with ll=-387858.09
Final parameters: pi=0.7791, mu=5.7457, theta=0.2705
Estimated global theta: 0.2705
(Estimated global pi: 0.7791, mu: 5.7457)
0.2704959730463135

Best theta: 2.70e-01 with ll=-387858.09
Final parameters: pi=0.7791, mu=5.7457, theta=0.2705
Estimated global theta: 0.2705
(Estimated global pi: 0.7791, mu: 5.7457)
0.2704959730463135

Best theta: 2.70e-01 with ll=-387858.09
Final parameters: pi=0.7791, mu=5.7457, theta=0.2705
Estimated global theta: 0.2705
(Estimated global pi: 0.7791, mu: 5.7457)
0.2704959730463135

Best theta: 2.70e-01 with ll=-387858.09
Final parameters: pi=0.7791, mu=5.7457, theta=0.2705
Estimated global theta: 0.2705
(Estimated global pi: 0.7791, mu: 5.7457)
0.2704959730463135

Best theta: 2.70e-01 with ll=-387858.09
Final parameters: pi=0.7791, mu=5.7457, theta=0.2705
Estimated global theta: 0.2705
(Estimated global pi: 0.7791, mu: 5.7457)
0.2704959730463135

Best theta: 2.70e-01 with ll=-387858.09
Final parameters: pi=0.7791, mu=5.7457, theta=0.2705
Estimated global theta: 0.2705
(Estimated global pi: 0.7791, mu: 5.7457)
0.2704959730463135

Best theta: 2.70e-01 with ll=-387858.09
Final parameters: pi=0.7791, mu=5.7457, theta=0.2705
Estimated global theta: 0.2705
(Estimated global pi: 0.7791, mu: 5.7457)
0.2704959730463135

Best theta: 2.70e-01 with ll=-387858.09
Final parameters: pi=0.7791, mu=5.7457, theta=0.2705
Estimated global theta: 0.2705
(Estimated global pi: 0.7791, mu: 5.7457)
0.2704959730463135

Best theta: 2.70e-01 with ll=-387858.09
Final parameters: pi=0.7791, mu=5.7457, theta=0.2705
Estimated global theta: 0.2705
(Estimated global pi: 0.7791, mu: 5.7457)
0.2704959730463135

Best theta: 2.70e-01 with ll=-387858.09
Final parameters: pi=0.7791, mu=5.7457, theta=0.2705
Estimated global theta: 0.2705
(Estimated global pi: 0.7791, mu: 5.7457)
0.2704959730463135
  Method v2 ...

Best theta: 2.70e-01 with ll=-387858.09
Final parameters: pi=0.7791, mu=5.7457, theta=0.2705
Estimated global theta: 0.2705
(Estimated global pi: 0.7791, mu: 5.7457)
0.2704959730463135

Best theta: 2.70e-01 with ll=-387858.09
Final parameters: pi=0.7791, mu=5.7457, theta=0.2705
Estimated global theta: 0.2705
(Estimated global pi: 0.7791, mu: 5.7457)
0.2704959730463135

Best theta: 2.70e-01 with ll=-387858.09
Final parameters: pi=0.7791, mu=5.7457, theta=0.2705
Estimated global theta: 0.2705
(Estimated global pi: 0.7791, mu: 5.7457)
0.2704959730463135

Best theta: 2.70e-01 with ll=-387858.09
Final parameters: pi=0.7791, mu=5.7457, theta=0.2705
Estimated global theta: 0.2705
(Estimated global pi: 0.7791, mu: 5.7457)
0.2704959730463135

Best theta: 2.70e-01 with ll=-387858.09
Final parameters: pi=0.7791, mu=5.7457, theta=0.2705
Estimated global theta: 0.2705
(Estimated global pi: 0.7791, mu: 5.7457)
0.2704959730463135

Best theta: 2.70e-01 with ll=-387858.09
Final parameters: pi=0.7791, mu=5.7457, theta=0.2705
Estimated global theta: 0.2705
(Estimated global pi: 0.7791, mu: 5.7457)
0.2704959730463135

Best theta: 2.70e-01 with ll=-387858.09
Final parameters: pi=0.7791, mu=5.7457, theta=0.2705
Estimated global theta: 0.2705
(Estimated global pi: 0.7791, mu: 5.7457)
0.2704959730463135

Best theta: 2.70e-01 with ll=-387858.09
Final parameters: pi=0.7791, mu=5.7457, theta=0.2705
Estimated global theta: 0.2705
(Estimated global pi: 0.7791, mu: 5.7457)
0.2704959730463135

Best theta: 2.70e-01 with ll=-387858.09
Final parameters: pi=0.7791, mu=5.7457, theta=0.2705
Estimated global theta: 0.2705
(Estimated global pi: 0.7791, mu: 5.7457)
0.2704959730463135

Best theta: 2.70e-01 with ll=-387858.09
Final parameters: pi=0.7791, mu=5.7457, theta=0.2705
Estimated global theta: 0.2705
(Estimated global pi: 0.7791, mu: 5.7457)
0.2704959730463135

Best theta: 2.70e-01 with ll=-387858.09
Final parameters: pi=0.7791, mu=5.7457, theta=0.2705
Estimated global theta: 0.2705
(Estimated global pi: 0.7791, mu: 5.7457)
0.2704959730463135

Best theta: 2.70e-01 with ll=-387858.09
Final parameters: pi=0.7791, mu=5.7457, theta=0.2705
Estimated global theta: 0.2705
(Estimated global pi: 0.7791, mu: 5.7457)
0.2704959730463135

Best theta: 2.70e-01 with ll=-387858.09
Final parameters: pi=0.7791, mu=5.7457, theta=0.2705
Estimated global theta: 0.2705
(Estimated global pi: 0.7791, mu: 5.7457)
0.2704959730463135

Best theta: 2.70e-01 with ll=-387858.09
Final parameters: pi=0.7791, mu=5.7457, theta=0.2705
Estimated global theta: 0.2705
(Estimated global pi: 0.7791, mu: 5.7457)
0.2704959730463135

Best theta: 2.70e-01 with ll=-387858.09
Final parameters: pi=0.7791, mu=5.7457, theta=0.2705
Estimated global theta: 0.2705
(Estimated global pi: 0.7791, mu: 5.7457)
0.2704959730463135

Best theta: 2.70e-01 with ll=-387858.09
Final parameters: pi=0.7791, mu=5.7457, theta=0.2705
Estimated global theta: 0.2705
(Estimated global pi: 0.7791, mu: 5.7457)
0.2704959730463135

Best theta: 2.70e-01 with ll=-387858.09
Final parameters: pi=0.7791, mu=5.7457, theta=0.2705
Estimated global theta: 0.2705
(Estimated global pi: 0.7791, mu: 5.7457)
0.2704959730463135

Best theta: 2.70e-01 with ll=-387858.09
Final parameters: pi=0.7791, mu=5.7457, theta=0.2705
Estimated global theta: 0.2705
(Estimated global pi: 0.7791, mu: 5.7457)
0.2704959730463135

Best theta: 2.70e-01 with ll=-387858.09
Final parameters: pi=0.7791, mu=5.7457, theta=0.2705
Estimated global theta: 0.2705
(Estimated global pi: 0.7791, mu: 5.7457)
0.2704959730463135

Best theta: 2.70e-01 with ll=-387858.09
Final parameters: pi=0.7791, mu=5.7457, theta=0.2705
Estimated global theta: 0.2705
(Estimated global pi: 0.7791, mu: 5.7457)
0.2704959730463135

Best theta: 2.70e-01 with ll=-387858.09
Final parameters: pi=0.7791, mu=5.7457, theta=0.2705
Estimated global theta: 0.2705
(Estimated global pi: 0.7791, mu: 5.7457)
0.2704959730463135

Best theta: 2.70e-01 with ll=-387858.09
Final parameters: pi=0.7791, mu=5.7457, theta=0.2705
Estimated global theta: 0.2705
(Estimated global pi: 0.7791, mu: 5.7457)
0.2704959730463135

Best theta: 2.70e-01 with ll=-387858.09
Final parameters: pi=0.7791, mu=5.7457, theta=0.2705
Estimated global theta: 0.2705
(Estimated global pi: 0.7791, mu: 5.7457)
0.2704959730463135

Best theta: 2.70e-01 with ll=-387858.09
Final parameters: pi=0.7791, mu=5.7457, theta=0.2705
Estimated global theta: 0.2705
(Estimated global pi: 0.7791, mu: 5.7457)
0.2704959730463135

Best theta: 2.70e-01 with ll=-387858.09
Final parameters: pi=0.7791, mu=5.7457, theta=0.2705
Estimated global theta: 0.2705
(Estimated global pi: 0.7791, mu: 5.7457)
0.2704959730463135

Best theta: 2.70e-01 with ll=-387858.09
Final parameters: pi=0.7791, mu=5.7457, theta=0.2705
Estimated global theta: 0.2705
(Estimated global pi: 0.7791, mu: 5.7457)
0.2704959730463135

Best theta: 2.70e-01 with ll=-387858.09
Final parameters: pi=0.7791, mu=5.7457, theta=0.2705
Estimated global theta: 0.2705
(Estimated global pi: 0.7791, mu: 5.7457)
0.2704959730463135

Best theta: 2.70e-01 with ll=-387858.09
Final parameters: pi=0.7791, mu=5.7457, theta=0.2705
Estimated global theta: 0.2705
(Estimated global pi: 0.7791, mu: 5.7457)
0.2704959730463135

Best theta: 2.70e-01 with ll=-387858.09
Final parameters: pi=0.7791, mu=5.7457, theta=0.2705
Estimated global theta: 0.2705
(Estimated global pi: 0.7791, mu: 5.7457)
0.2704959730463135

Best theta: 2.70e-01 with ll=-387858.09
Final parameters: pi=0.7791, mu=5.7457, theta=0.2705
Estimated global theta: 0.2705
(Estimated global pi: 0.7791, mu: 5.7457)
0.2704959730463135

Best theta: 2.70e-01 with ll=-387858.09
Final parameters: pi=0.7791, mu=5.7457, theta=0.2705
Estimated global theta: 0.2705
(Estimated global pi: 0.7791, mu: 5.7457)
0.2704959730463135

Best theta: 2.70e-01 with ll=-387858.09
Final parameters: pi=0.7791, mu=5.7457, theta=0.2705
Estimated global theta: 0.2705
(Estimated global pi: 0.7791, mu: 5.7457)
0.2704959730463135

Best theta: 2.70e-01 with ll=-387858.09
Final parameters: pi=0.7791, mu=5.7457, theta=0.2705
Estimated global theta: 0.2705
(Estimated global pi: 0.7791, mu: 5.7457)
0.2704959730463135

Best theta: 2.70e-01 with ll=-387858.09
Final parameters: pi=0.7791, mu=5.7457, theta=0.2705
Estimated global theta: 0.2705
(Estimated global pi: 0.7791, mu: 5.7457)
0.2704959730463135

Best theta: 2.70e-01 with ll=-387858.09
Final parameters: pi=0.7791, mu=5.7457, theta=0.2705
Estimated global theta: 0.2705
(Estimated global pi: 0.7791, mu: 5.7457)
0.2704959730463135

Best theta: 2.70e-01 with ll=-387858.09
Final parameters: pi=0.7791, mu=5.7457, theta=0.2705
Estimated global theta: 0.2705
(Estimated global pi: 0.7791, mu: 5.7457)
0.2704959730463135

Best theta: 2.70e-01 with ll=-387858.09
Final parameters: pi=0.7791, mu=5.7457, theta=0.2705
Estimated global theta: 0.2705
(Estimated global pi: 0.7791, mu: 5.7457)
0.2704959730463135

Best theta: 2.70e-01 with ll=-387858.09
Final parameters: pi=0.7791, mu=5.7457, theta=0.2705
Estimated global theta: 0.2705
(Estimated global pi: 0.7791, mu: 5.7457)
0.2704959730463135

Best theta: 2.70e-01 with ll=-387858.09
Final parameters: pi=0.7791, mu=5.7457, theta=0.2705
Estimated global theta: 0.2705
(Estimated global pi: 0.7791, mu: 5.7457)
0.2704959730463135

Best theta: 2.70e-01 with ll=-387858.09
Final parameters: pi=0.7791, mu=5.7457, theta=0.2705
Estimated global theta: 0.2705
(Estimated global pi: 0.7791, mu: 5.7457)
0.2704959730463135

Best theta: 2.70e-01 with ll=-387858.09
Final parameters: pi=0.7791, mu=5.7457, theta=0.2705
Estimated global theta: 0.2705
(Estimated global pi: 0.7791, mu: 5.7457)
0.2704959730463135

Processing dataset 4
  Points: 500253 | True CPs: 957
  Method ref ...
  Method v0 ...
  Method v1 ...

Best theta: 2.97e-01 with ll=-389683.18
Final parameters: pi=0.7897, mu=6.0973, theta=0.2967
Estimated global theta: 0.2967
(Estimated global pi: 0.7897, mu: 6.0973)
0.29673024081888694

Best theta: 2.97e-01 with ll=-389683.18
Final parameters: pi=0.7897, mu=6.0973, theta=0.2967
Estimated global theta: 0.2967
(Estimated global pi: 0.7897, mu: 6.0973)
0.29673024081888694

Best theta: 2.97e-01 with ll=-389683.18
Final parameters: pi=0.7897, mu=6.0973, theta=0.2967
Estimated global theta: 0.2967
(Estimated global pi: 0.7897, mu: 6.0973)
0.29673024081888694

Best theta: 2.97e-01 with ll=-389683.18
Final parameters: pi=0.7897, mu=6.0973, theta=0.2967
Estimated global theta: 0.2967
(Estimated global pi: 0.7897, mu: 6.0973)
0.29673024081888694

Best theta: 2.97e-01 with ll=-389683.18
Final parameters: pi=0.7897, mu=6.0973, theta=0.2967
Estimated global theta: 0.2967
(Estimated global pi: 0.7897, mu: 6.0973)
0.29673024081888694

Best theta: 2.97e-01 with ll=-389683.18
Final parameters: pi=0.7897, mu=6.0973, theta=0.2967
Estimated global theta: 0.2967
(Estimated global pi: 0.7897, mu: 6.0973)
0.29673024081888694

Best theta: 2.97e-01 with ll=-389683.18
Final parameters: pi=0.7897, mu=6.0973, theta=0.2967
Estimated global theta: 0.2967
(Estimated global pi: 0.7897, mu: 6.0973)
0.29673024081888694

Best theta: 2.97e-01 with ll=-389683.18
Final parameters: pi=0.7897, mu=6.0973, theta=0.2967
Estimated global theta: 0.2967
(Estimated global pi: 0.7897, mu: 6.0973)
0.29673024081888694

Best theta: 2.97e-01 with ll=-389683.18
Final parameters: pi=0.7897, mu=6.0973, theta=0.2967
Estimated global theta: 0.2967
(Estimated global pi: 0.7897, mu: 6.0973)
0.29673024081888694

Best theta: 2.97e-01 with ll=-389683.18
Final parameters: pi=0.7897, mu=6.0973, theta=0.2967
Estimated global theta: 0.2967
(Estimated global pi: 0.7897, mu: 6.0973)
0.29673024081888694

Best theta: 2.97e-01 with ll=-389683.18
Final parameters: pi=0.7897, mu=6.0973, theta=0.2967
Estimated global theta: 0.2967
(Estimated global pi: 0.7897, mu: 6.0973)
0.29673024081888694

Best theta: 2.97e-01 with ll=-389683.18
Final parameters: pi=0.7897, mu=6.0973, theta=0.2967
Estimated global theta: 0.2967
(Estimated global pi: 0.7897, mu: 6.0973)
0.29673024081888694

Best theta: 2.97e-01 with ll=-389683.18
Final parameters: pi=0.7897, mu=6.0973, theta=0.2967
Estimated global theta: 0.2967
(Estimated global pi: 0.7897, mu: 6.0973)
0.29673024081888694

Best theta: 2.97e-01 with ll=-389683.18
Final parameters: pi=0.7897, mu=6.0973, theta=0.2967
Estimated global theta: 0.2967
(Estimated global pi: 0.7897, mu: 6.0973)
0.29673024081888694

Best theta: 2.97e-01 with ll=-389683.18
Final parameters: pi=0.7897, mu=6.0973, theta=0.2967
Estimated global theta: 0.2967
(Estimated global pi: 0.7897, mu: 6.0973)
0.29673024081888694

Best theta: 2.97e-01 with ll=-389683.18
Final parameters: pi=0.7897, mu=6.0973, theta=0.2967
Estimated global theta: 0.2967
(Estimated global pi: 0.7897, mu: 6.0973)
0.29673024081888694

Best theta: 2.97e-01 with ll=-389683.18
Final parameters: pi=0.7897, mu=6.0973, theta=0.2967
Estimated global theta: 0.2967
(Estimated global pi: 0.7897, mu: 6.0973)
0.29673024081888694

Best theta: 2.97e-01 with ll=-389683.18
Final parameters: pi=0.7897, mu=6.0973, theta=0.2967
Estimated global theta: 0.2967
(Estimated global pi: 0.7897, mu: 6.0973)
0.29673024081888694

Best theta: 2.97e-01 with ll=-389683.18
Final parameters: pi=0.7897, mu=6.0973, theta=0.2967
Estimated global theta: 0.2967
(Estimated global pi: 0.7897, mu: 6.0973)
0.29673024081888694

Best theta: 2.97e-01 with ll=-389683.18
Final parameters: pi=0.7897, mu=6.0973, theta=0.2967
Estimated global theta: 0.2967
(Estimated global pi: 0.7897, mu: 6.0973)
0.29673024081888694

Best theta: 2.97e-01 with ll=-389683.18
Final parameters: pi=0.7897, mu=6.0973, theta=0.2967
Estimated global theta: 0.2967
(Estimated global pi: 0.7897, mu: 6.0973)
0.29673024081888694

Best theta: 2.97e-01 with ll=-389683.18
Final parameters: pi=0.7897, mu=6.0973, theta=0.2967
Estimated global theta: 0.2967
(Estimated global pi: 0.7897, mu: 6.0973)
0.29673024081888694

Best theta: 2.97e-01 with ll=-389683.18
Final parameters: pi=0.7897, mu=6.0973, theta=0.2967
Estimated global theta: 0.2967
(Estimated global pi: 0.7897, mu: 6.0973)
0.29673024081888694

Best theta: 2.97e-01 with ll=-389683.18
Final parameters: pi=0.7897, mu=6.0973, theta=0.2967
Estimated global theta: 0.2967
(Estimated global pi: 0.7897, mu: 6.0973)
0.29673024081888694

Best theta: 2.97e-01 with ll=-389683.18
Final parameters: pi=0.7897, mu=6.0973, theta=0.2967
Estimated global theta: 0.2967
(Estimated global pi: 0.7897, mu: 6.0973)
0.29673024081888694

Best theta: 2.97e-01 with ll=-389683.18
Final parameters: pi=0.7897, mu=6.0973, theta=0.2967
Estimated global theta: 0.2967
(Estimated global pi: 0.7897, mu: 6.0973)
0.29673024081888694

Best theta: 2.97e-01 with ll=-389683.18
Final parameters: pi=0.7897, mu=6.0973, theta=0.2967
Estimated global theta: 0.2967
(Estimated global pi: 0.7897, mu: 6.0973)
0.29673024081888694

Best theta: 2.97e-01 with ll=-389683.18
Final parameters: pi=0.7897, mu=6.0973, theta=0.2967
Estimated global theta: 0.2967
(Estimated global pi: 0.7897, mu: 6.0973)
0.29673024081888694

Best theta: 2.97e-01 with ll=-389683.18
Final parameters: pi=0.7897, mu=6.0973, theta=0.2967
Estimated global theta: 0.2967
(Estimated global pi: 0.7897, mu: 6.0973)
0.29673024081888694

Best theta: 2.97e-01 with ll=-389683.18
Final parameters: pi=0.7897, mu=6.0973, theta=0.2967
Estimated global theta: 0.2967
(Estimated global pi: 0.7897, mu: 6.0973)
0.29673024081888694

Best theta: 2.97e-01 with ll=-389683.18
Final parameters: pi=0.7897, mu=6.0973, theta=0.2967
Estimated global theta: 0.2967
(Estimated global pi: 0.7897, mu: 6.0973)
0.29673024081888694

Best theta: 2.97e-01 with ll=-389683.18
Final parameters: pi=0.7897, mu=6.0973, theta=0.2967
Estimated global theta: 0.2967
(Estimated global pi: 0.7897, mu: 6.0973)
0.29673024081888694

Best theta: 2.97e-01 with ll=-389683.18
Final parameters: pi=0.7897, mu=6.0973, theta=0.2967
Estimated global theta: 0.2967
(Estimated global pi: 0.7897, mu: 6.0973)
0.29673024081888694

Best theta: 2.97e-01 with ll=-389683.18
Final parameters: pi=0.7897, mu=6.0973, theta=0.2967
Estimated global theta: 0.2967
(Estimated global pi: 0.7897, mu: 6.0973)
0.29673024081888694

Best theta: 2.97e-01 with ll=-389683.18
Final parameters: pi=0.7897, mu=6.0973, theta=0.2967
Estimated global theta: 0.2967
(Estimated global pi: 0.7897, mu: 6.0973)
0.29673024081888694

Best theta: 2.97e-01 with ll=-389683.18
Final parameters: pi=0.7897, mu=6.0973, theta=0.2967
Estimated global theta: 0.2967
(Estimated global pi: 0.7897, mu: 6.0973)
0.29673024081888694

Best theta: 2.97e-01 with ll=-389683.18
Final parameters: pi=0.7897, mu=6.0973, theta=0.2967
Estimated global theta: 0.2967
(Estimated global pi: 0.7897, mu: 6.0973)
0.29673024081888694

Best theta: 2.97e-01 with ll=-389683.18
Final parameters: pi=0.7897, mu=6.0973, theta=0.2967
Estimated global theta: 0.2967
(Estimated global pi: 0.7897, mu: 6.0973)
0.29673024081888694

Best theta: 2.97e-01 with ll=-389683.18
Final parameters: pi=0.7897, mu=6.0973, theta=0.2967
Estimated global theta: 0.2967
(Estimated global pi: 0.7897, mu: 6.0973)
0.29673024081888694

Best theta: 2.97e-01 with ll=-389683.18
Final parameters: pi=0.7897, mu=6.0973, theta=0.2967
Estimated global theta: 0.2967
(Estimated global pi: 0.7897, mu: 6.0973)
0.29673024081888694

Best theta: 2.97e-01 with ll=-389683.18
Final parameters: pi=0.7897, mu=6.0973, theta=0.2967
Estimated global theta: 0.2967
(Estimated global pi: 0.7897, mu: 6.0973)
0.29673024081888694
  Method v2 ...

Best theta: 2.97e-01 with ll=-389683.18
Final parameters: pi=0.7897, mu=6.0973, theta=0.2967
Estimated global theta: 0.2967
(Estimated global pi: 0.7897, mu: 6.0973)
0.29673024081888694

Best theta: 2.97e-01 with ll=-389683.18
Final parameters: pi=0.7897, mu=6.0973, theta=0.2967
Estimated global theta: 0.2967
(Estimated global pi: 0.7897, mu: 6.0973)
0.29673024081888694

Best theta: 2.97e-01 with ll=-389683.18
Final parameters: pi=0.7897, mu=6.0973, theta=0.2967
Estimated global theta: 0.2967
(Estimated global pi: 0.7897, mu: 6.0973)
0.29673024081888694

Best theta: 2.97e-01 with ll=-389683.18
Final parameters: pi=0.7897, mu=6.0973, theta=0.2967
Estimated global theta: 0.2967
(Estimated global pi: 0.7897, mu: 6.0973)
0.29673024081888694

Best theta: 2.97e-01 with ll=-389683.18
Final parameters: pi=0.7897, mu=6.0973, theta=0.2967
Estimated global theta: 0.2967
(Estimated global pi: 0.7897, mu: 6.0973)
0.29673024081888694

Best theta: 2.97e-01 with ll=-389683.18
Final parameters: pi=0.7897, mu=6.0973, theta=0.2967
Estimated global theta: 0.2967
(Estimated global pi: 0.7897, mu: 6.0973)
0.29673024081888694

Best theta: 2.97e-01 with ll=-389683.18
Final parameters: pi=0.7897, mu=6.0973, theta=0.2967
Estimated global theta: 0.2967
(Estimated global pi: 0.7897, mu: 6.0973)
0.29673024081888694

Best theta: 2.97e-01 with ll=-389683.18
Final parameters: pi=0.7897, mu=6.0973, theta=0.2967
Estimated global theta: 0.2967
(Estimated global pi: 0.7897, mu: 6.0973)
0.29673024081888694

Best theta: 2.97e-01 with ll=-389683.18
Final parameters: pi=0.7897, mu=6.0973, theta=0.2967
Estimated global theta: 0.2967
(Estimated global pi: 0.7897, mu: 6.0973)
0.29673024081888694

Best theta: 2.97e-01 with ll=-389683.18
Final parameters: pi=0.7897, mu=6.0973, theta=0.2967
Estimated global theta: 0.2967
(Estimated global pi: 0.7897, mu: 6.0973)
0.29673024081888694

Best theta: 2.97e-01 with ll=-389683.18
Final parameters: pi=0.7897, mu=6.0973, theta=0.2967
Estimated global theta: 0.2967
(Estimated global pi: 0.7897, mu: 6.0973)
0.29673024081888694

Best theta: 2.97e-01 with ll=-389683.18
Final parameters: pi=0.7897, mu=6.0973, theta=0.2967
Estimated global theta: 0.2967
(Estimated global pi: 0.7897, mu: 6.0973)
0.29673024081888694

Best theta: 2.97e-01 with ll=-389683.18
Final parameters: pi=0.7897, mu=6.0973, theta=0.2967
Estimated global theta: 0.2967
(Estimated global pi: 0.7897, mu: 6.0973)
0.29673024081888694

Best theta: 2.97e-01 with ll=-389683.18
Final parameters: pi=0.7897, mu=6.0973, theta=0.2967
Estimated global theta: 0.2967
(Estimated global pi: 0.7897, mu: 6.0973)
0.29673024081888694

Best theta: 2.97e-01 with ll=-389683.18
Final parameters: pi=0.7897, mu=6.0973, theta=0.2967
Estimated global theta: 0.2967
(Estimated global pi: 0.7897, mu: 6.0973)
0.29673024081888694

Best theta: 2.97e-01 with ll=-389683.18
Final parameters: pi=0.7897, mu=6.0973, theta=0.2967
Estimated global theta: 0.2967
(Estimated global pi: 0.7897, mu: 6.0973)
0.29673024081888694

Best theta: 2.97e-01 with ll=-389683.18
Final parameters: pi=0.7897, mu=6.0973, theta=0.2967
Estimated global theta: 0.2967
(Estimated global pi: 0.7897, mu: 6.0973)
0.29673024081888694

Best theta: 2.97e-01 with ll=-389683.18
Final parameters: pi=0.7897, mu=6.0973, theta=0.2967
Estimated global theta: 0.2967
(Estimated global pi: 0.7897, mu: 6.0973)
0.29673024081888694

Best theta: 2.97e-01 with ll=-389683.18
Final parameters: pi=0.7897, mu=6.0973, theta=0.2967
Estimated global theta: 0.2967
(Estimated global pi: 0.7897, mu: 6.0973)
0.29673024081888694

Best theta: 2.97e-01 with ll=-389683.18
Final parameters: pi=0.7897, mu=6.0973, theta=0.2967
Estimated global theta: 0.2967
(Estimated global pi: 0.7897, mu: 6.0973)
0.29673024081888694

Best theta: 2.97e-01 with ll=-389683.18
Final parameters: pi=0.7897, mu=6.0973, theta=0.2967
Estimated global theta: 0.2967
(Estimated global pi: 0.7897, mu: 6.0973)
0.29673024081888694

Best theta: 2.97e-01 with ll=-389683.18
Final parameters: pi=0.7897, mu=6.0973, theta=0.2967
Estimated global theta: 0.2967
(Estimated global pi: 0.7897, mu: 6.0973)
0.29673024081888694

Best theta: 2.97e-01 with ll=-389683.18
Final parameters: pi=0.7897, mu=6.0973, theta=0.2967
Estimated global theta: 0.2967
(Estimated global pi: 0.7897, mu: 6.0973)
0.29673024081888694

Best theta: 2.97e-01 with ll=-389683.18
Final parameters: pi=0.7897, mu=6.0973, theta=0.2967
Estimated global theta: 0.2967
(Estimated global pi: 0.7897, mu: 6.0973)
0.29673024081888694

Best theta: 2.97e-01 with ll=-389683.18
Final parameters: pi=0.7897, mu=6.0973, theta=0.2967
Estimated global theta: 0.2967
(Estimated global pi: 0.7897, mu: 6.0973)
0.29673024081888694

Best theta: 2.97e-01 with ll=-389683.18
Final parameters: pi=0.7897, mu=6.0973, theta=0.2967
Estimated global theta: 0.2967
(Estimated global pi: 0.7897, mu: 6.0973)
0.29673024081888694

Best theta: 2.97e-01 with ll=-389683.18
Final parameters: pi=0.7897, mu=6.0973, theta=0.2967
Estimated global theta: 0.2967
(Estimated global pi: 0.7897, mu: 6.0973)
0.29673024081888694

Best theta: 2.97e-01 with ll=-389683.18
Final parameters: pi=0.7897, mu=6.0973, theta=0.2967
Estimated global theta: 0.2967
(Estimated global pi: 0.7897, mu: 6.0973)
0.29673024081888694

Best theta: 2.97e-01 with ll=-389683.18
Final parameters: pi=0.7897, mu=6.0973, theta=0.2967
Estimated global theta: 0.2967
(Estimated global pi: 0.7897, mu: 6.0973)
0.29673024081888694

Best theta: 2.97e-01 with ll=-389683.18
Final parameters: pi=0.7897, mu=6.0973, theta=0.2967
Estimated global theta: 0.2967
(Estimated global pi: 0.7897, mu: 6.0973)
0.29673024081888694

Best theta: 2.97e-01 with ll=-389683.18
Final parameters: pi=0.7897, mu=6.0973, theta=0.2967
Estimated global theta: 0.2967
(Estimated global pi: 0.7897, mu: 6.0973)
0.29673024081888694

Best theta: 2.97e-01 with ll=-389683.18
Final parameters: pi=0.7897, mu=6.0973, theta=0.2967
Estimated global theta: 0.2967
(Estimated global pi: 0.7897, mu: 6.0973)
0.29673024081888694

Best theta: 2.97e-01 with ll=-389683.18
Final parameters: pi=0.7897, mu=6.0973, theta=0.2967
Estimated global theta: 0.2967
(Estimated global pi: 0.7897, mu: 6.0973)
0.29673024081888694

Best theta: 2.97e-01 with ll=-389683.18
Final parameters: pi=0.7897, mu=6.0973, theta=0.2967
Estimated global theta: 0.2967
(Estimated global pi: 0.7897, mu: 6.0973)
0.29673024081888694

Best theta: 2.97e-01 with ll=-389683.18
Final parameters: pi=0.7897, mu=6.0973, theta=0.2967
Estimated global theta: 0.2967
(Estimated global pi: 0.7897, mu: 6.0973)
0.29673024081888694

Best theta: 2.97e-01 with ll=-389683.18
Final parameters: pi=0.7897, mu=6.0973, theta=0.2967
Estimated global theta: 0.2967
(Estimated global pi: 0.7897, mu: 6.0973)
0.29673024081888694

Best theta: 2.97e-01 with ll=-389683.18
Final parameters: pi=0.7897, mu=6.0973, theta=0.2967
Estimated global theta: 0.2967
(Estimated global pi: 0.7897, mu: 6.0973)
0.29673024081888694

Best theta: 2.97e-01 with ll=-389683.18
Final parameters: pi=0.7897, mu=6.0973, theta=0.2967
Estimated global theta: 0.2967
(Estimated global pi: 0.7897, mu: 6.0973)
0.29673024081888694

Best theta: 2.97e-01 with ll=-389683.18
Final parameters: pi=0.7897, mu=6.0973, theta=0.2967
Estimated global theta: 0.2967
(Estimated global pi: 0.7897, mu: 6.0973)
0.29673024081888694

Best theta: 2.97e-01 with ll=-389683.18
Final parameters: pi=0.7897, mu=6.0973, theta=0.2967
Estimated global theta: 0.2967
(Estimated global pi: 0.7897, mu: 6.0973)
0.29673024081888694

Best theta: 2.97e-01 with ll=-389683.18
Final parameters: pi=0.7897, mu=6.0973, theta=0.2967
Estimated global theta: 0.2967
(Estimated global pi: 0.7897, mu: 6.0973)
0.29673024081888694

Processing dataset 5
  Points: 500160 | True CPs: 963
  Method ref ...
  Method v0 ...
  Method v1 ...

Best theta: 2.67e-01 with ll=-378793.26
Final parameters: pi=0.7809, mu=5.4909, theta=0.2674
Estimated global theta: 0.2674
(Estimated global pi: 0.7809, mu: 5.4909)
0.26738416158399464

Best theta: 2.67e-01 with ll=-378793.26
Final parameters: pi=0.7809, mu=5.4909, theta=0.2674
Estimated global theta: 0.2674
(Estimated global pi: 0.7809, mu: 5.4909)
0.26738416158399464

Best theta: 2.67e-01 with ll=-378793.26
Final parameters: pi=0.7809, mu=5.4909, theta=0.2674
Estimated global theta: 0.2674
(Estimated global pi: 0.7809, mu: 5.4909)
0.26738416158399464

Best theta: 2.67e-01 with ll=-378793.26
Final parameters: pi=0.7809, mu=5.4909, theta=0.2674
Estimated global theta: 0.2674
(Estimated global pi: 0.7809, mu: 5.4909)
0.26738416158399464

Best theta: 2.67e-01 with ll=-378793.26
Final parameters: pi=0.7809, mu=5.4909, theta=0.2674
Estimated global theta: 0.2674
(Estimated global pi: 0.7809, mu: 5.4909)
0.26738416158399464

Best theta: 2.67e-01 with ll=-378793.26
Final parameters: pi=0.7809, mu=5.4909, theta=0.2674
Estimated global theta: 0.2674
(Estimated global pi: 0.7809, mu: 5.4909)
0.26738416158399464

Best theta: 2.67e-01 with ll=-378793.26
Final parameters: pi=0.7809, mu=5.4909, theta=0.2674
Estimated global theta: 0.2674
(Estimated global pi: 0.7809, mu: 5.4909)
0.26738416158399464

Best theta: 2.67e-01 with ll=-378793.26
Final parameters: pi=0.7809, mu=5.4909, theta=0.2674
Estimated global theta: 0.2674
(Estimated global pi: 0.7809, mu: 5.4909)
0.26738416158399464

Best theta: 2.67e-01 with ll=-378793.26
Final parameters: pi=0.7809, mu=5.4909, theta=0.2674
Estimated global theta: 0.2674
(Estimated global pi: 0.7809, mu: 5.4909)
0.26738416158399464

Best theta: 2.67e-01 with ll=-378793.26
Final parameters: pi=0.7809, mu=5.4909, theta=0.2674
Estimated global theta: 0.2674
(Estimated global pi: 0.7809, mu: 5.4909)
0.26738416158399464

Best theta: 2.67e-01 with ll=-378793.26
Final parameters: pi=0.7809, mu=5.4909, theta=0.2674
Estimated global theta: 0.2674
(Estimated global pi: 0.7809, mu: 5.4909)
0.26738416158399464

Best theta: 2.67e-01 with ll=-378793.26
Final parameters: pi=0.7809, mu=5.4909, theta=0.2674
Estimated global theta: 0.2674
(Estimated global pi: 0.7809, mu: 5.4909)
0.26738416158399464

Best theta: 2.67e-01 with ll=-378793.26
Final parameters: pi=0.7809, mu=5.4909, theta=0.2674
Estimated global theta: 0.2674
(Estimated global pi: 0.7809, mu: 5.4909)
0.26738416158399464

Best theta: 2.67e-01 with ll=-378793.26
Final parameters: pi=0.7809, mu=5.4909, theta=0.2674
Estimated global theta: 0.2674
(Estimated global pi: 0.7809, mu: 5.4909)
0.26738416158399464

Best theta: 2.67e-01 with ll=-378793.26
Final parameters: pi=0.7809, mu=5.4909, theta=0.2674
Estimated global theta: 0.2674
(Estimated global pi: 0.7809, mu: 5.4909)
0.26738416158399464

Best theta: 2.67e-01 with ll=-378793.26
Final parameters: pi=0.7809, mu=5.4909, theta=0.2674
Estimated global theta: 0.2674
(Estimated global pi: 0.7809, mu: 5.4909)
0.26738416158399464

Best theta: 2.67e-01 with ll=-378793.26
Final parameters: pi=0.7809, mu=5.4909, theta=0.2674
Estimated global theta: 0.2674
(Estimated global pi: 0.7809, mu: 5.4909)
0.26738416158399464

Best theta: 2.67e-01 with ll=-378793.26
Final parameters: pi=0.7809, mu=5.4909, theta=0.2674
Estimated global theta: 0.2674
(Estimated global pi: 0.7809, mu: 5.4909)
0.26738416158399464

Best theta: 2.67e-01 with ll=-378793.26
Final parameters: pi=0.7809, mu=5.4909, theta=0.2674
Estimated global theta: 0.2674
(Estimated global pi: 0.7809, mu: 5.4909)
0.26738416158399464

Best theta: 2.67e-01 with ll=-378793.26
Final parameters: pi=0.7809, mu=5.4909, theta=0.2674
Estimated global theta: 0.2674
(Estimated global pi: 0.7809, mu: 5.4909)
0.26738416158399464

Best theta: 2.67e-01 with ll=-378793.26
Final parameters: pi=0.7809, mu=5.4909, theta=0.2674
Estimated global theta: 0.2674
(Estimated global pi: 0.7809, mu: 5.4909)
0.26738416158399464

Best theta: 2.67e-01 with ll=-378793.26
Final parameters: pi=0.7809, mu=5.4909, theta=0.2674
Estimated global theta: 0.2674
(Estimated global pi: 0.7809, mu: 5.4909)
0.26738416158399464

Best theta: 2.67e-01 with ll=-378793.26
Final parameters: pi=0.7809, mu=5.4909, theta=0.2674
Estimated global theta: 0.2674
(Estimated global pi: 0.7809, mu: 5.4909)
0.26738416158399464

Best theta: 2.67e-01 with ll=-378793.26
Final parameters: pi=0.7809, mu=5.4909, theta=0.2674
Estimated global theta: 0.2674
(Estimated global pi: 0.7809, mu: 5.4909)
0.26738416158399464

Best theta: 2.67e-01 with ll=-378793.26
Final parameters: pi=0.7809, mu=5.4909, theta=0.2674
Estimated global theta: 0.2674
(Estimated global pi: 0.7809, mu: 5.4909)
0.26738416158399464

Best theta: 2.67e-01 with ll=-378793.26
Final parameters: pi=0.7809, mu=5.4909, theta=0.2674
Estimated global theta: 0.2674
(Estimated global pi: 0.7809, mu: 5.4909)
0.26738416158399464

Best theta: 2.67e-01 with ll=-378793.26
Final parameters: pi=0.7809, mu=5.4909, theta=0.2674
Estimated global theta: 0.2674
(Estimated global pi: 0.7809, mu: 5.4909)
0.26738416158399464

Best theta: 2.67e-01 with ll=-378793.26
Final parameters: pi=0.7809, mu=5.4909, theta=0.2674
Estimated global theta: 0.2674
(Estimated global pi: 0.7809, mu: 5.4909)
0.26738416158399464

Best theta: 2.67e-01 with ll=-378793.26
Final parameters: pi=0.7809, mu=5.4909, theta=0.2674
Estimated global theta: 0.2674
(Estimated global pi: 0.7809, mu: 5.4909)
0.26738416158399464

Best theta: 2.67e-01 with ll=-378793.26
Final parameters: pi=0.7809, mu=5.4909, theta=0.2674
Estimated global theta: 0.2674
(Estimated global pi: 0.7809, mu: 5.4909)
0.26738416158399464

Best theta: 2.67e-01 with ll=-378793.26
Final parameters: pi=0.7809, mu=5.4909, theta=0.2674
Estimated global theta: 0.2674
(Estimated global pi: 0.7809, mu: 5.4909)
0.26738416158399464

Best theta: 2.67e-01 with ll=-378793.26
Final parameters: pi=0.7809, mu=5.4909, theta=0.2674
Estimated global theta: 0.2674
(Estimated global pi: 0.7809, mu: 5.4909)
0.26738416158399464

Best theta: 2.67e-01 with ll=-378793.26
Final parameters: pi=0.7809, mu=5.4909, theta=0.2674
Estimated global theta: 0.2674
(Estimated global pi: 0.7809, mu: 5.4909)
0.26738416158399464

Best theta: 2.67e-01 with ll=-378793.26
Final parameters: pi=0.7809, mu=5.4909, theta=0.2674
Estimated global theta: 0.2674
(Estimated global pi: 0.7809, mu: 5.4909)
0.26738416158399464

Best theta: 2.67e-01 with ll=-378793.26
Final parameters: pi=0.7809, mu=5.4909, theta=0.2674
Estimated global theta: 0.2674
(Estimated global pi: 0.7809, mu: 5.4909)
0.26738416158399464

Best theta: 2.67e-01 with ll=-378793.26
Final parameters: pi=0.7809, mu=5.4909, theta=0.2674
Estimated global theta: 0.2674
(Estimated global pi: 0.7809, mu: 5.4909)
0.26738416158399464

Best theta: 2.67e-01 with ll=-378793.26
Final parameters: pi=0.7809, mu=5.4909, theta=0.2674
Estimated global theta: 0.2674
(Estimated global pi: 0.7809, mu: 5.4909)
0.26738416158399464

Best theta: 2.67e-01 with ll=-378793.26
Final parameters: pi=0.7809, mu=5.4909, theta=0.2674
Estimated global theta: 0.2674
(Estimated global pi: 0.7809, mu: 5.4909)
0.26738416158399464

Best theta: 2.67e-01 with ll=-378793.26
Final parameters: pi=0.7809, mu=5.4909, theta=0.2674
Estimated global theta: 0.2674
(Estimated global pi: 0.7809, mu: 5.4909)
0.26738416158399464

Best theta: 2.67e-01 with ll=-378793.26
Final parameters: pi=0.7809, mu=5.4909, theta=0.2674
Estimated global theta: 0.2674
(Estimated global pi: 0.7809, mu: 5.4909)
0.26738416158399464

Best theta: 2.67e-01 with ll=-378793.26
Final parameters: pi=0.7809, mu=5.4909, theta=0.2674
Estimated global theta: 0.2674
(Estimated global pi: 0.7809, mu: 5.4909)
0.26738416158399464
  Method v2 ...

Best theta: 2.67e-01 with ll=-378793.26
Final parameters: pi=0.7809, mu=5.4909, theta=0.2674
Estimated global theta: 0.2674
(Estimated global pi: 0.7809, mu: 5.4909)
0.26738416158399464

Best theta: 2.67e-01 with ll=-378793.26
Final parameters: pi=0.7809, mu=5.4909, theta=0.2674
Estimated global theta: 0.2674
(Estimated global pi: 0.7809, mu: 5.4909)
0.26738416158399464

Best theta: 2.67e-01 with ll=-378793.26
Final parameters: pi=0.7809, mu=5.4909, theta=0.2674
Estimated global theta: 0.2674
(Estimated global pi: 0.7809, mu: 5.4909)
0.26738416158399464

Best theta: 2.67e-01 with ll=-378793.26
Final parameters: pi=0.7809, mu=5.4909, theta=0.2674
Estimated global theta: 0.2674
(Estimated global pi: 0.7809, mu: 5.4909)
0.26738416158399464

Best theta: 2.67e-01 with ll=-378793.26
Final parameters: pi=0.7809, mu=5.4909, theta=0.2674
Estimated global theta: 0.2674
(Estimated global pi: 0.7809, mu: 5.4909)
0.26738416158399464

Best theta: 2.67e-01 with ll=-378793.26
Final parameters: pi=0.7809, mu=5.4909, theta=0.2674
Estimated global theta: 0.2674
(Estimated global pi: 0.7809, mu: 5.4909)
0.26738416158399464

Best theta: 2.67e-01 with ll=-378793.26
Final parameters: pi=0.7809, mu=5.4909, theta=0.2674
Estimated global theta: 0.2674
(Estimated global pi: 0.7809, mu: 5.4909)
0.26738416158399464

Best theta: 2.67e-01 with ll=-378793.26
Final parameters: pi=0.7809, mu=5.4909, theta=0.2674
Estimated global theta: 0.2674
(Estimated global pi: 0.7809, mu: 5.4909)
0.26738416158399464

Best theta: 2.67e-01 with ll=-378793.26
Final parameters: pi=0.7809, mu=5.4909, theta=0.2674
Estimated global theta: 0.2674
(Estimated global pi: 0.7809, mu: 5.4909)
0.26738416158399464

Best theta: 2.67e-01 with ll=-378793.26
Final parameters: pi=0.7809, mu=5.4909, theta=0.2674
Estimated global theta: 0.2674
(Estimated global pi: 0.7809, mu: 5.4909)
0.26738416158399464

Best theta: 2.67e-01 with ll=-378793.26
Final parameters: pi=0.7809, mu=5.4909, theta=0.2674
Estimated global theta: 0.2674
(Estimated global pi: 0.7809, mu: 5.4909)
0.26738416158399464

Best theta: 2.67e-01 with ll=-378793.26
Final parameters: pi=0.7809, mu=5.4909, theta=0.2674
Estimated global theta: 0.2674
(Estimated global pi: 0.7809, mu: 5.4909)
0.26738416158399464

Best theta: 2.67e-01 with ll=-378793.26
Final parameters: pi=0.7809, mu=5.4909, theta=0.2674
Estimated global theta: 0.2674
(Estimated global pi: 0.7809, mu: 5.4909)
0.26738416158399464

Best theta: 2.67e-01 with ll=-378793.26
Final parameters: pi=0.7809, mu=5.4909, theta=0.2674
Estimated global theta: 0.2674
(Estimated global pi: 0.7809, mu: 5.4909)
0.26738416158399464

Best theta: 2.67e-01 with ll=-378793.26
Final parameters: pi=0.7809, mu=5.4909, theta=0.2674
Estimated global theta: 0.2674
(Estimated global pi: 0.7809, mu: 5.4909)
0.26738416158399464

Best theta: 2.67e-01 with ll=-378793.26
Final parameters: pi=0.7809, mu=5.4909, theta=0.2674
Estimated global theta: 0.2674
(Estimated global pi: 0.7809, mu: 5.4909)
0.26738416158399464

Best theta: 2.67e-01 with ll=-378793.26
Final parameters: pi=0.7809, mu=5.4909, theta=0.2674
Estimated global theta: 0.2674
(Estimated global pi: 0.7809, mu: 5.4909)
0.26738416158399464

Best theta: 2.67e-01 with ll=-378793.26
Final parameters: pi=0.7809, mu=5.4909, theta=0.2674
Estimated global theta: 0.2674
(Estimated global pi: 0.7809, mu: 5.4909)
0.26738416158399464

Best theta: 2.67e-01 with ll=-378793.26
Final parameters: pi=0.7809, mu=5.4909, theta=0.2674
Estimated global theta: 0.2674
(Estimated global pi: 0.7809, mu: 5.4909)
0.26738416158399464

Best theta: 2.67e-01 with ll=-378793.26
Final parameters: pi=0.7809, mu=5.4909, theta=0.2674
Estimated global theta: 0.2674
(Estimated global pi: 0.7809, mu: 5.4909)
0.26738416158399464

Best theta: 2.67e-01 with ll=-378793.26
Final parameters: pi=0.7809, mu=5.4909, theta=0.2674
Estimated global theta: 0.2674
(Estimated global pi: 0.7809, mu: 5.4909)
0.26738416158399464

Best theta: 2.67e-01 with ll=-378793.26
Final parameters: pi=0.7809, mu=5.4909, theta=0.2674
Estimated global theta: 0.2674
(Estimated global pi: 0.7809, mu: 5.4909)
0.26738416158399464

Best theta: 2.67e-01 with ll=-378793.26
Final parameters: pi=0.7809, mu=5.4909, theta=0.2674
Estimated global theta: 0.2674
(Estimated global pi: 0.7809, mu: 5.4909)
0.26738416158399464

Best theta: 2.67e-01 with ll=-378793.26
Final parameters: pi=0.7809, mu=5.4909, theta=0.2674
Estimated global theta: 0.2674
(Estimated global pi: 0.7809, mu: 5.4909)
0.26738416158399464

Best theta: 2.67e-01 with ll=-378793.26
Final parameters: pi=0.7809, mu=5.4909, theta=0.2674
Estimated global theta: 0.2674
(Estimated global pi: 0.7809, mu: 5.4909)
0.26738416158399464

Best theta: 2.67e-01 with ll=-378793.26
Final parameters: pi=0.7809, mu=5.4909, theta=0.2674
Estimated global theta: 0.2674
(Estimated global pi: 0.7809, mu: 5.4909)
0.26738416158399464

Best theta: 2.67e-01 with ll=-378793.26
Final parameters: pi=0.7809, mu=5.4909, theta=0.2674
Estimated global theta: 0.2674
(Estimated global pi: 0.7809, mu: 5.4909)
0.26738416158399464

Best theta: 2.67e-01 with ll=-378793.26
Final parameters: pi=0.7809, mu=5.4909, theta=0.2674
Estimated global theta: 0.2674
(Estimated global pi: 0.7809, mu: 5.4909)
0.26738416158399464

Best theta: 2.67e-01 with ll=-378793.26
Final parameters: pi=0.7809, mu=5.4909, theta=0.2674
Estimated global theta: 0.2674
(Estimated global pi: 0.7809, mu: 5.4909)
0.26738416158399464

Best theta: 2.67e-01 with ll=-378793.26
Final parameters: pi=0.7809, mu=5.4909, theta=0.2674
Estimated global theta: 0.2674
(Estimated global pi: 0.7809, mu: 5.4909)
0.26738416158399464

Best theta: 2.67e-01 with ll=-378793.26
Final parameters: pi=0.7809, mu=5.4909, theta=0.2674
Estimated global theta: 0.2674
(Estimated global pi: 0.7809, mu: 5.4909)
0.26738416158399464

Best theta: 2.67e-01 with ll=-378793.26
Final parameters: pi=0.7809, mu=5.4909, theta=0.2674
Estimated global theta: 0.2674
(Estimated global pi: 0.7809, mu: 5.4909)
0.26738416158399464

Best theta: 2.67e-01 with ll=-378793.26
Final parameters: pi=0.7809, mu=5.4909, theta=0.2674
Estimated global theta: 0.2674
(Estimated global pi: 0.7809, mu: 5.4909)
0.26738416158399464

Best theta: 2.67e-01 with ll=-378793.26
Final parameters: pi=0.7809, mu=5.4909, theta=0.2674
Estimated global theta: 0.2674
(Estimated global pi: 0.7809, mu: 5.4909)
0.26738416158399464

Best theta: 2.67e-01 with ll=-378793.26
Final parameters: pi=0.7809, mu=5.4909, theta=0.2674
Estimated global theta: 0.2674
(Estimated global pi: 0.7809, mu: 5.4909)
0.26738416158399464

Best theta: 2.67e-01 with ll=-378793.26
Final parameters: pi=0.7809, mu=5.4909, theta=0.2674
Estimated global theta: 0.2674
(Estimated global pi: 0.7809, mu: 5.4909)
0.26738416158399464

Best theta: 2.67e-01 with ll=-378793.26
Final parameters: pi=0.7809, mu=5.4909, theta=0.2674
Estimated global theta: 0.2674
(Estimated global pi: 0.7809, mu: 5.4909)
0.26738416158399464

Best theta: 2.67e-01 with ll=-378793.26
Final parameters: pi=0.7809, mu=5.4909, theta=0.2674
Estimated global theta: 0.2674
(Estimated global pi: 0.7809, mu: 5.4909)
0.26738416158399464

Best theta: 2.67e-01 with ll=-378793.26
Final parameters: pi=0.7809, mu=5.4909, theta=0.2674
Estimated global theta: 0.2674
(Estimated global pi: 0.7809, mu: 5.4909)
0.26738416158399464

Best theta: 2.67e-01 with ll=-378793.26
Final parameters: pi=0.7809, mu=5.4909, theta=0.2674
Estimated global theta: 0.2674
(Estimated global pi: 0.7809, mu: 5.4909)
0.26738416158399464

Best theta: 2.67e-01 with ll=-378793.26
Final parameters: pi=0.7809, mu=5.4909, theta=0.2674
Estimated global theta: 0.2674
(Estimated global pi: 0.7809, mu: 5.4909)
0.26738416158399464

Processing dataset 6
  Points: 500100 | True CPs: 955
  Method ref ...
  Method v0 ...
  Method v1 ...

Best theta: 3.00e-01 with ll=-404608.71
Final parameters: pi=0.7818, mu=6.1764, theta=0.3002
Estimated global theta: 0.3002
(Estimated global pi: 0.7818, mu: 6.1764)
0.3001835813575589

Best theta: 3.00e-01 with ll=-404608.71
Final parameters: pi=0.7818, mu=6.1764, theta=0.3002
Estimated global theta: 0.3002
(Estimated global pi: 0.7818, mu: 6.1764)
0.3001835813575589

Best theta: 3.00e-01 with ll=-404608.71
Final parameters: pi=0.7818, mu=6.1764, theta=0.3002
Estimated global theta: 0.3002
(Estimated global pi: 0.7818, mu: 6.1764)
0.3001835813575589

Best theta: 3.00e-01 with ll=-404608.71
Final parameters: pi=0.7818, mu=6.1764, theta=0.3002
Estimated global theta: 0.3002
(Estimated global pi: 0.7818, mu: 6.1764)
0.3001835813575589

Best theta: 3.00e-01 with ll=-404608.71
Final parameters: pi=0.7818, mu=6.1764, theta=0.3002
Estimated global theta: 0.3002
(Estimated global pi: 0.7818, mu: 6.1764)
0.3001835813575589

Best theta: 3.00e-01 with ll=-404608.71
Final parameters: pi=0.7818, mu=6.1764, theta=0.3002
Estimated global theta: 0.3002
(Estimated global pi: 0.7818, mu: 6.1764)
0.3001835813575589

Best theta: 3.00e-01 with ll=-404608.71
Final parameters: pi=0.7818, mu=6.1764, theta=0.3002
Estimated global theta: 0.3002
(Estimated global pi: 0.7818, mu: 6.1764)
0.3001835813575589

Best theta: 3.00e-01 with ll=-404608.71
Final parameters: pi=0.7818, mu=6.1764, theta=0.3002
Estimated global theta: 0.3002
(Estimated global pi: 0.7818, mu: 6.1764)
0.3001835813575589

Best theta: 3.00e-01 with ll=-404608.71
Final parameters: pi=0.7818, mu=6.1764, theta=0.3002
Estimated global theta: 0.3002
(Estimated global pi: 0.7818, mu: 6.1764)
0.3001835813575589

Best theta: 3.00e-01 with ll=-404608.71
Final parameters: pi=0.7818, mu=6.1764, theta=0.3002
Estimated global theta: 0.3002
(Estimated global pi: 0.7818, mu: 6.1764)
0.3001835813575589

Best theta: 3.00e-01 with ll=-404608.71
Final parameters: pi=0.7818, mu=6.1764, theta=0.3002
Estimated global theta: 0.3002
(Estimated global pi: 0.7818, mu: 6.1764)
0.3001835813575589

Best theta: 3.00e-01 with ll=-404608.71
Final parameters: pi=0.7818, mu=6.1764, theta=0.3002
Estimated global theta: 0.3002
(Estimated global pi: 0.7818, mu: 6.1764)
0.3001835813575589

Best theta: 3.00e-01 with ll=-404608.71
Final parameters: pi=0.7818, mu=6.1764, theta=0.3002
Estimated global theta: 0.3002
(Estimated global pi: 0.7818, mu: 6.1764)
0.3001835813575589

Best theta: 3.00e-01 with ll=-404608.71
Final parameters: pi=0.7818, mu=6.1764, theta=0.3002
Estimated global theta: 0.3002
(Estimated global pi: 0.7818, mu: 6.1764)
0.3001835813575589

Best theta: 3.00e-01 with ll=-404608.71
Final parameters: pi=0.7818, mu=6.1764, theta=0.3002
Estimated global theta: 0.3002
(Estimated global pi: 0.7818, mu: 6.1764)
0.3001835813575589

Best theta: 3.00e-01 with ll=-404608.71
Final parameters: pi=0.7818, mu=6.1764, theta=0.3002
Estimated global theta: 0.3002
(Estimated global pi: 0.7818, mu: 6.1764)
0.3001835813575589

Best theta: 3.00e-01 with ll=-404608.71
Final parameters: pi=0.7818, mu=6.1764, theta=0.3002
Estimated global theta: 0.3002
(Estimated global pi: 0.7818, mu: 6.1764)
0.3001835813575589

Best theta: 3.00e-01 with ll=-404608.71
Final parameters: pi=0.7818, mu=6.1764, theta=0.3002
Estimated global theta: 0.3002
(Estimated global pi: 0.7818, mu: 6.1764)
0.3001835813575589

Best theta: 3.00e-01 with ll=-404608.71
Final parameters: pi=0.7818, mu=6.1764, theta=0.3002
Estimated global theta: 0.3002
(Estimated global pi: 0.7818, mu: 6.1764)
0.3001835813575589

Best theta: 3.00e-01 with ll=-404608.71
Final parameters: pi=0.7818, mu=6.1764, theta=0.3002
Estimated global theta: 0.3002
(Estimated global pi: 0.7818, mu: 6.1764)
0.3001835813575589

Best theta: 3.00e-01 with ll=-404608.71
Final parameters: pi=0.7818, mu=6.1764, theta=0.3002
Estimated global theta: 0.3002
(Estimated global pi: 0.7818, mu: 6.1764)
0.3001835813575589

Best theta: 3.00e-01 with ll=-404608.71
Final parameters: pi=0.7818, mu=6.1764, theta=0.3002
Estimated global theta: 0.3002
(Estimated global pi: 0.7818, mu: 6.1764)
0.3001835813575589

Best theta: 3.00e-01 with ll=-404608.71
Final parameters: pi=0.7818, mu=6.1764, theta=0.3002
Estimated global theta: 0.3002
(Estimated global pi: 0.7818, mu: 6.1764)
0.3001835813575589

Best theta: 3.00e-01 with ll=-404608.71
Final parameters: pi=0.7818, mu=6.1764, theta=0.3002
Estimated global theta: 0.3002
(Estimated global pi: 0.7818, mu: 6.1764)
0.3001835813575589

Best theta: 3.00e-01 with ll=-404608.71
Final parameters: pi=0.7818, mu=6.1764, theta=0.3002
Estimated global theta: 0.3002
(Estimated global pi: 0.7818, mu: 6.1764)
0.3001835813575589

Best theta: 3.00e-01 with ll=-404608.71
Final parameters: pi=0.7818, mu=6.1764, theta=0.3002
Estimated global theta: 0.3002
(Estimated global pi: 0.7818, mu: 6.1764)
0.3001835813575589

Best theta: 3.00e-01 with ll=-404608.71
Final parameters: pi=0.7818, mu=6.1764, theta=0.3002
Estimated global theta: 0.3002
(Estimated global pi: 0.7818, mu: 6.1764)
0.3001835813575589

Best theta: 3.00e-01 with ll=-404608.71
Final parameters: pi=0.7818, mu=6.1764, theta=0.3002
Estimated global theta: 0.3002
(Estimated global pi: 0.7818, mu: 6.1764)
0.3001835813575589

Best theta: 3.00e-01 with ll=-404608.71
Final parameters: pi=0.7818, mu=6.1764, theta=0.3002
Estimated global theta: 0.3002
(Estimated global pi: 0.7818, mu: 6.1764)
0.3001835813575589

Best theta: 3.00e-01 with ll=-404608.71
Final parameters: pi=0.7818, mu=6.1764, theta=0.3002
Estimated global theta: 0.3002
(Estimated global pi: 0.7818, mu: 6.1764)
0.3001835813575589

Best theta: 3.00e-01 with ll=-404608.71
Final parameters: pi=0.7818, mu=6.1764, theta=0.3002
Estimated global theta: 0.3002
(Estimated global pi: 0.7818, mu: 6.1764)
0.3001835813575589

Best theta: 3.00e-01 with ll=-404608.71
Final parameters: pi=0.7818, mu=6.1764, theta=0.3002
Estimated global theta: 0.3002
(Estimated global pi: 0.7818, mu: 6.1764)
0.3001835813575589

Best theta: 3.00e-01 with ll=-404608.71
Final parameters: pi=0.7818, mu=6.1764, theta=0.3002
Estimated global theta: 0.3002
(Estimated global pi: 0.7818, mu: 6.1764)
0.3001835813575589

Best theta: 3.00e-01 with ll=-404608.71
Final parameters: pi=0.7818, mu=6.1764, theta=0.3002
Estimated global theta: 0.3002
(Estimated global pi: 0.7818, mu: 6.1764)
0.3001835813575589

Best theta: 3.00e-01 with ll=-404608.71
Final parameters: pi=0.7818, mu=6.1764, theta=0.3002
Estimated global theta: 0.3002
(Estimated global pi: 0.7818, mu: 6.1764)
0.3001835813575589

Best theta: 3.00e-01 with ll=-404608.71
Final parameters: pi=0.7818, mu=6.1764, theta=0.3002
Estimated global theta: 0.3002
(Estimated global pi: 0.7818, mu: 6.1764)
0.3001835813575589

Best theta: 3.00e-01 with ll=-404608.71
Final parameters: pi=0.7818, mu=6.1764, theta=0.3002
Estimated global theta: 0.3002
(Estimated global pi: 0.7818, mu: 6.1764)
0.3001835813575589

Best theta: 3.00e-01 with ll=-404608.71
Final parameters: pi=0.7818, mu=6.1764, theta=0.3002
Estimated global theta: 0.3002
(Estimated global pi: 0.7818, mu: 6.1764)
0.3001835813575589

Best theta: 3.00e-01 with ll=-404608.71
Final parameters: pi=0.7818, mu=6.1764, theta=0.3002
Estimated global theta: 0.3002
(Estimated global pi: 0.7818, mu: 6.1764)
0.3001835813575589

Best theta: 3.00e-01 with ll=-404608.71
Final parameters: pi=0.7818, mu=6.1764, theta=0.3002
Estimated global theta: 0.3002
(Estimated global pi: 0.7818, mu: 6.1764)
0.3001835813575589

Best theta: 3.00e-01 with ll=-404608.71
Final parameters: pi=0.7818, mu=6.1764, theta=0.3002
Estimated global theta: 0.3002
(Estimated global pi: 0.7818, mu: 6.1764)
0.3001835813575589
  Method v2 ...

Best theta: 3.00e-01 with ll=-404608.71
Final parameters: pi=0.7818, mu=6.1764, theta=0.3002
Estimated global theta: 0.3002
(Estimated global pi: 0.7818, mu: 6.1764)
0.3001835813575589

Best theta: 3.00e-01 with ll=-404608.71
Final parameters: pi=0.7818, mu=6.1764, theta=0.3002
Estimated global theta: 0.3002
(Estimated global pi: 0.7818, mu: 6.1764)
0.3001835813575589

Best theta: 3.00e-01 with ll=-404608.71
Final parameters: pi=0.7818, mu=6.1764, theta=0.3002
Estimated global theta: 0.3002
(Estimated global pi: 0.7818, mu: 6.1764)
0.3001835813575589

Best theta: 3.00e-01 with ll=-404608.71
Final parameters: pi=0.7818, mu=6.1764, theta=0.3002
Estimated global theta: 0.3002
(Estimated global pi: 0.7818, mu: 6.1764)
0.3001835813575589

Best theta: 3.00e-01 with ll=-404608.71
Final parameters: pi=0.7818, mu=6.1764, theta=0.3002
Estimated global theta: 0.3002
(Estimated global pi: 0.7818, mu: 6.1764)
0.3001835813575589

Best theta: 3.00e-01 with ll=-404608.71
Final parameters: pi=0.7818, mu=6.1764, theta=0.3002
Estimated global theta: 0.3002
(Estimated global pi: 0.7818, mu: 6.1764)
0.3001835813575589

Best theta: 3.00e-01 with ll=-404608.71
Final parameters: pi=0.7818, mu=6.1764, theta=0.3002
Estimated global theta: 0.3002
(Estimated global pi: 0.7818, mu: 6.1764)
0.3001835813575589

Best theta: 3.00e-01 with ll=-404608.71
Final parameters: pi=0.7818, mu=6.1764, theta=0.3002
Estimated global theta: 0.3002
(Estimated global pi: 0.7818, mu: 6.1764)
0.3001835813575589

Best theta: 3.00e-01 with ll=-404608.71
Final parameters: pi=0.7818, mu=6.1764, theta=0.3002
Estimated global theta: 0.3002
(Estimated global pi: 0.7818, mu: 6.1764)
0.3001835813575589

Best theta: 3.00e-01 with ll=-404608.71
Final parameters: pi=0.7818, mu=6.1764, theta=0.3002
Estimated global theta: 0.3002
(Estimated global pi: 0.7818, mu: 6.1764)
0.3001835813575589

Best theta: 3.00e-01 with ll=-404608.71
Final parameters: pi=0.7818, mu=6.1764, theta=0.3002
Estimated global theta: 0.3002
(Estimated global pi: 0.7818, mu: 6.1764)
0.3001835813575589

Best theta: 3.00e-01 with ll=-404608.71
Final parameters: pi=0.7818, mu=6.1764, theta=0.3002
Estimated global theta: 0.3002
(Estimated global pi: 0.7818, mu: 6.1764)
0.3001835813575589

Best theta: 3.00e-01 with ll=-404608.71
Final parameters: pi=0.7818, mu=6.1764, theta=0.3002
Estimated global theta: 0.3002
(Estimated global pi: 0.7818, mu: 6.1764)
0.3001835813575589

Best theta: 3.00e-01 with ll=-404608.71
Final parameters: pi=0.7818, mu=6.1764, theta=0.3002
Estimated global theta: 0.3002
(Estimated global pi: 0.7818, mu: 6.1764)
0.3001835813575589

Best theta: 3.00e-01 with ll=-404608.71
Final parameters: pi=0.7818, mu=6.1764, theta=0.3002
Estimated global theta: 0.3002
(Estimated global pi: 0.7818, mu: 6.1764)
0.3001835813575589

Best theta: 3.00e-01 with ll=-404608.71
Final parameters: pi=0.7818, mu=6.1764, theta=0.3002
Estimated global theta: 0.3002
(Estimated global pi: 0.7818, mu: 6.1764)
0.3001835813575589

Best theta: 3.00e-01 with ll=-404608.71
Final parameters: pi=0.7818, mu=6.1764, theta=0.3002
Estimated global theta: 0.3002
(Estimated global pi: 0.7818, mu: 6.1764)
0.3001835813575589

Best theta: 3.00e-01 with ll=-404608.71
Final parameters: pi=0.7818, mu=6.1764, theta=0.3002
Estimated global theta: 0.3002
(Estimated global pi: 0.7818, mu: 6.1764)
0.3001835813575589

Best theta: 3.00e-01 with ll=-404608.71
Final parameters: pi=0.7818, mu=6.1764, theta=0.3002
Estimated global theta: 0.3002
(Estimated global pi: 0.7818, mu: 6.1764)
0.3001835813575589

Best theta: 3.00e-01 with ll=-404608.71
Final parameters: pi=0.7818, mu=6.1764, theta=0.3002
Estimated global theta: 0.3002
(Estimated global pi: 0.7818, mu: 6.1764)
0.3001835813575589

Best theta: 3.00e-01 with ll=-404608.71
Final parameters: pi=0.7818, mu=6.1764, theta=0.3002
Estimated global theta: 0.3002
(Estimated global pi: 0.7818, mu: 6.1764)
0.3001835813575589

Best theta: 3.00e-01 with ll=-404608.71
Final parameters: pi=0.7818, mu=6.1764, theta=0.3002
Estimated global theta: 0.3002
(Estimated global pi: 0.7818, mu: 6.1764)
0.3001835813575589

Best theta: 3.00e-01 with ll=-404608.71
Final parameters: pi=0.7818, mu=6.1764, theta=0.3002
Estimated global theta: 0.3002
(Estimated global pi: 0.7818, mu: 6.1764)
0.3001835813575589

Best theta: 3.00e-01 with ll=-404608.71
Final parameters: pi=0.7818, mu=6.1764, theta=0.3002
Estimated global theta: 0.3002
(Estimated global pi: 0.7818, mu: 6.1764)
0.3001835813575589

Best theta: 3.00e-01 with ll=-404608.71
Final parameters: pi=0.7818, mu=6.1764, theta=0.3002
Estimated global theta: 0.3002
(Estimated global pi: 0.7818, mu: 6.1764)
0.3001835813575589

Best theta: 3.00e-01 with ll=-404608.71
Final parameters: pi=0.7818, mu=6.1764, theta=0.3002
Estimated global theta: 0.3002
(Estimated global pi: 0.7818, mu: 6.1764)
0.3001835813575589

Best theta: 3.00e-01 with ll=-404608.71
Final parameters: pi=0.7818, mu=6.1764, theta=0.3002
Estimated global theta: 0.3002
(Estimated global pi: 0.7818, mu: 6.1764)
0.3001835813575589

Best theta: 3.00e-01 with ll=-404608.71
Final parameters: pi=0.7818, mu=6.1764, theta=0.3002
Estimated global theta: 0.3002
(Estimated global pi: 0.7818, mu: 6.1764)
0.3001835813575589

Best theta: 3.00e-01 with ll=-404608.71
Final parameters: pi=0.7818, mu=6.1764, theta=0.3002
Estimated global theta: 0.3002
(Estimated global pi: 0.7818, mu: 6.1764)
0.3001835813575589

Best theta: 3.00e-01 with ll=-404608.71
Final parameters: pi=0.7818, mu=6.1764, theta=0.3002
Estimated global theta: 0.3002
(Estimated global pi: 0.7818, mu: 6.1764)
0.3001835813575589

Best theta: 3.00e-01 with ll=-404608.71
Final parameters: pi=0.7818, mu=6.1764, theta=0.3002
Estimated global theta: 0.3002
(Estimated global pi: 0.7818, mu: 6.1764)
0.3001835813575589

Best theta: 3.00e-01 with ll=-404608.71
Final parameters: pi=0.7818, mu=6.1764, theta=0.3002
Estimated global theta: 0.3002
(Estimated global pi: 0.7818, mu: 6.1764)
0.3001835813575589

Best theta: 3.00e-01 with ll=-404608.71
Final parameters: pi=0.7818, mu=6.1764, theta=0.3002
Estimated global theta: 0.3002
(Estimated global pi: 0.7818, mu: 6.1764)
0.3001835813575589

Best theta: 3.00e-01 with ll=-404608.71
Final parameters: pi=0.7818, mu=6.1764, theta=0.3002
Estimated global theta: 0.3002
(Estimated global pi: 0.7818, mu: 6.1764)
0.3001835813575589

Best theta: 3.00e-01 with ll=-404608.71
Final parameters: pi=0.7818, mu=6.1764, theta=0.3002
Estimated global theta: 0.3002
(Estimated global pi: 0.7818, mu: 6.1764)
0.3001835813575589

Best theta: 3.00e-01 with ll=-404608.71
Final parameters: pi=0.7818, mu=6.1764, theta=0.3002
Estimated global theta: 0.3002
(Estimated global pi: 0.7818, mu: 6.1764)
0.3001835813575589

Best theta: 3.00e-01 with ll=-404608.71
Final parameters: pi=0.7818, mu=6.1764, theta=0.3002
Estimated global theta: 0.3002
(Estimated global pi: 0.7818, mu: 6.1764)
0.3001835813575589

Best theta: 3.00e-01 with ll=-404608.71
Final parameters: pi=0.7818, mu=6.1764, theta=0.3002
Estimated global theta: 0.3002
(Estimated global pi: 0.7818, mu: 6.1764)
0.3001835813575589

Best theta: 3.00e-01 with ll=-404608.71
Final parameters: pi=0.7818, mu=6.1764, theta=0.3002
Estimated global theta: 0.3002
(Estimated global pi: 0.7818, mu: 6.1764)
0.3001835813575589

Best theta: 3.00e-01 with ll=-404608.71
Final parameters: pi=0.7818, mu=6.1764, theta=0.3002
Estimated global theta: 0.3002
(Estimated global pi: 0.7818, mu: 6.1764)
0.3001835813575589

Best theta: 3.00e-01 with ll=-404608.71
Final parameters: pi=0.7818, mu=6.1764, theta=0.3002
Estimated global theta: 0.3002
(Estimated global pi: 0.7818, mu: 6.1764)
0.3001835813575589

Processing dataset 7
  Points: 500172 | True CPs: 948
  Method ref ...
  Method v0 ...
  Method v1 ...

Best theta: 2.74e-01 with ll=-386585.42
Final parameters: pi=0.7828, mu=5.8832, theta=0.2736
Estimated global theta: 0.2736
(Estimated global pi: 0.7828, mu: 5.8832)
0.27364399970746706

Best theta: 2.74e-01 with ll=-386585.42
Final parameters: pi=0.7828, mu=5.8832, theta=0.2736
Estimated global theta: 0.2736
(Estimated global pi: 0.7828, mu: 5.8832)
0.27364399970746706

Best theta: 2.74e-01 with ll=-386585.42
Final parameters: pi=0.7828, mu=5.8832, theta=0.2736
Estimated global theta: 0.2736
(Estimated global pi: 0.7828, mu: 5.8832)
0.27364399970746706

Best theta: 2.74e-01 with ll=-386585.42
Final parameters: pi=0.7828, mu=5.8832, theta=0.2736
Estimated global theta: 0.2736
(Estimated global pi: 0.7828, mu: 5.8832)
0.27364399970746706

Best theta: 2.74e-01 with ll=-386585.42
Final parameters: pi=0.7828, mu=5.8832, theta=0.2736
Estimated global theta: 0.2736
(Estimated global pi: 0.7828, mu: 5.8832)
0.27364399970746706

Best theta: 2.74e-01 with ll=-386585.42
Final parameters: pi=0.7828, mu=5.8832, theta=0.2736
Estimated global theta: 0.2736
(Estimated global pi: 0.7828, mu: 5.8832)
0.27364399970746706

Best theta: 2.74e-01 with ll=-386585.42
Final parameters: pi=0.7828, mu=5.8832, theta=0.2736
Estimated global theta: 0.2736
(Estimated global pi: 0.7828, mu: 5.8832)
0.27364399970746706

Best theta: 2.74e-01 with ll=-386585.42
Final parameters: pi=0.7828, mu=5.8832, theta=0.2736
Estimated global theta: 0.2736
(Estimated global pi: 0.7828, mu: 5.8832)
0.27364399970746706

Best theta: 2.74e-01 with ll=-386585.42
Final parameters: pi=0.7828, mu=5.8832, theta=0.2736
Estimated global theta: 0.2736
(Estimated global pi: 0.7828, mu: 5.8832)
0.27364399970746706

Best theta: 2.74e-01 with ll=-386585.42
Final parameters: pi=0.7828, mu=5.8832, theta=0.2736
Estimated global theta: 0.2736
(Estimated global pi: 0.7828, mu: 5.8832)
0.27364399970746706

Best theta: 2.74e-01 with ll=-386585.42
Final parameters: pi=0.7828, mu=5.8832, theta=0.2736
Estimated global theta: 0.2736
(Estimated global pi: 0.7828, mu: 5.8832)
0.27364399970746706

Best theta: 2.74e-01 with ll=-386585.42
Final parameters: pi=0.7828, mu=5.8832, theta=0.2736
Estimated global theta: 0.2736
(Estimated global pi: 0.7828, mu: 5.8832)
0.27364399970746706

Best theta: 2.74e-01 with ll=-386585.42
Final parameters: pi=0.7828, mu=5.8832, theta=0.2736
Estimated global theta: 0.2736
(Estimated global pi: 0.7828, mu: 5.8832)
0.27364399970746706

Best theta: 2.74e-01 with ll=-386585.42
Final parameters: pi=0.7828, mu=5.8832, theta=0.2736
Estimated global theta: 0.2736
(Estimated global pi: 0.7828, mu: 5.8832)
0.27364399970746706

Best theta: 2.74e-01 with ll=-386585.42
Final parameters: pi=0.7828, mu=5.8832, theta=0.2736
Estimated global theta: 0.2736
(Estimated global pi: 0.7828, mu: 5.8832)
0.27364399970746706

Best theta: 2.74e-01 with ll=-386585.42
Final parameters: pi=0.7828, mu=5.8832, theta=0.2736
Estimated global theta: 0.2736
(Estimated global pi: 0.7828, mu: 5.8832)
0.27364399970746706

Best theta: 2.74e-01 with ll=-386585.42
Final parameters: pi=0.7828, mu=5.8832, theta=0.2736
Estimated global theta: 0.2736
(Estimated global pi: 0.7828, mu: 5.8832)
0.27364399970746706

Best theta: 2.74e-01 with ll=-386585.42
Final parameters: pi=0.7828, mu=5.8832, theta=0.2736
Estimated global theta: 0.2736
(Estimated global pi: 0.7828, mu: 5.8832)
0.27364399970746706

Best theta: 2.74e-01 with ll=-386585.42
Final parameters: pi=0.7828, mu=5.8832, theta=0.2736
Estimated global theta: 0.2736
(Estimated global pi: 0.7828, mu: 5.8832)
0.27364399970746706

Best theta: 2.74e-01 with ll=-386585.42
Final parameters: pi=0.7828, mu=5.8832, theta=0.2736
Estimated global theta: 0.2736
(Estimated global pi: 0.7828, mu: 5.8832)
0.27364399970746706

Best theta: 2.74e-01 with ll=-386585.42
Final parameters: pi=0.7828, mu=5.8832, theta=0.2736
Estimated global theta: 0.2736
(Estimated global pi: 0.7828, mu: 5.8832)
0.27364399970746706

Best theta: 2.74e-01 with ll=-386585.42
Final parameters: pi=0.7828, mu=5.8832, theta=0.2736
Estimated global theta: 0.2736
(Estimated global pi: 0.7828, mu: 5.8832)
0.27364399970746706

Best theta: 2.74e-01 with ll=-386585.42
Final parameters: pi=0.7828, mu=5.8832, theta=0.2736
Estimated global theta: 0.2736
(Estimated global pi: 0.7828, mu: 5.8832)
0.27364399970746706

Best theta: 2.74e-01 with ll=-386585.42
Final parameters: pi=0.7828, mu=5.8832, theta=0.2736
Estimated global theta: 0.2736
(Estimated global pi: 0.7828, mu: 5.8832)
0.27364399970746706

Best theta: 2.74e-01 with ll=-386585.42
Final parameters: pi=0.7828, mu=5.8832, theta=0.2736
Estimated global theta: 0.2736
(Estimated global pi: 0.7828, mu: 5.8832)
0.27364399970746706

Best theta: 2.74e-01 with ll=-386585.42
Final parameters: pi=0.7828, mu=5.8832, theta=0.2736
Estimated global theta: 0.2736
(Estimated global pi: 0.7828, mu: 5.8832)
0.27364399970746706

Best theta: 2.74e-01 with ll=-386585.42
Final parameters: pi=0.7828, mu=5.8832, theta=0.2736
Estimated global theta: 0.2736
(Estimated global pi: 0.7828, mu: 5.8832)
0.27364399970746706

Best theta: 2.74e-01 with ll=-386585.42
Final parameters: pi=0.7828, mu=5.8832, theta=0.2736
Estimated global theta: 0.2736
