Compare versions
Job ID: 12339531
Configuration:
  Base folder: Signal_processing/final/SATAY_synthetic
  Output folder: Signal_processing/alternative/compare_versions_ws100_2
  Datasets: [1, 2, 3, 4, 5, 6, 7, 8, 9, 10]
  Methods: ['v2']
  Window size: 100
  Overlap: 0.5
  Theta mode: estimated per dataset
  Threshold count: 41
  CPUs available: 64
  Method workers: 1

Processing dataset 1

Best theta: 2.58e-01 with ll=-385684.30
Final parameters: pi=0.7792, mu=5.9049, theta=0.2583
  Points: 500718 | True CPs: 968
  Theta used: 0.2583 (estimated; pi=0.7792, mu=5.9049)
  Method v2 ...
0.2582618760682676
0.2582618760682676
0.2582618760682676
0.2582618760682676
0.2582618760682676
0.2582618760682676
0.2582618760682676
0.2582618760682676
0.2582618760682676
0.2582618760682676
0.2582618760682676
0.2582618760682676
0.2582618760682676
0.2582618760682676
0.2582618760682676
0.2582618760682676
0.2582618760682676
0.2582618760682676
0.2582618760682676
0.2582618760682676
0.2582618760682676
0.2582618760682676
0.2582618760682676
0.2582618760682676
0.2582618760682676
0.2582618760682676
0.2582618760682676
0.2582618760682676
0.2582618760682676
0.2582618760682676
0.2582618760682676
0.2582618760682676
0.2582618760682676
0.2582618760682676
0.2582618760682676
0.2582618760682676
0.2582618760682676
0.2582618760682676
0.2582618760682676
0.2582618760682676
0.2582618760682676

Processing dataset 2

Best theta: 2.64e-01 with ll=-400388.63
Final parameters: pi=0.7715, mu=5.9438, theta=0.2643
  Points: 500769 | True CPs: 992
  Theta used: 0.2643 (estimated; pi=0.7715, mu=5.9438)
  Method v2 ...
0.26430814869741054
0.26430814869741054
0.26430814869741054
0.26430814869741054
0.26430814869741054
0.26430814869741054
0.26430814869741054
0.26430814869741054
0.26430814869741054
0.26430814869741054
0.26430814869741054
0.26430814869741054
0.26430814869741054
0.26430814869741054
0.26430814869741054
0.26430814869741054
0.26430814869741054
0.26430814869741054
0.26430814869741054
0.26430814869741054
0.26430814869741054
0.26430814869741054
0.26430814869741054
0.26430814869741054
0.26430814869741054
0.26430814869741054
0.26430814869741054
0.26430814869741054
0.26430814869741054
0.26430814869741054
0.26430814869741054
0.26430814869741054
0.26430814869741054
0.26430814869741054
0.26430814869741054
0.26430814869741054
0.26430814869741054
0.26430814869741054
0.26430814869741054
0.26430814869741054
0.26430814869741054

Processing dataset 3

Best theta: 2.70e-01 with ll=-387858.09
Final parameters: pi=0.7791, mu=5.7457, theta=0.2705
  Points: 500194 | True CPs: 938
  Theta used: 0.2705 (estimated; pi=0.7791, mu=5.7457)
  Method v2 ...
0.2704959730463135
0.2704959730463135
0.2704959730463135
0.2704959730463135
0.2704959730463135
0.2704959730463135
0.2704959730463135
0.2704959730463135
0.2704959730463135
0.2704959730463135
0.2704959730463135
0.2704959730463135
0.2704959730463135
0.2704959730463135
0.2704959730463135
0.2704959730463135
0.2704959730463135
0.2704959730463135
0.2704959730463135
0.2704959730463135
0.2704959730463135
0.2704959730463135
0.2704959730463135
0.2704959730463135
0.2704959730463135
0.2704959730463135
0.2704959730463135
0.2704959730463135
0.2704959730463135
0.2704959730463135
0.2704959730463135
0.2704959730463135
0.2704959730463135
0.2704959730463135
0.2704959730463135
0.2704959730463135
0.2704959730463135
0.2704959730463135
0.2704959730463135
0.2704959730463135
0.2704959730463135

Processing dataset 4

Best theta: 2.97e-01 with ll=-389683.18
Final parameters: pi=0.7897, mu=6.0973, theta=0.2967
  Points: 500253 | True CPs: 957
  Theta used: 0.2967 (estimated; pi=0.7897, mu=6.0973)
  Method v2 ...
0.29673024081888694
0.29673024081888694
0.29673024081888694
0.29673024081888694
0.29673024081888694
0.29673024081888694
0.29673024081888694
0.29673024081888694
0.29673024081888694
0.29673024081888694
0.29673024081888694
0.29673024081888694
0.29673024081888694
0.29673024081888694
0.29673024081888694
0.29673024081888694
0.29673024081888694
0.29673024081888694
0.29673024081888694
0.29673024081888694
0.29673024081888694
0.29673024081888694
0.29673024081888694
0.29673024081888694
0.29673024081888694
0.29673024081888694
0.29673024081888694
0.29673024081888694
0.29673024081888694
0.29673024081888694
0.29673024081888694
0.29673024081888694
0.29673024081888694
0.29673024081888694
0.29673024081888694
0.29673024081888694
0.29673024081888694
0.29673024081888694
0.29673024081888694
0.29673024081888694
0.29673024081888694

Processing dataset 5

Best theta: 2.67e-01 with ll=-378793.26
Final parameters: pi=0.7809, mu=5.4909, theta=0.2674
  Points: 500160 | True CPs: 963
  Theta used: 0.2674 (estimated; pi=0.7809, mu=5.4909)
  Method v2 ...
0.26738416158399464
0.26738416158399464
0.26738416158399464
0.26738416158399464
0.26738416158399464
0.26738416158399464
0.26738416158399464
0.26738416158399464
0.26738416158399464
0.26738416158399464
0.26738416158399464
0.26738416158399464
0.26738416158399464
0.26738416158399464
0.26738416158399464
0.26738416158399464
0.26738416158399464
0.26738416158399464
0.26738416158399464
0.26738416158399464
0.26738416158399464
0.26738416158399464
0.26738416158399464
0.26738416158399464
0.26738416158399464
0.26738416158399464
0.26738416158399464
0.26738416158399464
0.26738416158399464
0.26738416158399464
0.26738416158399464
0.26738416158399464
0.26738416158399464
0.26738416158399464
0.26738416158399464
0.26738416158399464
0.26738416158399464
0.26738416158399464
0.26738416158399464
0.26738416158399464
0.26738416158399464

Processing dataset 6

Best theta: 3.00e-01 with ll=-404608.71
Final parameters: pi=0.7818, mu=6.1764, theta=0.3002
  Points: 500100 | True CPs: 955
  Theta used: 0.3002 (estimated; pi=0.7818, mu=6.1764)
  Method v2 ...
0.3001835813575589
0.3001835813575589
0.3001835813575589
0.3001835813575589
0.3001835813575589
0.3001835813575589
0.3001835813575589
0.3001835813575589
0.3001835813575589
0.3001835813575589
0.3001835813575589
0.3001835813575589
0.3001835813575589
0.3001835813575589
0.3001835813575589
0.3001835813575589
0.3001835813575589
0.3001835813575589
0.3001835813575589
0.3001835813575589
0.3001835813575589
0.3001835813575589
0.3001835813575589
0.3001835813575589
0.3001835813575589
0.3001835813575589
0.3001835813575589
0.3001835813575589
0.3001835813575589
0.3001835813575589
0.3001835813575589
0.3001835813575589
0.3001835813575589
0.3001835813575589
0.3001835813575589
0.3001835813575589
0.3001835813575589
0.3001835813575589
0.3001835813575589
0.3001835813575589
0.3001835813575589

Processing dataset 7

Best theta: 2.74e-01 with ll=-386585.42
Final parameters: pi=0.7828, mu=5.8832, theta=0.2736
  Points: 500172 | True CPs: 948
  Theta used: 0.2736 (estimated; pi=0.7828, mu=5.8832)
  Method v2 ...
0.27364399970746706
0.27364399970746706
0.27364399970746706
0.27364399970746706
0.27364399970746706
0.27364399970746706
0.27364399970746706
0.27364399970746706
0.27364399970746706
0.27364399970746706
0.27364399970746706
0.27364399970746706
0.27364399970746706
0.27364399970746706
0.27364399970746706
0.27364399970746706
0.27364399970746706
0.27364399970746706
0.27364399970746706
0.27364399970746706
0.27364399970746706
0.27364399970746706
0.27364399970746706
0.27364399970746706
0.27364399970746706
0.27364399970746706
0.27364399970746706
0.27364399970746706
0.27364399970746706
0.27364399970746706
0.27364399970746706
0.27364399970746706
0.27364399970746706
0.27364399970746706
0.27364399970746706
0.27364399970746706
0.27364399970746706
0.27364399970746706
0.27364399970746706
0.27364399970746706
0.27364399970746706

Processing dataset 8

Best theta: 2.90e-01 with ll=-400287.68
Final parameters: pi=0.7771, mu=5.7827, theta=0.2899
  Points: 500605 | True CPs: 958
  Theta used: 0.2899 (estimated; pi=0.7771, mu=5.7827)
  Method v2 ...
0.28994228538828765
0.28994228538828765
0.28994228538828765
0.28994228538828765
0.28994228538828765
0.28994228538828765
0.28994228538828765
0.28994228538828765
0.28994228538828765
0.28994228538828765
0.28994228538828765
0.28994228538828765
0.28994228538828765
0.28994228538828765
0.28994228538828765
0.28994228538828765
0.28994228538828765
0.28994228538828765
0.28994228538828765
0.28994228538828765
0.28994228538828765
0.28994228538828765
0.28994228538828765
0.28994228538828765
0.28994228538828765
0.28994228538828765
0.28994228538828765
0.28994228538828765
0.28994228538828765
0.28994228538828765
0.28994228538828765
0.28994228538828765
0.28994228538828765
0.28994228538828765
0.28994228538828765
0.28994228538828765
0.28994228538828765
0.28994228538828765
0.28994228538828765
0.28994228538828765
0.28994228538828765

Processing dataset 9

Best theta: 2.61e-01 with ll=-387234.00
Final parameters: pi=0.7775, mu=5.8061, theta=0.2613
  Points: 500269 | True CPs: 946
  Theta used: 0.2613 (estimated; pi=0.7775, mu=5.8061)
  Method v2 ...
0.26126752255633284
0.26126752255633284
0.26126752255633284
0.26126752255633284
0.26126752255633284
0.26126752255633284
0.26126752255633284
0.26126752255633284
0.26126752255633284
0.26126752255633284
0.26126752255633284
0.26126752255633284
0.26126752255633284
0.26126752255633284
0.26126752255633284
0.26126752255633284
0.26126752255633284
0.26126752255633284
0.26126752255633284
0.26126752255633284
0.26126752255633284
0.26126752255633284
0.26126752255633284
0.26126752255633284
0.26126752255633284
0.26126752255633284
0.26126752255633284
0.26126752255633284
0.26126752255633284
0.26126752255633284
0.26126752255633284
0.26126752255633284
0.26126752255633284
0.26126752255633284
0.26126752255633284
0.26126752255633284
0.26126752255633284
0.26126752255633284
0.26126752255633284
0.26126752255633284
0.26126752255633284

Processing dataset 10

Best theta: 2.77e-01 with ll=-395812.58
Final parameters: pi=0.7815, mu=6.1921, theta=0.2768
  Points: 500435 | True CPs: 933
  Theta used: 0.2768 (estimated; pi=0.7815, mu=6.1921)
  Method v2 ...
0.2768286630392066
0.2768286630392066
0.2768286630392066
0.2768286630392066
0.2768286630392066
0.2768286630392066
0.2768286630392066
0.2768286630392066
0.2768286630392066
0.2768286630392066
0.2768286630392066
0.2768286630392066
0.2768286630392066
0.2768286630392066
0.2768286630392066
0.2768286630392066
0.2768286630392066
0.2768286630392066
0.2768286630392066
0.2768286630392066
0.2768286630392066
0.2768286630392066
0.2768286630392066
0.2768286630392066
0.2768286630392066
0.2768286630392066
0.2768286630392066
0.2768286630392066
0.2768286630392066
0.2768286630392066
0.2768286630392066
0.2768286630392066
0.2768286630392066
0.2768286630392066
0.2768286630392066
0.2768286630392066
0.2768286630392066
0.2768286630392066
0.2768286630392066
0.2768286630392066
0.2768286630392066

Saved detailed results to Signal_processing/alternative/compare_versions_ws100_2/all_results.csv
Saved per-dataset AUC to Signal_processing/alternative/compare_versions_ws100_2/auc_per_dataset.csv
Saved aggregated PR stats to Signal_processing/alternative/compare_versions_ws100_2/precision_recall_aggregated.csv
Saved aggregated AUC stats to Signal_processing/alternative/compare_versions_ws100_2/auc_aggregated.csv
Saved PR comparison plot to Signal_processing/alternative/compare_versions_ws100_2/precision_recall_compare_versions.png

AUC summary (mean ± std):
  v2: 0.3807 ± 0.0152 (n=10)
