Task 2: Running with bin_size=10
Device: cuda

Preprocessing with chromosome split:
  Train chromosomes: ['ChrIII', 'ChrIV', 'ChrIX', 'ChrVI', 'ChrVII', 'ChrX', 'ChrXI', 'ChrXIII', 'ChrXVI']
  Val chromosomes: ['ChrVIII', 'ChrXIV', 'ChrXV']
  Test chromosomes: ['ChrI', 'ChrII', 'ChrV', 'ChrXII']

Clipping outliers using 95th percentile * 1.5...
strain_yTW001: Clipping values above 134.25 (P95=89.50). Clipped 27529/1193409 values (2.31%)
strain_FD: Clipping values above 71.92 (P95=47.94). Clipped 95791/4127807 values (2.32%)
strain_dnrp: Clipping values above 243.00 (P95=162.00). Clipped 25649/1119454 values (2.29%)
strain_yEK19: Clipping values above 77.10 (P95=51.40). Clipped 83713/3893623 values (2.15%)
strain_yEK23: Clipping values above 72.00 (P95=48.00). Clipped 86381/3558407 values (2.43%)
strain_yWT03a: Clipping values above 15.00 (P95=10.00). Clipped 10602/347679 values (3.05%)
strain_yWT04a: Clipping values above 58.50 (P95=39.00). Clipped 21095/725406 values (2.91%)
strain_ylic137: Clipping values above 142.50 (P95=95.00). Clipped 28746/1112684 values (2.58%)

Splitting data using pre-determined chromosomes...
Standardizing features: ['Centr']
Column order in final array (Dataset/Chrom split): ['Value', 'Centromere_Distance', 'Value_Raw', 'Size_Factor']
Removing 0 empty data points out of 11136
Column order in final array (Dataset/Chrom split): ['Value', 'Centromere_Distance', 'Value_Raw', 'Size_Factor']
Removing 0 empty data points out of 3912
Column order in final array (Dataset/Chrom split): ['Value', 'Centromere_Distance', 'Value_Raw', 'Size_Factor']
Removing 0 empty data points out of 4336

Dataset sizes after preprocessing:
  Train: 11136
  Val: 3912
  Test: 4336
  Eval strategy: VALIDATION + TEST

Applied denoising with 15.0% masking

Creating validation dataloader:
  Validation set size: 3912
  Batch size: 32
Applied denoising with 15.0% masking
  Dataloader created: 3912 samples, 123 batches

Creating test dataloader:
  Test set size: 4336
  Batch size: 32
Applied denoising with 15.0% masking
  Dataloader created: 4336 samples, 136 batches
Number of encoder layers: 1
Number of decoder layers (excluding heads): 1
Total number of layers including latent layer: 3
Epoch [1/30], Total Loss: 2.2404, NLL: 2.2274, Masked: 13.0008, Reg: 0.021193
Epoch [2/30], Total Loss: 1.9894, NLL: 1.9845, Masked: 4.9307, Reg: 0.020842
Epoch [3/30], Total Loss: 1.9616, NLL: 1.9570, Masked: 4.5623, Reg: 0.020565
Epoch [4/30], Total Loss: 1.9060, NLL: 1.9018, Masked: 4.2402, Reg: 0.020417
Epoch [5/30], Total Loss: 1.8104, NLL: 1.8066, Masked: 3.8232, Reg: 0.020434
Epoch [6/30], Total Loss: 1.7656, NLL: 1.7618, Masked: 3.7795, Reg: 0.020482
Epoch [7/30], Total Loss: 1.7553, NLL: 1.7515, Masked: 3.7666, Reg: 0.020480
Epoch [8/30], Total Loss: 1.7484, NLL: 1.7447, Masked: 3.7111, Reg: 0.020486
Epoch [9/30], Total Loss: 1.7406, NLL: 1.7370, Masked: 3.6743, Reg: 0.020518
Epoch [10/30], Total Loss: 1.7331, NLL: 1.7295, Masked: 3.6501, Reg: 0.020569
Epoch [11/30], Total Loss: 1.7257, NLL: 1.7221, Masked: 3.6336, Reg: 0.020631
Epoch [12/30], Total Loss: 1.7213, NLL: 1.7177, Masked: 3.6189, Reg: 0.020681
Epoch [13/30], Total Loss: 1.7185, NLL: 1.7149, Masked: 3.6041, Reg: 0.020707
Epoch [14/30], Total Loss: 1.7174, NLL: 1.7138, Masked: 3.5937, Reg: 0.020715
Epoch [15/30], Total Loss: 1.7164, NLL: 1.7128, Masked: 3.5854, Reg: 0.020711
Epoch [16/30], Total Loss: 1.7158, NLL: 1.7122, Masked: 3.5843, Reg: 0.020700
Epoch [17/30], Total Loss: 1.7152, NLL: 1.7116, Masked: 3.5810, Reg: 0.020685
Epoch [18/30], Total Loss: 1.7144, NLL: 1.7109, Masked: 3.5792, Reg: 0.020672
Epoch [19/30], Total Loss: 1.7140, NLL: 1.7104, Masked: 3.5709, Reg: 0.020657
Epoch [20/30], Total Loss: 1.7136, NLL: 1.7100, Masked: 3.5741, Reg: 0.020644
Epoch [21/30], Total Loss: 1.7125, NLL: 1.7090, Masked: 3.5645, Reg: 0.020631
Epoch [22/30], Total Loss: 1.7119, NLL: 1.7083, Masked: 3.5696, Reg: 0.020624
Epoch [23/30], Total Loss: 1.7102, NLL: 1.7066, Masked: 3.5564, Reg: 0.020622
Epoch [24/30], Total Loss: 1.7078, NLL: 1.7043, Masked: 3.5443, Reg: 0.020629
Epoch [25/30], Total Loss: 1.7020, NLL: 1.6985, Masked: 3.5127, Reg: 0.020654
Epoch [26/30], Total Loss: 1.6922, NLL: 1.6887, Masked: 3.4743, Reg: 0.020707
Epoch [27/30], Total Loss: 1.6807, NLL: 1.6772, Masked: 3.4516, Reg: 0.020774
Epoch [28/30], Total Loss: 1.6747, NLL: 1.6713, Masked: 3.4672, Reg: 0.020827
Epoch [29/30], Total Loss: 1.6713, NLL: 1.6679, Masked: 3.4709, Reg: 0.020857
Epoch [30/30], Total Loss: 1.6685, NLL: 1.6651, Masked: 3.4588, Reg: 0.020883
Training loss plot saved to /workspace/AE/results/training/mu_offset1.0_noise0.150/mu_offset1.0_noise0.150_ZINBAE_20260311_214142_no_conv_training_losses.png
Training losses saved to /workspace/AE/results/training/mu_offset1.0_noise0.150/mu_offset1.0_noise0.150_ZINBAE_20260311_214142_no_conv_training_losses.json

==================================================
EVALUATING ON TRAINING DATA
==================================================

==================================================
TEST RESULTS
==================================================
Total Loss: 1.666549
  - ZINB NLL: 1.663078
Total number of masked values: 182390
  - Number of values with pi >= 0.7: 1
  - Number of values with pi < 0.7: 182389
  - Masked Reconstruction: 3.471370
  - Regularization: 0.020896
Mean Absolute Error (MAE): 2.627145
R² Score: 0.212229
==================================================

Using raw counts for evaluation metrics.
MAE: 2.6272, SD MEAN: 4.0489 
  R²: 0.2122,
Mean π (zeros): 0.2381, Mean π (non-zeros): 0.1080,  
 SD π (zeros): 0.1715, SD π (non-zeros): 0.1376 

Mean μ (zeros): 1.5790, Mean μ (non-zeros): 3.4760,  
 SD μ (zeros): 1.0708, SD μ (non-zeros): 3.2061 

Theta mean: 1.0007, Theta SD: 0.0196
Number of masked values: 182390

============================================================
MASKED VALUES PERFORMANCE METRICS
============================================================
MAE: 3.4777, SD MAE: 5.1903
R²: 0.1502
Mean π (zeros): 0.0000, Mean π (non-zeros): 0.1067
SD π (zeros): 0.0000, SD π (non-zeros): 0.1367
Mean μ (zeros): 0.0000, Mean μ (non-zeros): 3.4761
SD μ (zeros): 0.0000, SD μ (non-zeros): 3.1829
Theta mean: 1.0012, Theta SD: 0.0279
============================================================

Computing baseline predictions using neighborhood mean/median of reconstructed values...
Baseline comparison completed and saved.
Note: Baseline uses mean/median of model's reconstructed values from neighbors
      Comparing baseline predictions to actual raw values at masked positions
      Model reference line shows model performance vs actual values
Masked values analysis: 182390 masked positions, MAE=3.4777, R²=0.1502
ZINB metrics saved to /workspace/AE/results/training/mu_offset1.0_noise0.150/mu_offset1.0_noise0.150_ZINBAE_20260311_214143_no_conv_test_metrics.json
ZINB-specific plots saved to /workspace/AE/results/training/mu_offset1.0_noise0.150/

==================================================
EVALUATING ON VALIDATION DATA
Dataset size: 3912
==================================================


==================================================
TEST RESULTS
==================================================
Total Loss: 1.690600
  - ZINB NLL: 1.686986
Total number of masked values: 63726
  - Number of values with pi >= 0.7: 0
  - Number of values with pi < 0.7: 63726
  - Masked Reconstruction: 3.614061
  - Regularization: 0.020896
Mean Absolute Error (MAE): 2.794808
R² Score: -3.258377
==================================================

Using raw counts for evaluation metrics.
MAE: 2.7948, SD MEAN: 12.7711 
  R²: -3.2584,
Mean π (zeros): 0.2427, Mean π (non-zeros): 0.1087,  
 SD π (zeros): 0.1716, SD π (non-zeros): 0.1380 

Mean μ (zeros): 1.5577, Mean μ (non-zeros): 3.7614,  
 SD μ (zeros): 1.0563, SD μ (non-zeros): 17.9020 

Theta mean: 1.0318, Theta SD: 6.6215
Number of masked values: 63726

============================================================
MASKED VALUES PERFORMANCE METRICS
============================================================
MAE: 3.8014, SD MAE: 14.4330
R²: -2.3120
Mean π (zeros): 0.0000, Mean π (non-zeros): 0.1074
SD π (zeros): 0.0000, SD π (non-zeros): 0.1369
Mean μ (zeros): 0.0000, Mean μ (non-zeros): 3.7750
SD μ (zeros): 0.0000, SD μ (non-zeros): 15.4916
Theta mean: 1.1164, Theta SD: 19.8661
============================================================

Computing baseline predictions using neighborhood mean/median of reconstructed values...
Baseline comparison completed and saved.
Note: Baseline uses mean/median of model's reconstructed values from neighbors
      Comparing baseline predictions to actual raw values at masked positions
      Model reference line shows model performance vs actual values
Masked values analysis: 63726 masked positions, MAE=3.8014, R²=-2.3120
ZINB metrics saved to /workspace/AE/results/testing/mu_offset1.0_noise0.150/mu_offset1.0_noise0.150_ZINBAE_20260311_214155_no_conv_test_metrics.json
ZINB-specific plots saved to /workspace/AE/results/testing/mu_offset1.0_noise0.150/

==================================================
EVALUATING ON TEST DATA
Dataset size: 4336
==================================================


==================================================
TEST RESULTS
==================================================
Total Loss: 1.706594
  - ZINB NLL: 1.702985
Total number of masked values: 71111
  - Number of values with pi >= 0.7: 0
  - Number of values with pi < 0.7: 71111
  - Masked Reconstruction: 3.608295
  - Regularization: 0.020896
Mean Absolute Error (MAE): 2.871995
R² Score: -0.143051
==================================================

Using raw counts for evaluation metrics.
MAE: 2.8720, SD MEAN: 6.6940 
  R²: -0.1431,
Mean π (zeros): 0.2419, Mean π (non-zeros): 0.1065,  
 SD π (zeros): 0.1729, SD π (non-zeros): 0.1382 

Mean μ (zeros): 1.5585, Mean μ (non-zeros): 3.8100,  
 SD μ (zeros): 1.0625, SD μ (non-zeros): 7.7336 

Theta mean: 1.0058, Theta SD: 0.2554
Number of masked values: 71111

============================================================
MASKED VALUES PERFORMANCE METRICS
============================================================
MAE: 3.9035, SD MAE: 7.6290
R²: -0.0092
Mean π (zeros): 0.0000, Mean π (non-zeros): 0.1054
SD π (zeros): 0.0000, SD π (non-zeros): 0.1374
Mean μ (zeros): 0.0000, Mean μ (non-zeros): 3.7748
SD μ (zeros): 0.0000, SD μ (non-zeros): 5.9403
Theta mean: 1.0093, Theta SD: 0.2603
============================================================

Computing baseline predictions using neighborhood mean/median of reconstructed values...
Baseline comparison completed and saved.
Note: Baseline uses mean/median of model's reconstructed values from neighbors
      Comparing baseline predictions to actual raw values at masked positions
      Model reference line shows model performance vs actual values
Masked values analysis: 71111 masked positions, MAE=3.9035, R²=-0.0092
ZINB metrics saved to /workspace/AE/results/testing/mu_offset1.0_noise0.150/mu_offset1.0_noise0.150_ZINBAE_20260311_214200_no_conv_test_metrics.json
ZINB-specific plots saved to /workspace/AE/results/testing/mu_offset1.0_noise0.150/

==================================================
MODEL SAVED: ZINBAE_layers1600_ep30_noise0.150_muoff1.000.pt
Location: AE/results/models/ZINBAE_layers1600_ep30_noise0.150_muoff1.000.pt
==================================================


Saved reconstruction metadata to: Data/reconstruction/ZINBAE_layers1600_ep30_noise0.150_muoff1.000/validation
  metadata: Data/reconstruction/ZINBAE_layers1600_ep30_noise0.150_muoff1.000/validation/metadata.json

Reconstructing genomic coordinates...
Loaded metadata for 3912 windows
Reconstructed 782400 unique genomic positions from 3912 windows
Average overlap per position: 1.00
Saved 22600 positions to Data/reconstruction/ZINBAE_layers1600_ep30_noise0.150_muoff1.000/validation/strain_FD/ChrVIII.csv
Saved 31400 positions to Data/reconstruction/ZINBAE_layers1600_ep30_noise0.150_muoff1.000/validation/strain_FD/ChrXIV.csv
Saved 43800 positions to Data/reconstruction/ZINBAE_layers1600_ep30_noise0.150_muoff1.000/validation/strain_FD/ChrXV.csv
Saved 22600 positions to Data/reconstruction/ZINBAE_layers1600_ep30_noise0.150_muoff1.000/validation/strain_dnrp/ChrVIII.csv
Saved 31400 positions to Data/reconstruction/ZINBAE_layers1600_ep30_noise0.150_muoff1.000/validation/strain_dnrp/ChrXIV.csv
Saved 43800 positions to Data/reconstruction/ZINBAE_layers1600_ep30_noise0.150_muoff1.000/validation/strain_dnrp/ChrXV.csv
Saved 22600 positions to Data/reconstruction/ZINBAE_layers1600_ep30_noise0.150_muoff1.000/validation/strain_yEK19/ChrVIII.csv
Saved 31400 positions to Data/reconstruction/ZINBAE_layers1600_ep30_noise0.150_muoff1.000/validation/strain_yEK19/ChrXIV.csv
Saved 43800 positions to Data/reconstruction/ZINBAE_layers1600_ep30_noise0.150_muoff1.000/validation/strain_yEK19/ChrXV.csv
Saved 22600 positions to Data/reconstruction/ZINBAE_layers1600_ep30_noise0.150_muoff1.000/validation/strain_yEK23/ChrVIII.csv
Saved 31400 positions to Data/reconstruction/ZINBAE_layers1600_ep30_noise0.150_muoff1.000/validation/strain_yEK23/ChrXIV.csv
Saved 43800 positions to Data/reconstruction/ZINBAE_layers1600_ep30_noise0.150_muoff1.000/validation/strain_yEK23/ChrXV.csv
Saved 22600 positions to Data/reconstruction/ZINBAE_layers1600_ep30_noise0.150_muoff1.000/validation/strain_yTW001/ChrVIII.csv
Saved 31400 positions to Data/reconstruction/ZINBAE_layers1600_ep30_noise0.150_muoff1.000/validation/strain_yTW001/ChrXIV.csv
Saved 43800 positions to Data/reconstruction/ZINBAE_layers1600_ep30_noise0.150_muoff1.000/validation/strain_yTW001/ChrXV.csv
Saved 22600 positions to Data/reconstruction/ZINBAE_layers1600_ep30_noise0.150_muoff1.000/validation/strain_yWT03a/ChrVIII.csv
Saved 31400 positions to Data/reconstruction/ZINBAE_layers1600_ep30_noise0.150_muoff1.000/validation/strain_yWT03a/ChrXIV.csv
Saved 43800 positions to Data/reconstruction/ZINBAE_layers1600_ep30_noise0.150_muoff1.000/validation/strain_yWT03a/ChrXV.csv
Saved 22600 positions to Data/reconstruction/ZINBAE_layers1600_ep30_noise0.150_muoff1.000/validation/strain_yWT04a/ChrVIII.csv
Saved 31400 positions to Data/reconstruction/ZINBAE_layers1600_ep30_noise0.150_muoff1.000/validation/strain_yWT04a/ChrXIV.csv
Saved 43800 positions to Data/reconstruction/ZINBAE_layers1600_ep30_noise0.150_muoff1.000/validation/strain_yWT04a/ChrXV.csv
Saved 22600 positions to Data/reconstruction/ZINBAE_layers1600_ep30_noise0.150_muoff1.000/validation/strain_ylic137/ChrVIII.csv
Saved 31400 positions to Data/reconstruction/ZINBAE_layers1600_ep30_noise0.150_muoff1.000/validation/strain_ylic137/ChrXIV.csv
Saved 43800 positions to Data/reconstruction/ZINBAE_layers1600_ep30_noise0.150_muoff1.000/validation/strain_ylic137/ChrXV.csv
Reconstructed genomic data saved to: Data/reconstruction/ZINBAE_layers1600_ep30_noise0.150_muoff1.000/validation
  One CSV per dataset/chromosome with columns:
  position, reconstruction, mu, pi, theta

Saved reconstruction metadata to: Data/reconstruction/ZINBAE_layers1600_ep30_noise0.150_muoff1.000/test
  metadata: Data/reconstruction/ZINBAE_layers1600_ep30_noise0.150_muoff1.000/test/metadata.json

Reconstructing genomic coordinates...
Loaded metadata for 4336 windows
Reconstructed 867200 unique genomic positions from 4336 windows
Average overlap per position: 1.00
Saved 9400 positions to Data/reconstruction/ZINBAE_layers1600_ep30_noise0.150_muoff1.000/test/strain_FD/ChrI.csv
Saved 32600 positions to Data/reconstruction/ZINBAE_layers1600_ep30_noise0.150_muoff1.000/test/strain_FD/ChrII.csv
Saved 23200 positions to Data/reconstruction/ZINBAE_layers1600_ep30_noise0.150_muoff1.000/test/strain_FD/ChrV.csv
Saved 43200 positions to Data/reconstruction/ZINBAE_layers1600_ep30_noise0.150_muoff1.000/test/strain_FD/ChrXII.csv
Saved 9400 positions to Data/reconstruction/ZINBAE_layers1600_ep30_noise0.150_muoff1.000/test/strain_dnrp/ChrI.csv
Saved 32600 positions to Data/reconstruction/ZINBAE_layers1600_ep30_noise0.150_muoff1.000/test/strain_dnrp/ChrII.csv
Saved 23200 positions to Data/reconstruction/ZINBAE_layers1600_ep30_noise0.150_muoff1.000/test/strain_dnrp/ChrV.csv
Saved 43200 positions to Data/reconstruction/ZINBAE_layers1600_ep30_noise0.150_muoff1.000/test/strain_dnrp/ChrXII.csv
Saved 9400 positions to Data/reconstruction/ZINBAE_layers1600_ep30_noise0.150_muoff1.000/test/strain_yEK19/ChrI.csv
Saved 32600 positions to Data/reconstruction/ZINBAE_layers1600_ep30_noise0.150_muoff1.000/test/strain_yEK19/ChrII.csv
Saved 23200 positions to Data/reconstruction/ZINBAE_layers1600_ep30_noise0.150_muoff1.000/test/strain_yEK19/ChrV.csv
Saved 43200 positions to Data/reconstruction/ZINBAE_layers1600_ep30_noise0.150_muoff1.000/test/strain_yEK19/ChrXII.csv
Saved 9400 positions to Data/reconstruction/ZINBAE_layers1600_ep30_noise0.150_muoff1.000/test/strain_yEK23/ChrI.csv
Saved 32600 positions to Data/reconstruction/ZINBAE_layers1600_ep30_noise0.150_muoff1.000/test/strain_yEK23/ChrII.csv
Saved 23200 positions to Data/reconstruction/ZINBAE_layers1600_ep30_noise0.150_muoff1.000/test/strain_yEK23/ChrV.csv
Saved 43200 positions to Data/reconstruction/ZINBAE_layers1600_ep30_noise0.150_muoff1.000/test/strain_yEK23/ChrXII.csv
Saved 9400 positions to Data/reconstruction/ZINBAE_layers1600_ep30_noise0.150_muoff1.000/test/strain_yTW001/ChrI.csv
Saved 32600 positions to Data/reconstruction/ZINBAE_layers1600_ep30_noise0.150_muoff1.000/test/strain_yTW001/ChrII.csv
Saved 23200 positions to Data/reconstruction/ZINBAE_layers1600_ep30_noise0.150_muoff1.000/test/strain_yTW001/ChrV.csv
Saved 43200 positions to Data/reconstruction/ZINBAE_layers1600_ep30_noise0.150_muoff1.000/test/strain_yTW001/ChrXII.csv
Saved 9400 positions to Data/reconstruction/ZINBAE_layers1600_ep30_noise0.150_muoff1.000/test/strain_yWT03a/ChrI.csv
Saved 32600 positions to Data/reconstruction/ZINBAE_layers1600_ep30_noise0.150_muoff1.000/test/strain_yWT03a/ChrII.csv
Saved 23200 positions to Data/reconstruction/ZINBAE_layers1600_ep30_noise0.150_muoff1.000/test/strain_yWT03a/ChrV.csv
Saved 43200 positions to Data/reconstruction/ZINBAE_layers1600_ep30_noise0.150_muoff1.000/test/strain_yWT03a/ChrXII.csv
Saved 9400 positions to Data/reconstruction/ZINBAE_layers1600_ep30_noise0.150_muoff1.000/test/strain_yWT04a/ChrI.csv
Saved 32600 positions to Data/reconstruction/ZINBAE_layers1600_ep30_noise0.150_muoff1.000/test/strain_yWT04a/ChrII.csv
Saved 23200 positions to Data/reconstruction/ZINBAE_layers1600_ep30_noise0.150_muoff1.000/test/strain_yWT04a/ChrV.csv
Saved 43200 positions to Data/reconstruction/ZINBAE_layers1600_ep30_noise0.150_muoff1.000/test/strain_yWT04a/ChrXII.csv
Saved 9400 positions to Data/reconstruction/ZINBAE_layers1600_ep30_noise0.150_muoff1.000/test/strain_ylic137/ChrI.csv
Saved 32600 positions to Data/reconstruction/ZINBAE_layers1600_ep30_noise0.150_muoff1.000/test/strain_ylic137/ChrII.csv
Saved 23200 positions to Data/reconstruction/ZINBAE_layers1600_ep30_noise0.150_muoff1.000/test/strain_ylic137/ChrV.csv
Saved 43200 positions to Data/reconstruction/ZINBAE_layers1600_ep30_noise0.150_muoff1.000/test/strain_ylic137/ChrXII.csv
Reconstructed genomic data saved to: Data/reconstruction/ZINBAE_layers1600_ep30_noise0.150_muoff1.000/test
  One CSV per dataset/chromosome with columns:
  position, reconstruction, mu, pi, theta
