==========================================
STEP 1: Running CPD Analysis (thresholds 1-40)
==========================================
================================================================================
Running sliding_ZINB_CPD_v3_SATAY.py on all strains
================================================================================
Input data:   /workspace/Data/combined_strains
Centromeres:  /workspace/Data_exploration/results/densities/centromere_strains/combined_Datasets_Boolean_True_bin_10000_absolute
Nucleosomes:  /workspace/Data_exploration/results/densities/nucleosome_strains/combined_Datasets_Boolean_True
Results:      /workspace/Signal_processing/strains
Script:       /workspace/Signal_processing/sliding_mean/sliding_ZINB_CPD_v3_SATAY.py
Thresholds:   0.5 to 5.0 (step 0.5)
Parallel:     4 strain(s) at a time

Found 8 strains to process:

  - strain_FD
  - strain_dnrp
  - strain_yEK19
  - strain_yEK23
  - strain_yTW001
  - strain_yWT03a
  - strain_yWT04a
  - strain_ylic137

Processing 8 strains with 4 workers...


================================================================================
Processing strain_FD
================================================================================

================================================================================
Processing strain_dnrp
================================================================================

================================================================================
Processing strain_yEK19
================================================================================

================================================================================
Processing strain_yEK23
================================================================================
  ✓ Centromere file: dataset-strain_yEK19_combined_centromere_density_Boolean_True_bin_10000_absolute.csv
  ✓ Nucleosome file: dataset-strain_yEK19_combined_Boolean_True_nucleosome_density.csv

  ✓ Centromere file: dataset-strain_FD_combined_centromere_density_Boolean_True_bin_10000_absolute.csv
  ✓ Nucleosome file: dataset-strain_FD_combined_Boolean_True_nucleosome_density.csv

  ✓ Centromere file: dataset-strain_dnrp_combined_centromere_density_Boolean_True_bin_10000_absolute.csv
  ✓ Nucleosome file: dataset-strain_dnrp_combined_Boolean_True_nucleosome_density.csv

  ✓ Centromere file: dataset-strain_yEK23_combined_centromere_density_Boolean_True_bin_10000_absolute.csv
  ✓ Nucleosome file: dataset-strain_yEK23_combined_Boolean_True_nucleosome_density.csv

  Computing global outlier threshold across all chromosomes...
  Computing global outlier threshold across all chromosomes...
  Computing global outlier threshold across all chromosomes...
  Computing global outlier threshold across all chromosomes...
  Removed 1 problematic position(s) (set to zero)
  Global 99th percentile (non-zero): 51.4
  Total outliers to cap: 194621 (1.61%) across all chromosomes

  Processing 16 chromosomes:
  Thresholds: 0.5 to 5.0 (step 0.5)

    Processing ChrIV...
  Removed 1 problematic position(s) (set to zero)
  Global 99th percentile (non-zero): 48.0
  Total outliers to cap: 175512 (1.45%) across all chromosomes

  Processing 16 chromosomes:
  Thresholds: 0.5 to 5.0 (step 0.5)

    Processing ChrIV...
  Global 99th percentile (non-zero): 162.0
  Total outliers to cap: 55827 (0.46%) across all chromosomes

  Processing 16 chromosomes:
  Thresholds: 0.5 to 5.0 (step 0.5)

    Processing ChrIV...
  Removed 1 problematic position(s) (set to zero)
  Global 99th percentile (non-zero): 47.9
  Total outliers to cap: 206383 (1.71%) across all chromosomes

  Processing 16 chromosomes:
  Thresholds: 0.5 to 5.0 (step 0.5)

    Processing ChrIV...
      Outlier removal: using global threshold 162.0
      Outlier removal: capped 4656 values (0.30%) above threshold 162.0
      Estimated global theta: 0.2354
      (Estimated global pi: 0.8740, mu: 19.6352)
      Global theta (fallback): 0.2354
      Estimating local theta in 2000bp blocks...
        Estimated 766/766 blocks successfully
        Theta range: [0.1000, 0.5941]
        Theta mean: 0.2332 ± 0.1209
        Using local theta per window (fallback: 0.2354)
    ✓ ChrIV complete

  Completed strain_dnrp

================================================================================
Processing strain_yTW001
================================================================================
  ✓ Centromere file: dataset-strain_yTW001_combined_centromere_density_Boolean_True_bin_10000_absolute.csv
  ✓ Nucleosome file: dataset-strain_yTW001_combined_Boolean_True_nucleosome_density.csv

  Computing global outlier threshold across all chromosomes...
  Removed 1 problematic position(s) (set to zero)
  Global 99th percentile (non-zero): 89.5
  Total outliers to cap: 59663 (0.49%) across all chromosomes

  Processing 16 chromosomes:
  Thresholds: 0.5 to 5.0 (step 0.5)

    Processing ChrIV...
    ✗ timeout after 1800s

  Completed strain_yEK19

================================================================================
Processing strain_yWT03a
================================================================================
  ✓ Centromere file: dataset-strain_yWT03a_combined_centromere_density_Boolean_True_bin_10000_absolute.csv
  ✓ Nucleosome file: dataset-strain_yWT03a_combined_Boolean_True_nucleosome_density.csv

  Computing global outlier threshold across all chromosomes...
    ✗ timeout after 1800s

  Completed strain_yEK23

================================================================================
Processing strain_yWT04a
================================================================================
  ✓ Centromere file: dataset-strain_yWT04a_combined_centromere_density_Boolean_True_bin_10000_absolute.csv
  ✓ Nucleosome file: dataset-strain_yWT04a_combined_Boolean_True_nucleosome_density.csv

  Computing global outlier threshold across all chromosomes...
    ✗ timeout after 1800s

  Completed strain_FD

================================================================================
Processing strain_ylic137
================================================================================
  ✓ Centromere file: dataset-strain_ylic137_combined_centromere_density_Boolean_True_bin_10000_absolute.csv
  ✓ Nucleosome file: dataset-strain_ylic137_combined_Boolean_True_nucleosome_density.csv

  Computing global outlier threshold across all chromosomes...
  Removed 1 problematic position(s) (set to zero)
  Global 99th percentile (non-zero): 10.0
  Total outliers to cap: 16389 (0.14%) across all chromosomes

  Processing 16 chromosomes:
  Thresholds: 0.5 to 5.0 (step 0.5)

    Processing ChrIV...
  Removed 1 problematic position(s) (set to zero)
  Global 99th percentile (non-zero): 39.0
  Total outliers to cap: 35964 (0.30%) across all chromosomes

  Processing 16 chromosomes:
  Thresholds: 0.5 to 5.0 (step 0.5)

    Processing ChrIV...
  Removed 1 problematic position(s) (set to zero)
  Global 99th percentile (non-zero): 95.0
  Total outliers to cap: 55098 (0.46%) across all chromosomes

  Processing 16 chromosomes:
  Thresholds: 0.5 to 5.0 (step 0.5)

    Processing ChrIV...
    ✗ timeout after 1800s

  Completed strain_yTW001
    ✗ timeout after 1800s

  Completed strain_yWT03a
    ✗ timeout after 1800s

  Completed strain_yWT04a
    ✗ timeout after 1800s

  Completed strain_ylic137

================================================================================
✓ CPD Analysis Complete!
================================================================================
  Chromosomes processed successfully: 1
  Chromosomes with errors:            7
  Strains skipped:                    0

  Results saved to: /workspace/Signal_processing/strains
================================================================================

CPD analysis completed successfully!

==========================================
STEP 2: Running Essentiality Calculation (thresholds 0.5-5 with step 0.5)
==========================================
================================================================================
SATAY Strain Essentiality Calculation
================================================================================
Data folder: /workspace/Data/combined_strains
Results folder: /workspace/Signal_processing/strains
Strains to process: 8
  - strain_FD
  - strain_dnrp
  - strain_yEK19
  - strain_yEK23
  - strain_yTW001
  - strain_yWT03a
  - strain_yWT04a
  - strain_ylic137
Thresholds to process: [0.5, 1.0, 1.5, 2.0, 2.5, 3.0, 3.5, 4.0, 4.5, 5.0]
Output subfolder: segment_mu
Summary output: /workspace/Signal_processing/essentiality_calculation/strain_essentiality_summary.csv
================================================================================

================================================================================
Processing strain_FD
================================================================================
  Computing global outlier threshold across all chromosomes...
  Removed 1 problematic position(s) (set to zero)
  Global 99th percentile (non-zero): 105.0
  Total outliers to cap: 41159 (0.34%) across all chromosomes

    ChrI: capped 1268 outliers (0.55%)
  Processing ChrI: 10 threshold files
    ChrII: capped 2699 outliers (0.33%)
  Processing ChrII: 10 threshold files
    ChrIII: capped 1683 outliers (0.53%)
  Processing ChrIII: 10 threshold files
    ChrIV: capped 3146 outliers (0.21%)
  Skipping ChrIV: no result files found for specified thresholds
    ChrV: capped 2485 outliers (0.43%)
  Processing ChrV: 10 threshold files
    ChrVI: capped 1370 outliers (0.51%)
  Processing ChrVI: 10 threshold files
    ChrVII: capped 2740 outliers (0.25%)
  Processing ChrVII: 10 threshold files
    ChrVIII: capped 2128 outliers (0.38%)
  Processing ChrVIII: 10 threshold files
    ChrIX: capped 1831 outliers (0.42%)
  Processing ChrIX: 10 threshold files
    ChrX: capped 2601 outliers (0.35%)
  Processing ChrX: 10 threshold files
    ChrXI: capped 2199 outliers (0.33%)
  Processing ChrXI: 10 threshold files
    ChrXII: capped 4705 outliers (0.44%)
  Processing ChrXII: 10 threshold files
    ChrXIII: capped 2811 outliers (0.30%)
  Processing ChrXIII: 10 threshold files
    ChrXIV: capped 2619 outliers (0.33%)
  Processing ChrXIV: 10 threshold files
    ChrXV: capped 4289 outliers (0.39%)
  Processing ChrXV: 10 threshold files
    ChrXVI: capped 2585 outliers (0.27%)
  Processing ChrXVI: 10 threshold files

  Processed 150 files, skipped 0

  Computing z-scores per threshold...
    Threshold   0.5: 64112 segments, μ̄= 4.4510, σ_μ= 5.8504, θ=0.162530 (range: 0.143146-0.195640)
    Threshold   1.0: 55067 segments, μ̄= 4.6237, σ_μ= 6.0084, θ=0.162530 (range: 0.143146-0.195640)
    Threshold   1.5: 47570 segments, μ̄= 4.7968, σ_μ= 6.1413, θ=0.162530 (range: 0.143146-0.195640)
    Threshold   2.0: 41577 segments, μ̄= 4.9554, σ_μ= 6.2734, θ=0.162530 (range: 0.143146-0.195640)
    Threshold   2.5: 36328 segments, μ̄= 5.1206, σ_μ= 6.4235, θ=0.162530 (range: 0.143146-0.195640)
    Threshold   3.0: 32019 segments, μ̄= 5.2808, σ_μ= 6.5699, θ=0.162530 (range: 0.143146-0.195640)
    Threshold   3.5: 28373 segments, μ̄= 5.4238, σ_μ= 6.6678, θ=0.162530 (range: 0.143146-0.195640)
    Threshold   4.0: 25149 segments, μ̄= 5.5970, σ_μ= 6.8104, θ=0.162530 (range: 0.143146-0.195640)
    Threshold   4.5: 22427 segments, μ̄= 5.7505, σ_μ= 6.9451, θ=0.162530 (range: 0.143146-0.195640)
    Threshold   5.0: 20031 segments, μ̄= 5.8751, σ_μ= 7.0346, θ=0.162530 (range: 0.143146-0.195640)

  Saving results...
  Saved 150 segment files

================================================================================
Processing strain_dnrp
================================================================================
  Computing global outlier threshold across all chromosomes...
  Global 99th percentile (non-zero): 357.0
  Total outliers to cap: 11171 (0.09%) across all chromosomes

    ChrI: capped 262 outliers (0.11%)
  Processing ChrI: 10 threshold files
    ChrII: capped 741 outliers (0.09%)
  Processing ChrII: 10 threshold files
    ChrIII: capped 372 outliers (0.12%)
  Processing ChrIII: 10 threshold files
    ChrIV: capped 722 outliers (0.05%)
  Processing ChrIV: 10 threshold files
    ChrV: capped 663 outliers (0.11%)
  Processing ChrV: 10 threshold files
    ChrVI: capped 291 outliers (0.11%)
  Processing ChrVI: 10 threshold files
    ChrVII: capped 625 outliers (0.06%)
  Processing ChrVII: 10 threshold files
    ChrVIII: capped 446 outliers (0.08%)
  Processing ChrVIII: 10 threshold files
    ChrIX: capped 378 outliers (0.09%)
  Processing ChrIX: 10 threshold files
    ChrX: capped 676 outliers (0.09%)
  Skipping ChrX: results folder not found
    ChrXI: capped 486 outliers (0.07%)
  Processing ChrXI: 10 threshold files
    ChrXII: capped 2299 outliers (0.21%)
  Processing ChrXII: 10 threshold files
    ChrXIII: capped 662 outliers (0.07%)
  Processing ChrXIII: 10 threshold files
    ChrXIV: capped 509 outliers (0.06%)
  Processing ChrXIV: 10 threshold files
    ChrXV: capped 1454 outliers (0.13%)
  Processing ChrXV: 10 threshold files
    ChrXVI: capped 585 outliers (0.06%)
  Processing ChrXVI: 10 threshold files

  Processed 150 files, skipped 0

  Computing z-scores per threshold...
    Threshold   0.5: 60633 segments, μ̄=16.8965, σ_μ=18.7236, θ=0.279065 (range: 0.235429-0.325509)
    Threshold   1.0: 51451 segments, μ̄=15.9382, σ_μ=18.2161, θ=0.279065 (range: 0.235429-0.325509)
    Threshold   1.5: 44288 segments, μ̄=15.2201, σ_μ=17.6766, θ=0.279065 (range: 0.235429-0.325509)
    Threshold   2.0: 38561 segments, μ̄=14.7232, σ_μ=17.2900, θ=0.279065 (range: 0.235429-0.325509)
    Threshold   2.5: 33767 segments, μ̄=14.3677, σ_μ=16.9199, θ=0.279065 (range: 0.235429-0.325509)
    Threshold   3.0: 29811 segments, μ̄=14.1027, σ_μ=16.5161, θ=0.279065 (range: 0.235429-0.325509)
    Threshold   3.5: 26327 segments, μ̄=13.9129, σ_μ=16.3291, θ=0.279065 (range: 0.235429-0.325509)
    Threshold   4.0: 23474 segments, μ̄=13.7225, σ_μ=16.0219, θ=0.279065 (range: 0.235429-0.325509)
    Threshold   4.5: 21066 segments, μ̄=13.5914, σ_μ=15.9012, θ=0.279065 (range: 0.235429-0.325509)
    Threshold   5.0: 18960 segments, μ̄=13.4633, σ_μ=15.6805, θ=0.279065 (range: 0.235429-0.325509)

  Saving results...
  Saved 150 segment files

================================================================================
Processing strain_yEK19
================================================================================
  Computing global outlier threshold across all chromosomes...
  Removed 1 problematic position(s) (set to zero)
  Global 99th percentile (non-zero): 108.0
  Total outliers to cap: 38789 (0.32%) across all chromosomes

    ChrI: capped 1071 outliers (0.47%)
  Processing ChrI: 10 threshold files
    ChrII: capped 2744 outliers (0.34%)
  Processing ChrII: 10 threshold files
    ChrIII: capped 1484 outliers (0.47%)
  Processing ChrIII: 10 threshold files
    ChrIV: capped 3294 outliers (0.22%)
  Skipping ChrIV: no result files found for specified thresholds
    ChrV: capped 2436 outliers (0.42%)
  Processing ChrV: 10 threshold files
    ChrVI: capped 1279 outliers (0.47%)
  Processing ChrVI: 10 threshold files
    ChrVII: capped 2797 outliers (0.26%)
  Processing ChrVII: 10 threshold files
    ChrVIII: capped 2037 outliers (0.36%)
  Processing ChrVIII: 10 threshold files
    ChrIX: capped 1698 outliers (0.39%)
  Processing ChrIX: 10 threshold files
    ChrX: capped 2373 outliers (0.32%)
  Processing ChrX: 10 threshold files
    ChrXI: capped 2183 outliers (0.33%)
  Processing ChrXI: 10 threshold files
    ChrXII: capped 3727 outliers (0.35%)
  Processing ChrXII: 10 threshold files
    ChrXIII: capped 2603 outliers (0.28%)
  Processing ChrXIII: 10 threshold files
    ChrXIV: capped 2351 outliers (0.30%)
  Processing ChrXIV: 10 threshold files
    ChrXV: capped 4282 outliers (0.39%)
  Processing ChrXV: 10 threshold files
    ChrXVI: capped 2430 outliers (0.26%)
  Processing ChrXVI: 10 threshold files

  Processed 150 files, skipped 0

  Computing z-scores per threshold...
    Threshold   0.5: 61489 segments, μ̄= 5.0191, σ_μ= 5.9449, θ=0.144464 (range: 0.127505-0.176291)
    Threshold   1.0: 51391 segments, μ̄= 5.1878, σ_μ= 6.1536, θ=0.144464 (range: 0.127505-0.176291)
    Threshold   1.5: 43229 segments, μ̄= 5.3591, σ_μ= 6.3544, θ=0.144464 (range: 0.127505-0.176291)
    Threshold   2.0: 36841 segments, μ̄= 5.5054, σ_μ= 6.5301, θ=0.144464 (range: 0.127505-0.176291)
    Threshold   2.5: 31759 segments, μ̄= 5.6432, σ_μ= 6.6679, θ=0.144464 (range: 0.127505-0.176291)
    Threshold   3.0: 27421 segments, μ̄= 5.7707, σ_μ= 6.7996, θ=0.144464 (range: 0.127505-0.176291)
    Threshold   3.5: 23824 segments, μ̄= 5.8907, σ_μ= 6.9386, θ=0.144464 (range: 0.127505-0.176291)
    Threshold   4.0: 20848 segments, μ̄= 6.0053, σ_μ= 7.0818, θ=0.144464 (range: 0.127505-0.176291)
    Threshold   4.5: 18198 segments, μ̄= 6.1230, σ_μ= 7.1940, θ=0.144464 (range: 0.127505-0.176291)
    Threshold   5.0: 16059 segments, μ̄= 6.2414, σ_μ= 7.2919, θ=0.144464 (range: 0.127505-0.176291)

  Saving results...
  Saved 150 segment files

================================================================================
Processing strain_yEK23
================================================================================
  Computing global outlier threshold across all chromosomes...
  Removed 1 problematic position(s) (set to zero)
  Global 99th percentile (non-zero): 121.0
  Total outliers to cap: 35545 (0.29%) across all chromosomes

    ChrI: capped 1011 outliers (0.44%)
  Processing ChrI: 10 threshold files
    ChrII: capped 2270 outliers (0.28%)
  Processing ChrII: 10 threshold files
    ChrIII: capped 1575 outliers (0.50%)
  Processing ChrIII: 10 threshold files
    ChrIV: capped 2397 outliers (0.16%)
  Skipping ChrIV: no result files found for specified thresholds
    ChrV: capped 2099 outliers (0.36%)
  Processing ChrV: 10 threshold files
    ChrVI: capped 1169 outliers (0.43%)
  Processing ChrVI: 10 threshold files
    ChrVII: capped 2280 outliers (0.21%)
  Processing ChrVII: 10 threshold files
    ChrVIII: capped 1746 outliers (0.31%)
  Processing ChrVIII: 10 threshold files
    ChrIX: capped 1532 outliers (0.35%)
  Processing ChrIX: 10 threshold files
    ChrX: capped 2119 outliers (0.28%)
  Processing ChrX: 10 threshold files
    ChrXI: capped 1811 outliers (0.27%)
  Processing ChrXI: 10 threshold files
    ChrXII: capped 5299 outliers (0.49%)
  Processing ChrXII: 10 threshold files
    ChrXIII: capped 2245 outliers (0.24%)
  Processing ChrXIII: 10 threshold files
    ChrXIV: capped 2164 outliers (0.28%)
  Processing ChrXIV: 10 threshold files
    ChrXV: capped 3780 outliers (0.35%)
  Processing ChrXV: 10 threshold files
    ChrXVI: capped 2048 outliers (0.22%)
  Processing ChrXVI: 10 threshold files

  Processed 150 files, skipped 0

  Computing z-scores per threshold...
    Threshold   0.5: 60970 segments, μ̄= 4.3504, σ_μ= 5.8766, θ=0.137274 (range: 0.109699-0.191164)
    Threshold   1.0: 50813 segments, μ̄= 4.4773, σ_μ= 6.0530, θ=0.137274 (range: 0.109699-0.191164)
    Threshold   1.5: 42626 segments, μ̄= 4.6397, σ_μ= 6.2382, θ=0.137274 (range: 0.109699-0.191164)
    Threshold   2.0: 36245 segments, μ̄= 4.7729, σ_μ= 6.4273, θ=0.137274 (range: 0.109699-0.191164)
    Threshold   2.5: 30999 segments, μ̄= 4.8981, σ_μ= 6.5853, θ=0.137274 (range: 0.109699-0.191164)
    Threshold   3.0: 26627 segments, μ̄= 5.0112, σ_μ= 6.7284, θ=0.137274 (range: 0.109699-0.191164)
    Threshold   3.5: 23123 segments, μ̄= 5.1373, σ_μ= 6.9105, θ=0.137274 (range: 0.109699-0.191164)
    Threshold   4.0: 20186 segments, μ̄= 5.2356, σ_μ= 7.0061, θ=0.137274 (range: 0.109699-0.191164)
    Threshold   4.5: 17682 segments, μ̄= 5.3543, σ_μ= 7.1529, θ=0.137274 (range: 0.109699-0.191164)
    Threshold   5.0: 15512 segments, μ̄= 5.4584, σ_μ= 7.2610, θ=0.137274 (range: 0.109699-0.191164)

  Saving results...
  Saved 150 segment files

================================================================================
Processing strain_yTW001
================================================================================
  Computing global outlier threshold across all chromosomes...
  Removed 1 problematic position(s) (set to zero)
  Global 99th percentile (non-zero): 198.0
  Total outliers to cap: 11933 (0.10%) across all chromosomes

    ChrI: capped 286 outliers (0.12%)
  Processing ChrI: 10 threshold files
    ChrII: capped 808 outliers (0.10%)
  Processing ChrII: 10 threshold files
    ChrIII: capped 452 outliers (0.14%)
  Processing ChrIII: 10 threshold files
    ChrIV: capped 904 outliers (0.06%)
  Processing ChrIV: 10 threshold files
    ChrV: capped 786 outliers (0.14%)
  Processing ChrV: 10 threshold files
    ChrVI: capped 370 outliers (0.14%)
  Processing ChrVI: 10 threshold files
    ChrVII: capped 707 outliers (0.06%)
  Processing ChrVII: 10 threshold files
    ChrVIII: capped 552 outliers (0.10%)
  Processing ChrVIII: 10 threshold files
    ChrIX: capped 438 outliers (0.10%)
  Processing ChrIX: 10 threshold files
    ChrX: capped 700 outliers (0.09%)
  Skipping ChrX: results folder not found
    ChrXI: capped 500 outliers (0.07%)
  Processing ChrXI: 10 threshold files
    ChrXII: capped 1781 outliers (0.17%)
  Processing ChrXII: 10 threshold files
    ChrXIII: capped 612 outliers (0.07%)
  Processing ChrXIII: 10 threshold files
    ChrXIV: capped 634 outliers (0.08%)
  Processing ChrXIV: 10 threshold files
    ChrXV: capped 1741 outliers (0.16%)
  Processing ChrXV: 10 threshold files
    ChrXVI: capped 662 outliers (0.07%)
  Processing ChrXVI: 10 threshold files

  Processed 150 files, skipped 0

  Computing z-scores per threshold...
    Threshold   0.5: 58504 segments, μ̄= 4.3618, σ_μ= 5.7310, θ=0.100000
    Threshold   1.0: 44747 segments, μ̄= 4.1013, σ_μ= 5.6312, θ=0.100000
    Threshold   1.5: 34658 segments, μ̄= 4.0113, σ_μ= 5.6905, θ=0.100000
    Threshold   2.0: 27105 segments, μ̄= 3.9902, σ_μ= 5.7684, θ=0.100000
    Threshold   2.5: 21323 segments, μ̄= 3.9926, σ_μ= 5.9394, θ=0.100000
    Threshold   3.0: 16962 segments, μ̄= 4.0001, σ_μ= 5.8358, θ=0.100000
    Threshold   3.5: 13595 segments, μ̄= 4.0293, σ_μ= 6.0091, θ=0.100000
    Threshold   4.0: 11116 segments, μ̄= 4.0438, σ_μ= 5.8232, θ=0.100000
    Threshold   4.5: 9100 segments, μ̄= 4.1243, σ_μ= 6.0016, θ=0.100000
    Threshold   5.0: 7382 segments, μ̄= 4.2584, σ_μ= 6.2634, θ=0.100000

  Saving results...
  Saved 150 segment files

================================================================================
Processing strain_yWT03a
================================================================================
  Computing global outlier threshold across all chromosomes...
  Removed 1 problematic position(s) (set to zero)
  Global 99th percentile (non-zero): 37.0
  Total outliers to cap: 3371 (0.03%) across all chromosomes

    ChrI: capped 142 outliers (0.06%)
  Processing ChrI: 10 threshold files
    ChrII: capped 213 outliers (0.03%)
  Processing ChrII: 10 threshold files
    ChrIII: capped 111 outliers (0.04%)
  Processing ChrIII: 10 threshold files
    ChrIV: capped 262 outliers (0.02%)
  Skipping ChrIV: no result files found for specified thresholds
    ChrV: capped 193 outliers (0.03%)
  Processing ChrV: 10 threshold files
    ChrVI: capped 59 outliers (0.02%)
  Processing ChrVI: 10 threshold files
    ChrVII: capped 165 outliers (0.02%)
  Processing ChrVII: 10 threshold files
    ChrVIII: capped 117 outliers (0.02%)
  Processing ChrVIII: 10 threshold files
    ChrIX: capped 140 outliers (0.03%)
  Processing ChrIX: 10 threshold files
    ChrX: capped 126 outliers (0.02%)
  Processing ChrX: 10 threshold files
    ChrXI: capped 127 outliers (0.02%)
  Processing ChrXI: 10 threshold files
    ChrXII: capped 410 outliers (0.04%)
  Processing ChrXII: 10 threshold files
    ChrXIII: capped 159 outliers (0.02%)
  Processing ChrXIII: 10 threshold files
    ChrXIV: capped 171 outliers (0.02%)
  Processing ChrXIV: 10 threshold files
    ChrXV: capped 778 outliers (0.07%)
  Processing ChrXV: 10 threshold files
    ChrXVI: capped 198 outliers (0.02%)
  Processing ChrXVI: 10 threshold files

  Processed 150 files, skipped 0

  Computing z-scores per threshold...
    Threshold   0.5: 32090 segments, μ̄= 0.2975, σ_μ= 0.6802, θ=0.100000
    Threshold   1.0: 15098 segments, μ̄= 0.3111, σ_μ= 0.6000, θ=0.100000
    Threshold   1.5: 5665 segments, μ̄= 0.4389, σ_μ= 0.6940, θ=0.100000
    Threshold   2.0: 1460 segments, μ̄= 0.4816, σ_μ= 0.7862, θ=0.100000
    Threshold   2.5:  545 segments, μ̄= 0.6302, σ_μ= 1.0093, θ=0.100000
    Threshold   3.0:  229 segments, μ̄= 0.8322, σ_μ= 1.3113, θ=0.100000
    Threshold   3.5:  103 segments, μ̄= 1.0281, σ_μ= 1.6223, θ=0.100000
    Threshold   4.0:   68 segments, μ̄= 1.2737, σ_μ= 1.8919, θ=0.100000
    Threshold   4.5:   44 segments, μ̄= 1.1744, σ_μ= 1.3518, θ=0.100000
    Threshold   5.0:   31 segments, μ̄= 0.9862, σ_μ= 1.0302, θ=0.100000

  Saving results...
  Saved 150 segment files

================================================================================
Processing strain_yWT04a
================================================================================
  Computing global outlier threshold across all chromosomes...
  Removed 1 problematic position(s) (set to zero)
  Global 99th percentile (non-zero): 123.0
  Total outliers to cap: 7210 (0.06%) across all chromosomes

    ChrI: capped 267 outliers (0.12%)
  Processing ChrI: 10 threshold files
    ChrII: capped 422 outliers (0.05%)
  Processing ChrII: 10 threshold files
    ChrIII: capped 350 outliers (0.11%)
  Processing ChrIII: 10 threshold files
    ChrIV: capped 692 outliers (0.05%)
  Processing ChrIV: 10 threshold files
    ChrV: capped 467 outliers (0.08%)
  Processing ChrV: 10 threshold files
    ChrVI: capped 356 outliers (0.13%)
  Processing ChrVI: 10 threshold files
    ChrVII: capped 400 outliers (0.04%)
  Processing ChrVII: 10 threshold files
    ChrVIII: capped 302 outliers (0.05%)
  Processing ChrVIII: 10 threshold files
    ChrIX: capped 272 outliers (0.06%)
  Processing ChrIX: 10 threshold files
    ChrX: capped 388 outliers (0.05%)
  Processing ChrX: 10 threshold files
    ChrXI: capped 351 outliers (0.05%)
  Processing ChrXI: 10 threshold files
    ChrXII: capped 652 outliers (0.06%)
  Processing ChrXII: 10 threshold files
    ChrXIII: capped 377 outliers (0.04%)
  Processing ChrXIII: 10 threshold files
    ChrXIV: capped 415 outliers (0.05%)
  Processing ChrXIV: 10 threshold files
    ChrXV: capped 1017 outliers (0.09%)
  Processing ChrXV: 10 threshold files
    ChrXVI: capped 482 outliers (0.05%)
  Processing ChrXVI: 10 threshold files

  Processed 160 files, skipped 0

  Computing z-scores per threshold...
    Threshold   0.5: 57144 segments, μ̄= 1.4139, σ_μ= 2.5783, θ=0.100000
    Threshold   1.0: 39561 segments, μ̄= 1.4429, σ_μ= 2.5628, θ=0.100000
    Threshold   1.5: 26905 segments, μ̄= 1.4940, σ_μ= 2.6344, θ=0.100000
    Threshold   2.0: 18965 segments, μ̄= 1.5247, σ_μ= 2.6533, θ=0.100000
    Threshold   2.5: 13719 segments, μ̄= 1.5592, σ_μ= 2.7379, θ=0.100000
    Threshold   3.0: 10012 segments, μ̄= 1.5964, σ_μ= 2.7999, θ=0.100000
    Threshold   3.5: 7238 segments, μ̄= 1.6660, σ_μ= 2.9002, θ=0.100000
    Threshold   4.0: 5200 segments, μ̄= 1.7738, σ_μ= 3.1217, θ=0.100000
    Threshold   4.5: 3719 segments, μ̄= 1.8639, σ_μ= 3.2386, θ=0.100000
    Threshold   5.0: 2626 segments, μ̄= 2.0315, σ_μ= 3.6123, θ=0.100000

  Saving results...
  Saved 160 segment files

================================================================================
Processing strain_ylic137
================================================================================
  Computing global outlier threshold across all chromosomes...
  Removed 1 problematic position(s) (set to zero)
  Global 99th percentile (non-zero): 229.5
  Total outliers to cap: 11122 (0.09%) across all chromosomes

    ChrI: capped 336 outliers (0.15%)
  Processing ChrI: 10 threshold files
    ChrII: capped 701 outliers (0.09%)
  Processing ChrII: 10 threshold files
    ChrIII: capped 394 outliers (0.12%)
  Processing ChrIII: 10 threshold files
    ChrIV: capped 914 outliers (0.06%)
  Processing ChrIV: 10 threshold files
    ChrV: capped 696 outliers (0.12%)
  Processing ChrV: 10 threshold files
    ChrVI: capped 324 outliers (0.12%)
  Processing ChrVI: 10 threshold files
    ChrVII: capped 729 outliers (0.07%)
  Processing ChrVII: 10 threshold files
    ChrVIII: capped 555 outliers (0.10%)
  Processing ChrVIII: 10 threshold files
    ChrIX: capped 481 outliers (0.11%)
  Processing ChrIX: 10 threshold files
    ChrX: capped 671 outliers (0.09%)
  Processing ChrX: 10 threshold files
    ChrXI: capped 563 outliers (0.08%)
  Processing ChrXI: 10 threshold files
    ChrXII: capped 1454 outliers (0.13%)
  Processing ChrXII: 10 threshold files
    ChrXIII: capped 714 outliers (0.08%)
  Processing ChrXIII: 10 threshold files
    ChrXIV: capped 604 outliers (0.08%)
  Processing ChrXIV: 10 threshold files
    ChrXV: capped 1321 outliers (0.12%)
  Processing ChrXV: 10 threshold files
    ChrXVI: capped 665 outliers (0.07%)
  Processing ChrXVI: 10 threshold files

  Processed 160 files, skipped 0

  Computing z-scores per threshold...
    Threshold   0.5: 67153 segments, μ̄= 4.2106, σ_μ= 6.0442, θ=0.100000
    Threshold   1.0: 53529 segments, μ̄= 4.0221, σ_μ= 5.9048, θ=0.100000
    Threshold   1.5: 42333 segments, μ̄= 3.9895, σ_μ= 5.8856, θ=0.100000
    Threshold   2.0: 33295 segments, μ̄= 4.0121, σ_μ= 5.9237, θ=0.100000
    Threshold   2.5: 26266 segments, μ̄= 4.0515, σ_μ= 6.0119, θ=0.100000
    Threshold   3.0: 20554 segments, μ̄= 4.1083, σ_μ= 6.1045, θ=0.100000
    Threshold   3.5: 16306 segments, μ̄= 4.1930, σ_μ= 6.2864, θ=0.100000
    Threshold   4.0: 12984 segments, μ̄= 4.3004, σ_μ= 6.4761, θ=0.100000
    Threshold   4.5: 10302 segments, μ̄= 4.4280, σ_μ= 6.7455, θ=0.100000
    Threshold   5.0: 8123 segments, μ̄= 4.5719, σ_μ= 7.0287, θ=0.100000

  Saving results...
  Saved 160 segment files

================================================================================
SUMMARY
================================================================================
        strain  processed_files  skipped_files  saved_files  chromosomes_processed  thresholds_processed
     strain_FD              150              0          150                     15                    10
   strain_dnrp              150              0          150                     15                    10
  strain_yEK19              150              0          150                     15                    10
  strain_yEK23              150              0          150                     15                    10
 strain_yTW001              150              0          150                     15                    10
 strain_yWT03a              150              0          150                     15                    10
 strain_yWT04a              160              0          160                     16                    10
strain_ylic137              160              0          160                     16                    10

Summary saved to: /workspace/Signal_processing/essentiality_calculation/strain_essentiality_summary.csv
================================================================================

Done!

Essentiality calculation completed successfully!

