Running with noise_level=0.15
Running with mu_offset=0
Device: cuda

Preprocessing with chromosome split:
  Train chromosomes: ['ChrIII', 'ChrIV', 'ChrIX', 'ChrVI', 'ChrVII', 'ChrX', 'ChrXI', 'ChrXIII', 'ChrXVI']
  Val chromosomes: ['ChrVIII', 'ChrXIV', 'ChrXV']
  Test chromosomes: ['ChrI', 'ChrII', 'ChrV', 'ChrXII']

Clipping outliers using 95th percentile * 1.5...
strain_yTW001: Clipping values above 134.25 (P95=89.50). Clipped 27529/1193409 values (2.31%)
strain_FD: Clipping values above 71.92 (P95=47.94). Clipped 95791/4127807 values (2.32%)
strain_dnrp: Clipping values above 243.00 (P95=162.00). Clipped 25649/1119454 values (2.29%)
strain_yEK19: Clipping values above 77.10 (P95=51.40). Clipped 83713/3893623 values (2.15%)
strain_yEK23: Clipping values above 72.00 (P95=48.00). Clipped 86381/3558407 values (2.43%)
strain_yWT03a: Clipping values above 15.00 (P95=10.00). Clipped 10602/347679 values (3.05%)
strain_yWT04a: Clipping values above 58.50 (P95=39.00). Clipped 21095/725406 values (2.91%)
strain_ylic137: Clipping values above 142.50 (P95=95.00). Clipped 28746/1112684 values (2.58%)

Splitting data using pre-determined chromosomes...
Standardizing features: ['Centr']
Column order in final array (Dataset/Chrom split): ['Value', 'Centromere_Distance', 'Value_Raw', 'Size_Factor']
Removing 0 empty data points out of 110768
Column order in final array (Dataset/Chrom split): ['Value', 'Centromere_Distance', 'Value_Raw', 'Size_Factor']
Removing 0 empty data points out of 38952
Column order in final array (Dataset/Chrom split): ['Value', 'Centromere_Distance', 'Value_Raw', 'Size_Factor']
Removing 0 empty data points out of 43096

Dataset sizes after preprocessing:
  Train: 110768
  Val: 38952
  Test: 43096
  Eval strategy: VALIDATION + TEST

Applied denoising with 15.0% masking

Creating validation dataloader:
  Validation set size: 38952
  Batch size: 32
Applied denoising with 15.0% masking
  Dataloader created: 38952 samples, 1218 batches

Creating test dataloader:
  Test set size: 43096
  Batch size: 32
Applied denoising with 15.0% masking
  Dataloader created: 43096 samples, 1347 batches
Number of encoder layers: 1
Number of decoder layers (excluding heads): 1
Total number of layers including latent layer: 3
Epoch [1/30], Total Loss: 1.1833, NLL: 1.1670, Masked: 16.3068, Reg: 0.091890
Epoch [2/30], Total Loss: 0.9967, NLL: 0.9818, Masked: 14.9001, Reg: 0.090646
Epoch [3/30], Total Loss: 0.9891, NLL: 0.9746, Masked: 14.5222, Reg: 0.089191
Epoch [4/30], Total Loss: 0.9661, NLL: 0.9525, Masked: 13.5589, Reg: 0.088110
Epoch [5/30], Total Loss: 0.9367, NLL: 0.9239, Masked: 12.8172, Reg: 0.087344
Epoch [6/30], Total Loss: 0.9273, NLL: 0.9145, Masked: 12.7151, Reg: 0.086186
Epoch [7/30], Total Loss: 0.9247, NLL: 0.9120, Masked: 12.7074, Reg: 0.084807
Epoch [8/30], Total Loss: 0.9225, NLL: 0.9098, Masked: 12.6736, Reg: 0.083330
Epoch [9/30], Total Loss: 0.9190, NLL: 0.9064, Masked: 12.6340, Reg: 0.081893
Epoch [10/30], Total Loss: 0.9161, NLL: 0.9035, Masked: 12.5966, Reg: 0.080468
Epoch [11/30], Total Loss: 0.9131, NLL: 0.9006, Masked: 12.5599, Reg: 0.079080
Epoch [12/30], Total Loss: 0.9120, NLL: 0.8994, Masked: 12.5388, Reg: 0.077665
Epoch [13/30], Total Loss: 0.9109, NLL: 0.8984, Masked: 12.5246, Reg: 0.076259
Epoch [14/30], Total Loss: 0.9102, NLL: 0.8977, Masked: 12.5167, Reg: 0.074878
Epoch [15/30], Total Loss: 0.9092, NLL: 0.8967, Masked: 12.4989, Reg: 0.073534
Epoch [16/30], Total Loss: 0.9078, NLL: 0.8953, Masked: 12.4783, Reg: 0.072254
Epoch [17/30], Total Loss: 0.9066, NLL: 0.8942, Masked: 12.4618, Reg: 0.070996
Epoch [18/30], Total Loss: 0.9056, NLL: 0.8932, Masked: 12.4337, Reg: 0.069786
Epoch [19/30], Total Loss: 0.9044, NLL: 0.8920, Masked: 12.4171, Reg: 0.068599
Epoch [20/30], Total Loss: 0.9034, NLL: 0.8910, Masked: 12.3968, Reg: 0.067448
Epoch [21/30], Total Loss: 0.9027, NLL: 0.8903, Masked: 12.3933, Reg: 0.066307
Epoch [22/30], Total Loss: 0.9020, NLL: 0.8896, Masked: 12.3766, Reg: 0.065181
Epoch [23/30], Total Loss: 0.9015, NLL: 0.8891, Masked: 12.3679, Reg: 0.064081
Epoch [24/30], Total Loss: 0.9009, NLL: 0.8886, Masked: 12.3539, Reg: 0.063018
Epoch [25/30], Total Loss: 0.8998, NLL: 0.8875, Masked: 12.3341, Reg: 0.062023
Epoch [26/30], Total Loss: 0.8983, NLL: 0.8860, Masked: 12.3020, Reg: 0.061087
Epoch [27/30], Total Loss: 0.8973, NLL: 0.8850, Masked: 12.2771, Reg: 0.060155
Epoch [28/30], Total Loss: 0.8965, NLL: 0.8842, Masked: 12.2617, Reg: 0.059209
Epoch [29/30], Total Loss: 0.8959, NLL: 0.8837, Masked: 12.2471, Reg: 0.058280
Epoch [30/30], Total Loss: 0.8951, NLL: 0.8828, Masked: 12.2313, Reg: 0.057402
Training loss plot saved to /workspace/AE/results/training/mu_offset0.0_noise0.150/mu_offset0.0_noise0.150_ZINBAE_20260311_220541_no_conv_training_losses.png
Training losses saved to /workspace/AE/results/training/mu_offset0.0_noise0.150/mu_offset0.0_noise0.150_ZINBAE_20260311_220541_no_conv_training_losses.json

==================================================
EVALUATING ON TRAINING DATA
==================================================

==================================================
TEST RESULTS
==================================================
Total Loss: 0.894021
  - ZINB NLL: 0.881819
Total number of masked values: 5414025
  - Number of values with pi >= 0.7: 2003397
  - Number of values with pi < 0.7: 3410628
  - Masked Reconstruction: 12.201968
  - Regularization: 0.056984
Mean Absolute Error (MAE): 3.355195
R² Score: -0.026314
==================================================

Using raw counts for evaluation metrics.
MAE: 9.3332, SD MEAN: 11.6732 
  R²: -0.9302,
Mean π (zeros): 0.8413, Mean π (non-zeros): 0.5994,  
 SD π (zeros): 0.1516, SD π (non-zeros): 0.2259 

Mean μ (zeros): 8.8285, Mean μ (non-zeros): 12.2427,  
 SD μ (zeros): 10.0777, SD μ (non-zeros): 11.3956 

Theta mean: 1.0000, Theta SD: 0.0000
Number of masked values: 5414025

============================================================
MASKED VALUES PERFORMANCE METRICS
============================================================
MAE: 11.9685, SD MAE: 17.6789
R²: 0.1763
Mean π (zeros): 0.0000, Mean π (non-zeros): 0.6004
SD π (zeros): 0.0000, SD π (non-zeros): 0.2260
Mean μ (zeros): 0.0000, Mean μ (non-zeros): 12.0720
SD μ (zeros): 0.0000, SD μ (non-zeros): 11.1645
Theta mean: 1.0000, Theta SD: 0.0001
============================================================

Computing baseline predictions using neighborhood mean/median of reconstructed values...
Baseline comparison completed and saved.
Note: Baseline uses mean/median of model's reconstructed values from neighbors
      Comparing baseline predictions to actual raw values at masked positions
      Model reference line shows model performance vs actual values
Masked values analysis: 5414025 masked positions, MAE=11.9685, R²=0.1763
ZINB metrics saved to /workspace/AE/results/training/mu_offset0.0_noise0.150/mu_offset0.0_noise0.150_ZINBAE_20260311_220554_no_conv_test_metrics.json
ZINB-specific plots saved to /workspace/AE/results/training/mu_offset0.0_noise0.150/

==================================================
EVALUATING ON VALIDATION DATA
Dataset size: 38952
==================================================


==================================================
TEST RESULTS
==================================================
Total Loss: 0.910763
  - ZINB NLL: 0.896998
Total number of masked values: 1917787
  - Number of values with pi >= 0.7: 700626
  - Number of values with pi < 0.7: 1217161
  - Masked Reconstruction: 13.765567
  - Regularization: 0.056984
Mean Absolute Error (MAE): 3.441173
R² Score: 0.014924
==================================================

Using raw counts for evaluation metrics.
MAE: 8.9689, SD MEAN: 11.2356 
  R²: -0.6643,
Mean π (zeros): 0.8379, Mean π (non-zeros): 0.5947,  
 SD π (zeros): 0.1541, SD π (non-zeros): 0.2272 

Mean μ (zeros): 8.3299, Mean μ (non-zeros): 12.0556,  
 SD μ (zeros): 9.1075, SD μ (non-zeros): 10.4775 

Theta mean: 1.0000, Theta SD: 0.0001
Number of masked values: 1917787

============================================================
MASKED VALUES PERFORMANCE METRICS
============================================================
MAE: 12.2891, SD MAE: 18.4796
R²: 0.1656
Mean π (zeros): 0.0000, Mean π (non-zeros): 0.5956
SD π (zeros): 0.0000, SD π (non-zeros): 0.2273
Mean μ (zeros): 0.0000, Mean μ (non-zeros): 11.8998
SD μ (zeros): 0.0000, SD μ (non-zeros): 10.2999
Theta mean: 1.0000, Theta SD: 0.0003
============================================================

Computing baseline predictions using neighborhood mean/median of reconstructed values...
Baseline comparison completed and saved.
Note: Baseline uses mean/median of model's reconstructed values from neighbors
      Comparing baseline predictions to actual raw values at masked positions
      Model reference line shows model performance vs actual values
Masked values analysis: 1917787 masked positions, MAE=12.2891, R²=0.1656
ZINB metrics saved to /workspace/AE/results/testing/mu_offset0.0_noise0.150/mu_offset0.0_noise0.150_ZINBAE_20260311_220910_no_conv_test_metrics.json
ZINB-specific plots saved to /workspace/AE/results/testing/mu_offset0.0_noise0.150/

==================================================
EVALUATING ON TEST DATA
Dataset size: 43096
==================================================


==================================================
TEST RESULTS
==================================================
Total Loss: 0.931176
  - ZINB NLL: 0.917678
Total number of masked values: 2192181
  - Number of values with pi >= 0.7: 751808
  - Number of values with pi < 0.7: 1440373
  - Masked Reconstruction: 13.498806
  - Regularization: 0.056984
Mean Absolute Error (MAE): 3.602820
R² Score: 0.063900
==================================================

Using raw counts for evaluation metrics.
MAE: 9.1096, SD MEAN: 11.4604 
  R²: -0.5429,
Mean π (zeros): 0.8324, Mean π (non-zeros): 0.5752,  
 SD π (zeros): 0.1558, SD π (non-zeros): 0.2338 

Mean μ (zeros): 8.4192, Mean μ (non-zeros): 12.6008,  
 SD μ (zeros): 9.1061, SD μ (non-zeros): 10.9869 

Theta mean: 1.0000, Theta SD: 0.0001
Number of masked values: 2192181

============================================================
MASKED VALUES PERFORMANCE METRICS
============================================================
MAE: 12.5506, SD MAE: 19.0121
R²: 0.1899
Mean π (zeros): 0.0000, Mean π (non-zeros): 0.5761
SD π (zeros): 0.0000, SD π (non-zeros): 0.2340
Mean μ (zeros): 0.0000, Mean μ (non-zeros): 12.4433
SD μ (zeros): 0.0000, SD μ (non-zeros): 10.7929
Theta mean: 1.0000, Theta SD: 0.0002
============================================================

Computing baseline predictions using neighborhood mean/median of reconstructed values...
Baseline comparison completed and saved.
Note: Baseline uses mean/median of model's reconstructed values from neighbors
      Comparing baseline predictions to actual raw values at masked positions
      Model reference line shows model performance vs actual values
Masked values analysis: 2192181 masked positions, MAE=12.5506, R²=0.1899
ZINB metrics saved to /workspace/AE/results/testing/mu_offset0.0_noise0.150/mu_offset0.0_noise0.150_ZINBAE_20260311_221024_no_conv_test_metrics.json
ZINB-specific plots saved to /workspace/AE/results/testing/mu_offset0.0_noise0.150/

==================================================
MODEL SAVED: ZINBAE_layers1600_ep30_noise0.150_muoff0.000.pt
Location: AE/results/models/ZINBAE_layers1600_ep30_noise0.150_muoff0.000.pt
==================================================


Saved reconstruction metadata to: Data/reconstruction/ZINBAE_layers1600_ep30_noise0.150_muoff0.000/validation
  metadata: Data/reconstruction/ZINBAE_layers1600_ep30_noise0.150_muoff0.000/validation/metadata.json

Reconstructing genomic coordinates...
Loaded metadata for 38952 windows
Reconstructed 19506140 unique genomic positions from 38952 windows
Average overlap per position: 3.99
Saved 562643 positions to Data/reconstruction/ZINBAE_layers1600_ep30_noise0.150_muoff0.000/validation/strain_FD/ChrVIII.csv
Saved 784333 positions to Data/reconstruction/ZINBAE_layers1600_ep30_noise0.150_muoff0.000/validation/strain_FD/ChrXIV.csv
Saved 1091291 positions to Data/reconstruction/ZINBAE_layers1600_ep30_noise0.150_muoff0.000/validation/strain_FD/ChrXV.csv
Saved 562643 positions to Data/reconstruction/ZINBAE_layers1600_ep30_noise0.150_muoff0.000/validation/strain_dnrp/ChrVIII.csv
Saved 784333 positions to Data/reconstruction/ZINBAE_layers1600_ep30_noise0.150_muoff0.000/validation/strain_dnrp/ChrXIV.csv
Saved 1091291 positions to Data/reconstruction/ZINBAE_layers1600_ep30_noise0.150_muoff0.000/validation/strain_dnrp/ChrXV.csv
Saved 562643 positions to Data/reconstruction/ZINBAE_layers1600_ep30_noise0.150_muoff0.000/validation/strain_yEK19/ChrVIII.csv
Saved 784333 positions to Data/reconstruction/ZINBAE_layers1600_ep30_noise0.150_muoff0.000/validation/strain_yEK19/ChrXIV.csv
Saved 1091292 positions to Data/reconstruction/ZINBAE_layers1600_ep30_noise0.150_muoff0.000/validation/strain_yEK19/ChrXV.csv
Saved 562643 positions to Data/reconstruction/ZINBAE_layers1600_ep30_noise0.150_muoff0.000/validation/strain_yEK23/ChrVIII.csv
Saved 784333 positions to Data/reconstruction/ZINBAE_layers1600_ep30_noise0.150_muoff0.000/validation/strain_yEK23/ChrXIV.csv
Saved 1091292 positions to Data/reconstruction/ZINBAE_layers1600_ep30_noise0.150_muoff0.000/validation/strain_yEK23/ChrXV.csv
Saved 562643 positions to Data/reconstruction/ZINBAE_layers1600_ep30_noise0.150_muoff0.000/validation/strain_yTW001/ChrVIII.csv
Saved 784333 positions to Data/reconstruction/ZINBAE_layers1600_ep30_noise0.150_muoff0.000/validation/strain_yTW001/ChrXIV.csv
Saved 1091292 positions to Data/reconstruction/ZINBAE_layers1600_ep30_noise0.150_muoff0.000/validation/strain_yTW001/ChrXV.csv
Saved 562643 positions to Data/reconstruction/ZINBAE_layers1600_ep30_noise0.150_muoff0.000/validation/strain_yWT03a/ChrVIII.csv
Saved 784333 positions to Data/reconstruction/ZINBAE_layers1600_ep30_noise0.150_muoff0.000/validation/strain_yWT03a/ChrXIV.csv
Saved 1091291 positions to Data/reconstruction/ZINBAE_layers1600_ep30_noise0.150_muoff0.000/validation/strain_yWT03a/ChrXV.csv
Saved 562643 positions to Data/reconstruction/ZINBAE_layers1600_ep30_noise0.150_muoff0.000/validation/strain_yWT04a/ChrVIII.csv
Saved 784333 positions to Data/reconstruction/ZINBAE_layers1600_ep30_noise0.150_muoff0.000/validation/strain_yWT04a/ChrXIV.csv
Saved 1091291 positions to Data/reconstruction/ZINBAE_layers1600_ep30_noise0.150_muoff0.000/validation/strain_yWT04a/ChrXV.csv
Saved 562643 positions to Data/reconstruction/ZINBAE_layers1600_ep30_noise0.150_muoff0.000/validation/strain_ylic137/ChrVIII.csv
Saved 784333 positions to Data/reconstruction/ZINBAE_layers1600_ep30_noise0.150_muoff0.000/validation/strain_ylic137/ChrXIV.csv
Saved 1091292 positions to Data/reconstruction/ZINBAE_layers1600_ep30_noise0.150_muoff0.000/validation/strain_ylic137/ChrXV.csv
Reconstructed genomic data saved to: Data/reconstruction/ZINBAE_layers1600_ep30_noise0.150_muoff0.000/validation
  One CSV per dataset/chromosome with columns:
  position, reconstruction, mu, pi, theta

Saved reconstruction metadata to: Data/reconstruction/ZINBAE_layers1600_ep30_noise0.150_muoff0.000/test
  metadata: Data/reconstruction/ZINBAE_layers1600_ep30_noise0.150_muoff0.000/test/metadata.json

Reconstructing genomic coordinates...
Loaded metadata for 43096 windows
Reconstructed 21587581 unique genomic positions from 43096 windows
Average overlap per position: 3.99
Saved 230218 positions to Data/reconstruction/ZINBAE_layers1600_ep30_noise0.150_muoff0.000/test/strain_FD/ChrI.csv
Saved 813185 positions to Data/reconstruction/ZINBAE_layers1600_ep30_noise0.150_muoff0.000/test/strain_FD/ChrII.csv
Saved 576874 positions to Data/reconstruction/ZINBAE_layers1600_ep30_noise0.150_muoff0.000/test/strain_FD/ChrV.csv
Saved 1078172 positions to Data/reconstruction/ZINBAE_layers1600_ep30_noise0.150_muoff0.000/test/strain_FD/ChrXII.csv
Saved 230218 positions to Data/reconstruction/ZINBAE_layers1600_ep30_noise0.150_muoff0.000/test/strain_dnrp/ChrI.csv
Saved 813184 positions to Data/reconstruction/ZINBAE_layers1600_ep30_noise0.150_muoff0.000/test/strain_dnrp/ChrII.csv
Saved 576874 positions to Data/reconstruction/ZINBAE_layers1600_ep30_noise0.150_muoff0.000/test/strain_dnrp/ChrV.csv
Saved 1078171 positions to Data/reconstruction/ZINBAE_layers1600_ep30_noise0.150_muoff0.000/test/strain_dnrp/ChrXII.csv
Saved 230218 positions to Data/reconstruction/ZINBAE_layers1600_ep30_noise0.150_muoff0.000/test/strain_yEK19/ChrI.csv
Saved 813185 positions to Data/reconstruction/ZINBAE_layers1600_ep30_noise0.150_muoff0.000/test/strain_yEK19/ChrII.csv
Saved 576874 positions to Data/reconstruction/ZINBAE_layers1600_ep30_noise0.150_muoff0.000/test/strain_yEK19/ChrV.csv
Saved 1078171 positions to Data/reconstruction/ZINBAE_layers1600_ep30_noise0.150_muoff0.000/test/strain_yEK19/ChrXII.csv
Saved 230218 positions to Data/reconstruction/ZINBAE_layers1600_ep30_noise0.150_muoff0.000/test/strain_yEK23/ChrI.csv
Saved 813185 positions to Data/reconstruction/ZINBAE_layers1600_ep30_noise0.150_muoff0.000/test/strain_yEK23/ChrII.csv
Saved 576874 positions to Data/reconstruction/ZINBAE_layers1600_ep30_noise0.150_muoff0.000/test/strain_yEK23/ChrV.csv
Saved 1078171 positions to Data/reconstruction/ZINBAE_layers1600_ep30_noise0.150_muoff0.000/test/strain_yEK23/ChrXII.csv
Saved 230218 positions to Data/reconstruction/ZINBAE_layers1600_ep30_noise0.150_muoff0.000/test/strain_yTW001/ChrI.csv
Saved 813185 positions to Data/reconstruction/ZINBAE_layers1600_ep30_noise0.150_muoff0.000/test/strain_yTW001/ChrII.csv
Saved 576874 positions to Data/reconstruction/ZINBAE_layers1600_ep30_noise0.150_muoff0.000/test/strain_yTW001/ChrV.csv
Saved 1078171 positions to Data/reconstruction/ZINBAE_layers1600_ep30_noise0.150_muoff0.000/test/strain_yTW001/ChrXII.csv
Saved 230218 positions to Data/reconstruction/ZINBAE_layers1600_ep30_noise0.150_muoff0.000/test/strain_yWT03a/ChrI.csv
Saved 813184 positions to Data/reconstruction/ZINBAE_layers1600_ep30_noise0.150_muoff0.000/test/strain_yWT03a/ChrII.csv
Saved 576874 positions to Data/reconstruction/ZINBAE_layers1600_ep30_noise0.150_muoff0.000/test/strain_yWT03a/ChrV.csv
Saved 1078171 positions to Data/reconstruction/ZINBAE_layers1600_ep30_noise0.150_muoff0.000/test/strain_yWT03a/ChrXII.csv
Saved 230218 positions to Data/reconstruction/ZINBAE_layers1600_ep30_noise0.150_muoff0.000/test/strain_yWT04a/ChrI.csv
Saved 813184 positions to Data/reconstruction/ZINBAE_layers1600_ep30_noise0.150_muoff0.000/test/strain_yWT04a/ChrII.csv
Saved 576874 positions to Data/reconstruction/ZINBAE_layers1600_ep30_noise0.150_muoff0.000/test/strain_yWT04a/ChrV.csv
Saved 1078171 positions to Data/reconstruction/ZINBAE_layers1600_ep30_noise0.150_muoff0.000/test/strain_yWT04a/ChrXII.csv
Saved 230218 positions to Data/reconstruction/ZINBAE_layers1600_ep30_noise0.150_muoff0.000/test/strain_ylic137/ChrI.csv
Saved 813184 positions to Data/reconstruction/ZINBAE_layers1600_ep30_noise0.150_muoff0.000/test/strain_ylic137/ChrII.csv
Saved 576874 positions to Data/reconstruction/ZINBAE_layers1600_ep30_noise0.150_muoff0.000/test/strain_ylic137/ChrV.csv
Saved 1078171 positions to Data/reconstruction/ZINBAE_layers1600_ep30_noise0.150_muoff0.000/test/strain_ylic137/ChrXII.csv
Reconstructed genomic data saved to: Data/reconstruction/ZINBAE_layers1600_ep30_noise0.150_muoff0.000/test
  One CSV per dataset/chromosome with columns:
  position, reconstruction, mu, pi, theta
