Starting window performance analysis on 10 synthetic datasets
Job ID: 12339530
Configuration:
  Window sizes: [10, 20, 30, 50, 80, 100, 150, 200]
  Overlap: 0.5
  Thresholds: 41 values from 0.0 to 40.0
  Datasets: [1, 2, 3, 4, 5, 6, 7, 8, 9, 10]
  Output folder: Signal_processing/final/results/windows

============================================================
Processing Dataset 1
============================================================
  Data points: 500718
  True change points: 968

Best theta: 2.58e-01 with ll=-385684.30
Final parameters: pi=0.7792, mu=5.9049, theta=0.2583
  Estimated global theta: 0.2583
  (Estimated global pi: 0.7792, mu: 5.9049)
  Using 8 parallel workers for window sizes
  [Dataset 1] Processing window size: 100
    Threshold: 0.00
    Threshold: 1.00
    Threshold: 2.00
    Threshold: 3.00
    Threshold: 4.00
    Threshold: 5.00
    Threshold: 6.00
    Threshold: 7.00
    Threshold: 8.00
    Threshold: 9.00
    Threshold: 10.00
    Threshold: 11.00
    Threshold: 12.00
    Threshold: 13.00
    Threshold: 14.00
    Threshold: 15.00
    Threshold: 16.00
    Threshold: 17.00
    Threshold: 18.00
    Threshold: 19.00
    Threshold: 20.00
    Threshold: 21.00
    Threshold: 22.00
    Threshold: 23.00
    Threshold: 24.00
    Threshold: 25.00
    Threshold: 26.00
    Threshold: 27.00
    Threshold: 28.00
    Threshold: 29.00
    Threshold: 30.00
    Threshold: 31.00
    Threshold: 32.00
    Threshold: 33.00
    Threshold: 34.00
    Threshold: 35.00
    Threshold: 36.00
    Threshold: 37.00
    Threshold: 38.00
    Threshold: 39.00
    Threshold: 40.00
  [Dataset 1] Completed window size: 100
  [Dataset 1] Processing window size: 80
    Threshold: 0.00
    Threshold: 1.00
    Threshold: 2.00
    Threshold: 3.00
    Threshold: 4.00
    Threshold: 5.00
    Threshold: 6.00
    Threshold: 7.00
    Threshold: 8.00
    Threshold: 9.00
    Threshold: 10.00
    Threshold: 11.00
    Threshold: 12.00
    Threshold: 13.00
    Threshold: 14.00
    Threshold: 15.00
    Threshold: 16.00
    Threshold: 17.00
    Threshold: 18.00
    Threshold: 19.00
    Threshold: 20.00
    Threshold: 21.00
    Threshold: 22.00
    Threshold: 23.00
    Threshold: 24.00
    Threshold: 25.00
    Threshold: 26.00
    Threshold: 27.00
    Threshold: 28.00
    Threshold: 29.00
    Threshold: 30.00
    Threshold: 31.00
    Threshold: 32.00
    Threshold: 33.00
    Threshold: 34.00
    Threshold: 35.00
    Threshold: 36.00
    Threshold: 37.00
    Threshold: 38.00
    Threshold: 39.00
    Threshold: 40.00
  [Dataset 1] Completed window size: 80
  [Dataset 1] Processing window size: 150
    Threshold: 0.00
    Threshold: 1.00
    Threshold: 2.00
    Threshold: 3.00
    Threshold: 4.00
    Threshold: 5.00
    Threshold: 6.00
    Threshold: 7.00
    Threshold: 8.00
    Threshold: 9.00
    Threshold: 10.00
    Threshold: 11.00
    Threshold: 12.00
    Threshold: 13.00
    Threshold: 14.00
    Threshold: 15.00
    Threshold: 16.00
    Threshold: 17.00
    Threshold: 18.00
    Threshold: 19.00
    Threshold: 20.00
    Threshold: 21.00
    Threshold: 22.00
    Threshold: 23.00
    Threshold: 24.00
    Threshold: 25.00
    Threshold: 26.00
    Threshold: 27.00
    Threshold: 28.00
    Threshold: 29.00
    Threshold: 30.00
    Threshold: 31.00
    Threshold: 32.00
    Threshold: 33.00
    Threshold: 34.00
    Threshold: 35.00
    Threshold: 36.00
    Threshold: 37.00
    Threshold: 38.00
    Threshold: 39.00
    Threshold: 40.00
  [Dataset 1] Completed window size: 150
  [Dataset 1] Processing window size: 200
    Threshold: 0.00
    Threshold: 1.00
    Threshold: 2.00
    Threshold: 3.00
    Threshold: 4.00
    Threshold: 5.00
    Threshold: 6.00
    Threshold: 7.00
    Threshold: 8.00
    Threshold: 9.00
    Threshold: 10.00
    Threshold: 11.00
    Threshold: 12.00
    Threshold: 13.00
    Threshold: 14.00
    Threshold: 15.00
    Threshold: 16.00
    Threshold: 17.00
    Threshold: 18.00
    Threshold: 19.00
    Threshold: 20.00
    Threshold: 21.00
    Threshold: 22.00
    Threshold: 23.00
    Threshold: 24.00
    Threshold: 25.00
    Threshold: 26.00
    Threshold: 27.00
    Threshold: 28.00
    Threshold: 29.00
    Threshold: 30.00
    Threshold: 31.00
    Threshold: 32.00
    Threshold: 33.00
    Threshold: 34.00
    Threshold: 35.00
    Threshold: 36.00
    Threshold: 37.00
    Threshold: 38.00
    Threshold: 39.00
    Threshold: 40.00
  [Dataset 1] Completed window size: 200
  [Dataset 1] Processing window size: 50
    Threshold: 0.00
    Threshold: 1.00
    Threshold: 2.00
    Threshold: 3.00
    Threshold: 4.00
    Threshold: 5.00
    Threshold: 6.00
    Threshold: 7.00
    Threshold: 8.00
    Threshold: 9.00
    Threshold: 10.00
    Threshold: 11.00
    Threshold: 12.00
    Threshold: 13.00
    Threshold: 14.00
    Threshold: 15.00
    Threshold: 16.00
    Threshold: 17.00
    Threshold: 18.00
    Threshold: 19.00
    Threshold: 20.00
    Threshold: 21.00
    Threshold: 22.00
    Threshold: 23.00
    Threshold: 24.00
    Threshold: 25.00
    Threshold: 26.00
    Threshold: 27.00
    Threshold: 28.00
    Threshold: 29.00
    Threshold: 30.00
    Threshold: 31.00
    Threshold: 32.00
    Threshold: 33.00
    Threshold: 34.00
    Threshold: 35.00
    Threshold: 36.00
    Threshold: 37.00
    Threshold: 38.00
    Threshold: 39.00
    Threshold: 40.00
  [Dataset 1] Completed window size: 50
  [Dataset 1] Processing window size: 30
    Threshold: 0.00
    Threshold: 1.00
    Threshold: 2.00
    Threshold: 3.00
    Threshold: 4.00
    Threshold: 5.00
    Threshold: 6.00
    Threshold: 7.00
    Threshold: 8.00
    Threshold: 9.00
    Threshold: 10.00
    Threshold: 11.00
    Threshold: 12.00
    Threshold: 13.00
    Threshold: 14.00
    Threshold: 15.00
    Threshold: 16.00
    Threshold: 17.00
    Threshold: 18.00
    Threshold: 19.00
    Threshold: 20.00
    Threshold: 21.00
    Threshold: 22.00
    Threshold: 23.00
    Threshold: 24.00
    Threshold: 25.00
    Threshold: 26.00
    Threshold: 27.00
    Threshold: 28.00
    Threshold: 29.00
    Threshold: 30.00
    Threshold: 31.00
    Threshold: 32.00
    Threshold: 33.00
    Threshold: 34.00
    Threshold: 35.00
    Threshold: 36.00
    Threshold: 37.00
    Threshold: 38.00
    Threshold: 39.00
    Threshold: 40.00
  [Dataset 1] Completed window size: 30
  [Dataset 1] Processing window size: 20
    Threshold: 0.00
    Threshold: 1.00
    Threshold: 2.00
    Threshold: 3.00
    Threshold: 4.00
    Threshold: 5.00
    Threshold: 6.00
    Threshold: 7.00
    Threshold: 8.00
    Threshold: 9.00
    Threshold: 10.00
    Threshold: 11.00
    Threshold: 12.00
    Threshold: 13.00
    Threshold: 14.00
    Threshold: 15.00
    Threshold: 16.00
    Threshold: 17.00
    Threshold: 18.00
    Threshold: 19.00
    Threshold: 20.00
    Threshold: 21.00
    Threshold: 22.00
    Threshold: 23.00
    Threshold: 24.00
    Threshold: 25.00
    Threshold: 26.00
    Threshold: 27.00
    Threshold: 28.00
    Threshold: 29.00
    Threshold: 30.00
    Threshold: 31.00
    Threshold: 32.00
    Threshold: 33.00
    Threshold: 34.00
    Threshold: 35.00
    Threshold: 36.00
    Threshold: 37.00
    Threshold: 38.00
    Threshold: 39.00
    Threshold: 40.00
  [Dataset 1] Completed window size: 20
  [Dataset 1] Processing window size: 10
    Threshold: 0.00
    Threshold: 1.00
    Threshold: 2.00
    Threshold: 3.00
    Threshold: 4.00
    Threshold: 5.00
    Threshold: 6.00
    Threshold: 7.00
    Threshold: 8.00
    Threshold: 9.00
    Threshold: 10.00
    Threshold: 11.00
    Threshold: 12.00
    Threshold: 13.00
    Threshold: 14.00
    Threshold: 15.00
    Threshold: 16.00
    Threshold: 17.00
    Threshold: 18.00
    Threshold: 19.00
    Threshold: 20.00
    Threshold: 21.00
    Threshold: 22.00
    Threshold: 23.00
    Threshold: 24.00
    Threshold: 25.00
    Threshold: 26.00
    Threshold: 27.00
    Threshold: 28.00
    Threshold: 29.00
    Threshold: 30.00
    Threshold: 31.00
    Threshold: 32.00
    Threshold: 33.00
    Threshold: 34.00
    Threshold: 35.00
    Threshold: 36.00
    Threshold: 37.00
    Threshold: 38.00
    Threshold: 39.00
    Threshold: 40.00
  [Dataset 1] Completed window size: 10

Dataset 1 results saved to Signal_processing/final/results/windows/dataset_1/performance_metrics.csv
Dataset 1 AUC values saved to Signal_processing/final/results/windows/dataset_1/auc_values.csv

============================================================
Processing Dataset 2
============================================================
  Data points: 500769
  True change points: 992

Best theta: 2.64e-01 with ll=-400388.63
Final parameters: pi=0.7715, mu=5.9438, theta=0.2643
  Estimated global theta: 0.2643
  (Estimated global pi: 0.7715, mu: 5.9438)
  Using 8 parallel workers for window sizes
  [Dataset 2] Processing window size: 100
    Threshold: 0.00
    Threshold: 1.00
    Threshold: 2.00
    Threshold: 3.00
    Threshold: 4.00
    Threshold: 5.00
    Threshold: 6.00
    Threshold: 7.00
    Threshold: 8.00
    Threshold: 9.00
    Threshold: 10.00
    Threshold: 11.00
    Threshold: 12.00
    Threshold: 13.00
    Threshold: 14.00
    Threshold: 15.00
    Threshold: 16.00
    Threshold: 17.00
    Threshold: 18.00
    Threshold: 19.00
    Threshold: 20.00
    Threshold: 21.00
    Threshold: 22.00
    Threshold: 23.00
    Threshold: 24.00
    Threshold: 25.00
    Threshold: 26.00
    Threshold: 27.00
    Threshold: 28.00
    Threshold: 29.00
    Threshold: 30.00
    Threshold: 31.00
    Threshold: 32.00
    Threshold: 33.00
    Threshold: 34.00
    Threshold: 35.00
    Threshold: 36.00
    Threshold: 37.00
    Threshold: 38.00
    Threshold: 39.00
    Threshold: 40.00
  [Dataset 2] Completed window size: 100
  [Dataset 2] Processing window size: 150
    Threshold: 0.00
    Threshold: 1.00
    Threshold: 2.00
    Threshold: 3.00
    Threshold: 4.00
    Threshold: 5.00
    Threshold: 6.00
    Threshold: 7.00
    Threshold: 8.00
    Threshold: 9.00
    Threshold: 10.00
    Threshold: 11.00
    Threshold: 12.00
    Threshold: 13.00
    Threshold: 14.00
    Threshold: 15.00
    Threshold: 16.00
    Threshold: 17.00
    Threshold: 18.00
    Threshold: 19.00
    Threshold: 20.00
    Threshold: 21.00
    Threshold: 22.00
    Threshold: 23.00
    Threshold: 24.00
    Threshold: 25.00
    Threshold: 26.00
    Threshold: 27.00
    Threshold: 28.00
    Threshold: 29.00
    Threshold: 30.00
    Threshold: 31.00
    Threshold: 32.00
    Threshold: 33.00
    Threshold: 34.00
    Threshold: 35.00
    Threshold: 36.00
    Threshold: 37.00
    Threshold: 38.00
    Threshold: 39.00
    Threshold: 40.00
  [Dataset 2] Completed window size: 150
  [Dataset 2] Processing window size: 200
    Threshold: 0.00
    Threshold: 1.00
    Threshold: 2.00
    Threshold: 3.00
    Threshold: 4.00
    Threshold: 5.00
    Threshold: 6.00
    Threshold: 7.00
    Threshold: 8.00
    Threshold: 9.00
    Threshold: 10.00
    Threshold: 11.00
    Threshold: 12.00
    Threshold: 13.00
    Threshold: 14.00
    Threshold: 15.00
    Threshold: 16.00
    Threshold: 17.00
    Threshold: 18.00
    Threshold: 19.00
    Threshold: 20.00
    Threshold: 21.00
    Threshold: 22.00
    Threshold: 23.00
    Threshold: 24.00
    Threshold: 25.00
    Threshold: 26.00
    Threshold: 27.00
    Threshold: 28.00
    Threshold: 29.00
    Threshold: 30.00
    Threshold: 31.00
    Threshold: 32.00
    Threshold: 33.00
    Threshold: 34.00
    Threshold: 35.00
    Threshold: 36.00
    Threshold: 37.00
    Threshold: 38.00
    Threshold: 39.00
    Threshold: 40.00
  [Dataset 2] Completed window size: 200
  [Dataset 2] Processing window size: 50
    Threshold: 0.00
    Threshold: 1.00
    Threshold: 2.00
    Threshold: 3.00
    Threshold: 4.00
    Threshold: 5.00
    Threshold: 6.00
    Threshold: 7.00
    Threshold: 8.00
    Threshold: 9.00
    Threshold: 10.00
    Threshold: 11.00
    Threshold: 12.00
    Threshold: 13.00
    Threshold: 14.00
    Threshold: 15.00
    Threshold: 16.00
    Threshold: 17.00
    Threshold: 18.00
    Threshold: 19.00
    Threshold: 20.00
    Threshold: 21.00
    Threshold: 22.00
    Threshold: 23.00
    Threshold: 24.00
    Threshold: 25.00
    Threshold: 26.00
    Threshold: 27.00
    Threshold: 28.00
    Threshold: 29.00
    Threshold: 30.00
    Threshold: 31.00
    Threshold: 32.00
    Threshold: 33.00
    Threshold: 34.00
    Threshold: 35.00
    Threshold: 36.00
    Threshold: 37.00
    Threshold: 38.00
    Threshold: 39.00
    Threshold: 40.00
  [Dataset 2] Completed window size: 50
  [Dataset 2] Processing window size: 80
    Threshold: 0.00
    Threshold: 1.00
    Threshold: 2.00
    Threshold: 3.00
    Threshold: 4.00
    Threshold: 5.00
    Threshold: 6.00
    Threshold: 7.00
    Threshold: 8.00
    Threshold: 9.00
    Threshold: 10.00
    Threshold: 11.00
    Threshold: 12.00
    Threshold: 13.00
    Threshold: 14.00
    Threshold: 15.00
    Threshold: 16.00
    Threshold: 17.00
    Threshold: 18.00
    Threshold: 19.00
    Threshold: 20.00
    Threshold: 21.00
    Threshold: 22.00
    Threshold: 23.00
    Threshold: 24.00
    Threshold: 25.00
    Threshold: 26.00
    Threshold: 27.00
    Threshold: 28.00
    Threshold: 29.00
    Threshold: 30.00
    Threshold: 31.00
    Threshold: 32.00
    Threshold: 33.00
    Threshold: 34.00
    Threshold: 35.00
    Threshold: 36.00
    Threshold: 37.00
    Threshold: 38.00
    Threshold: 39.00
    Threshold: 40.00
  [Dataset 2] Completed window size: 80
  [Dataset 2] Processing window size: 30
    Threshold: 0.00
    Threshold: 1.00
    Threshold: 2.00
    Threshold: 3.00
    Threshold: 4.00
    Threshold: 5.00
    Threshold: 6.00
    Threshold: 7.00
    Threshold: 8.00
    Threshold: 9.00
    Threshold: 10.00
    Threshold: 11.00
    Threshold: 12.00
    Threshold: 13.00
    Threshold: 14.00
    Threshold: 15.00
    Threshold: 16.00
    Threshold: 17.00
    Threshold: 18.00
    Threshold: 19.00
    Threshold: 20.00
    Threshold: 21.00
    Threshold: 22.00
    Threshold: 23.00
    Threshold: 24.00
    Threshold: 25.00
    Threshold: 26.00
    Threshold: 27.00
    Threshold: 28.00
    Threshold: 29.00
    Threshold: 30.00
    Threshold: 31.00
    Threshold: 32.00
    Threshold: 33.00
    Threshold: 34.00
    Threshold: 35.00
    Threshold: 36.00
    Threshold: 37.00
    Threshold: 38.00
    Threshold: 39.00
    Threshold: 40.00
  [Dataset 2] Completed window size: 30
  [Dataset 2] Processing window size: 20
    Threshold: 0.00
    Threshold: 1.00
    Threshold: 2.00
    Threshold: 3.00
    Threshold: 4.00
    Threshold: 5.00
    Threshold: 6.00
    Threshold: 7.00
    Threshold: 8.00
    Threshold: 9.00
    Threshold: 10.00
    Threshold: 11.00
    Threshold: 12.00
    Threshold: 13.00
    Threshold: 14.00
    Threshold: 15.00
    Threshold: 16.00
    Threshold: 17.00
    Threshold: 18.00
    Threshold: 19.00
    Threshold: 20.00
    Threshold: 21.00
    Threshold: 22.00
    Threshold: 23.00
    Threshold: 24.00
    Threshold: 25.00
    Threshold: 26.00
    Threshold: 27.00
    Threshold: 28.00
    Threshold: 29.00
    Threshold: 30.00
    Threshold: 31.00
    Threshold: 32.00
    Threshold: 33.00
    Threshold: 34.00
    Threshold: 35.00
    Threshold: 36.00
    Threshold: 37.00
    Threshold: 38.00
    Threshold: 39.00
    Threshold: 40.00
  [Dataset 2] Completed window size: 20
  [Dataset 2] Processing window size: 10
    Threshold: 0.00
    Threshold: 1.00
    Threshold: 2.00
    Threshold: 3.00
    Threshold: 4.00
    Threshold: 5.00
    Threshold: 6.00
    Threshold: 7.00
    Threshold: 8.00
    Threshold: 9.00
    Threshold: 10.00
    Threshold: 11.00
    Threshold: 12.00
    Threshold: 13.00
    Threshold: 14.00
    Threshold: 15.00
    Threshold: 16.00
    Threshold: 17.00
    Threshold: 18.00
    Threshold: 19.00
    Threshold: 20.00
    Threshold: 21.00
    Threshold: 22.00
    Threshold: 23.00
    Threshold: 24.00
    Threshold: 25.00
    Threshold: 26.00
    Threshold: 27.00
    Threshold: 28.00
    Threshold: 29.00
    Threshold: 30.00
    Threshold: 31.00
    Threshold: 32.00
    Threshold: 33.00
    Threshold: 34.00
    Threshold: 35.00
    Threshold: 36.00
    Threshold: 37.00
    Threshold: 38.00
    Threshold: 39.00
    Threshold: 40.00
  [Dataset 2] Completed window size: 10

Dataset 2 results saved to Signal_processing/final/results/windows/dataset_2/performance_metrics.csv
Dataset 2 AUC values saved to Signal_processing/final/results/windows/dataset_2/auc_values.csv

============================================================
Processing Dataset 3
============================================================
  Data points: 500194
  True change points: 938

Best theta: 2.70e-01 with ll=-387858.09
Final parameters: pi=0.7791, mu=5.7457, theta=0.2705
  Estimated global theta: 0.2705
  (Estimated global pi: 0.7791, mu: 5.7457)
  Using 8 parallel workers for window sizes
  [Dataset 3] Processing window size: 50
    Threshold: 0.00
    Threshold: 1.00
    Threshold: 2.00
    Threshold: 3.00
    Threshold: 4.00
    Threshold: 5.00
    Threshold: 6.00
    Threshold: 7.00
    Threshold: 8.00
    Threshold: 9.00
    Threshold: 10.00
    Threshold: 11.00
    Threshold: 12.00
    Threshold: 13.00
    Threshold: 14.00
    Threshold: 15.00
    Threshold: 16.00
    Threshold: 17.00
    Threshold: 18.00
    Threshold: 19.00
    Threshold: 20.00
    Threshold: 21.00
    Threshold: 22.00
    Threshold: 23.00
    Threshold: 24.00
    Threshold: 25.00
    Threshold: 26.00
    Threshold: 27.00
    Threshold: 28.00
    Threshold: 29.00
    Threshold: 30.00
    Threshold: 31.00
    Threshold: 32.00
    Threshold: 33.00
    Threshold: 34.00
    Threshold: 35.00
    Threshold: 36.00
    Threshold: 37.00
    Threshold: 38.00
    Threshold: 39.00
    Threshold: 40.00
  [Dataset 3] Completed window size: 50
  [Dataset 3] Processing window size: 200
    Threshold: 0.00
    Threshold: 1.00
    Threshold: 2.00
    Threshold: 3.00
    Threshold: 4.00
    Threshold: 5.00
    Threshold: 6.00
    Threshold: 7.00
    Threshold: 8.00
    Threshold: 9.00
    Threshold: 10.00
    Threshold: 11.00
    Threshold: 12.00
    Threshold: 13.00
    Threshold: 14.00
    Threshold: 15.00
    Threshold: 16.00
    Threshold: 17.00
    Threshold: 18.00
    Threshold: 19.00
    Threshold: 20.00
    Threshold: 21.00
    Threshold: 22.00
    Threshold: 23.00
    Threshold: 24.00
    Threshold: 25.00
    Threshold: 26.00
    Threshold: 27.00
    Threshold: 28.00
    Threshold: 29.00
    Threshold: 30.00
    Threshold: 31.00
    Threshold: 32.00
    Threshold: 33.00
    Threshold: 34.00
    Threshold: 35.00
    Threshold: 36.00
    Threshold: 37.00
    Threshold: 38.00
    Threshold: 39.00
    Threshold: 40.00
  [Dataset 3] Completed window size: 200
  [Dataset 3] Processing window size: 150
    Threshold: 0.00
    Threshold: 1.00
    Threshold: 2.00
    Threshold: 3.00
    Threshold: 4.00
    Threshold: 5.00
    Threshold: 6.00
    Threshold: 7.00
    Threshold: 8.00
    Threshold: 9.00
    Threshold: 10.00
    Threshold: 11.00
    Threshold: 12.00
    Threshold: 13.00
    Threshold: 14.00
    Threshold: 15.00
    Threshold: 16.00
    Threshold: 17.00
    Threshold: 18.00
    Threshold: 19.00
    Threshold: 20.00
    Threshold: 21.00
    Threshold: 22.00
    Threshold: 23.00
    Threshold: 24.00
    Threshold: 25.00
    Threshold: 26.00
    Threshold: 27.00
    Threshold: 28.00
    Threshold: 29.00
    Threshold: 30.00
    Threshold: 31.00
    Threshold: 32.00
    Threshold: 33.00
    Threshold: 34.00
    Threshold: 35.00
    Threshold: 36.00
    Threshold: 37.00
    Threshold: 38.00
    Threshold: 39.00
    Threshold: 40.00
  [Dataset 3] Completed window size: 150
  [Dataset 3] Processing window size: 100
    Threshold: 0.00
    Threshold: 1.00
    Threshold: 2.00
    Threshold: 3.00
    Threshold: 4.00
    Threshold: 5.00
    Threshold: 6.00
    Threshold: 7.00
    Threshold: 8.00
    Threshold: 9.00
    Threshold: 10.00
    Threshold: 11.00
    Threshold: 12.00
    Threshold: 13.00
    Threshold: 14.00
    Threshold: 15.00
    Threshold: 16.00
    Threshold: 17.00
    Threshold: 18.00
    Threshold: 19.00
    Threshold: 20.00
    Threshold: 21.00
    Threshold: 22.00
    Threshold: 23.00
    Threshold: 24.00
    Threshold: 25.00
    Threshold: 26.00
    Threshold: 27.00
    Threshold: 28.00
    Threshold: 29.00
    Threshold: 30.00
    Threshold: 31.00
    Threshold: 32.00
    Threshold: 33.00
    Threshold: 34.00
    Threshold: 35.00
    Threshold: 36.00
    Threshold: 37.00
    Threshold: 38.00
    Threshold: 39.00
    Threshold: 40.00
  [Dataset 3] Completed window size: 100
  [Dataset 3] Processing window size: 20
    Threshold: 0.00
    Threshold: 1.00
    Threshold: 2.00
    Threshold: 3.00
    Threshold: 4.00
    Threshold: 5.00
    Threshold: 6.00
    Threshold: 7.00
    Threshold: 8.00
    Threshold: 9.00
    Threshold: 10.00
    Threshold: 11.00
    Threshold: 12.00
    Threshold: 13.00
    Threshold: 14.00
    Threshold: 15.00
    Threshold: 16.00
    Threshold: 17.00
    Threshold: 18.00
    Threshold: 19.00
    Threshold: 20.00
    Threshold: 21.00
    Threshold: 22.00
    Threshold: 23.00
    Threshold: 24.00
    Threshold: 25.00
    Threshold: 26.00
    Threshold: 27.00
    Threshold: 28.00
    Threshold: 29.00
    Threshold: 30.00
    Threshold: 31.00
    Threshold: 32.00
    Threshold: 33.00
    Threshold: 34.00
    Threshold: 35.00
    Threshold: 36.00
    Threshold: 37.00
    Threshold: 38.00
    Threshold: 39.00
    Threshold: 40.00
  [Dataset 3] Completed window size: 20
  [Dataset 3] Processing window size: 80
    Threshold: 0.00
    Threshold: 1.00
    Threshold: 2.00
    Threshold: 3.00
    Threshold: 4.00
    Threshold: 5.00
    Threshold: 6.00
    Threshold: 7.00
    Threshold: 8.00
    Threshold: 9.00
    Threshold: 10.00
    Threshold: 11.00
    Threshold: 12.00
    Threshold: 13.00
    Threshold: 14.00
    Threshold: 15.00
    Threshold: 16.00
    Threshold: 17.00
    Threshold: 18.00
    Threshold: 19.00
    Threshold: 20.00
    Threshold: 21.00
    Threshold: 22.00
    Threshold: 23.00
    Threshold: 24.00
    Threshold: 25.00
    Threshold: 26.00
    Threshold: 27.00
    Threshold: 28.00
    Threshold: 29.00
    Threshold: 30.00
    Threshold: 31.00
    Threshold: 32.00
    Threshold: 33.00
    Threshold: 34.00
    Threshold: 35.00
    Threshold: 36.00
    Threshold: 37.00
    Threshold: 38.00
    Threshold: 39.00
    Threshold: 40.00
  [Dataset 3] Completed window size: 80
  [Dataset 3] Processing window size: 30
    Threshold: 0.00
    Threshold: 1.00
    Threshold: 2.00
    Threshold: 3.00
    Threshold: 4.00
    Threshold: 5.00
    Threshold: 6.00
    Threshold: 7.00
    Threshold: 8.00
    Threshold: 9.00
    Threshold: 10.00
    Threshold: 11.00
    Threshold: 12.00
    Threshold: 13.00
    Threshold: 14.00
    Threshold: 15.00
    Threshold: 16.00
    Threshold: 17.00
    Threshold: 18.00
    Threshold: 19.00
    Threshold: 20.00
    Threshold: 21.00
    Threshold: 22.00
    Threshold: 23.00
    Threshold: 24.00
    Threshold: 25.00
    Threshold: 26.00
    Threshold: 27.00
    Threshold: 28.00
    Threshold: 29.00
    Threshold: 30.00
    Threshold: 31.00
    Threshold: 32.00
    Threshold: 33.00
    Threshold: 34.00
    Threshold: 35.00
    Threshold: 36.00
    Threshold: 37.00
    Threshold: 38.00
    Threshold: 39.00
    Threshold: 40.00
  [Dataset 3] Completed window size: 30
  [Dataset 3] Processing window size: 10
    Threshold: 0.00
    Threshold: 1.00
    Threshold: 2.00
    Threshold: 3.00
    Threshold: 4.00
    Threshold: 5.00
    Threshold: 6.00
    Threshold: 7.00
    Threshold: 8.00
    Threshold: 9.00
    Threshold: 10.00
    Threshold: 11.00
    Threshold: 12.00
    Threshold: 13.00
    Threshold: 14.00
    Threshold: 15.00
    Threshold: 16.00
    Threshold: 17.00
    Threshold: 18.00
    Threshold: 19.00
    Threshold: 20.00
    Threshold: 21.00
    Threshold: 22.00
    Threshold: 23.00
    Threshold: 24.00
    Threshold: 25.00
    Threshold: 26.00
    Threshold: 27.00
    Threshold: 28.00
    Threshold: 29.00
    Threshold: 30.00
    Threshold: 31.00
    Threshold: 32.00
    Threshold: 33.00
    Threshold: 34.00
    Threshold: 35.00
    Threshold: 36.00
    Threshold: 37.00
    Threshold: 38.00
    Threshold: 39.00
    Threshold: 40.00
  [Dataset 3] Completed window size: 10

Dataset 3 results saved to Signal_processing/final/results/windows/dataset_3/performance_metrics.csv
Dataset 3 AUC values saved to Signal_processing/final/results/windows/dataset_3/auc_values.csv

============================================================
Processing Dataset 4
============================================================
  Data points: 500253
  True change points: 957

Best theta: 2.97e-01 with ll=-389683.18
Final parameters: pi=0.7897, mu=6.0973, theta=0.2967
  Estimated global theta: 0.2967
  (Estimated global pi: 0.7897, mu: 6.0973)
  Using 8 parallel workers for window sizes
  [Dataset 4] Processing window size: 200
    Threshold: 0.00
    Threshold: 1.00
    Threshold: 2.00
    Threshold: 3.00
    Threshold: 4.00
    Threshold: 5.00
    Threshold: 6.00
    Threshold: 7.00
    Threshold: 8.00
    Threshold: 9.00
    Threshold: 10.00
    Threshold: 11.00
    Threshold: 12.00
    Threshold: 13.00
    Threshold: 14.00
    Threshold: 15.00
    Threshold: 16.00
    Threshold: 17.00
    Threshold: 18.00
    Threshold: 19.00
    Threshold: 20.00
    Threshold: 21.00
    Threshold: 22.00
    Threshold: 23.00
    Threshold: 24.00
    Threshold: 25.00
    Threshold: 26.00
    Threshold: 27.00
    Threshold: 28.00
    Threshold: 29.00
    Threshold: 30.00
    Threshold: 31.00
    Threshold: 32.00
    Threshold: 33.00
    Threshold: 34.00
    Threshold: 35.00
    Threshold: 36.00
    Threshold: 37.00
    Threshold: 38.00
    Threshold: 39.00
    Threshold: 40.00
  [Dataset 4] Completed window size: 200
  [Dataset 4] Processing window size: 20
    Threshold: 0.00
    Threshold: 1.00
    Threshold: 2.00
    Threshold: 3.00
    Threshold: 4.00
    Threshold: 5.00
    Threshold: 6.00
    Threshold: 7.00
    Threshold: 8.00
    Threshold: 9.00
    Threshold: 10.00
    Threshold: 11.00
    Threshold: 12.00
    Threshold: 13.00
    Threshold: 14.00
    Threshold: 15.00
    Threshold: 16.00
    Threshold: 17.00
    Threshold: 18.00
    Threshold: 19.00
    Threshold: 20.00
    Threshold: 21.00
    Threshold: 22.00
    Threshold: 23.00
    Threshold: 24.00
    Threshold: 25.00
    Threshold: 26.00
    Threshold: 27.00
    Threshold: 28.00
    Threshold: 29.00
    Threshold: 30.00
    Threshold: 31.00
    Threshold: 32.00
    Threshold: 33.00
    Threshold: 34.00
    Threshold: 35.00
    Threshold: 36.00
    Threshold: 37.00
    Threshold: 38.00
    Threshold: 39.00
    Threshold: 40.00
  [Dataset 4] Completed window size: 20
  [Dataset 4] Processing window size: 30
    Threshold: 0.00
    Threshold: 1.00
    Threshold: 2.00
    Threshold: 3.00
    Threshold: 4.00
    Threshold: 5.00
    Threshold: 6.00
    Threshold: 7.00
    Threshold: 8.00
    Threshold: 9.00
    Threshold: 10.00
    Threshold: 11.00
    Threshold: 12.00
    Threshold: 13.00
    Threshold: 14.00
    Threshold: 15.00
    Threshold: 16.00
    Threshold: 17.00
    Threshold: 18.00
    Threshold: 19.00
    Threshold: 20.00
    Threshold: 21.00
    Threshold: 22.00
    Threshold: 23.00
    Threshold: 24.00
    Threshold: 25.00
    Threshold: 26.00
    Threshold: 27.00
    Threshold: 28.00
    Threshold: 29.00
    Threshold: 30.00
    Threshold: 31.00
    Threshold: 32.00
    Threshold: 33.00
    Threshold: 34.00
    Threshold: 35.00
    Threshold: 36.00
    Threshold: 37.00
    Threshold: 38.00
    Threshold: 39.00
    Threshold: 40.00
  [Dataset 4] Completed window size: 30
  [Dataset 4] Processing window size: 150
    Threshold: 0.00
    Threshold: 1.00
    Threshold: 2.00
    Threshold: 3.00
    Threshold: 4.00
    Threshold: 5.00
    Threshold: 6.00
    Threshold: 7.00
    Threshold: 8.00
    Threshold: 9.00
    Threshold: 10.00
    Threshold: 11.00
    Threshold: 12.00
    Threshold: 13.00
    Threshold: 14.00
    Threshold: 15.00
    Threshold: 16.00
    Threshold: 17.00
    Threshold: 18.00
    Threshold: 19.00
    Threshold: 20.00
    Threshold: 21.00
    Threshold: 22.00
    Threshold: 23.00
    Threshold: 24.00
    Threshold: 25.00
    Threshold: 26.00
    Threshold: 27.00
    Threshold: 28.00
    Threshold: 29.00
    Threshold: 30.00
    Threshold: 31.00
    Threshold: 32.00
    Threshold: 33.00
    Threshold: 34.00
    Threshold: 35.00
    Threshold: 36.00
    Threshold: 37.00
    Threshold: 38.00
    Threshold: 39.00
    Threshold: 40.00
  [Dataset 4] Completed window size: 150
  [Dataset 4] Processing window size: 50
    Threshold: 0.00
    Threshold: 1.00
    Threshold: 2.00
    Threshold: 3.00
    Threshold: 4.00
    Threshold: 5.00
    Threshold: 6.00
    Threshold: 7.00
    Threshold: 8.00
    Threshold: 9.00
    Threshold: 10.00
    Threshold: 11.00
    Threshold: 12.00
    Threshold: 13.00
    Threshold: 14.00
    Threshold: 15.00
    Threshold: 16.00
    Threshold: 17.00
    Threshold: 18.00
    Threshold: 19.00
    Threshold: 20.00
    Threshold: 21.00
    Threshold: 22.00
    Threshold: 23.00
    Threshold: 24.00
    Threshold: 25.00
    Threshold: 26.00
    Threshold: 27.00
    Threshold: 28.00
    Threshold: 29.00
    Threshold: 30.00
    Threshold: 31.00
    Threshold: 32.00
    Threshold: 33.00
    Threshold: 34.00
    Threshold: 35.00
    Threshold: 36.00
    Threshold: 37.00
    Threshold: 38.00
    Threshold: 39.00
    Threshold: 40.00
  [Dataset 4] Completed window size: 50
  [Dataset 4] Processing window size: 80
    Threshold: 0.00
    Threshold: 1.00
    Threshold: 2.00
    Threshold: 3.00
    Threshold: 4.00
    Threshold: 5.00
    Threshold: 6.00
    Threshold: 7.00
    Threshold: 8.00
    Threshold: 9.00
    Threshold: 10.00
    Threshold: 11.00
    Threshold: 12.00
    Threshold: 13.00
    Threshold: 14.00
    Threshold: 15.00
    Threshold: 16.00
    Threshold: 17.00
    Threshold: 18.00
    Threshold: 19.00
    Threshold: 20.00
    Threshold: 21.00
    Threshold: 22.00
    Threshold: 23.00
    Threshold: 24.00
    Threshold: 25.00
    Threshold: 26.00
    Threshold: 27.00
    Threshold: 28.00
    Threshold: 29.00
    Threshold: 30.00
    Threshold: 31.00
    Threshold: 32.00
    Threshold: 33.00
    Threshold: 34.00
    Threshold: 35.00
    Threshold: 36.00
    Threshold: 37.00
    Threshold: 38.00
    Threshold: 39.00
    Threshold: 40.00
  [Dataset 4] Completed window size: 80
  [Dataset 4] Processing window size: 100
    Threshold: 0.00
    Threshold: 1.00
    Threshold: 2.00
    Threshold: 3.00
    Threshold: 4.00
    Threshold: 5.00
    Threshold: 6.00
    Threshold: 7.00
    Threshold: 8.00
    Threshold: 9.00
    Threshold: 10.00
    Threshold: 11.00
    Threshold: 12.00
    Threshold: 13.00
    Threshold: 14.00
    Threshold: 15.00
    Threshold: 16.00
    Threshold: 17.00
    Threshold: 18.00
    Threshold: 19.00
    Threshold: 20.00
    Threshold: 21.00
    Threshold: 22.00
    Threshold: 23.00
    Threshold: 24.00
    Threshold: 25.00
    Threshold: 26.00
    Threshold: 27.00
    Threshold: 28.00
    Threshold: 29.00
    Threshold: 30.00
    Threshold: 31.00
    Threshold: 32.00
    Threshold: 33.00
    Threshold: 34.00
    Threshold: 35.00
    Threshold: 36.00
    Threshold: 37.00
    Threshold: 38.00
    Threshold: 39.00
    Threshold: 40.00
  [Dataset 4] Completed window size: 100
  [Dataset 4] Processing window size: 10
    Threshold: 0.00
    Threshold: 1.00
    Threshold: 2.00
    Threshold: 3.00
    Threshold: 4.00
    Threshold: 5.00
    Threshold: 6.00
    Threshold: 7.00
    Threshold: 8.00
    Threshold: 9.00
    Threshold: 10.00
    Threshold: 11.00
    Threshold: 12.00
    Threshold: 13.00
    Threshold: 14.00
    Threshold: 15.00
    Threshold: 16.00
    Threshold: 17.00
    Threshold: 18.00
    Threshold: 19.00
    Threshold: 20.00
    Threshold: 21.00
    Threshold: 22.00
    Threshold: 23.00
    Threshold: 24.00
    Threshold: 25.00
    Threshold: 26.00
    Threshold: 27.00
    Threshold: 28.00
    Threshold: 29.00
    Threshold: 30.00
    Threshold: 31.00
    Threshold: 32.00
    Threshold: 33.00
    Threshold: 34.00
    Threshold: 35.00
    Threshold: 36.00
    Threshold: 37.00
    Threshold: 38.00
    Threshold: 39.00
    Threshold: 40.00
  [Dataset 4] Completed window size: 10

Dataset 4 results saved to Signal_processing/final/results/windows/dataset_4/performance_metrics.csv
Dataset 4 AUC values saved to Signal_processing/final/results/windows/dataset_4/auc_values.csv

============================================================
Processing Dataset 5
============================================================
  Data points: 500160
  True change points: 963

Best theta: 2.67e-01 with ll=-378793.26
Final parameters: pi=0.7809, mu=5.4909, theta=0.2674
  Estimated global theta: 0.2674
  (Estimated global pi: 0.7809, mu: 5.4909)
  Using 8 parallel workers for window sizes
  [Dataset 5] Processing window size: 150
    Threshold: 0.00
    Threshold: 1.00
    Threshold: 2.00
    Threshold: 3.00
    Threshold: 4.00
    Threshold: 5.00
    Threshold: 6.00
    Threshold: 7.00
    Threshold: 8.00
    Threshold: 9.00
    Threshold: 10.00
    Threshold: 11.00
    Threshold: 12.00
    Threshold: 13.00
    Threshold: 14.00
    Threshold: 15.00
    Threshold: 16.00
    Threshold: 17.00
    Threshold: 18.00
    Threshold: 19.00
    Threshold: 20.00
    Threshold: 21.00
    Threshold: 22.00
    Threshold: 23.00
    Threshold: 24.00
    Threshold: 25.00
    Threshold: 26.00
    Threshold: 27.00
    Threshold: 28.00
    Threshold: 29.00
    Threshold: 30.00
    Threshold: 31.00
    Threshold: 32.00
    Threshold: 33.00
    Threshold: 34.00
    Threshold: 35.00
    Threshold: 36.00
    Threshold: 37.00
    Threshold: 38.00
    Threshold: 39.00
    Threshold: 40.00
  [Dataset 5] Completed window size: 150
  [Dataset 5] Processing window size: 50
    Threshold: 0.00
    Threshold: 1.00
    Threshold: 2.00
    Threshold: 3.00
    Threshold: 4.00
    Threshold: 5.00
    Threshold: 6.00
    Threshold: 7.00
    Threshold: 8.00
    Threshold: 9.00
    Threshold: 10.00
    Threshold: 11.00
    Threshold: 12.00
    Threshold: 13.00
    Threshold: 14.00
    Threshold: 15.00
    Threshold: 16.00
    Threshold: 17.00
    Threshold: 18.00
    Threshold: 19.00
    Threshold: 20.00
    Threshold: 21.00
    Threshold: 22.00
    Threshold: 23.00
    Threshold: 24.00
    Threshold: 25.00
    Threshold: 26.00
    Threshold: 27.00
    Threshold: 28.00
    Threshold: 29.00
    Threshold: 30.00
    Threshold: 31.00
    Threshold: 32.00
    Threshold: 33.00
    Threshold: 34.00
    Threshold: 35.00
    Threshold: 36.00
    Threshold: 37.00
    Threshold: 38.00
    Threshold: 39.00
    Threshold: 40.00
  [Dataset 5] Completed window size: 50
  [Dataset 5] Processing window size: 200
    Threshold: 0.00
    Threshold: 1.00
    Threshold: 2.00
    Threshold: 3.00
    Threshold: 4.00
    Threshold: 5.00
    Threshold: 6.00
    Threshold: 7.00
    Threshold: 8.00
    Threshold: 9.00
    Threshold: 10.00
    Threshold: 11.00
    Threshold: 12.00
    Threshold: 13.00
    Threshold: 14.00
    Threshold: 15.00
    Threshold: 16.00
    Threshold: 17.00
    Threshold: 18.00
    Threshold: 19.00
    Threshold: 20.00
    Threshold: 21.00
    Threshold: 22.00
    Threshold: 23.00
    Threshold: 24.00
    Threshold: 25.00
    Threshold: 26.00
    Threshold: 27.00
    Threshold: 28.00
    Threshold: 29.00
    Threshold: 30.00
    Threshold: 31.00
    Threshold: 32.00
    Threshold: 33.00
    Threshold: 34.00
    Threshold: 35.00
    Threshold: 36.00
    Threshold: 37.00
    Threshold: 38.00
    Threshold: 39.00
    Threshold: 40.00
  [Dataset 5] Completed window size: 200
  [Dataset 5] Processing window size: 100
    Threshold: 0.00
    Threshold: 1.00
    Threshold: 2.00
    Threshold: 3.00
    Threshold: 4.00
    Threshold: 5.00
    Threshold: 6.00
    Threshold: 7.00
    Threshold: 8.00
    Threshold: 9.00
    Threshold: 10.00
    Threshold: 11.00
    Threshold: 12.00
    Threshold: 13.00
    Threshold: 14.00
    Threshold: 15.00
    Threshold: 16.00
    Threshold: 17.00
    Threshold: 18.00
    Threshold: 19.00
    Threshold: 20.00
    Threshold: 21.00
    Threshold: 22.00
    Threshold: 23.00
    Threshold: 24.00
    Threshold: 25.00
    Threshold: 26.00
    Threshold: 27.00
    Threshold: 28.00
    Threshold: 29.00
    Threshold: 30.00
    Threshold: 31.00
    Threshold: 32.00
    Threshold: 33.00
    Threshold: 34.00
    Threshold: 35.00
    Threshold: 36.00
    Threshold: 37.00
    Threshold: 38.00
    Threshold: 39.00
    Threshold: 40.00
  [Dataset 5] Completed window size: 100
  [Dataset 5] Processing window size: 80
    Threshold: 0.00
    Threshold: 1.00
    Threshold: 2.00
    Threshold: 3.00
    Threshold: 4.00
    Threshold: 5.00
    Threshold: 6.00
    Threshold: 7.00
    Threshold: 8.00
    Threshold: 9.00
    Threshold: 10.00
    Threshold: 11.00
    Threshold: 12.00
    Threshold: 13.00
    Threshold: 14.00
    Threshold: 15.00
    Threshold: 16.00
    Threshold: 17.00
    Threshold: 18.00
    Threshold: 19.00
    Threshold: 20.00
    Threshold: 21.00
    Threshold: 22.00
    Threshold: 23.00
    Threshold: 24.00
    Threshold: 25.00
    Threshold: 26.00
    Threshold: 27.00
    Threshold: 28.00
    Threshold: 29.00
    Threshold: 30.00
    Threshold: 31.00
    Threshold: 32.00
    Threshold: 33.00
    Threshold: 34.00
    Threshold: 35.00
    Threshold: 36.00
    Threshold: 37.00
    Threshold: 38.00
    Threshold: 39.00
    Threshold: 40.00
  [Dataset 5] Completed window size: 80
  [Dataset 5] Processing window size: 30
    Threshold: 0.00
    Threshold: 1.00
    Threshold: 2.00
    Threshold: 3.00
    Threshold: 4.00
    Threshold: 5.00
    Threshold: 6.00
    Threshold: 7.00
    Threshold: 8.00
    Threshold: 9.00
    Threshold: 10.00
    Threshold: 11.00
    Threshold: 12.00
    Threshold: 13.00
    Threshold: 14.00
    Threshold: 15.00
    Threshold: 16.00
    Threshold: 17.00
    Threshold: 18.00
    Threshold: 19.00
    Threshold: 20.00
    Threshold: 21.00
    Threshold: 22.00
    Threshold: 23.00
    Threshold: 24.00
    Threshold: 25.00
    Threshold: 26.00
    Threshold: 27.00
    Threshold: 28.00
    Threshold: 29.00
    Threshold: 30.00
    Threshold: 31.00
    Threshold: 32.00
    Threshold: 33.00
    Threshold: 34.00
    Threshold: 35.00
    Threshold: 36.00
    Threshold: 37.00
    Threshold: 38.00
    Threshold: 39.00
    Threshold: 40.00
  [Dataset 5] Completed window size: 30
  [Dataset 5] Processing window size: 10
    Threshold: 0.00
    Threshold: 1.00
    Threshold: 2.00
    Threshold: 3.00
    Threshold: 4.00
    Threshold: 5.00
    Threshold: 6.00
    Threshold: 7.00
    Threshold: 8.00
    Threshold: 9.00
    Threshold: 10.00
    Threshold: 11.00
    Threshold: 12.00
    Threshold: 13.00
    Threshold: 14.00
    Threshold: 15.00
    Threshold: 16.00
    Threshold: 17.00
    Threshold: 18.00
    Threshold: 19.00
    Threshold: 20.00
    Threshold: 21.00
    Threshold: 22.00
    Threshold: 23.00
    Threshold: 24.00
    Threshold: 25.00
    Threshold: 26.00
    Threshold: 27.00
    Threshold: 28.00
    Threshold: 29.00
    Threshold: 30.00
    Threshold: 31.00
    Threshold: 32.00
    Threshold: 33.00
    Threshold: 34.00
    Threshold: 35.00
    Threshold: 36.00
    Threshold: 37.00
    Threshold: 38.00
    Threshold: 39.00
    Threshold: 40.00
  [Dataset 5] Completed window size: 10
  [Dataset 5] Processing window size: 20
    Threshold: 0.00
    Threshold: 1.00
    Threshold: 2.00
    Threshold: 3.00
    Threshold: 4.00
    Threshold: 5.00
    Threshold: 6.00
    Threshold: 7.00
    Threshold: 8.00
    Threshold: 9.00
    Threshold: 10.00
    Threshold: 11.00
    Threshold: 12.00
    Threshold: 13.00
    Threshold: 14.00
    Threshold: 15.00
    Threshold: 16.00
    Threshold: 17.00
    Threshold: 18.00
    Threshold: 19.00
    Threshold: 20.00
    Threshold: 21.00
    Threshold: 22.00
    Threshold: 23.00
    Threshold: 24.00
    Threshold: 25.00
    Threshold: 26.00
    Threshold: 27.00
    Threshold: 28.00
    Threshold: 29.00
    Threshold: 30.00
    Threshold: 31.00
    Threshold: 32.00
    Threshold: 33.00
    Threshold: 34.00
    Threshold: 35.00
    Threshold: 36.00
    Threshold: 37.00
    Threshold: 38.00
    Threshold: 39.00
    Threshold: 40.00
  [Dataset 5] Completed window size: 20

Dataset 5 results saved to Signal_processing/final/results/windows/dataset_5/performance_metrics.csv
Dataset 5 AUC values saved to Signal_processing/final/results/windows/dataset_5/auc_values.csv

============================================================
Processing Dataset 6
============================================================
  Data points: 500100
  True change points: 955

Best theta: 3.00e-01 with ll=-404608.71
Final parameters: pi=0.7818, mu=6.1764, theta=0.3002
  Estimated global theta: 0.3002
  (Estimated global pi: 0.7818, mu: 6.1764)
  Using 8 parallel workers for window sizes
  [Dataset 6] Processing window size: 80
    Threshold: 0.00
    Threshold: 1.00
    Threshold: 2.00
    Threshold: 3.00
    Threshold: 4.00
    Threshold: 5.00
    Threshold: 6.00
    Threshold: 7.00
    Threshold: 8.00
    Threshold: 9.00
    Threshold: 10.00
    Threshold: 11.00
    Threshold: 12.00
    Threshold: 13.00
    Threshold: 14.00
    Threshold: 15.00
    Threshold: 16.00
    Threshold: 17.00
    Threshold: 18.00
    Threshold: 19.00
    Threshold: 20.00
    Threshold: 21.00
    Threshold: 22.00
    Threshold: 23.00
    Threshold: 24.00
    Threshold: 25.00
    Threshold: 26.00
    Threshold: 27.00
    Threshold: 28.00
    Threshold: 29.00
    Threshold: 30.00
    Threshold: 31.00
    Threshold: 32.00
    Threshold: 33.00
    Threshold: 34.00
    Threshold: 35.00
    Threshold: 36.00
    Threshold: 37.00
    Threshold: 38.00
    Threshold: 39.00
    Threshold: 40.00
  [Dataset 6] Completed window size: 80
  [Dataset 6] Processing window size: 200
    Threshold: 0.00
    Threshold: 1.00
    Threshold: 2.00
    Threshold: 3.00
    Threshold: 4.00
    Threshold: 5.00
    Threshold: 6.00
    Threshold: 7.00
    Threshold: 8.00
    Threshold: 9.00
    Threshold: 10.00
    Threshold: 11.00
    Threshold: 12.00
    Threshold: 13.00
    Threshold: 14.00
    Threshold: 15.00
    Threshold: 16.00
    Threshold: 17.00
    Threshold: 18.00
    Threshold: 19.00
    Threshold: 20.00
    Threshold: 21.00
    Threshold: 22.00
    Threshold: 23.00
    Threshold: 24.00
    Threshold: 25.00
    Threshold: 26.00
    Threshold: 27.00
    Threshold: 28.00
    Threshold: 29.00
    Threshold: 30.00
    Threshold: 31.00
    Threshold: 32.00
    Threshold: 33.00
    Threshold: 34.00
    Threshold: 35.00
    Threshold: 36.00
    Threshold: 37.00
    Threshold: 38.00
    Threshold: 39.00
    Threshold: 40.00
  [Dataset 6] Completed window size: 200
  [Dataset 6] Processing window size: 150
    Threshold: 0.00
    Threshold: 1.00
    Threshold: 2.00
    Threshold: 3.00
    Threshold: 4.00
    Threshold: 5.00
    Threshold: 6.00
    Threshold: 7.00
    Threshold: 8.00
    Threshold: 9.00
    Threshold: 10.00
    Threshold: 11.00
    Threshold: 12.00
    Threshold: 13.00
    Threshold: 14.00
    Threshold: 15.00
    Threshold: 16.00
    Threshold: 17.00
    Threshold: 18.00
    Threshold: 19.00
    Threshold: 20.00
    Threshold: 21.00
    Threshold: 22.00
    Threshold: 23.00
    Threshold: 24.00
    Threshold: 25.00
    Threshold: 26.00
    Threshold: 27.00
    Threshold: 28.00
    Threshold: 29.00
    Threshold: 30.00
    Threshold: 31.00
    Threshold: 32.00
    Threshold: 33.00
    Threshold: 34.00
    Threshold: 35.00
    Threshold: 36.00
    Threshold: 37.00
    Threshold: 38.00
    Threshold: 39.00
    Threshold: 40.00
  [Dataset 6] Completed window size: 150
  [Dataset 6] Processing window size: 100
    Threshold: 0.00
    Threshold: 1.00
    Threshold: 2.00
    Threshold: 3.00
    Threshold: 4.00
    Threshold: 5.00
    Threshold: 6.00
    Threshold: 7.00
    Threshold: 8.00
    Threshold: 9.00
    Threshold: 10.00
    Threshold: 11.00
    Threshold: 12.00
    Threshold: 13.00
    Threshold: 14.00
    Threshold: 15.00
    Threshold: 16.00
    Threshold: 17.00
    Threshold: 18.00
    Threshold: 19.00
    Threshold: 20.00
    Threshold: 21.00
    Threshold: 22.00
    Threshold: 23.00
    Threshold: 24.00
    Threshold: 25.00
    Threshold: 26.00
    Threshold: 27.00
    Threshold: 28.00
    Threshold: 29.00
    Threshold: 30.00
    Threshold: 31.00
    Threshold: 32.00
    Threshold: 33.00
    Threshold: 34.00
    Threshold: 35.00
    Threshold: 36.00
    Threshold: 37.00
    Threshold: 38.00
    Threshold: 39.00
    Threshold: 40.00
  [Dataset 6] Completed window size: 100
  [Dataset 6] Processing window size: 50
    Threshold: 0.00
    Threshold: 1.00
    Threshold: 2.00
    Threshold: 3.00
    Threshold: 4.00
    Threshold: 5.00
    Threshold: 6.00
    Threshold: 7.00
    Threshold: 8.00
    Threshold: 9.00
    Threshold: 10.00
    Threshold: 11.00
    Threshold: 12.00
    Threshold: 13.00
    Threshold: 14.00
    Threshold: 15.00
    Threshold: 16.00
    Threshold: 17.00
    Threshold: 18.00
    Threshold: 19.00
    Threshold: 20.00
    Threshold: 21.00
    Threshold: 22.00
    Threshold: 23.00
    Threshold: 24.00
    Threshold: 25.00
    Threshold: 26.00
    Threshold: 27.00
    Threshold: 28.00
    Threshold: 29.00
    Threshold: 30.00
    Threshold: 31.00
    Threshold: 32.00
    Threshold: 33.00
    Threshold: 34.00
    Threshold: 35.00
    Threshold: 36.00
    Threshold: 37.00
    Threshold: 38.00
    Threshold: 39.00
    Threshold: 40.00
  [Dataset 6] Completed window size: 50
  [Dataset 6] Processing window size: 10
    Threshold: 0.00
    Threshold: 1.00
    Threshold: 2.00
    Threshold: 3.00
    Threshold: 4.00
    Threshold: 5.00
    Threshold: 6.00
    Threshold: 7.00
    Threshold: 8.00
    Threshold: 9.00
    Threshold: 10.00
    Threshold: 11.00
    Threshold: 12.00
    Threshold: 13.00
    Threshold: 14.00
    Threshold: 15.00
    Threshold: 16.00
    Threshold: 17.00
    Threshold: 18.00
    Threshold: 19.00
    Threshold: 20.00
    Threshold: 21.00
    Threshold: 22.00
    Threshold: 23.00
    Threshold: 24.00
    Threshold: 25.00
    Threshold: 26.00
    Threshold: 27.00
    Threshold: 28.00
    Threshold: 29.00
    Threshold: 30.00
    Threshold: 31.00
    Threshold: 32.00
    Threshold: 33.00
    Threshold: 34.00
    Threshold: 35.00
    Threshold: 36.00
    Threshold: 37.00
    Threshold: 38.00
    Threshold: 39.00
    Threshold: 40.00
  [Dataset 6] Completed window size: 10
  [Dataset 6] Processing window size: 30
    Threshold: 0.00
    Threshold: 1.00
    Threshold: 2.00
    Threshold: 3.00
    Threshold: 4.00
    Threshold: 5.00
    Threshold: 6.00
    Threshold: 7.00
    Threshold: 8.00
    Threshold: 9.00
    Threshold: 10.00
    Threshold: 11.00
    Threshold: 12.00
    Threshold: 13.00
    Threshold: 14.00
    Threshold: 15.00
    Threshold: 16.00
    Threshold: 17.00
    Threshold: 18.00
    Threshold: 19.00
    Threshold: 20.00
    Threshold: 21.00
    Threshold: 22.00
    Threshold: 23.00
    Threshold: 24.00
    Threshold: 25.00
    Threshold: 26.00
    Threshold: 27.00
    Threshold: 28.00
    Threshold: 29.00
    Threshold: 30.00
    Threshold: 31.00
    Threshold: 32.00
    Threshold: 33.00
    Threshold: 34.00
    Threshold: 35.00
    Threshold: 36.00
    Threshold: 37.00
    Threshold: 38.00
    Threshold: 39.00
    Threshold: 40.00
  [Dataset 6] Completed window size: 30
  [Dataset 6] Processing window size: 20
    Threshold: 0.00
    Threshold: 1.00
    Threshold: 2.00
    Threshold: 3.00
    Threshold: 4.00
    Threshold: 5.00
    Threshold: 6.00
    Threshold: 7.00
    Threshold: 8.00
    Threshold: 9.00
    Threshold: 10.00
    Threshold: 11.00
    Threshold: 12.00
    Threshold: 13.00
    Threshold: 14.00
    Threshold: 15.00
    Threshold: 16.00
    Threshold: 17.00
    Threshold: 18.00
    Threshold: 19.00
    Threshold: 20.00
    Threshold: 21.00
    Threshold: 22.00
    Threshold: 23.00
    Threshold: 24.00
    Threshold: 25.00
    Threshold: 26.00
    Threshold: 27.00
    Threshold: 28.00
    Threshold: 29.00
    Threshold: 30.00
    Threshold: 31.00
    Threshold: 32.00
    Threshold: 33.00
    Threshold: 34.00
    Threshold: 35.00
    Threshold: 36.00
    Threshold: 37.00
    Threshold: 38.00
    Threshold: 39.00
    Threshold: 40.00
  [Dataset 6] Completed window size: 20

Dataset 6 results saved to Signal_processing/final/results/windows/dataset_6/performance_metrics.csv
Dataset 6 AUC values saved to Signal_processing/final/results/windows/dataset_6/auc_values.csv

============================================================
Processing Dataset 7
============================================================
  Data points: 500172
  True change points: 948

Best theta: 2.74e-01 with ll=-386585.42
Final parameters: pi=0.7828, mu=5.8832, theta=0.2736
  Estimated global theta: 0.2736
  (Estimated global pi: 0.7828, mu: 5.8832)
  Using 8 parallel workers for window sizes
  [Dataset 7] Processing window size: 50
    Threshold: 0.00
    Threshold: 1.00
    Threshold: 2.00
    Threshold: 3.00
    Threshold: 4.00
    Threshold: 5.00
    Threshold: 6.00
    Threshold: 7.00
    Threshold: 8.00
    Threshold: 9.00
    Threshold: 10.00
    Threshold: 11.00
    Threshold: 12.00
    Threshold: 13.00
    Threshold: 14.00
    Threshold: 15.00
    Threshold: 16.00
    Threshold: 17.00
    Threshold: 18.00
    Threshold: 19.00
    Threshold: 20.00
    Threshold: 21.00
    Threshold: 22.00
    Threshold: 23.00
    Threshold: 24.00
    Threshold: 25.00
    Threshold: 26.00
    Threshold: 27.00
    Threshold: 28.00
    Threshold: 29.00
    Threshold: 30.00
    Threshold: 31.00
    Threshold: 32.00
    Threshold: 33.00
    Threshold: 34.00
    Threshold: 35.00
    Threshold: 36.00
    Threshold: 37.00
    Threshold: 38.00
    Threshold: 39.00
    Threshold: 40.00
  [Dataset 7] Completed window size: 50
  [Dataset 7] Processing window size: 200
    Threshold: 0.00
    Threshold: 1.00
    Threshold: 2.00
    Threshold: 3.00
    Threshold: 4.00
    Threshold: 5.00
    Threshold: 6.00
    Threshold: 7.00
    Threshold: 8.00
    Threshold: 9.00
    Threshold: 10.00
    Threshold: 11.00
    Threshold: 12.00
    Threshold: 13.00
    Threshold: 14.00
    Threshold: 15.00
    Threshold: 16.00
    Threshold: 17.00
    Threshold: 18.00
    Threshold: 19.00
    Threshold: 20.00
    Threshold: 21.00
    Threshold: 22.00
    Threshold: 23.00
    Threshold: 24.00
    Threshold: 25.00
    Threshold: 26.00
    Threshold: 27.00
    Threshold: 28.00
    Threshold: 29.00
    Threshold: 30.00
    Threshold: 31.00
    Threshold: 32.00
    Threshold: 33.00
    Threshold: 34.00
    Threshold: 35.00
    Threshold: 36.00
    Threshold: 37.00
    Threshold: 38.00
    Threshold: 39.00
    Threshold: 40.00
  [Dataset 7] Completed window size: 200
  [Dataset 7] Processing window size: 150
    Threshold: 0.00
    Threshold: 1.00
    Threshold: 2.00
    Threshold: 3.00
    Threshold: 4.00
    Threshold: 5.00
    Threshold: 6.00
    Threshold: 7.00
    Threshold: 8.00
    Threshold: 9.00
    Threshold: 10.00
    Threshold: 11.00
    Threshold: 12.00
    Threshold: 13.00
    Threshold: 14.00
    Threshold: 15.00
    Threshold: 16.00
    Threshold: 17.00
    Threshold: 18.00
    Threshold: 19.00
    Threshold: 20.00
    Threshold: 21.00
    Threshold: 22.00
    Threshold: 23.00
    Threshold: 24.00
    Threshold: 25.00
    Threshold: 26.00
    Threshold: 27.00
    Threshold: 28.00
    Threshold: 29.00
    Threshold: 30.00
    Threshold: 31.00
    Threshold: 32.00
    Threshold: 33.00
    Threshold: 34.00
    Threshold: 35.00
    Threshold: 36.00
    Threshold: 37.00
    Threshold: 38.00
    Threshold: 39.00
    Threshold: 40.00
  [Dataset 7] Completed window size: 150
  [Dataset 7] Processing window size: 10
    Threshold: 0.00
    Threshold: 1.00
    Threshold: 2.00
    Threshold: 3.00
    Threshold: 4.00
    Threshold: 5.00
    Threshold: 6.00
    Threshold: 7.00
    Threshold: 8.00
    Threshold: 9.00
    Threshold: 10.00
    Threshold: 11.00
    Threshold: 12.00
    Threshold: 13.00
    Threshold: 14.00
    Threshold: 15.00
    Threshold: 16.00
    Threshold: 17.00
    Threshold: 18.00
    Threshold: 19.00
    Threshold: 20.00
    Threshold: 21.00
    Threshold: 22.00
    Threshold: 23.00
    Threshold: 24.00
    Threshold: 25.00
    Threshold: 26.00
    Threshold: 27.00
    Threshold: 28.00
    Threshold: 29.00
    Threshold: 30.00
    Threshold: 31.00
    Threshold: 32.00
    Threshold: 33.00
    Threshold: 34.00
    Threshold: 35.00
    Threshold: 36.00
    Threshold: 37.00
    Threshold: 38.00
    Threshold: 39.00
    Threshold: 40.00
  [Dataset 7] Completed window size: 10
  [Dataset 7] Processing window size: 80
    Threshold: 0.00
    Threshold: 1.00
    Threshold: 2.00
    Threshold: 3.00
    Threshold: 4.00
    Threshold: 5.00
    Threshold: 6.00
    Threshold: 7.00
    Threshold: 8.00
    Threshold: 9.00
    Threshold: 10.00
    Threshold: 11.00
    Threshold: 12.00
    Threshold: 13.00
    Threshold: 14.00
    Threshold: 15.00
    Threshold: 16.00
    Threshold: 17.00
    Threshold: 18.00
    Threshold: 19.00
    Threshold: 20.00
    Threshold: 21.00
    Threshold: 22.00
    Threshold: 23.00
    Threshold: 24.00
    Threshold: 25.00
    Threshold: 26.00
    Threshold: 27.00
    Threshold: 28.00
    Threshold: 29.00
    Threshold: 30.00
    Threshold: 31.00
    Threshold: 32.00
    Threshold: 33.00
    Threshold: 34.00
    Threshold: 35.00
    Threshold: 36.00
    Threshold: 37.00
    Threshold: 38.00
    Threshold: 39.00
    Threshold: 40.00
  [Dataset 7] Completed window size: 80
  [Dataset 7] Processing window size: 100
    Threshold: 0.00
    Threshold: 1.00
    Threshold: 2.00
    Threshold: 3.00
    Threshold: 4.00
    Threshold: 5.00
    Threshold: 6.00
    Threshold: 7.00
    Threshold: 8.00
    Threshold: 9.00
    Threshold: 10.00
    Threshold: 11.00
    Threshold: 12.00
    Threshold: 13.00
    Threshold: 14.00
    Threshold: 15.00
    Threshold: 16.00
    Threshold: 17.00
    Threshold: 18.00
    Threshold: 19.00
    Threshold: 20.00
    Threshold: 21.00
    Threshold: 22.00
    Threshold: 23.00
    Threshold: 24.00
    Threshold: 25.00
    Threshold: 26.00
    Threshold: 27.00
    Threshold: 28.00
    Threshold: 29.00
    Threshold: 30.00
    Threshold: 31.00
    Threshold: 32.00
    Threshold: 33.00
    Threshold: 34.00
    Threshold: 35.00
    Threshold: 36.00
    Threshold: 37.00
    Threshold: 38.00
    Threshold: 39.00
    Threshold: 40.00
  [Dataset 7] Completed window size: 100
  [Dataset 7] Processing window size: 30
    Threshold: 0.00
    Threshold: 1.00
    Threshold: 2.00
    Threshold: 3.00
    Threshold: 4.00
    Threshold: 5.00
    Threshold: 6.00
    Threshold: 7.00
    Threshold: 8.00
    Threshold: 9.00
    Threshold: 10.00
    Threshold: 11.00
    Threshold: 12.00
    Threshold: 13.00
    Threshold: 14.00
    Threshold: 15.00
    Threshold: 16.00
    Threshold: 17.00
    Threshold: 18.00
    Threshold: 19.00
    Threshold: 20.00
    Threshold: 21.00
    Threshold: 22.00
    Threshold: 23.00
    Threshold: 24.00
    Threshold: 25.00
    Threshold: 26.00
    Threshold: 27.00
    Threshold: 28.00
    Threshold: 29.00
    Threshold: 30.00
    Threshold: 31.00
    Threshold: 32.00
    Threshold: 33.00
    Threshold: 34.00
    Threshold: 35.00
    Threshold: 36.00
    Threshold: 37.00
    Threshold: 38.00
    Threshold: 39.00
    Threshold: 40.00
  [Dataset 7] Completed window size: 30
  [Dataset 7] Processing window size: 20
    Threshold: 0.00
    Threshold: 1.00
    Threshold: 2.00
    Threshold: 3.00
    Threshold: 4.00
    Threshold: 5.00
    Threshold: 6.00
    Threshold: 7.00
    Threshold: 8.00
    Threshold: 9.00
    Threshold: 10.00
    Threshold: 11.00
    Threshold: 12.00
    Threshold: 13.00
    Threshold: 14.00
    Threshold: 15.00
    Threshold: 16.00
    Threshold: 17.00
    Threshold: 18.00
    Threshold: 19.00
    Threshold: 20.00
    Threshold: 21.00
    Threshold: 22.00
    Threshold: 23.00
    Threshold: 24.00
    Threshold: 25.00
    Threshold: 26.00
    Threshold: 27.00
    Threshold: 28.00
    Threshold: 29.00
    Threshold: 30.00
    Threshold: 31.00
    Threshold: 32.00
    Threshold: 33.00
    Threshold: 34.00
    Threshold: 35.00
    Threshold: 36.00
    Threshold: 37.00
    Threshold: 38.00
    Threshold: 39.00
    Threshold: 40.00
  [Dataset 7] Completed window size: 20

Dataset 7 results saved to Signal_processing/final/results/windows/dataset_7/performance_metrics.csv
Dataset 7 AUC values saved to Signal_processing/final/results/windows/dataset_7/auc_values.csv

============================================================
Processing Dataset 8
============================================================
  Data points: 500605
  True change points: 958

Best theta: 2.90e-01 with ll=-400287.68
Final parameters: pi=0.7771, mu=5.7827, theta=0.2899
  Estimated global theta: 0.2899
  (Estimated global pi: 0.7771, mu: 5.7827)
  Using 8 parallel workers for window sizes
  [Dataset 8] Processing window size: 150
    Threshold: 0.00
    Threshold: 1.00
    Threshold: 2.00
    Threshold: 3.00
    Threshold: 4.00
    Threshold: 5.00
    Threshold: 6.00
    Threshold: 7.00
    Threshold: 8.00
    Threshold: 9.00
    Threshold: 10.00
    Threshold: 11.00
    Threshold: 12.00
    Threshold: 13.00
    Threshold: 14.00
    Threshold: 15.00
    Threshold: 16.00
    Threshold: 17.00
    Threshold: 18.00
    Threshold: 19.00
    Threshold: 20.00
    Threshold: 21.00
    Threshold: 22.00
    Threshold: 23.00
    Threshold: 24.00
    Threshold: 25.00
    Threshold: 26.00
    Threshold: 27.00
    Threshold: 28.00
    Threshold: 29.00
    Threshold: 30.00
    Threshold: 31.00
    Threshold: 32.00
    Threshold: 33.00
    Threshold: 34.00
    Threshold: 35.00
    Threshold: 36.00
    Threshold: 37.00
    Threshold: 38.00
    Threshold: 39.00
    Threshold: 40.00
  [Dataset 8] Completed window size: 150
  [Dataset 8] Processing window size: 200
    Threshold: 0.00
    Threshold: 1.00
    Threshold: 2.00
    Threshold: 3.00
    Threshold: 4.00
    Threshold: 5.00
    Threshold: 6.00
    Threshold: 7.00
    Threshold: 8.00
    Threshold: 9.00
    Threshold: 10.00
    Threshold: 11.00
    Threshold: 12.00
    Threshold: 13.00
    Threshold: 14.00
    Threshold: 15.00
    Threshold: 16.00
    Threshold: 17.00
    Threshold: 18.00
    Threshold: 19.00
    Threshold: 20.00
    Threshold: 21.00
    Threshold: 22.00
    Threshold: 23.00
    Threshold: 24.00
    Threshold: 25.00
    Threshold: 26.00
    Threshold: 27.00
    Threshold: 28.00
    Threshold: 29.00
    Threshold: 30.00
    Threshold: 31.00
    Threshold: 32.00
    Threshold: 33.00
    Threshold: 34.00
    Threshold: 35.00
    Threshold: 36.00
    Threshold: 37.00
    Threshold: 38.00
    Threshold: 39.00
    Threshold: 40.00
  [Dataset 8] Completed window size: 200
  [Dataset 8] Processing window size: 100
    Threshold: 0.00
    Threshold: 1.00
    Threshold: 2.00
    Threshold: 3.00
    Threshold: 4.00
    Threshold: 5.00
    Threshold: 6.00
    Threshold: 7.00
    Threshold: 8.00
    Threshold: 9.00
    Threshold: 10.00
    Threshold: 11.00
    Threshold: 12.00
    Threshold: 13.00
    Threshold: 14.00
    Threshold: 15.00
    Threshold: 16.00
    Threshold: 17.00
    Threshold: 18.00
    Threshold: 19.00
    Threshold: 20.00
    Threshold: 21.00
    Threshold: 22.00
    Threshold: 23.00
    Threshold: 24.00
    Threshold: 25.00
    Threshold: 26.00
    Threshold: 27.00
    Threshold: 28.00
    Threshold: 29.00
    Threshold: 30.00
    Threshold: 31.00
    Threshold: 32.00
    Threshold: 33.00
    Threshold: 34.00
    Threshold: 35.00
    Threshold: 36.00
    Threshold: 37.00
    Threshold: 38.00
    Threshold: 39.00
    Threshold: 40.00
  [Dataset 8] Completed window size: 100
  [Dataset 8] Processing window size: 80
    Threshold: 0.00
    Threshold: 1.00
    Threshold: 2.00
    Threshold: 3.00
    Threshold: 4.00
    Threshold: 5.00
    Threshold: 6.00
    Threshold: 7.00
    Threshold: 8.00
    Threshold: 9.00
    Threshold: 10.00
    Threshold: 11.00
    Threshold: 12.00
    Threshold: 13.00
    Threshold: 14.00
    Threshold: 15.00
    Threshold: 16.00
    Threshold: 17.00
    Threshold: 18.00
    Threshold: 19.00
    Threshold: 20.00
    Threshold: 21.00
    Threshold: 22.00
    Threshold: 23.00
    Threshold: 24.00
    Threshold: 25.00
    Threshold: 26.00
    Threshold: 27.00
    Threshold: 28.00
    Threshold: 29.00
    Threshold: 30.00
    Threshold: 31.00
    Threshold: 32.00
    Threshold: 33.00
    Threshold: 34.00
    Threshold: 35.00
    Threshold: 36.00
    Threshold: 37.00
    Threshold: 38.00
    Threshold: 39.00
    Threshold: 40.00
  [Dataset 8] Completed window size: 80
  [Dataset 8] Processing window size: 50
    Threshold: 0.00
    Threshold: 1.00
    Threshold: 2.00
    Threshold: 3.00
    Threshold: 4.00
    Threshold: 5.00
    Threshold: 6.00
    Threshold: 7.00
    Threshold: 8.00
    Threshold: 9.00
    Threshold: 10.00
    Threshold: 11.00
    Threshold: 12.00
    Threshold: 13.00
    Threshold: 14.00
    Threshold: 15.00
    Threshold: 16.00
    Threshold: 17.00
    Threshold: 18.00
    Threshold: 19.00
    Threshold: 20.00
    Threshold: 21.00
    Threshold: 22.00
    Threshold: 23.00
    Threshold: 24.00
    Threshold: 25.00
    Threshold: 26.00
    Threshold: 27.00
    Threshold: 28.00
    Threshold: 29.00
    Threshold: 30.00
    Threshold: 31.00
    Threshold: 32.00
    Threshold: 33.00
    Threshold: 34.00
    Threshold: 35.00
    Threshold: 36.00
    Threshold: 37.00
    Threshold: 38.00
    Threshold: 39.00
    Threshold: 40.00
  [Dataset 8] Completed window size: 50
  [Dataset 8] Processing window size: 30
    Threshold: 0.00
    Threshold: 1.00
    Threshold: 2.00
    Threshold: 3.00
    Threshold: 4.00
    Threshold: 5.00
    Threshold: 6.00
    Threshold: 7.00
    Threshold: 8.00
    Threshold: 9.00
    Threshold: 10.00
    Threshold: 11.00
    Threshold: 12.00
    Threshold: 13.00
    Threshold: 14.00
    Threshold: 15.00
    Threshold: 16.00
    Threshold: 17.00
    Threshold: 18.00
    Threshold: 19.00
    Threshold: 20.00
    Threshold: 21.00
    Threshold: 22.00
    Threshold: 23.00
    Threshold: 24.00
    Threshold: 25.00
    Threshold: 26.00
    Threshold: 27.00
    Threshold: 28.00
    Threshold: 29.00
    Threshold: 30.00
    Threshold: 31.00
    Threshold: 32.00
    Threshold: 33.00
    Threshold: 34.00
    Threshold: 35.00
    Threshold: 36.00
    Threshold: 37.00
    Threshold: 38.00
    Threshold: 39.00
    Threshold: 40.00
  [Dataset 8] Completed window size: 30
  [Dataset 8] Processing window size: 10
    Threshold: 0.00
    Threshold: 1.00
    Threshold: 2.00
    Threshold: 3.00
    Threshold: 4.00
    Threshold: 5.00
    Threshold: 6.00
    Threshold: 7.00
    Threshold: 8.00
    Threshold: 9.00
    Threshold: 10.00
    Threshold: 11.00
    Threshold: 12.00
    Threshold: 13.00
    Threshold: 14.00
    Threshold: 15.00
    Threshold: 16.00
    Threshold: 17.00
    Threshold: 18.00
    Threshold: 19.00
    Threshold: 20.00
    Threshold: 21.00
    Threshold: 22.00
    Threshold: 23.00
    Threshold: 24.00
    Threshold: 25.00
    Threshold: 26.00
    Threshold: 27.00
    Threshold: 28.00
    Threshold: 29.00
    Threshold: 30.00
    Threshold: 31.00
    Threshold: 32.00
    Threshold: 33.00
    Threshold: 34.00
    Threshold: 35.00
    Threshold: 36.00
    Threshold: 37.00
    Threshold: 38.00
    Threshold: 39.00
    Threshold: 40.00
  [Dataset 8] Completed window size: 10
  [Dataset 8] Processing window size: 20
    Threshold: 0.00
    Threshold: 1.00
    Threshold: 2.00
    Threshold: 3.00
    Threshold: 4.00
    Threshold: 5.00
    Threshold: 6.00
    Threshold: 7.00
    Threshold: 8.00
    Threshold: 9.00
    Threshold: 10.00
    Threshold: 11.00
    Threshold: 12.00
    Threshold: 13.00
    Threshold: 14.00
    Threshold: 15.00
    Threshold: 16.00
    Threshold: 17.00
    Threshold: 18.00
    Threshold: 19.00
    Threshold: 20.00
    Threshold: 21.00
    Threshold: 22.00
    Threshold: 23.00
    Threshold: 24.00
    Threshold: 25.00
    Threshold: 26.00
    Threshold: 27.00
    Threshold: 28.00
    Threshold: 29.00
    Threshold: 30.00
    Threshold: 31.00
    Threshold: 32.00
    Threshold: 33.00
    Threshold: 34.00
    Threshold: 35.00
    Threshold: 36.00
    Threshold: 37.00
    Threshold: 38.00
    Threshold: 39.00
    Threshold: 40.00
  [Dataset 8] Completed window size: 20

Dataset 8 results saved to Signal_processing/final/results/windows/dataset_8/performance_metrics.csv
Dataset 8 AUC values saved to Signal_processing/final/results/windows/dataset_8/auc_values.csv

============================================================
Processing Dataset 9
============================================================
  Data points: 500269
  True change points: 946

Best theta: 2.61e-01 with ll=-387234.00
Final parameters: pi=0.7775, mu=5.8061, theta=0.2613
  Estimated global theta: 0.2613
  (Estimated global pi: 0.7775, mu: 5.8061)
  Using 8 parallel workers for window sizes
  [Dataset 9] Processing window size: 150
    Threshold: 0.00
    Threshold: 1.00
    Threshold: 2.00
    Threshold: 3.00
    Threshold: 4.00
    Threshold: 5.00
    Threshold: 6.00
    Threshold: 7.00
    Threshold: 8.00
    Threshold: 9.00
    Threshold: 10.00
    Threshold: 11.00
    Threshold: 12.00
    Threshold: 13.00
    Threshold: 14.00
    Threshold: 15.00
    Threshold: 16.00
    Threshold: 17.00
    Threshold: 18.00
    Threshold: 19.00
    Threshold: 20.00
    Threshold: 21.00
    Threshold: 22.00
    Threshold: 23.00
    Threshold: 24.00
    Threshold: 25.00
    Threshold: 26.00
    Threshold: 27.00
    Threshold: 28.00
    Threshold: 29.00
    Threshold: 30.00
    Threshold: 31.00
    Threshold: 32.00
    Threshold: 33.00
    Threshold: 34.00
    Threshold: 35.00
    Threshold: 36.00
    Threshold: 37.00
    Threshold: 38.00
    Threshold: 39.00
    Threshold: 40.00
  [Dataset 9] Completed window size: 150
  [Dataset 9] Processing window size: 200
    Threshold: 0.00
    Threshold: 1.00
    Threshold: 2.00
    Threshold: 3.00
    Threshold: 4.00
    Threshold: 5.00
    Threshold: 6.00
    Threshold: 7.00
    Threshold: 8.00
    Threshold: 9.00
    Threshold: 10.00
    Threshold: 11.00
    Threshold: 12.00
    Threshold: 13.00
    Threshold: 14.00
    Threshold: 15.00
    Threshold: 16.00
    Threshold: 17.00
    Threshold: 18.00
    Threshold: 19.00
    Threshold: 20.00
    Threshold: 21.00
    Threshold: 22.00
    Threshold: 23.00
    Threshold: 24.00
    Threshold: 25.00
    Threshold: 26.00
    Threshold: 27.00
    Threshold: 28.00
    Threshold: 29.00
    Threshold: 30.00
    Threshold: 31.00
    Threshold: 32.00
    Threshold: 33.00
    Threshold: 34.00
    Threshold: 35.00
    Threshold: 36.00
    Threshold: 37.00
    Threshold: 38.00
    Threshold: 39.00
    Threshold: 40.00
  [Dataset 9] Completed window size: 200
  [Dataset 9] Processing window size: 50
    Threshold: 0.00
    Threshold: 1.00
    Threshold: 2.00
    Threshold: 3.00
    Threshold: 4.00
    Threshold: 5.00
    Threshold: 6.00
    Threshold: 7.00
    Threshold: 8.00
    Threshold: 9.00
    Threshold: 10.00
    Threshold: 11.00
    Threshold: 12.00
    Threshold: 13.00
    Threshold: 14.00
    Threshold: 15.00
    Threshold: 16.00
    Threshold: 17.00
    Threshold: 18.00
    Threshold: 19.00
    Threshold: 20.00
    Threshold: 21.00
    Threshold: 22.00
    Threshold: 23.00
    Threshold: 24.00
    Threshold: 25.00
    Threshold: 26.00
    Threshold: 27.00
    Threshold: 28.00
    Threshold: 29.00
    Threshold: 30.00
    Threshold: 31.00
    Threshold: 32.00
    Threshold: 33.00
    Threshold: 34.00
    Threshold: 35.00
    Threshold: 36.00
    Threshold: 37.00
    Threshold: 38.00
    Threshold: 39.00
    Threshold: 40.00
  [Dataset 9] Completed window size: 50
  [Dataset 9] Processing window size: 100
    Threshold: 0.00
    Threshold: 1.00
    Threshold: 2.00
    Threshold: 3.00
    Threshold: 4.00
    Threshold: 5.00
    Threshold: 6.00
    Threshold: 7.00
    Threshold: 8.00
    Threshold: 9.00
    Threshold: 10.00
    Threshold: 11.00
    Threshold: 12.00
    Threshold: 13.00
    Threshold: 14.00
    Threshold: 15.00
    Threshold: 16.00
    Threshold: 17.00
    Threshold: 18.00
    Threshold: 19.00
    Threshold: 20.00
    Threshold: 21.00
    Threshold: 22.00
    Threshold: 23.00
    Threshold: 24.00
    Threshold: 25.00
    Threshold: 26.00
    Threshold: 27.00
    Threshold: 28.00
    Threshold: 29.00
    Threshold: 30.00
    Threshold: 31.00
    Threshold: 32.00
    Threshold: 33.00
    Threshold: 34.00
    Threshold: 35.00
    Threshold: 36.00
    Threshold: 37.00
    Threshold: 38.00
    Threshold: 39.00
    Threshold: 40.00
  [Dataset 9] Completed window size: 100
  [Dataset 9] Processing window size: 80
    Threshold: 0.00
    Threshold: 1.00
    Threshold: 2.00
    Threshold: 3.00
    Threshold: 4.00
    Threshold: 5.00
    Threshold: 6.00
    Threshold: 7.00
    Threshold: 8.00
    Threshold: 9.00
    Threshold: 10.00
    Threshold: 11.00
    Threshold: 12.00
    Threshold: 13.00
    Threshold: 14.00
    Threshold: 15.00
    Threshold: 16.00
    Threshold: 17.00
    Threshold: 18.00
    Threshold: 19.00
    Threshold: 20.00
    Threshold: 21.00
    Threshold: 22.00
    Threshold: 23.00
    Threshold: 24.00
    Threshold: 25.00
    Threshold: 26.00
    Threshold: 27.00
    Threshold: 28.00
    Threshold: 29.00
    Threshold: 30.00
    Threshold: 31.00
    Threshold: 32.00
    Threshold: 33.00
    Threshold: 34.00
    Threshold: 35.00
    Threshold: 36.00
    Threshold: 37.00
    Threshold: 38.00
    Threshold: 39.00
    Threshold: 40.00
  [Dataset 9] Completed window size: 80
  [Dataset 9] Processing window size: 30
    Threshold: 0.00
    Threshold: 1.00
    Threshold: 2.00
    Threshold: 3.00
    Threshold: 4.00
    Threshold: 5.00
    Threshold: 6.00
    Threshold: 7.00
    Threshold: 8.00
    Threshold: 9.00
    Threshold: 10.00
    Threshold: 11.00
    Threshold: 12.00
    Threshold: 13.00
    Threshold: 14.00
    Threshold: 15.00
    Threshold: 16.00
    Threshold: 17.00
    Threshold: 18.00
    Threshold: 19.00
    Threshold: 20.00
    Threshold: 21.00
    Threshold: 22.00
    Threshold: 23.00
    Threshold: 24.00
    Threshold: 25.00
    Threshold: 26.00
    Threshold: 27.00
    Threshold: 28.00
    Threshold: 29.00
    Threshold: 30.00
    Threshold: 31.00
    Threshold: 32.00
    Threshold: 33.00
    Threshold: 34.00
    Threshold: 35.00
    Threshold: 36.00
    Threshold: 37.00
    Threshold: 38.00
    Threshold: 39.00
    Threshold: 40.00
  [Dataset 9] Completed window size: 30
  [Dataset 9] Processing window size: 10
    Threshold: 0.00
    Threshold: 1.00
    Threshold: 2.00
    Threshold: 3.00
    Threshold: 4.00
    Threshold: 5.00
    Threshold: 6.00
    Threshold: 7.00
    Threshold: 8.00
    Threshold: 9.00
    Threshold: 10.00
    Threshold: 11.00
    Threshold: 12.00
    Threshold: 13.00
    Threshold: 14.00
    Threshold: 15.00
    Threshold: 16.00
    Threshold: 17.00
    Threshold: 18.00
    Threshold: 19.00
    Threshold: 20.00
    Threshold: 21.00
    Threshold: 22.00
    Threshold: 23.00
    Threshold: 24.00
    Threshold: 25.00
    Threshold: 26.00
    Threshold: 27.00
    Threshold: 28.00
    Threshold: 29.00
    Threshold: 30.00
    Threshold: 31.00
    Threshold: 32.00
    Threshold: 33.00
    Threshold: 34.00
    Threshold: 35.00
    Threshold: 36.00
    Threshold: 37.00
    Threshold: 38.00
    Threshold: 39.00
    Threshold: 40.00
  [Dataset 9] Completed window size: 10
  [Dataset 9] Processing window size: 20
    Threshold: 0.00
    Threshold: 1.00
    Threshold: 2.00
    Threshold: 3.00
    Threshold: 4.00
    Threshold: 5.00
    Threshold: 6.00
    Threshold: 7.00
    Threshold: 8.00
    Threshold: 9.00
    Threshold: 10.00
    Threshold: 11.00
    Threshold: 12.00
    Threshold: 13.00
    Threshold: 14.00
    Threshold: 15.00
    Threshold: 16.00
    Threshold: 17.00
    Threshold: 18.00
    Threshold: 19.00
    Threshold: 20.00
    Threshold: 21.00
    Threshold: 22.00
    Threshold: 23.00
    Threshold: 24.00
    Threshold: 25.00
    Threshold: 26.00
    Threshold: 27.00
    Threshold: 28.00
    Threshold: 29.00
    Threshold: 30.00
    Threshold: 31.00
    Threshold: 32.00
    Threshold: 33.00
    Threshold: 34.00
    Threshold: 35.00
    Threshold: 36.00
    Threshold: 37.00
    Threshold: 38.00
    Threshold: 39.00
    Threshold: 40.00
  [Dataset 9] Completed window size: 20

Dataset 9 results saved to Signal_processing/final/results/windows/dataset_9/performance_metrics.csv
Dataset 9 AUC values saved to Signal_processing/final/results/windows/dataset_9/auc_values.csv

============================================================
Processing Dataset 10
============================================================
  Data points: 500435
  True change points: 933

Best theta: 2.77e-01 with ll=-395812.58
Final parameters: pi=0.7815, mu=6.1921, theta=0.2768
  Estimated global theta: 0.2768
  (Estimated global pi: 0.7815, mu: 6.1921)
  Using 8 parallel workers for window sizes
  [Dataset 10] Processing window size: 100
    Threshold: 0.00
    Threshold: 1.00
    Threshold: 2.00
    Threshold: 3.00
    Threshold: 4.00
    Threshold: 5.00
    Threshold: 6.00
    Threshold: 7.00
    Threshold: 8.00
    Threshold: 9.00
    Threshold: 10.00
    Threshold: 11.00
    Threshold: 12.00
    Threshold: 13.00
    Threshold: 14.00
    Threshold: 15.00
    Threshold: 16.00
    Threshold: 17.00
    Threshold: 18.00
    Threshold: 19.00
    Threshold: 20.00
    Threshold: 21.00
    Threshold: 22.00
    Threshold: 23.00
    Threshold: 24.00
    Threshold: 25.00
    Threshold: 26.00
    Threshold: 27.00
    Threshold: 28.00
    Threshold: 29.00
    Threshold: 30.00
    Threshold: 31.00
    Threshold: 32.00
    Threshold: 33.00
    Threshold: 34.00
    Threshold: 35.00
    Threshold: 36.00
    Threshold: 37.00
    Threshold: 38.00
    Threshold: 39.00
    Threshold: 40.00
  [Dataset 10] Completed window size: 100
  [Dataset 10] Processing window size: 80
    Threshold: 0.00
    Threshold: 1.00
    Threshold: 2.00
    Threshold: 3.00
    Threshold: 4.00
    Threshold: 5.00
    Threshold: 6.00
    Threshold: 7.00
    Threshold: 8.00
    Threshold: 9.00
    Threshold: 10.00
    Threshold: 11.00
    Threshold: 12.00
    Threshold: 13.00
    Threshold: 14.00
    Threshold: 15.00
    Threshold: 16.00
    Threshold: 17.00
    Threshold: 18.00
    Threshold: 19.00
    Threshold: 20.00
    Threshold: 21.00
    Threshold: 22.00
    Threshold: 23.00
    Threshold: 24.00
    Threshold: 25.00
    Threshold: 26.00
    Threshold: 27.00
    Threshold: 28.00
    Threshold: 29.00
    Threshold: 30.00
    Threshold: 31.00
    Threshold: 32.00
    Threshold: 33.00
    Threshold: 34.00
    Threshold: 35.00
    Threshold: 36.00
    Threshold: 37.00
    Threshold: 38.00
    Threshold: 39.00
    Threshold: 40.00
  [Dataset 10] Completed window size: 80
  [Dataset 10] Processing window size: 150
    Threshold: 0.00
    Threshold: 1.00
    Threshold: 2.00
    Threshold: 3.00
    Threshold: 4.00
    Threshold: 5.00
    Threshold: 6.00
    Threshold: 7.00
    Threshold: 8.00
    Threshold: 9.00
    Threshold: 10.00
    Threshold: 11.00
    Threshold: 12.00
    Threshold: 13.00
    Threshold: 14.00
    Threshold: 15.00
    Threshold: 16.00
    Threshold: 17.00
    Threshold: 18.00
    Threshold: 19.00
    Threshold: 20.00
    Threshold: 21.00
    Threshold: 22.00
    Threshold: 23.00
    Threshold: 24.00
    Threshold: 25.00
    Threshold: 26.00
    Threshold: 27.00
    Threshold: 28.00
    Threshold: 29.00
    Threshold: 30.00
    Threshold: 31.00
    Threshold: 32.00
    Threshold: 33.00
    Threshold: 34.00
    Threshold: 35.00
    Threshold: 36.00
    Threshold: 37.00
    Threshold: 38.00
    Threshold: 39.00
    Threshold: 40.00
  [Dataset 10] Completed window size: 150
  [Dataset 10] Processing window size: 200
    Threshold: 0.00
    Threshold: 1.00
    Threshold: 2.00
    Threshold: 3.00
    Threshold: 4.00
    Threshold: 5.00
    Threshold: 6.00
    Threshold: 7.00
    Threshold: 8.00
    Threshold: 9.00
    Threshold: 10.00
    Threshold: 11.00
    Threshold: 12.00
    Threshold: 13.00
    Threshold: 14.00
    Threshold: 15.00
    Threshold: 16.00
    Threshold: 17.00
    Threshold: 18.00
    Threshold: 19.00
    Threshold: 20.00
    Threshold: 21.00
    Threshold: 22.00
    Threshold: 23.00
    Threshold: 24.00
    Threshold: 25.00
    Threshold: 26.00
    Threshold: 27.00
    Threshold: 28.00
    Threshold: 29.00
    Threshold: 30.00
    Threshold: 31.00
    Threshold: 32.00
    Threshold: 33.00
    Threshold: 34.00
    Threshold: 35.00
    Threshold: 36.00
    Threshold: 37.00
    Threshold: 38.00
    Threshold: 39.00
    Threshold: 40.00
  [Dataset 10] Completed window size: 200
  [Dataset 10] Processing window size: 50
    Threshold: 0.00
    Threshold: 1.00
    Threshold: 2.00
    Threshold: 3.00
    Threshold: 4.00
    Threshold: 5.00
    Threshold: 6.00
    Threshold: 7.00
    Threshold: 8.00
    Threshold: 9.00
    Threshold: 10.00
    Threshold: 11.00
    Threshold: 12.00
    Threshold: 13.00
    Threshold: 14.00
    Threshold: 15.00
    Threshold: 16.00
    Threshold: 17.00
    Threshold: 18.00
    Threshold: 19.00
    Threshold: 20.00
    Threshold: 21.00
    Threshold: 22.00
    Threshold: 23.00
    Threshold: 24.00
    Threshold: 25.00
    Threshold: 26.00
    Threshold: 27.00
    Threshold: 28.00
    Threshold: 29.00
    Threshold: 30.00
    Threshold: 31.00
    Threshold: 32.00
    Threshold: 33.00
    Threshold: 34.00
    Threshold: 35.00
    Threshold: 36.00
    Threshold: 37.00
    Threshold: 38.00
    Threshold: 39.00
    Threshold: 40.00
  [Dataset 10] Completed window size: 50
  [Dataset 10] Processing window size: 30
    Threshold: 0.00
    Threshold: 1.00
    Threshold: 2.00
    Threshold: 3.00
    Threshold: 4.00
    Threshold: 5.00
    Threshold: 6.00
    Threshold: 7.00
    Threshold: 8.00
    Threshold: 9.00
    Threshold: 10.00
    Threshold: 11.00
    Threshold: 12.00
    Threshold: 13.00
    Threshold: 14.00
    Threshold: 15.00
    Threshold: 16.00
    Threshold: 17.00
    Threshold: 18.00
    Threshold: 19.00
    Threshold: 20.00
    Threshold: 21.00
    Threshold: 22.00
    Threshold: 23.00
    Threshold: 24.00
    Threshold: 25.00
    Threshold: 26.00
    Threshold: 27.00
    Threshold: 28.00
    Threshold: 29.00
    Threshold: 30.00
    Threshold: 31.00
    Threshold: 32.00
    Threshold: 33.00
    Threshold: 34.00
    Threshold: 35.00
    Threshold: 36.00
    Threshold: 37.00
    Threshold: 38.00
    Threshold: 39.00
    Threshold: 40.00
  [Dataset 10] Completed window size: 30
  [Dataset 10] Processing window size: 20
    Threshold: 0.00
    Threshold: 1.00
    Threshold: 2.00
    Threshold: 3.00
    Threshold: 4.00
    Threshold: 5.00
    Threshold: 6.00
    Threshold: 7.00
    Threshold: 8.00
    Threshold: 9.00
    Threshold: 10.00
    Threshold: 11.00
    Threshold: 12.00
    Threshold: 13.00
    Threshold: 14.00
    Threshold: 15.00
    Threshold: 16.00
    Threshold: 17.00
    Threshold: 18.00
    Threshold: 19.00
    Threshold: 20.00
    Threshold: 21.00
    Threshold: 22.00
    Threshold: 23.00
    Threshold: 24.00
    Threshold: 25.00
    Threshold: 26.00
    Threshold: 27.00
    Threshold: 28.00
    Threshold: 29.00
    Threshold: 30.00
    Threshold: 31.00
    Threshold: 32.00
    Threshold: 33.00
    Threshold: 34.00
    Threshold: 35.00
    Threshold: 36.00
    Threshold: 37.00
    Threshold: 38.00
    Threshold: 39.00
    Threshold: 40.00
  [Dataset 10] Completed window size: 20
  [Dataset 10] Processing window size: 10
    Threshold: 0.00
    Threshold: 1.00
    Threshold: 2.00
    Threshold: 3.00
    Threshold: 4.00
    Threshold: 5.00
    Threshold: 6.00
    Threshold: 7.00
    Threshold: 8.00
    Threshold: 9.00
    Threshold: 10.00
    Threshold: 11.00
    Threshold: 12.00
    Threshold: 13.00
    Threshold: 14.00
    Threshold: 15.00
    Threshold: 16.00
    Threshold: 17.00
    Threshold: 18.00
    Threshold: 19.00
    Threshold: 20.00
    Threshold: 21.00
    Threshold: 22.00
    Threshold: 23.00
    Threshold: 24.00
    Threshold: 25.00
    Threshold: 26.00
    Threshold: 27.00
    Threshold: 28.00
    Threshold: 29.00
    Threshold: 30.00
    Threshold: 31.00
    Threshold: 32.00
    Threshold: 33.00
    Threshold: 34.00
    Threshold: 35.00
    Threshold: 36.00
    Threshold: 37.00
    Threshold: 38.00
    Threshold: 39.00
    Threshold: 40.00
  [Dataset 10] Completed window size: 10

Dataset 10 results saved to Signal_processing/final/results/windows/dataset_10/performance_metrics.csv
Dataset 10 AUC values saved to Signal_processing/final/results/windows/dataset_10/auc_values.csv

============================================================
Aggregating Results
============================================================
Combined results saved to Signal_processing/final/results/windows/all_datasets_performance.csv
Combined AUC values saved to Signal_processing/final/results/windows/all_datasets_auc.csv

Aggregated results saved to Signal_processing/final/results/windows/aggregated_performance_metrics.csv

Aggregated AUC values saved to Signal_processing/final/results/windows/aggregated_auc_values.csv

============================================================
Creating Plots
============================================================

Creating precision-recall curve for tolerance: full_window
  Saved: Signal_processing/final/results/windows/averaged_plots/precision_recall_full_window_averaged.png

Creating precision-recall curve for tolerance: half_window
  Saved: Signal_processing/final/results/windows/averaged_plots/precision_recall_half_window_averaged.png

Creating precision-recall curve for tolerance: quarter_window
  Saved: Signal_processing/final/results/windows/averaged_plots/precision_recall_quarter_window_averaged.png

All averaged plots saved to Signal_processing/final/results/windows/averaged_plots
AUC comparison plot saved to Signal_processing/final/results/windows/averaged_plots/auc_comparison.png
AUC plot with error bars saved to Signal_processing/final/results/windows/averaged_plots/auc_with_errorbars.png

============================================================
AUC Summary
============================================================
 window_size tolerance_type  auc_mean  auc_std  auc_count  tolerance_value_first
          10    full_window  0.067024 0.005338         10                     10
          10    half_window  0.034228 0.003631         10                      5
          10 quarter_window  0.009502 0.001267         10                      2
          20    full_window  0.245148 0.014721         10                     20
          20    half_window  0.155509 0.013151         10                     10
          20 quarter_window  0.064144 0.009248         10                      5
          30    full_window  0.427440 0.013647         10                     30
          30    half_window  0.291070 0.016860         10                     15
          30 quarter_window  0.108467 0.011118         10                      7
          50    full_window  0.634835 0.016312         10                     50
          50    half_window  0.454049 0.022720         10                     25
          50 quarter_window  0.170317 0.015416         10                     12
          80    full_window  0.730933 0.014625         10                     80
          80    half_window  0.532188 0.023184         10                     40
          80 quarter_window  0.194557 0.019221         10                     20
         100    full_window  0.750151 0.013835         10                    100
         100    half_window  0.542512 0.023989         10                     50
         100 quarter_window  0.187106 0.013078         10                     25
         150    full_window  0.717827 0.011762         10                    150
         150    half_window  0.561401 0.013002         10                     75
         150 quarter_window  0.203092 0.014449         10                     37
         200    full_window  0.654594 0.016790         10                    200
         200    half_window  0.522827 0.016346         10                    100
         200 quarter_window  0.195639 0.014964         10                     50

============================================================
Processing Complete!
============================================================
All results saved to: Signal_processing/final/results/windows
