Starting window performance analysis on 10 synthetic datasets
Job ID: 12256943
Configuration:
  Window sizes: [10, 20, 30, 50, 80, 100, 150, 200]
  Overlap: 0.5
  Thresholds: 41 values from 0.0 to 40.0
  Datasets: [1, 2, 3, 4, 5, 6, 7, 8, 9, 10]
  Output folder: Signal_processing/final/results/windows

============================================================
Processing Dataset 1
============================================================
  Data points: 500457
  True change points: 989

Best theta: 2.72e-01 with ll=-390515.42
Final parameters: pi=0.7741, mu=5.4740, theta=0.2719
  Estimated global theta: 0.2719
  (Estimated global pi: 0.7741, mu: 5.4740)
  [Dataset 1] Processing window size: 10
    Threshold: 0.00
    Threshold: 1.00
    Threshold: 2.00
    Threshold: 3.00
    Threshold: 4.00
    Threshold: 5.00
    Threshold: 6.00
    Threshold: 7.00
    Threshold: 8.00
    Threshold: 9.00
    Threshold: 10.00
    Threshold: 11.00
    Threshold: 12.00
    Threshold: 13.00
    Threshold: 14.00
    Threshold: 15.00
    Threshold: 16.00
    Threshold: 17.00
    Threshold: 18.00
    Threshold: 19.00
    Threshold: 20.00
    Threshold: 21.00
    Threshold: 22.00
    Threshold: 23.00
    Threshold: 24.00
    Threshold: 25.00
    Threshold: 26.00
    Threshold: 27.00
    Threshold: 28.00
    Threshold: 29.00
    Threshold: 30.00
    Threshold: 31.00
    Threshold: 32.00
    Threshold: 33.00
    Threshold: 34.00
    Threshold: 35.00
    Threshold: 36.00
    Threshold: 37.00
    Threshold: 38.00
    Threshold: 39.00
    Threshold: 40.00
  [Dataset 1] Completed window size: 10
  [Dataset 1] Processing window size: 20
    Threshold: 0.00
    Threshold: 1.00
    Threshold: 2.00
    Threshold: 3.00
    Threshold: 4.00
    Threshold: 5.00
    Threshold: 6.00
    Threshold: 7.00
    Threshold: 8.00
    Threshold: 9.00
    Threshold: 10.00
    Threshold: 11.00
    Threshold: 12.00
    Threshold: 13.00
    Threshold: 14.00
    Threshold: 15.00
    Threshold: 16.00
    Threshold: 17.00
    Threshold: 18.00
    Threshold: 19.00
    Threshold: 20.00
    Threshold: 21.00
    Threshold: 22.00
    Threshold: 23.00
    Threshold: 24.00
    Threshold: 25.00
    Threshold: 26.00
    Threshold: 27.00
    Threshold: 28.00
    Threshold: 29.00
    Threshold: 30.00
    Threshold: 31.00
    Threshold: 32.00
    Threshold: 33.00
    Threshold: 34.00
    Threshold: 35.00
    Threshold: 36.00
    Threshold: 37.00
    Threshold: 38.00
    Threshold: 39.00
    Threshold: 40.00
  [Dataset 1] Completed window size: 20
  [Dataset 1] Processing window size: 30
    Threshold: 0.00
    Threshold: 1.00
    Threshold: 2.00
    Threshold: 3.00
    Threshold: 4.00
    Threshold: 5.00
    Threshold: 6.00
    Threshold: 7.00
    Threshold: 8.00
    Threshold: 9.00
    Threshold: 10.00
    Threshold: 11.00
    Threshold: 12.00
    Threshold: 13.00
    Threshold: 14.00
    Threshold: 15.00
    Threshold: 16.00
    Threshold: 17.00
    Threshold: 18.00
    Threshold: 19.00
    Threshold: 20.00
    Threshold: 21.00
    Threshold: 22.00
    Threshold: 23.00
    Threshold: 24.00
    Threshold: 25.00
    Threshold: 26.00
    Threshold: 27.00
    Threshold: 28.00
    Threshold: 29.00
    Threshold: 30.00
    Threshold: 31.00
    Threshold: 32.00
    Threshold: 33.00
    Threshold: 34.00
    Threshold: 35.00
    Threshold: 36.00
    Threshold: 37.00
    Threshold: 38.00
    Threshold: 39.00
    Threshold: 40.00
  [Dataset 1] Completed window size: 30
  [Dataset 1] Processing window size: 50
    Threshold: 0.00
    Threshold: 1.00
    Threshold: 2.00
    Threshold: 3.00
    Threshold: 4.00
    Threshold: 5.00
    Threshold: 6.00
    Threshold: 7.00
    Threshold: 8.00
    Threshold: 9.00
    Threshold: 10.00
    Threshold: 11.00
    Threshold: 12.00
    Threshold: 13.00
    Threshold: 14.00
    Threshold: 15.00
    Threshold: 16.00
    Threshold: 17.00
    Threshold: 18.00
    Threshold: 19.00
    Threshold: 20.00
    Threshold: 21.00
    Threshold: 22.00
    Threshold: 23.00
    Threshold: 24.00
    Threshold: 25.00
    Threshold: 26.00
    Threshold: 27.00
    Threshold: 28.00
    Threshold: 29.00
    Threshold: 30.00
    Threshold: 31.00
    Threshold: 32.00
    Threshold: 33.00
    Threshold: 34.00
    Threshold: 35.00
    Threshold: 36.00
    Threshold: 37.00
    Threshold: 38.00
    Threshold: 39.00
    Threshold: 40.00
  [Dataset 1] Completed window size: 50
  [Dataset 1] Processing window size: 80
    Threshold: 0.00
    Threshold: 1.00
    Threshold: 2.00
    Threshold: 3.00
    Threshold: 4.00
    Threshold: 5.00
    Threshold: 6.00
    Threshold: 7.00
    Threshold: 8.00
    Threshold: 9.00
    Threshold: 10.00
    Threshold: 11.00
    Threshold: 12.00
    Threshold: 13.00
    Threshold: 14.00
    Threshold: 15.00
    Threshold: 16.00
    Threshold: 17.00
    Threshold: 18.00
    Threshold: 19.00
    Threshold: 20.00
    Threshold: 21.00
    Threshold: 22.00
    Threshold: 23.00
    Threshold: 24.00
    Threshold: 25.00
    Threshold: 26.00
    Threshold: 27.00
    Threshold: 28.00
    Threshold: 29.00
    Threshold: 30.00
    Threshold: 31.00
    Threshold: 32.00
    Threshold: 33.00
    Threshold: 34.00
    Threshold: 35.00
    Threshold: 36.00
    Threshold: 37.00
    Threshold: 38.00
    Threshold: 39.00
    Threshold: 40.00
  [Dataset 1] Completed window size: 80
  [Dataset 1] Processing window size: 100
    Threshold: 0.00
    Threshold: 1.00
    Threshold: 2.00
    Threshold: 3.00
    Threshold: 4.00
    Threshold: 5.00
    Threshold: 6.00
    Threshold: 7.00
    Threshold: 8.00
    Threshold: 9.00
    Threshold: 10.00
    Threshold: 11.00
    Threshold: 12.00
    Threshold: 13.00
    Threshold: 14.00
    Threshold: 15.00
    Threshold: 16.00
    Threshold: 17.00
    Threshold: 18.00
    Threshold: 19.00
    Threshold: 20.00
    Threshold: 21.00
    Threshold: 22.00
    Threshold: 23.00
    Threshold: 24.00
    Threshold: 25.00
    Threshold: 26.00
    Threshold: 27.00
    Threshold: 28.00
    Threshold: 29.00
    Threshold: 30.00
    Threshold: 31.00
    Threshold: 32.00
    Threshold: 33.00
    Threshold: 34.00
    Threshold: 35.00
    Threshold: 36.00
    Threshold: 37.00
    Threshold: 38.00
    Threshold: 39.00
    Threshold: 40.00
  [Dataset 1] Completed window size: 100
  [Dataset 1] Processing window size: 150
    Threshold: 0.00
    Threshold: 1.00
    Threshold: 2.00
    Threshold: 3.00
    Threshold: 4.00
    Threshold: 5.00
    Threshold: 6.00
    Threshold: 7.00
    Threshold: 8.00
    Threshold: 9.00
    Threshold: 10.00
    Threshold: 11.00
    Threshold: 12.00
    Threshold: 13.00
    Threshold: 14.00
    Threshold: 15.00
    Threshold: 16.00
    Threshold: 17.00
    Threshold: 18.00
    Threshold: 19.00
    Threshold: 20.00
    Threshold: 21.00
    Threshold: 22.00
    Threshold: 23.00
    Threshold: 24.00
    Threshold: 25.00
    Threshold: 26.00
    Threshold: 27.00
    Threshold: 28.00
    Threshold: 29.00
    Threshold: 30.00
    Threshold: 31.00
    Threshold: 32.00
    Threshold: 33.00
    Threshold: 34.00
    Threshold: 35.00
    Threshold: 36.00
    Threshold: 37.00
    Threshold: 38.00
    Threshold: 39.00
    Threshold: 40.00
  [Dataset 1] Completed window size: 150
  [Dataset 1] Processing window size: 200
    Threshold: 0.00
    Threshold: 1.00
    Threshold: 2.00
    Threshold: 3.00
    Threshold: 4.00
    Threshold: 5.00
    Threshold: 6.00
    Threshold: 7.00
    Threshold: 8.00
    Threshold: 9.00
    Threshold: 10.00
    Threshold: 11.00
    Threshold: 12.00
    Threshold: 13.00
    Threshold: 14.00
    Threshold: 15.00
    Threshold: 16.00
    Threshold: 17.00
    Threshold: 18.00
    Threshold: 19.00
    Threshold: 20.00
    Threshold: 21.00
    Threshold: 22.00
    Threshold: 23.00
    Threshold: 24.00
    Threshold: 25.00
    Threshold: 26.00
    Threshold: 27.00
    Threshold: 28.00
    Threshold: 29.00
    Threshold: 30.00
    Threshold: 31.00
    Threshold: 32.00
    Threshold: 33.00
    Threshold: 34.00
    Threshold: 35.00
    Threshold: 36.00
    Threshold: 37.00
    Threshold: 38.00
    Threshold: 39.00
    Threshold: 40.00
  [Dataset 1] Completed window size: 200

Dataset 1 results saved to Signal_processing/final/results/windows/dataset_1/performance_metrics.csv
