==========================================
STEP 2: Reconstructing test_CPD data
==========================================
Device: cuda
Using most recent model: AE/results/models/ZINBAE_layers752_ep141_noise0.150_muoff0.000.pt
============================================================
RECONSTRUCTING TEST_CPD DATA
============================================================
Model: AE/results/models/ZINBAE_layers752_ep141_noise0.150_muoff0.000.pt
Test CPD folder: Data/test_CPD
Output directory: Data/reconstruction_cpd_test
============================================================

Loading model from AE/results/models/ZINBAE_layers752_ep141_noise0.150_muoff0.000.pt...
Model configuration:
  seq_length: 2000
  feature_dim: 2
  layers: [752]
  use_conv: False
  conv_channels: 85
  pool_size: 8
  kernel_size: 7
  padding: same
  stride: 1
  dropout: 0.008
  mu_offset: 0.0
Number of encoder layers: 1
Number of decoder layers (excluding heads): 1
Total number of layers including latent layer: 3
Model loaded successfully!

Found 37 replicate folders to process:
  1/yEK23_1
  1/yEK23_2
  1/yEK23_3
  1/yEK23_4
  1/yEK23_5
  1/yEK23_6
  2/yEK23_1
  2/yEK23_2
  2/yEK23_3
  2/yEK23_4
  2/yEK23_5
  2/yEK23_6
  3/yEK23_1
  3/yEK23_2
  3/yEK23_3
  3/yEK23_4
  3/yEK23_5
  3/yEK23_6
  4/yEK23_1
  4/yEK23_2
  4/yEK23_3
  4/yEK23_4
  4/yEK23_5
  4/yEK23_6
  5/yEK23_1
  5/yEK23_2
  5/yEK23_3
  5/yEK23_4
  5/yEK23_5
  5/yEK23_6
  6/yEK23_1
  centromere_windows/1
  centromere_windows/2
  centromere_windows/3
  centromere_windows/4
  centromere_windows/5
  centromere_windows/6

============================================================
Processing: 1/yEK23_1
============================================================

Clipping outliers using 95th percentile * 1.5...
yEK23_1: Clipping values above 126.00 (P95=84.00). Clipped 17727/659388 values (2.69%)

Splitting data using pre-determined chromosomes...
Standardizing features: ['Centr']
Column order in final array (Dataset/Chrom split): ['Value', 'Centromere_Distance', 'Value_Raw', 'Size_Factor']
Column order in final array (Dataset/Chrom split): ['Value', 'Centromere_Distance', 'Value_Raw', 'Size_Factor']
Column order in final array (Dataset/Chrom split): ['Value', 'Centromere_Distance', 'Value_Raw', 'Size_Factor']
Removing 0 empty data points out of 13399
Warning: No data found for 1/yEK23_1, skipping...

============================================================
Processing: 1/yEK23_2
============================================================

Clipping outliers using 95th percentile * 1.5...
yEK23_2: Clipping values above 84.00 (P95=56.00). Clipped 28634/1112255 values (2.57%)

Splitting data using pre-determined chromosomes...
Standardizing features: ['Centr']
Column order in final array (Dataset/Chrom split): ['Value', 'Centromere_Distance', 'Value_Raw', 'Size_Factor']
Column order in final array (Dataset/Chrom split): ['Value', 'Centromere_Distance', 'Value_Raw', 'Size_Factor']
Column order in final array (Dataset/Chrom split): ['Value', 'Centromere_Distance', 'Value_Raw', 'Size_Factor']
Removing 0 empty data points out of 13399
Warning: No data found for 1/yEK23_2, skipping...

============================================================
Processing: 1/yEK23_3
============================================================

Clipping outliers using 95th percentile * 1.5...
yEK23_3: Clipping values above 87.00 (P95=58.00). Clipped 23472/897295 values (2.62%)

Splitting data using pre-determined chromosomes...
Standardizing features: ['Centr']
Column order in final array (Dataset/Chrom split): ['Value', 'Centromere_Distance', 'Value_Raw', 'Size_Factor']
Column order in final array (Dataset/Chrom split): ['Value', 'Centromere_Distance', 'Value_Raw', 'Size_Factor']
Column order in final array (Dataset/Chrom split): ['Value', 'Centromere_Distance', 'Value_Raw', 'Size_Factor']
Removing 0 empty data points out of 13399
Warning: No data found for 1/yEK23_3, skipping...

============================================================
Processing: 1/yEK23_4
============================================================

Clipping outliers using 95th percentile * 1.5...
yEK23_4: Clipping values above 84.00 (P95=56.00). Clipped 26174/995703 values (2.63%)

Splitting data using pre-determined chromosomes...
Standardizing features: ['Centr']
Column order in final array (Dataset/Chrom split): ['Value', 'Centromere_Distance', 'Value_Raw', 'Size_Factor']
Column order in final array (Dataset/Chrom split): ['Value', 'Centromere_Distance', 'Value_Raw', 'Size_Factor']
Column order in final array (Dataset/Chrom split): ['Value', 'Centromere_Distance', 'Value_Raw', 'Size_Factor']
Removing 0 empty data points out of 13399
Warning: No data found for 1/yEK23_4, skipping...

============================================================
Processing: 1/yEK23_5
============================================================

Clipping outliers using 95th percentile * 1.5...
yEK23_5: Clipping values above 99.00 (P95=66.00). Clipped 27121/1056636 values (2.57%)

Splitting data using pre-determined chromosomes...
Standardizing features: ['Centr']
Column order in final array (Dataset/Chrom split): ['Value', 'Centromere_Distance', 'Value_Raw', 'Size_Factor']
Column order in final array (Dataset/Chrom split): ['Value', 'Centromere_Distance', 'Value_Raw', 'Size_Factor']
Column order in final array (Dataset/Chrom split): ['Value', 'Centromere_Distance', 'Value_Raw', 'Size_Factor']
Removing 0 empty data points out of 13399
Warning: No data found for 1/yEK23_5, skipping...

============================================================
Processing: 1/yEK23_6
============================================================

Clipping outliers using 95th percentile * 1.5...
yEK23_6: Clipping values above 105.00 (P95=70.00). Clipped 25112/969910 values (2.59%)

Splitting data using pre-determined chromosomes...
Standardizing features: ['Centr']
Column order in final array (Dataset/Chrom split): ['Value', 'Centromere_Distance', 'Value_Raw', 'Size_Factor']
Column order in final array (Dataset/Chrom split): ['Value', 'Centromere_Distance', 'Value_Raw', 'Size_Factor']
Column order in final array (Dataset/Chrom split): ['Value', 'Centromere_Distance', 'Value_Raw', 'Size_Factor']
Removing 0 empty data points out of 13399
Warning: No data found for 1/yEK23_6, skipping...

============================================================
Processing: 2/yEK23_1
============================================================

Clipping outliers using 95th percentile * 1.5...
yEK23_1: Clipping values above 84.00 (P95=56.00). Clipped 42950/1708581 values (2.51%)

Splitting data using pre-determined chromosomes...
Standardizing features: ['Centr']
Column order in final array (Dataset/Chrom split): ['Value', 'Centromere_Distance', 'Value_Raw', 'Size_Factor']
Column order in final array (Dataset/Chrom split): ['Value', 'Centromere_Distance', 'Value_Raw', 'Size_Factor']
Column order in final array (Dataset/Chrom split): ['Value', 'Centromere_Distance', 'Value_Raw', 'Size_Factor']
Removing 0 empty data points out of 13399
Warning: No data found for 2/yEK23_1, skipping...

============================================================
Processing: 2/yEK23_2
============================================================

Clipping outliers using 95th percentile * 1.5...
yEK23_2: Clipping values above 94.50 (P95=63.00). Clipped 35754/1384487 values (2.58%)

Splitting data using pre-determined chromosomes...
Standardizing features: ['Centr']
Column order in final array (Dataset/Chrom split): ['Value', 'Centromere_Distance', 'Value_Raw', 'Size_Factor']
Column order in final array (Dataset/Chrom split): ['Value', 'Centromere_Distance', 'Value_Raw', 'Size_Factor']
Column order in final array (Dataset/Chrom split): ['Value', 'Centromere_Distance', 'Value_Raw', 'Size_Factor']
Removing 0 empty data points out of 13399
Warning: No data found for 2/yEK23_2, skipping...

============================================================
Processing: 2/yEK23_3
============================================================

Clipping outliers using 95th percentile * 1.5...
yEK23_3: Clipping values above 90.00 (P95=60.00). Clipped 40590/1579211 values (2.57%)

Splitting data using pre-determined chromosomes...
Standardizing features: ['Centr']
Column order in final array (Dataset/Chrom split): ['Value', 'Centromere_Distance', 'Value_Raw', 'Size_Factor']
Column order in final array (Dataset/Chrom split): ['Value', 'Centromere_Distance', 'Value_Raw', 'Size_Factor']
Column order in final array (Dataset/Chrom split): ['Value', 'Centromere_Distance', 'Value_Raw', 'Size_Factor']
Removing 0 empty data points out of 13399
Warning: No data found for 2/yEK23_3, skipping...

============================================================
Processing: 2/yEK23_4
============================================================

Clipping outliers using 95th percentile * 1.5...
yEK23_4: Clipping values above 87.00 (P95=58.00). Clipped 41221/1632225 values (2.53%)

Splitting data using pre-determined chromosomes...
Standardizing features: ['Centr']
Column order in final array (Dataset/Chrom split): ['Value', 'Centromere_Distance', 'Value_Raw', 'Size_Factor']
Column order in final array (Dataset/Chrom split): ['Value', 'Centromere_Distance', 'Value_Raw', 'Size_Factor']
Column order in final array (Dataset/Chrom split): ['Value', 'Centromere_Distance', 'Value_Raw', 'Size_Factor']
Removing 0 empty data points out of 13399
Warning: No data found for 2/yEK23_4, skipping...

============================================================
Processing: 2/yEK23_5
============================================================

Clipping outliers using 95th percentile * 1.5...
yEK23_5: Clipping values above 103.50 (P95=69.00). Clipped 37025/1448442 values (2.56%)

Splitting data using pre-determined chromosomes...
Standardizing features: ['Centr']
Column order in final array (Dataset/Chrom split): ['Value', 'Centromere_Distance', 'Value_Raw', 'Size_Factor']
Column order in final array (Dataset/Chrom split): ['Value', 'Centromere_Distance', 'Value_Raw', 'Size_Factor']
Column order in final array (Dataset/Chrom split): ['Value', 'Centromere_Distance', 'Value_Raw', 'Size_Factor']
Removing 0 empty data points out of 13399
Warning: No data found for 2/yEK23_5, skipping...

============================================================
Processing: 2/yEK23_6
============================================================

Clipping outliers using 95th percentile * 1.5...
yEK23_6: Clipping values above 99.00 (P95=66.00). Clipped 39235/1528024 values (2.57%)

Splitting data using pre-determined chromosomes...
Standardizing features: ['Centr']
Column order in final array (Dataset/Chrom split): ['Value', 'Centromere_Distance', 'Value_Raw', 'Size_Factor']
Column order in final array (Dataset/Chrom split): ['Value', 'Centromere_Distance', 'Value_Raw', 'Size_Factor']
Column order in final array (Dataset/Chrom split): ['Value', 'Centromere_Distance', 'Value_Raw', 'Size_Factor']
Removing 0 empty data points out of 13399
Warning: No data found for 2/yEK23_6, skipping...

============================================================
Processing: 3/yEK23_1
============================================================

Clipping outliers using 95th percentile * 1.5...
yEK23_1: Clipping values above 84.75 (P95=56.50). Clipped 55535/2165556 values (2.56%)

Splitting data using pre-determined chromosomes...
Standardizing features: ['Centr']
Column order in final array (Dataset/Chrom split): ['Value', 'Centromere_Distance', 'Value_Raw', 'Size_Factor']
Column order in final array (Dataset/Chrom split): ['Value', 'Centromere_Distance', 'Value_Raw', 'Size_Factor']
Column order in final array (Dataset/Chrom split): ['Value', 'Centromere_Distance', 'Value_Raw', 'Size_Factor']
Removing 0 empty data points out of 13399
Warning: No data found for 3/yEK23_1, skipping...

============================================================
Processing: 3/yEK23_2
============================================================

Clipping outliers using 95th percentile * 1.5...
yEK23_2: Clipping values above 81.75 (P95=54.50). Clipped 52490/2044186 values (2.57%)

Splitting data using pre-determined chromosomes...
Standardizing features: ['Centr']
Column order in final array (Dataset/Chrom split): ['Value', 'Centromere_Distance', 'Value_Raw', 'Size_Factor']
Column order in final array (Dataset/Chrom split): ['Value', 'Centromere_Distance', 'Value_Raw', 'Size_Factor']
Column order in final array (Dataset/Chrom split): ['Value', 'Centromere_Distance', 'Value_Raw', 'Size_Factor']
Removing 0 empty data points out of 13399
Warning: No data found for 3/yEK23_2, skipping...

============================================================
Processing: 3/yEK23_3
============================================================

Clipping outliers using 95th percentile * 1.5...
yEK23_3: Clipping values above 86.25 (P95=57.50). Clipped 54882/2191249 values (2.50%)

Splitting data using pre-determined chromosomes...
Standardizing features: ['Centr']
Column order in final array (Dataset/Chrom split): ['Value', 'Centromere_Distance', 'Value_Raw', 'Size_Factor']
Column order in final array (Dataset/Chrom split): ['Value', 'Centromere_Distance', 'Value_Raw', 'Size_Factor']
Column order in final array (Dataset/Chrom split): ['Value', 'Centromere_Distance', 'Value_Raw', 'Size_Factor']
Removing 0 empty data points out of 13399
Warning: No data found for 3/yEK23_3, skipping...

============================================================
Processing: 3/yEK23_4
============================================================

Clipping outliers using 95th percentile * 1.5...
yEK23_4: Clipping values above 84.00 (P95=56.00). Clipped 56370/2255304 values (2.50%)

Splitting data using pre-determined chromosomes...
Standardizing features: ['Centr']
Column order in final array (Dataset/Chrom split): ['Value', 'Centromere_Distance', 'Value_Raw', 'Size_Factor']
Column order in final array (Dataset/Chrom split): ['Value', 'Centromere_Distance', 'Value_Raw', 'Size_Factor']
Column order in final array (Dataset/Chrom split): ['Value', 'Centromere_Distance', 'Value_Raw', 'Size_Factor']
Removing 0 empty data points out of 13399
Warning: No data found for 3/yEK23_4, skipping...

============================================================
Processing: 3/yEK23_5
============================================================

Clipping outliers using 95th percentile * 1.5...
yEK23_5: Clipping values above 74.25 (P95=49.50). Clipped 61697/2465368 values (2.50%)

Splitting data using pre-determined chromosomes...
Standardizing features: ['Centr']
Column order in final array (Dataset/Chrom split): ['Value', 'Centromere_Distance', 'Value_Raw', 'Size_Factor']
Column order in final array (Dataset/Chrom split): ['Value', 'Centromere_Distance', 'Value_Raw', 'Size_Factor']
Column order in final array (Dataset/Chrom split): ['Value', 'Centromere_Distance', 'Value_Raw', 'Size_Factor']
Removing 0 empty data points out of 13399
Warning: No data found for 3/yEK23_5, skipping...

============================================================
Processing: 3/yEK23_6
============================================================

Clipping outliers using 95th percentile * 1.5...
yEK23_6: Clipping values above 81.00 (P95=54.00). Clipped 53716/2137449 values (2.51%)

Splitting data using pre-determined chromosomes...
Standardizing features: ['Centr']
Column order in final array (Dataset/Chrom split): ['Value', 'Centromere_Distance', 'Value_Raw', 'Size_Factor']
Column order in final array (Dataset/Chrom split): ['Value', 'Centromere_Distance', 'Value_Raw', 'Size_Factor']
Column order in final array (Dataset/Chrom split): ['Value', 'Centromere_Distance', 'Value_Raw', 'Size_Factor']
Removing 0 empty data points out of 13399
Warning: No data found for 3/yEK23_6, skipping...

============================================================
Processing: 4/yEK23_1
============================================================

Clipping outliers using 95th percentile * 1.5...
yEK23_1: Clipping values above 74.62 (P95=49.75). Clipped 67034/2673826 values (2.51%)

Splitting data using pre-determined chromosomes...
Standardizing features: ['Centr']
Column order in final array (Dataset/Chrom split): ['Value', 'Centromere_Distance', 'Value_Raw', 'Size_Factor']
Column order in final array (Dataset/Chrom split): ['Value', 'Centromere_Distance', 'Value_Raw', 'Size_Factor']
Column order in final array (Dataset/Chrom split): ['Value', 'Centromere_Distance', 'Value_Raw', 'Size_Factor']
Removing 0 empty data points out of 13399
Warning: No data found for 4/yEK23_1, skipping...

============================================================
Processing: 4/yEK23_2
============================================================

Clipping outliers using 95th percentile * 1.5...
yEK23_2: Clipping values above 78.00 (P95=52.00). Clipped 66682/2716126 values (2.46%)

Splitting data using pre-determined chromosomes...
Standardizing features: ['Centr']
Column order in final array (Dataset/Chrom split): ['Value', 'Centromere_Distance', 'Value_Raw', 'Size_Factor']
Column order in final array (Dataset/Chrom split): ['Value', 'Centromere_Distance', 'Value_Raw', 'Size_Factor']
Column order in final array (Dataset/Chrom split): ['Value', 'Centromere_Distance', 'Value_Raw', 'Size_Factor']
Removing 0 empty data points out of 13399
Warning: No data found for 4/yEK23_2, skipping...

============================================================
Processing: 4/yEK23_3
============================================================

Clipping outliers using 95th percentile * 1.5...
yEK23_3: Clipping values above 76.50 (P95=51.00). Clipped 69776/2776913 values (2.51%)

Splitting data using pre-determined chromosomes...
Standardizing features: ['Centr']
Column order in final array (Dataset/Chrom split): ['Value', 'Centromere_Distance', 'Value_Raw', 'Size_Factor']
Column order in final array (Dataset/Chrom split): ['Value', 'Centromere_Distance', 'Value_Raw', 'Size_Factor']
Column order in final array (Dataset/Chrom split): ['Value', 'Centromere_Distance', 'Value_Raw', 'Size_Factor']
Removing 0 empty data points out of 13399
Warning: No data found for 4/yEK23_3, skipping...

============================================================
Processing: 4/yEK23_4
============================================================

Clipping outliers using 95th percentile * 1.5...
yEK23_4: Clipping values above 75.00 (P95=50.00). Clipped 70613/2885835 values (2.45%)

Splitting data using pre-determined chromosomes...
Standardizing features: ['Centr']
Column order in final array (Dataset/Chrom split): ['Value', 'Centromere_Distance', 'Value_Raw', 'Size_Factor']
Column order in final array (Dataset/Chrom split): ['Value', 'Centromere_Distance', 'Value_Raw', 'Size_Factor']
Column order in final array (Dataset/Chrom split): ['Value', 'Centromere_Distance', 'Value_Raw', 'Size_Factor']
Removing 0 empty data points out of 13399
Warning: No data found for 4/yEK23_4, skipping...

============================================================
Processing: 4/yEK23_5
============================================================

Clipping outliers using 95th percentile * 1.5...
yEK23_5: Clipping values above 83.25 (P95=55.50). Clipped 64813/2617840 values (2.48%)

Splitting data using pre-determined chromosomes...
Standardizing features: ['Centr']
Column order in final array (Dataset/Chrom split): ['Value', 'Centromere_Distance', 'Value_Raw', 'Size_Factor']
Column order in final array (Dataset/Chrom split): ['Value', 'Centromere_Distance', 'Value_Raw', 'Size_Factor']
Column order in final array (Dataset/Chrom split): ['Value', 'Centromere_Distance', 'Value_Raw', 'Size_Factor']
Removing 0 empty data points out of 13399
Warning: No data found for 4/yEK23_5, skipping...

============================================================
Processing: 4/yEK23_6
============================================================

Clipping outliers using 95th percentile * 1.5...
yEK23_6: Clipping values above 82.50 (P95=55.00). Clipped 66362/2681856 values (2.47%)

Splitting data using pre-determined chromosomes...
Standardizing features: ['Centr']
Column order in final array (Dataset/Chrom split): ['Value', 'Centromere_Distance', 'Value_Raw', 'Size_Factor']
Column order in final array (Dataset/Chrom split): ['Value', 'Centromere_Distance', 'Value_Raw', 'Size_Factor']
Column order in final array (Dataset/Chrom split): ['Value', 'Centromere_Distance', 'Value_Raw', 'Size_Factor']
Removing 0 empty data points out of 13399
Warning: No data found for 4/yEK23_6, skipping...

============================================================
Processing: 5/yEK23_1
============================================================

Clipping outliers using 95th percentile * 1.5...
yEK23_1: Clipping values above 72.50 (P95=48.33). Clipped 78611/3171531 values (2.48%)

Splitting data using pre-determined chromosomes...
Standardizing features: ['Centr']
Column order in final array (Dataset/Chrom split): ['Value', 'Centromere_Distance', 'Value_Raw', 'Size_Factor']
Column order in final array (Dataset/Chrom split): ['Value', 'Centromere_Distance', 'Value_Raw', 'Size_Factor']
Column order in final array (Dataset/Chrom split): ['Value', 'Centromere_Distance', 'Value_Raw', 'Size_Factor']
Removing 0 empty data points out of 13399
Warning: No data found for 5/yEK23_1, skipping...

============================================================
Processing: 5/yEK23_2
============================================================

Clipping outliers using 95th percentile * 1.5...
yEK23_2: Clipping values above 76.50 (P95=51.00). Clipped 76916/3084413 values (2.49%)

Splitting data using pre-determined chromosomes...
Standardizing features: ['Centr']
Column order in final array (Dataset/Chrom split): ['Value', 'Centromere_Distance', 'Value_Raw', 'Size_Factor']
Column order in final array (Dataset/Chrom split): ['Value', 'Centromere_Distance', 'Value_Raw', 'Size_Factor']
Column order in final array (Dataset/Chrom split): ['Value', 'Centromere_Distance', 'Value_Raw', 'Size_Factor']
Removing 0 empty data points out of 13399
Warning: No data found for 5/yEK23_2, skipping...

============================================================
Processing: 5/yEK23_3
============================================================

Clipping outliers using 95th percentile * 1.5...
yEK23_3: Clipping values above 73.50 (P95=49.00). Clipped 77875/3119536 values (2.50%)

Splitting data using pre-determined chromosomes...
Standardizing features: ['Centr']
Column order in final array (Dataset/Chrom split): ['Value', 'Centromere_Distance', 'Value_Raw', 'Size_Factor']
Column order in final array (Dataset/Chrom split): ['Value', 'Centromere_Distance', 'Value_Raw', 'Size_Factor']
Column order in final array (Dataset/Chrom split): ['Value', 'Centromere_Distance', 'Value_Raw', 'Size_Factor']
Removing 0 empty data points out of 13399
Warning: No data found for 5/yEK23_3, skipping...

============================================================
Processing: 5/yEK23_4
============================================================

Clipping outliers using 95th percentile * 1.5...
yEK23_4: Clipping values above 76.50 (P95=51.00). Clipped 77320/3158001 values (2.45%)

Splitting data using pre-determined chromosomes...
Standardizing features: ['Centr']
Column order in final array (Dataset/Chrom split): ['Value', 'Centromere_Distance', 'Value_Raw', 'Size_Factor']
Column order in final array (Dataset/Chrom split): ['Value', 'Centromere_Distance', 'Value_Raw', 'Size_Factor']
Column order in final array (Dataset/Chrom split): ['Value', 'Centromere_Distance', 'Value_Raw', 'Size_Factor']
Removing 0 empty data points out of 13399
Warning: No data found for 5/yEK23_4, skipping...

============================================================
Processing: 5/yEK23_5
============================================================

Clipping outliers using 95th percentile * 1.5...
yEK23_5: Clipping values above 75.00 (P95=50.00). Clipped 79699/3213111 values (2.48%)

Splitting data using pre-determined chromosomes...
Standardizing features: ['Centr']
Column order in final array (Dataset/Chrom split): ['Value', 'Centromere_Distance', 'Value_Raw', 'Size_Factor']
Column order in final array (Dataset/Chrom split): ['Value', 'Centromere_Distance', 'Value_Raw', 'Size_Factor']
Column order in final array (Dataset/Chrom split): ['Value', 'Centromere_Distance', 'Value_Raw', 'Size_Factor']
Removing 0 empty data points out of 13399
Warning: No data found for 5/yEK23_5, skipping...

============================================================
Processing: 5/yEK23_6
============================================================

Clipping outliers using 95th percentile * 1.5...
yEK23_6: Clipping values above 70.50 (P95=47.00). Clipped 81690/3320754 values (2.46%)

Splitting data using pre-determined chromosomes...
Standardizing features: ['Centr']
Column order in final array (Dataset/Chrom split): ['Value', 'Centromere_Distance', 'Value_Raw', 'Size_Factor']
Column order in final array (Dataset/Chrom split): ['Value', 'Centromere_Distance', 'Value_Raw', 'Size_Factor']
Column order in final array (Dataset/Chrom split): ['Value', 'Centromere_Distance', 'Value_Raw', 'Size_Factor']
Removing 0 empty data points out of 13399
Warning: No data found for 5/yEK23_6, skipping...

============================================================
Processing: 6/yEK23_1
============================================================

Clipping outliers using 95th percentile * 1.5...
yEK23_1: Clipping values above 72.00 (P95=48.00). Clipped 86381/3558407 values (2.43%)

Splitting data using pre-determined chromosomes...
Standardizing features: ['Centr']
Column order in final array (Dataset/Chrom split): ['Value', 'Centromere_Distance', 'Value_Raw', 'Size_Factor']
Column order in final array (Dataset/Chrom split): ['Value', 'Centromere_Distance', 'Value_Raw', 'Size_Factor']
Column order in final array (Dataset/Chrom split): ['Value', 'Centromere_Distance', 'Value_Raw', 'Size_Factor']
Removing 0 empty data points out of 13399
Warning: No data found for 6/yEK23_1, skipping...

============================================================
Processing: centromere_windows/1
============================================================

Clipping outliers using 95th percentile * 1.5...
Warning: No non-zero values found for yEK23_1
Warning: No non-zero values found for yEK23_2
Warning: No non-zero values found for yEK23_3
Warning: No non-zero values found for yEK23_5
Warning: No non-zero values found for yEK23_4
Warning: No non-zero values found for yEK23_6
