Traceback (most recent call last):
  File "/workspace/AE/test_saturation.py", line 367, in <module>
    run_saturation_test()
  File "/workspace/AE/test_saturation.py", line 295, in run_saturation_test
    metrics = evaluate_combination(model)
              ^^^^^^^^^^^^^^^^^^^^^^^^^^^
  File "/workspace/AE/test_saturation.py", line 250, in evaluate_combination
    result = _eval_split(model, data_split, use_chrom, chrom_embedding, split_label)
             ^^^^^^^^^^^^^^^^^^^^^^^^^^^^^^^^^^^^^^^^^^^^^^^^^^^^^^^^^^^^^^^^^^^^^^^
  File "/workspace/AE/test_saturation.py", line 207, in _eval_split
    _, _, metrics, _, _, _ = test(
                             ^^^^^
  File "/workspace/AE/training/training.py", line 346, in test
    mu, theta, pi, z = model(batch_input, size_factors)
                       ^^^^^^^^^^^^^^^^^^^^^^^^^^^^^^^^
  File "/opt/conda/lib/python3.11/site-packages/torch/nn/modules/module.py", line 1553, in _wrapped_call_impl
    return self._call_impl(*args, **kwargs)
           ^^^^^^^^^^^^^^^^^^^^^^^^^^^^^^^^
  File "/opt/conda/lib/python3.11/site-packages/torch/nn/modules/module.py", line 1562, in _call_impl
    return forward_call(*args, **kwargs)
           ^^^^^^^^^^^^^^^^^^^^^^^^^^^^^
  File "/workspace/AE/architectures/ZINBAE.py", line 140, in forward
    h = self.encoder(x)
        ^^^^^^^^^^^^^^^
  File "/opt/conda/lib/python3.11/site-packages/torch/nn/modules/module.py", line 1553, in _wrapped_call_impl
    return self._call_impl(*args, **kwargs)
           ^^^^^^^^^^^^^^^^^^^^^^^^^^^^^^^^
  File "/opt/conda/lib/python3.11/site-packages/torch/nn/modules/module.py", line 1562, in _call_impl
    return forward_call(*args, **kwargs)
           ^^^^^^^^^^^^^^^^^^^^^^^^^^^^^
  File "/opt/conda/lib/python3.11/site-packages/torch/nn/modules/container.py", line 219, in forward
    input = module(input)
            ^^^^^^^^^^^^^
  File "/opt/conda/lib/python3.11/site-packages/torch/nn/modules/module.py", line 1553, in _wrapped_call_impl
    return self._call_impl(*args, **kwargs)
           ^^^^^^^^^^^^^^^^^^^^^^^^^^^^^^^^
  File "/opt/conda/lib/python3.11/site-packages/torch/nn/modules/module.py", line 1562, in _call_impl
    return forward_call(*args, **kwargs)
           ^^^^^^^^^^^^^^^^^^^^^^^^^^^^^
  File "/opt/conda/lib/python3.11/site-packages/torch/nn/modules/linear.py", line 117, in forward
    return F.linear(input, self.weight, self.bias)
           ^^^^^^^^^^^^^^^^^^^^^^^^^^^^^^^^^^^^^^^
RuntimeError: mat1 and mat2 shapes cannot be multiplied (128x15984 and 912x752)
srun: error: gpu10: task 0: Exited with exit code 1
srun: launch/slurm: _step_signal: Terminating StepId=12280314.0
