Task 3: Running with bin_size=15
Device: cuda

Preprocessing with chromosome split:
  Train chromosomes: ['ChrIII', 'ChrIV', 'ChrIX', 'ChrVI', 'ChrVII', 'ChrX', 'ChrXI', 'ChrXIII', 'ChrXVI']
  Val chromosomes: ['ChrVIII', 'ChrXIV', 'ChrXV']
  Test chromosomes: ['ChrI', 'ChrII', 'ChrV', 'ChrXII']

Clipping outliers using 95th percentile * 1.5...
strain_yTW001: Clipping values above 134.25 (P95=89.50). Clipped 27529/1193409 values (2.31%)
strain_FD: Clipping values above 71.92 (P95=47.94). Clipped 95791/4127807 values (2.32%)
strain_dnrp: Clipping values above 243.00 (P95=162.00). Clipped 25649/1119454 values (2.29%)
strain_yEK19: Clipping values above 77.10 (P95=51.40). Clipped 83713/3893623 values (2.15%)
strain_yEK23: Clipping values above 72.00 (P95=48.00). Clipped 86381/3558407 values (2.43%)
strain_yWT03a: Clipping values above 15.00 (P95=10.00). Clipped 10602/347679 values (3.05%)
strain_yWT04a: Clipping values above 58.50 (P95=39.00). Clipped 21095/725406 values (2.91%)
strain_ylic137: Clipping values above 142.50 (P95=95.00). Clipped 28746/1112684 values (2.58%)

Splitting data using pre-determined chromosomes...
Standardizing features: ['Centr']
Column order in final array (Dataset/Chrom split): ['Value', 'Centromere_Distance', 'Value_Raw', 'Size_Factor']
Removing 0 empty data points out of 7440
Column order in final array (Dataset/Chrom split): ['Value', 'Centromere_Distance', 'Value_Raw', 'Size_Factor']
Removing 0 empty data points out of 2616
Column order in final array (Dataset/Chrom split): ['Value', 'Centromere_Distance', 'Value_Raw', 'Size_Factor']
Removing 0 empty data points out of 2888

Dataset sizes after preprocessing:
  Train: 7440
  Val: 2616
  Test: 2888
  Eval strategy: VALIDATION + TEST

Applied denoising with 15.0% masking

Creating validation dataloader:
  Validation set size: 2616
  Batch size: 32
Applied denoising with 15.0% masking
  Dataloader created: 2616 samples, 82 batches

Creating test dataloader:
  Test set size: 2888
  Batch size: 32
Applied denoising with 15.0% masking
  Dataloader created: 2888 samples, 91 batches
Number of encoder layers: 1
Number of decoder layers (excluding heads): 1
Total number of layers including latent layer: 3
Epoch [1/30], Total Loss: 2.4495, NLL: 2.4331, Masked: 16.3133, Reg: 0.018552
Epoch [2/30], Total Loss: 2.0379, NLL: 2.0332, Masked: 4.7783, Reg: 0.018307
Epoch [3/30], Total Loss: 2.0139, NLL: 2.0096, Masked: 4.3415, Reg: 0.018065
Epoch [4/30], Total Loss: 1.9855, NLL: 1.9815, Masked: 4.0324, Reg: 0.017878
Epoch [5/30], Total Loss: 1.9358, NLL: 1.9321, Masked: 3.7134, Reg: 0.017769
Epoch [6/30], Total Loss: 1.8584, NLL: 1.8550, Masked: 3.3618, Reg: 0.017759
Epoch [7/30], Total Loss: 1.8020, NLL: 1.7988, Masked: 3.2076, Reg: 0.017787
Epoch [8/30], Total Loss: 1.7822, NLL: 1.7790, Masked: 3.2409, Reg: 0.017792
Epoch [9/30], Total Loss: 1.7753, NLL: 1.7721, Masked: 3.2640, Reg: 0.017783
Epoch [10/30], Total Loss: 1.7710, NLL: 1.7677, Masked: 3.2533, Reg: 0.017774
Epoch [11/30], Total Loss: 1.7674, NLL: 1.7642, Masked: 3.2215, Reg: 0.017769
Epoch [12/30], Total Loss: 1.7641, NLL: 1.7609, Masked: 3.1963, Reg: 0.017770
Epoch [13/30], Total Loss: 1.7613, NLL: 1.7582, Masked: 3.1719, Reg: 0.017775
Epoch [14/30], Total Loss: 1.7590, NLL: 1.7558, Masked: 3.1611, Reg: 0.017787
Epoch [15/30], Total Loss: 1.7579, NLL: 1.7547, Masked: 3.1577, Reg: 0.017802
Epoch [16/30], Total Loss: 1.7557, NLL: 1.7526, Masked: 3.1416, Reg: 0.017817
Epoch [17/30], Total Loss: 1.7545, NLL: 1.7514, Masked: 3.1415, Reg: 0.017835
Epoch [18/30], Total Loss: 1.7535, NLL: 1.7504, Masked: 3.1334, Reg: 0.017853
Epoch [19/30], Total Loss: 1.7524, NLL: 1.7493, Masked: 3.1306, Reg: 0.017871
Epoch [20/30], Total Loss: 1.7518, NLL: 1.7487, Masked: 3.1287, Reg: 0.017889
Epoch [21/30], Total Loss: 1.7510, NLL: 1.7479, Masked: 3.1318, Reg: 0.017906
Epoch [22/30], Total Loss: 1.7503, NLL: 1.7472, Masked: 3.1267, Reg: 0.017922
Epoch [23/30], Total Loss: 1.7495, NLL: 1.7464, Masked: 3.1222, Reg: 0.017940
Epoch [24/30], Total Loss: 1.7490, NLL: 1.7458, Masked: 3.1209, Reg: 0.017955
Epoch [25/30], Total Loss: 1.7484, NLL: 1.7452, Masked: 3.1170, Reg: 0.017971
Epoch [26/30], Total Loss: 1.7480, NLL: 1.7449, Masked: 3.1171, Reg: 0.017984
Epoch [27/30], Total Loss: 1.7474, NLL: 1.7443, Masked: 3.1149, Reg: 0.017997
Epoch [28/30], Total Loss: 1.7467, NLL: 1.7436, Masked: 3.1097, Reg: 0.018011
Epoch [29/30], Total Loss: 1.7457, NLL: 1.7426, Masked: 3.1016, Reg: 0.018026
Epoch [30/30], Total Loss: 1.7446, NLL: 1.7415, Masked: 3.0974, Reg: 0.018040
Training loss plot saved to /workspace/AE/results/training/mu_offset1.0_noise0.150/mu_offset1.0_noise0.150_ZINBAE_20260311_213855_no_conv_training_losses.png
Training losses saved to /workspace/AE/results/training/mu_offset1.0_noise0.150/mu_offset1.0_noise0.150_ZINBAE_20260311_213855_no_conv_training_losses.json

==================================================
EVALUATING ON TRAINING DATA
==================================================

==================================================
TEST RESULTS
==================================================
Total Loss: 1.743385
  - ZINB NLL: 1.740306
Total number of masked values: 91375
  - Number of values with pi >= 0.7: 0
  - Number of values with pi < 0.7: 91375
  - Masked Reconstruction: 3.079266
  - Regularization: 0.018048
Mean Absolute Error (MAE): 2.494695
R² Score: 0.200670
==================================================

Using raw counts for evaluation metrics.
MAE: 2.4947, SD MEAN: 3.8817 
  R²: 0.2007,
Mean π (zeros): 0.0002, Mean π (non-zeros): 0.0003,  
 SD π (zeros): 0.0003, SD π (non-zeros): 0.0004 

Mean μ (zeros): 1.4541, Mean μ (non-zeros): 3.0191,  
 SD μ (zeros): 0.9026, SD μ (non-zeros): 2.4390 

Theta mean: 1.0003, Theta SD: 0.0077
Number of masked values: 91375

============================================================
MASKED VALUES PERFORMANCE METRICS
============================================================
MAE: 3.0935, SD MAE: 4.7151
R²: 0.1433
Mean π (zeros): 0.0000, Mean π (non-zeros): 0.0003
SD π (zeros): 0.0000, SD π (non-zeros): 0.0004
Mean μ (zeros): 0.0000, Mean μ (non-zeros): 3.0295
SD μ (zeros): 0.0000, SD μ (non-zeros): 2.4337
Theta mean: 1.0004, Theta SD: 0.0094
============================================================

Computing baseline predictions using neighborhood mean/median of reconstructed values...
Baseline comparison completed and saved.
Note: Baseline uses mean/median of model's reconstructed values from neighbors
      Comparing baseline predictions to actual raw values at masked positions
      Model reference line shows model performance vs actual values
Masked values analysis: 91375 masked positions, MAE=3.0935, R²=0.1433
ZINB metrics saved to /workspace/AE/results/training/mu_offset1.0_noise0.150/mu_offset1.0_noise0.150_ZINBAE_20260311_213858_no_conv_test_metrics.json
ZINB-specific plots saved to /workspace/AE/results/training/mu_offset1.0_noise0.150/

==================================================
EVALUATING ON VALIDATION DATA
Dataset size: 2616
==================================================


==================================================
TEST RESULTS
==================================================
Total Loss: 1.751220
  - ZINB NLL: 1.748355
Total number of masked values: 32150
  - Number of values with pi >= 0.7: 0
  - Number of values with pi < 0.7: 32150
  - Masked Reconstruction: 2.865520
  - Regularization: 0.018048
Mean Absolute Error (MAE): 2.511361
R² Score: 0.190027
==================================================

Using raw counts for evaluation metrics.
MAE: 2.5114, SD MEAN: 4.0519 
  R²: 0.1900,
Mean π (zeros): 0.0002, Mean π (non-zeros): 0.0003,  
 SD π (zeros): 0.0003, SD π (non-zeros): 0.0004 

Mean μ (zeros): 1.4402, Mean μ (non-zeros): 3.0107,  
 SD μ (zeros): 0.8660, SD μ (non-zeros): 2.4674 

Theta mean: 1.0003, Theta SD: 0.0078
Number of masked values: 32150

============================================================
MASKED VALUES PERFORMANCE METRICS
============================================================
MAE: 3.1206, SD MAE: 4.9936
R²: 0.1307
Mean π (zeros): 0.0000, Mean π (non-zeros): 0.0003
SD π (zeros): 0.0000, SD π (non-zeros): 0.0004
Mean μ (zeros): 0.0000, Mean μ (non-zeros): 3.0193
SD μ (zeros): 0.0000, SD μ (non-zeros): 2.4649
Theta mean: 1.0004, Theta SD: 0.0092
============================================================

Computing baseline predictions using neighborhood mean/median of reconstructed values...
Baseline comparison completed and saved.
Note: Baseline uses mean/median of model's reconstructed values from neighbors
      Comparing baseline predictions to actual raw values at masked positions
      Model reference line shows model performance vs actual values
Masked values analysis: 32150 masked positions, MAE=3.1206, R²=0.1307
ZINB metrics saved to /workspace/AE/results/testing/mu_offset1.0_noise0.150/mu_offset1.0_noise0.150_ZINBAE_20260311_213914_no_conv_test_metrics.json
ZINB-specific plots saved to /workspace/AE/results/testing/mu_offset1.0_noise0.150/

==================================================
EVALUATING ON TEST DATA
Dataset size: 2888
==================================================


==================================================
TEST RESULTS
==================================================
Total Loss: 1.757824
  - ZINB NLL: 1.754731
Total number of masked values: 35447
  - Number of values with pi >= 0.7: 0
  - Number of values with pi < 0.7: 35447
  - Masked Reconstruction: 3.092772
  - Regularization: 0.018048
Mean Absolute Error (MAE): 2.611702
R² Score: 0.271330
==================================================

Using raw counts for evaluation metrics.
MAE: 2.6117, SD MEAN: 4.8956 
  R²: 0.2713,
Mean π (zeros): 0.0002, Mean π (non-zeros): 0.0003,  
 SD π (zeros): 0.0003, SD π (non-zeros): 0.0004 

Mean μ (zeros): 1.4263, Mean μ (non-zeros): 3.1568,  
 SD μ (zeros): 0.8954, SD μ (non-zeros): 3.0361 

Theta mean: 1.0009, Theta SD: 0.0240
Number of masked values: 35447

============================================================
MASKED VALUES PERFORMANCE METRICS
============================================================
MAE: 3.3214, SD MAE: 6.2270
R²: 0.2259
Mean π (zeros): 0.0000, Mean π (non-zeros): 0.0003
SD π (zeros): 0.0000, SD π (non-zeros): 0.0004
Mean μ (zeros): 0.0000, Mean μ (non-zeros): 3.1626
SD μ (zeros): 0.0000, SD μ (non-zeros): 3.0042
Theta mean: 1.0013, Theta SD: 0.0296
============================================================

Computing baseline predictions using neighborhood mean/median of reconstructed values...
Baseline comparison completed and saved.
Note: Baseline uses mean/median of model's reconstructed values from neighbors
      Comparing baseline predictions to actual raw values at masked positions
      Model reference line shows model performance vs actual values
Masked values analysis: 35447 masked positions, MAE=3.3214, R²=0.2259
ZINB metrics saved to /workspace/AE/results/testing/mu_offset1.0_noise0.150/mu_offset1.0_noise0.150_ZINBAE_20260311_213921_no_conv_test_metrics.json
ZINB-specific plots saved to /workspace/AE/results/testing/mu_offset1.0_noise0.150/

==================================================
MODEL SAVED: ZINBAE_layers1600_ep30_noise0.150_muoff1.000.pt
Location: AE/results/models/ZINBAE_layers1600_ep30_noise0.150_muoff1.000.pt
==================================================


Saved reconstruction metadata to: Data/reconstruction/ZINBAE_layers1600_ep30_noise0.150_muoff1.000/validation
  metadata: Data/reconstruction/ZINBAE_layers1600_ep30_noise0.150_muoff1.000/validation/metadata.json

Reconstructing genomic coordinates...
Loaded metadata for 2616 windows
Reconstructed 347928 unique genomic positions from 2616 windows
Average overlap per position: 1.00
Saved 10108 positions to Data/reconstruction/ZINBAE_layers1600_ep30_noise0.150_muoff1.000/validation/strain_FD/ChrVIII.csv
Saved 13965 positions to Data/reconstruction/ZINBAE_layers1600_ep30_noise0.150_muoff1.000/validation/strain_FD/ChrXIV.csv
Saved 19418 positions to Data/reconstruction/ZINBAE_layers1600_ep30_noise0.150_muoff1.000/validation/strain_FD/ChrXV.csv
Saved 10108 positions to Data/reconstruction/ZINBAE_layers1600_ep30_noise0.150_muoff1.000/validation/strain_dnrp/ChrVIII.csv
Saved 13965 positions to Data/reconstruction/ZINBAE_layers1600_ep30_noise0.150_muoff1.000/validation/strain_dnrp/ChrXIV.csv
Saved 19418 positions to Data/reconstruction/ZINBAE_layers1600_ep30_noise0.150_muoff1.000/validation/strain_dnrp/ChrXV.csv
Saved 10108 positions to Data/reconstruction/ZINBAE_layers1600_ep30_noise0.150_muoff1.000/validation/strain_yEK19/ChrVIII.csv
Saved 13965 positions to Data/reconstruction/ZINBAE_layers1600_ep30_noise0.150_muoff1.000/validation/strain_yEK19/ChrXIV.csv
Saved 19418 positions to Data/reconstruction/ZINBAE_layers1600_ep30_noise0.150_muoff1.000/validation/strain_yEK19/ChrXV.csv
Saved 10108 positions to Data/reconstruction/ZINBAE_layers1600_ep30_noise0.150_muoff1.000/validation/strain_yEK23/ChrVIII.csv
Saved 13965 positions to Data/reconstruction/ZINBAE_layers1600_ep30_noise0.150_muoff1.000/validation/strain_yEK23/ChrXIV.csv
Saved 19418 positions to Data/reconstruction/ZINBAE_layers1600_ep30_noise0.150_muoff1.000/validation/strain_yEK23/ChrXV.csv
Saved 10108 positions to Data/reconstruction/ZINBAE_layers1600_ep30_noise0.150_muoff1.000/validation/strain_yTW001/ChrVIII.csv
Saved 13965 positions to Data/reconstruction/ZINBAE_layers1600_ep30_noise0.150_muoff1.000/validation/strain_yTW001/ChrXIV.csv
Saved 19418 positions to Data/reconstruction/ZINBAE_layers1600_ep30_noise0.150_muoff1.000/validation/strain_yTW001/ChrXV.csv
Saved 10108 positions to Data/reconstruction/ZINBAE_layers1600_ep30_noise0.150_muoff1.000/validation/strain_yWT03a/ChrVIII.csv
Saved 13965 positions to Data/reconstruction/ZINBAE_layers1600_ep30_noise0.150_muoff1.000/validation/strain_yWT03a/ChrXIV.csv
Saved 19418 positions to Data/reconstruction/ZINBAE_layers1600_ep30_noise0.150_muoff1.000/validation/strain_yWT03a/ChrXV.csv
Saved 10108 positions to Data/reconstruction/ZINBAE_layers1600_ep30_noise0.150_muoff1.000/validation/strain_yWT04a/ChrVIII.csv
Saved 13965 positions to Data/reconstruction/ZINBAE_layers1600_ep30_noise0.150_muoff1.000/validation/strain_yWT04a/ChrXIV.csv
Saved 19418 positions to Data/reconstruction/ZINBAE_layers1600_ep30_noise0.150_muoff1.000/validation/strain_yWT04a/ChrXV.csv
Saved 10108 positions to Data/reconstruction/ZINBAE_layers1600_ep30_noise0.150_muoff1.000/validation/strain_ylic137/ChrVIII.csv
Saved 13965 positions to Data/reconstruction/ZINBAE_layers1600_ep30_noise0.150_muoff1.000/validation/strain_ylic137/ChrXIV.csv
Saved 19418 positions to Data/reconstruction/ZINBAE_layers1600_ep30_noise0.150_muoff1.000/validation/strain_ylic137/ChrXV.csv
Reconstructed genomic data saved to: Data/reconstruction/ZINBAE_layers1600_ep30_noise0.150_muoff1.000/validation
  One CSV per dataset/chromosome with columns:
  position, reconstruction, mu, pi, theta

Saved reconstruction metadata to: Data/reconstruction/ZINBAE_layers1600_ep30_noise0.150_muoff1.000/test
  metadata: Data/reconstruction/ZINBAE_layers1600_ep30_noise0.150_muoff1.000/test/metadata.json

Reconstructing genomic coordinates...
Loaded metadata for 2888 windows
Reconstructed 384104 unique genomic positions from 2888 windows
Average overlap per position: 1.00
Saved 4123 positions to Data/reconstruction/ZINBAE_layers1600_ep30_noise0.150_muoff1.000/test/strain_FD/ChrI.csv
Saved 14497 positions to Data/reconstruction/ZINBAE_layers1600_ep30_noise0.150_muoff1.000/test/strain_FD/ChrII.csv
Saved 10241 positions to Data/reconstruction/ZINBAE_layers1600_ep30_noise0.150_muoff1.000/test/strain_FD/ChrV.csv
Saved 19152 positions to Data/reconstruction/ZINBAE_layers1600_ep30_noise0.150_muoff1.000/test/strain_FD/ChrXII.csv
Saved 4123 positions to Data/reconstruction/ZINBAE_layers1600_ep30_noise0.150_muoff1.000/test/strain_dnrp/ChrI.csv
Saved 14497 positions to Data/reconstruction/ZINBAE_layers1600_ep30_noise0.150_muoff1.000/test/strain_dnrp/ChrII.csv
Saved 10241 positions to Data/reconstruction/ZINBAE_layers1600_ep30_noise0.150_muoff1.000/test/strain_dnrp/ChrV.csv
Saved 19152 positions to Data/reconstruction/ZINBAE_layers1600_ep30_noise0.150_muoff1.000/test/strain_dnrp/ChrXII.csv
Saved 4123 positions to Data/reconstruction/ZINBAE_layers1600_ep30_noise0.150_muoff1.000/test/strain_yEK19/ChrI.csv
Saved 14497 positions to Data/reconstruction/ZINBAE_layers1600_ep30_noise0.150_muoff1.000/test/strain_yEK19/ChrII.csv
Saved 10241 positions to Data/reconstruction/ZINBAE_layers1600_ep30_noise0.150_muoff1.000/test/strain_yEK19/ChrV.csv
Saved 19152 positions to Data/reconstruction/ZINBAE_layers1600_ep30_noise0.150_muoff1.000/test/strain_yEK19/ChrXII.csv
Saved 4123 positions to Data/reconstruction/ZINBAE_layers1600_ep30_noise0.150_muoff1.000/test/strain_yEK23/ChrI.csv
Saved 14497 positions to Data/reconstruction/ZINBAE_layers1600_ep30_noise0.150_muoff1.000/test/strain_yEK23/ChrII.csv
Saved 10241 positions to Data/reconstruction/ZINBAE_layers1600_ep30_noise0.150_muoff1.000/test/strain_yEK23/ChrV.csv
Saved 19152 positions to Data/reconstruction/ZINBAE_layers1600_ep30_noise0.150_muoff1.000/test/strain_yEK23/ChrXII.csv
Saved 4123 positions to Data/reconstruction/ZINBAE_layers1600_ep30_noise0.150_muoff1.000/test/strain_yTW001/ChrI.csv
Saved 14497 positions to Data/reconstruction/ZINBAE_layers1600_ep30_noise0.150_muoff1.000/test/strain_yTW001/ChrII.csv
Saved 10241 positions to Data/reconstruction/ZINBAE_layers1600_ep30_noise0.150_muoff1.000/test/strain_yTW001/ChrV.csv
Saved 19152 positions to Data/reconstruction/ZINBAE_layers1600_ep30_noise0.150_muoff1.000/test/strain_yTW001/ChrXII.csv
Saved 4123 positions to Data/reconstruction/ZINBAE_layers1600_ep30_noise0.150_muoff1.000/test/strain_yWT03a/ChrI.csv
Saved 14497 positions to Data/reconstruction/ZINBAE_layers1600_ep30_noise0.150_muoff1.000/test/strain_yWT03a/ChrII.csv
Saved 10241 positions to Data/reconstruction/ZINBAE_layers1600_ep30_noise0.150_muoff1.000/test/strain_yWT03a/ChrV.csv
Saved 19152 positions to Data/reconstruction/ZINBAE_layers1600_ep30_noise0.150_muoff1.000/test/strain_yWT03a/ChrXII.csv
Saved 4123 positions to Data/reconstruction/ZINBAE_layers1600_ep30_noise0.150_muoff1.000/test/strain_yWT04a/ChrI.csv
Saved 14497 positions to Data/reconstruction/ZINBAE_layers1600_ep30_noise0.150_muoff1.000/test/strain_yWT04a/ChrII.csv
Saved 10241 positions to Data/reconstruction/ZINBAE_layers1600_ep30_noise0.150_muoff1.000/test/strain_yWT04a/ChrV.csv
Saved 19152 positions to Data/reconstruction/ZINBAE_layers1600_ep30_noise0.150_muoff1.000/test/strain_yWT04a/ChrXII.csv
Saved 4123 positions to Data/reconstruction/ZINBAE_layers1600_ep30_noise0.150_muoff1.000/test/strain_ylic137/ChrI.csv
Saved 14497 positions to Data/reconstruction/ZINBAE_layers1600_ep30_noise0.150_muoff1.000/test/strain_ylic137/ChrII.csv
Saved 10241 positions to Data/reconstruction/ZINBAE_layers1600_ep30_noise0.150_muoff1.000/test/strain_ylic137/ChrV.csv
Saved 19152 positions to Data/reconstruction/ZINBAE_layers1600_ep30_noise0.150_muoff1.000/test/strain_ylic137/ChrXII.csv
Reconstructed genomic data saved to: Data/reconstruction/ZINBAE_layers1600_ep30_noise0.150_muoff1.000/test
  One CSV per dataset/chromosome with columns:
  position, reconstruction, mu, pi, theta
